[0.497s] Invoking command in '/home/ivan/work/Ros_Rep/ros2_ws/src/launch_args_example_pkg': PYTHONPATH=/home/ivan/work/Ros_Rep/ros2_ws/build/launch_args_example_pkg/prefix_override:/usr/lib/python3/dist-packages/colcon_core/task/python/colcon_distutils_commands:/home/ivan/work/Ros_Rep/ros2_ws/install/launch_args_example_pkg/lib/python3.10/site-packages:${PYTHONPATH} /usr/bin/python3 -W ignore:setup.py install is deprecated setup.py egg_info --egg-base ../../build/launch_args_example_pkg build --build-base /home/ivan/work/Ros_Rep/ros2_ws/build/launch_args_example_pkg/build install --record /home/ivan/work/Ros_Rep/ros2_ws/build/launch_args_example_pkg/install.log --single-version-externally-managed install_data
[0.663s] running egg_info
[0.672s] creating ../../build/launch_args_example_pkg/launch_args_example_pkg.egg-info
[0.672s] writing ../../build/launch_args_example_pkg/launch_args_example_pkg.egg-info/PKG-INFO
[0.672s] writing dependency_links to ../../build/launch_args_example_pkg/launch_args_example_pkg.egg-info/dependency_links.txt
[0.672s] writing requirements to ../../build/launch_args_example_pkg/launch_args_example_pkg.egg-info/requires.txt
[0.673s] writing top-level names to ../../build/launch_args_example_pkg/launch_args_example_pkg.egg-info/top_level.txt
[0.673s] writing manifest file '../../build/launch_args_example_pkg/launch_args_example_pkg.egg-info/SOURCES.txt'
[0.691s] reading manifest file '../../build/launch_args_example_pkg/launch_args_example_pkg.egg-info/SOURCES.txt'
[0.692s] writing manifest file '../../build/launch_args_example_pkg/launch_args_example_pkg.egg-info/SOURCES.txt'
[0.692s] running build
[0.692s] running build_py
[0.692s] creating /home/ivan/work/Ros_Rep/ros2_ws/build/launch_args_example_pkg/build/lib/launch_args_example_pkg
[0.692s] copying launch_args_example_pkg/__init__.py -> /home/ivan/work/Ros_Rep/ros2_ws/build/launch_args_example_pkg/build/lib/launch_args_example_pkg
[0.692s] copying launch_args_example_pkg/arguments_examples.py -> /home/ivan/work/Ros_Rep/ros2_ws/build/launch_args_example_pkg/build/lib/launch_args_example_pkg
[0.692s] running install
[0.696s] running install_lib
[0.704s] creating /home/ivan/work/Ros_Rep/ros2_ws/install/launch_args_example_pkg/lib/python3.10/site-packages/launch_args_example_pkg
[0.705s] copying /home/ivan/work/Ros_Rep/ros2_ws/build/launch_args_example_pkg/build/lib/launch_args_example_pkg/__init__.py -> /home/ivan/work/Ros_Rep/ros2_ws/install/launch_args_example_pkg/lib/python3.10/site-packages/launch_args_example_pkg
[0.705s] copying /home/ivan/work/Ros_Rep/ros2_ws/build/launch_args_example_pkg/build/lib/launch_args_example_pkg/arguments_examples.py -> /home/ivan/work/Ros_Rep/ros2_ws/install/launch_args_example_pkg/lib/python3.10/site-packages/launch_args_example_pkg
[0.705s] byte-compiling /home/ivan/work/Ros_Rep/ros2_ws/install/launch_args_example_pkg/lib/python3.10/site-packages/launch_args_example_pkg/__init__.py to __init__.cpython-310.pyc
[0.705s] byte-compiling /home/ivan/work/Ros_Rep/ros2_ws/install/launch_args_example_pkg/lib/python3.10/site-packages/launch_args_example_pkg/arguments_examples.py to arguments_examples.cpython-310.pyc
[0.705s] running install_data
[0.705s] creating /home/ivan/work/Ros_Rep/ros2_ws/install/launch_args_example_pkg/share/ament_index/resource_index/packages
[0.705s] copying resource/launch_args_example_pkg -> /home/ivan/work/Ros_Rep/ros2_ws/install/launch_args_example_pkg/share/ament_index/resource_index/packages
[0.705s] copying package.xml -> /home/ivan/work/Ros_Rep/ros2_ws/install/launch_args_example_pkg/share/launch_args_example_pkg
[0.705s] creating /home/ivan/work/Ros_Rep/ros2_ws/install/launch_args_example_pkg/share/launch_args_example_pkg/launch
[0.705s] copying launch/start_with_arguments.launch.py -> /home/ivan/work/Ros_Rep/ros2_ws/install/launch_args_example_pkg/share/launch_args_example_pkg/launch
[0.706s] copying launch/start_with_arguments_dummy.launch.py -> /home/ivan/work/Ros_Rep/ros2_ws/install/launch_args_example_pkg/share/launch_args_example_pkg/launch
[0.706s] running install_egg_info
[0.716s] Copying ../../build/launch_args_example_pkg/launch_args_example_pkg.egg-info to /home/ivan/work/Ros_Rep/ros2_ws/install/launch_args_example_pkg/lib/python3.10/site-packages/launch_args_example_pkg-0.0.0-py3.10.egg-info
[0.716s] running install_scripts
[0.798s] writing list of installed files to '/home/ivan/work/Ros_Rep/ros2_ws/build/launch_args_example_pkg/install.log'
[0.814s] Invoked command in '/home/ivan/work/Ros_Rep/ros2_ws/src/launch_args_example_pkg' returned '0': PYTHONPATH=/home/ivan/work/Ros_Rep/ros2_ws/build/launch_args_example_pkg/prefix_override:/usr/lib/python3/dist-packages/colcon_core/task/python/colcon_distutils_commands:/home/ivan/work/Ros_Rep/ros2_ws/install/launch_args_example_pkg/lib/python3.10/site-packages:${PYTHONPATH} /usr/bin/python3 -W ignore:setup.py install is deprecated setup.py egg_info --egg-base ../../build/launch_args_example_pkg build --build-base /home/ivan/work/Ros_Rep/ros2_ws/build/launch_args_example_pkg/build install --record /home/ivan/work/Ros_Rep/ros2_ws/build/launch_args_example_pkg/install.log --single-version-externally-managed install_data
