/home/ivan/.local/lib/python3.10/site-packages/setuptools/_distutils/dist.py:270: UserWarning: Unknown distribution option: 'tests_require'
  warnings.warn(msg)
running egg_info
creating ../../build/movement_pkg/movement_pkg.egg-info
writing ../../build/movement_pkg/movement_pkg.egg-info/PKG-INFO
writing dependency_links to ../../build/movement_pkg/movement_pkg.egg-info/dependency_links.txt
writing requirements to ../../build/movement_pkg/movement_pkg.egg-info/requires.txt
writing top-level names to ../../build/movement_pkg/movement_pkg.egg-info/top_level.txt
writing manifest file '../../build/movement_pkg/movement_pkg.egg-info/SOURCES.txt'
reading manifest file '../../build/movement_pkg/movement_pkg.egg-info/SOURCES.txt'
writing manifest file '../../build/movement_pkg/movement_pkg.egg-info/SOURCES.txt'
running build
running build_py
creating /home/ivan/work/Ros_Rep/ros2_ws/build/movement_pkg/build/lib/movement_pkg
copying movement_pkg/__init__.py -> /home/ivan/work/Ros_Rep/ros2_ws/build/movement_pkg/build/lib/movement_pkg
copying movement_pkg/movement_server.py -> /home/ivan/work/Ros_Rep/ros2_ws/build/movement_pkg/build/lib/movement_pkg
copying movement_pkg/movement_client.py -> /home/ivan/work/Ros_Rep/ros2_ws/build/movement_pkg/build/lib/movement_pkg
running install
running install_lib
creating /home/ivan/work/Ros_Rep/ros2_ws/install/movement_pkg/lib/python3.10/site-packages/movement_pkg
copying /home/ivan/work/Ros_Rep/ros2_ws/build/movement_pkg/build/lib/movement_pkg/__init__.py -> /home/ivan/work/Ros_Rep/ros2_ws/install/movement_pkg/lib/python3.10/site-packages/movement_pkg
copying /home/ivan/work/Ros_Rep/ros2_ws/build/movement_pkg/build/lib/movement_pkg/movement_server.py -> /home/ivan/work/Ros_Rep/ros2_ws/install/movement_pkg/lib/python3.10/site-packages/movement_pkg
copying /home/ivan/work/Ros_Rep/ros2_ws/build/movement_pkg/build/lib/movement_pkg/movement_client.py -> /home/ivan/work/Ros_Rep/ros2_ws/install/movement_pkg/lib/python3.10/site-packages/movement_pkg
byte-compiling /home/ivan/work/Ros_Rep/ros2_ws/install/movement_pkg/lib/python3.10/site-packages/movement_pkg/__init__.py to __init__.cpython-310.pyc
byte-compiling /home/ivan/work/Ros_Rep/ros2_ws/install/movement_pkg/lib/python3.10/site-packages/movement_pkg/movement_server.py to movement_server.cpython-310.pyc
byte-compiling /home/ivan/work/Ros_Rep/ros2_ws/install/movement_pkg/lib/python3.10/site-packages/movement_pkg/movement_client.py to movement_client.cpython-310.pyc
running install_data
creating /home/ivan/work/Ros_Rep/ros2_ws/install/movement_pkg/share/ament_index/resource_index/packages
copying resource/movement_pkg -> /home/ivan/work/Ros_Rep/ros2_ws/install/movement_pkg/share/ament_index/resource_index/packages
copying package.xml -> /home/ivan/work/Ros_Rep/ros2_ws/install/movement_pkg/share/movement_pkg
running install_egg_info
Copying ../../build/movement_pkg/movement_pkg.egg-info to /home/ivan/work/Ros_Rep/ros2_ws/install/movement_pkg/lib/python3.10/site-packages/movement_pkg-0.0.0-py3.10.egg-info
running install_scripts
writing list of installed files to '/home/ivan/work/Ros_Rep/ros2_ws/build/movement_pkg/install.log'
