[0.488s] Invoking command in '/home/ivan/work/Ros_Rep/ros2_ws/src/movement_pkg': LD_LIBRARY_PATH=/home/ivan/work/Ros_Rep/ros2_ws/install/custom_interfaces/lib:/usr/lib/x86_64-linux-gnu/gazebo-11/plugins:/opt/ros/humble/opt/rviz_ogre_vendor/lib:/opt/ros/humble/lib/x86_64-linux-gnu:/opt/ros/humble/lib:/usr/share/gazebo/../../lib/x86_64-linux-gnu/gazebo-11/plugins:/usr/share/gazebo/../../lib/x86_64-linux-gnu/gazebo-11/plugins:/usr/share/gazebo/../../lib/x86_64-linux-gnu/gazebo-11/plugins PYTHONPATH=/home/ivan/work/Ros_Rep/ros2_ws/build/movement_pkg/prefix_override:/usr/lib/python3/dist-packages/colcon_core/task/python/colcon_distutils_commands:/home/ivan/work/Ros_Rep/ros2_ws/install/movement_pkg/lib/python3.10/site-packages:${PYTHONPATH} /usr/bin/python3 -W ignore:setup.py install is deprecated setup.py egg_info --egg-base ../../build/movement_pkg build --build-base /home/ivan/work/Ros_Rep/ros2_ws/build/movement_pkg/build install --record /home/ivan/work/Ros_Rep/ros2_ws/build/movement_pkg/install.log --single-version-externally-managed install_data
[0.601s] /home/ivan/.local/lib/python3.10/site-packages/setuptools/_distutils/dist.py:270: UserWarning: Unknown distribution option: 'tests_require'
[0.601s]   warnings.warn(msg)
[0.655s] running egg_info
[0.663s] creating ../../build/movement_pkg/movement_pkg.egg-info
[0.663s] writing ../../build/movement_pkg/movement_pkg.egg-info/PKG-INFO
[0.663s] writing dependency_links to ../../build/movement_pkg/movement_pkg.egg-info/dependency_links.txt
[0.664s] writing requirements to ../../build/movement_pkg/movement_pkg.egg-info/requires.txt
[0.664s] writing top-level names to ../../build/movement_pkg/movement_pkg.egg-info/top_level.txt
[0.664s] writing manifest file '../../build/movement_pkg/movement_pkg.egg-info/SOURCES.txt'
[0.681s] reading manifest file '../../build/movement_pkg/movement_pkg.egg-info/SOURCES.txt'
[0.682s] writing manifest file '../../build/movement_pkg/movement_pkg.egg-info/SOURCES.txt'
[0.682s] running build
[0.682s] running build_py
[0.682s] creating /home/ivan/work/Ros_Rep/ros2_ws/build/movement_pkg/build/lib/movement_pkg
[0.682s] copying movement_pkg/__init__.py -> /home/ivan/work/Ros_Rep/ros2_ws/build/movement_pkg/build/lib/movement_pkg
[0.682s] copying movement_pkg/movement_server.py -> /home/ivan/work/Ros_Rep/ros2_ws/build/movement_pkg/build/lib/movement_pkg
[0.683s] copying movement_pkg/movement_client.py -> /home/ivan/work/Ros_Rep/ros2_ws/build/movement_pkg/build/lib/movement_pkg
[0.683s] running install
[0.686s] running install_lib
[0.694s] creating /home/ivan/work/Ros_Rep/ros2_ws/install/movement_pkg/lib/python3.10/site-packages/movement_pkg
[0.694s] copying /home/ivan/work/Ros_Rep/ros2_ws/build/movement_pkg/build/lib/movement_pkg/__init__.py -> /home/ivan/work/Ros_Rep/ros2_ws/install/movement_pkg/lib/python3.10/site-packages/movement_pkg
[0.695s] copying /home/ivan/work/Ros_Rep/ros2_ws/build/movement_pkg/build/lib/movement_pkg/movement_server.py -> /home/ivan/work/Ros_Rep/ros2_ws/install/movement_pkg/lib/python3.10/site-packages/movement_pkg
[0.695s] copying /home/ivan/work/Ros_Rep/ros2_ws/build/movement_pkg/build/lib/movement_pkg/movement_client.py -> /home/ivan/work/Ros_Rep/ros2_ws/install/movement_pkg/lib/python3.10/site-packages/movement_pkg
[0.695s] byte-compiling /home/ivan/work/Ros_Rep/ros2_ws/install/movement_pkg/lib/python3.10/site-packages/movement_pkg/__init__.py to __init__.cpython-310.pyc
[0.695s] byte-compiling /home/ivan/work/Ros_Rep/ros2_ws/install/movement_pkg/lib/python3.10/site-packages/movement_pkg/movement_server.py to movement_server.cpython-310.pyc
[0.696s] byte-compiling /home/ivan/work/Ros_Rep/ros2_ws/install/movement_pkg/lib/python3.10/site-packages/movement_pkg/movement_client.py to movement_client.cpython-310.pyc
[0.696s] running install_data
[0.696s] creating /home/ivan/work/Ros_Rep/ros2_ws/install/movement_pkg/share/ament_index/resource_index/packages
[0.696s] copying resource/movement_pkg -> /home/ivan/work/Ros_Rep/ros2_ws/install/movement_pkg/share/ament_index/resource_index/packages
[0.696s] copying package.xml -> /home/ivan/work/Ros_Rep/ros2_ws/install/movement_pkg/share/movement_pkg
[0.696s] running install_egg_info
[0.706s] Copying ../../build/movement_pkg/movement_pkg.egg-info to /home/ivan/work/Ros_Rep/ros2_ws/install/movement_pkg/lib/python3.10/site-packages/movement_pkg-0.0.0-py3.10.egg-info
[0.706s] running install_scripts
[0.788s] writing list of installed files to '/home/ivan/work/Ros_Rep/ros2_ws/build/movement_pkg/install.log'
[0.804s] Invoked command in '/home/ivan/work/Ros_Rep/ros2_ws/src/movement_pkg' returned '0': LD_LIBRARY_PATH=/home/ivan/work/Ros_Rep/ros2_ws/install/custom_interfaces/lib:/usr/lib/x86_64-linux-gnu/gazebo-11/plugins:/opt/ros/humble/opt/rviz_ogre_vendor/lib:/opt/ros/humble/lib/x86_64-linux-gnu:/opt/ros/humble/lib:/usr/share/gazebo/../../lib/x86_64-linux-gnu/gazebo-11/plugins:/usr/share/gazebo/../../lib/x86_64-linux-gnu/gazebo-11/plugins:/usr/share/gazebo/../../lib/x86_64-linux-gnu/gazebo-11/plugins PYTHONPATH=/home/ivan/work/Ros_Rep/ros2_ws/build/movement_pkg/prefix_override:/usr/lib/python3/dist-packages/colcon_core/task/python/colcon_distutils_commands:/home/ivan/work/Ros_Rep/ros2_ws/install/movement_pkg/lib/python3.10/site-packages:${PYTHONPATH} /usr/bin/python3 -W ignore:setup.py install is deprecated setup.py egg_info --egg-base ../../build/movement_pkg build --build-base /home/ivan/work/Ros_Rep/ros2_ws/build/movement_pkg/build install --record /home/ivan/work/Ros_Rep/ros2_ws/build/movement_pkg/install.log --single-version-externally-managed install_data
