running egg_info
creating ../../build/example28_pkg/example28_pkg.egg-info
writing ../../build/example28_pkg/example28_pkg.egg-info/PKG-INFO
writing dependency_links to ../../build/example28_pkg/example28_pkg.egg-info/dependency_links.txt
writing entry points to ../../build/example28_pkg/example28_pkg.egg-info/entry_points.txt
writing requirements to ../../build/example28_pkg/example28_pkg.egg-info/requires.txt
writing top-level names to ../../build/example28_pkg/example28_pkg.egg-info/top_level.txt
writing manifest file '../../build/example28_pkg/example28_pkg.egg-info/SOURCES.txt'
reading manifest file '../../build/example28_pkg/example28_pkg.egg-info/SOURCES.txt'
writing manifest file '../../build/example28_pkg/example28_pkg.egg-info/SOURCES.txt'
running build
running build_py
creating /home/ivan/work/Ros_Rep/ros2_ws/build/example28_pkg/build/lib/example28_pkg
copying example28_pkg/onshutdowndemo.py -> /home/ivan/work/Ros_Rep/ros2_ws/build/example28_pkg/build/lib/example28_pkg
copying example28_pkg/__init__.py -> /home/ivan/work/Ros_Rep/ros2_ws/build/example28_pkg/build/lib/example28_pkg
running install
running install_lib
creating /home/ivan/work/Ros_Rep/ros2_ws/install/example28_pkg/lib/python3.10/site-packages/example28_pkg
copying /home/ivan/work/Ros_Rep/ros2_ws/build/example28_pkg/build/lib/example28_pkg/onshutdowndemo.py -> /home/ivan/work/Ros_Rep/ros2_ws/install/example28_pkg/lib/python3.10/site-packages/example28_pkg
copying /home/ivan/work/Ros_Rep/ros2_ws/build/example28_pkg/build/lib/example28_pkg/__init__.py -> /home/ivan/work/Ros_Rep/ros2_ws/install/example28_pkg/lib/python3.10/site-packages/example28_pkg
byte-compiling /home/ivan/work/Ros_Rep/ros2_ws/install/example28_pkg/lib/python3.10/site-packages/example28_pkg/onshutdowndemo.py to onshutdowndemo.cpython-310.pyc
byte-compiling /home/ivan/work/Ros_Rep/ros2_ws/install/example28_pkg/lib/python3.10/site-packages/example28_pkg/__init__.py to __init__.cpython-310.pyc
running install_data
creating /home/ivan/work/Ros_Rep/ros2_ws/install/example28_pkg/share/ament_index/resource_index/packages
copying resource/example28_pkg -> /home/ivan/work/Ros_Rep/ros2_ws/install/example28_pkg/share/ament_index/resource_index/packages
copying package.xml -> /home/ivan/work/Ros_Rep/ros2_ws/install/example28_pkg/share/example28_pkg
creating /home/ivan/work/Ros_Rep/ros2_ws/install/example28_pkg/share/example28_pkg/launch
running install_egg_info
Copying ../../build/example28_pkg/example28_pkg.egg-info to /home/ivan/work/Ros_Rep/ros2_ws/install/example28_pkg/lib/python3.10/site-packages/example28_pkg-0.0.0-py3.10.egg-info
running install_scripts
Installing onshutdowndemo script to /home/ivan/work/Ros_Rep/ros2_ws/install/example28_pkg/lib/example28_pkg
writing list of installed files to '/home/ivan/work/Ros_Rep/ros2_ws/build/example28_pkg/install.log'
