[0.464s] Invoking command in '/home/ivan/work/Ros_Rep/ros2_ws/src/example28_pkg': PYTHONPATH=/home/ivan/work/Ros_Rep/ros2_ws/build/example28_pkg/prefix_override:/usr/lib/python3/dist-packages/colcon_core/task/python/colcon_distutils_commands:/home/ivan/work/Ros_Rep/ros2_ws/install/example28_pkg/lib/python3.10/site-packages:${PYTHONPATH} /usr/bin/python3 -W ignore:setup.py install is deprecated setup.py egg_info --egg-base ../../build/example28_pkg build --build-base /home/ivan/work/Ros_Rep/ros2_ws/build/example28_pkg/build install --record /home/ivan/work/Ros_Rep/ros2_ws/build/example28_pkg/install.log --single-version-externally-managed install_data
[0.618s] running egg_info
[0.626s] creating ../../build/example28_pkg/example28_pkg.egg-info
[0.626s] writing ../../build/example28_pkg/example28_pkg.egg-info/PKG-INFO
[0.626s] writing dependency_links to ../../build/example28_pkg/example28_pkg.egg-info/dependency_links.txt
[0.627s] writing entry points to ../../build/example28_pkg/example28_pkg.egg-info/entry_points.txt
[0.627s] writing requirements to ../../build/example28_pkg/example28_pkg.egg-info/requires.txt
[0.627s] writing top-level names to ../../build/example28_pkg/example28_pkg.egg-info/top_level.txt
[0.627s] writing manifest file '../../build/example28_pkg/example28_pkg.egg-info/SOURCES.txt'
[0.645s] reading manifest file '../../build/example28_pkg/example28_pkg.egg-info/SOURCES.txt'
[0.646s] writing manifest file '../../build/example28_pkg/example28_pkg.egg-info/SOURCES.txt'
[0.646s] running build
[0.646s] running build_py
[0.646s] creating /home/ivan/work/Ros_Rep/ros2_ws/build/example28_pkg/build/lib/example28_pkg
[0.646s] copying example28_pkg/onshutdowndemo.py -> /home/ivan/work/Ros_Rep/ros2_ws/build/example28_pkg/build/lib/example28_pkg
[0.646s] copying example28_pkg/__init__.py -> /home/ivan/work/Ros_Rep/ros2_ws/build/example28_pkg/build/lib/example28_pkg
[0.646s] running install
[0.649s] running install_lib
[0.658s] creating /home/ivan/work/Ros_Rep/ros2_ws/install/example28_pkg/lib/python3.10/site-packages/example28_pkg
[0.658s] copying /home/ivan/work/Ros_Rep/ros2_ws/build/example28_pkg/build/lib/example28_pkg/onshutdowndemo.py -> /home/ivan/work/Ros_Rep/ros2_ws/install/example28_pkg/lib/python3.10/site-packages/example28_pkg
[0.658s] copying /home/ivan/work/Ros_Rep/ros2_ws/build/example28_pkg/build/lib/example28_pkg/__init__.py -> /home/ivan/work/Ros_Rep/ros2_ws/install/example28_pkg/lib/python3.10/site-packages/example28_pkg
[0.658s] byte-compiling /home/ivan/work/Ros_Rep/ros2_ws/install/example28_pkg/lib/python3.10/site-packages/example28_pkg/onshutdowndemo.py to onshutdowndemo.cpython-310.pyc
[0.659s] byte-compiling /home/ivan/work/Ros_Rep/ros2_ws/install/example28_pkg/lib/python3.10/site-packages/example28_pkg/__init__.py to __init__.cpython-310.pyc
[0.659s] running install_data
[0.659s] creating /home/ivan/work/Ros_Rep/ros2_ws/install/example28_pkg/share/ament_index/resource_index/packages
[0.659s] copying resource/example28_pkg -> /home/ivan/work/Ros_Rep/ros2_ws/install/example28_pkg/share/ament_index/resource_index/packages
[0.659s] copying package.xml -> /home/ivan/work/Ros_Rep/ros2_ws/install/example28_pkg/share/example28_pkg
[0.659s] creating /home/ivan/work/Ros_Rep/ros2_ws/install/example28_pkg/share/example28_pkg/launch
[0.659s] running install_egg_info
[0.669s] Copying ../../build/example28_pkg/example28_pkg.egg-info to /home/ivan/work/Ros_Rep/ros2_ws/install/example28_pkg/lib/python3.10/site-packages/example28_pkg-0.0.0-py3.10.egg-info
[0.669s] running install_scripts
[0.748s] Installing onshutdowndemo script to /home/ivan/work/Ros_Rep/ros2_ws/install/example28_pkg/lib/example28_pkg
[0.748s] writing list of installed files to '/home/ivan/work/Ros_Rep/ros2_ws/build/example28_pkg/install.log'
[0.764s] Invoked command in '/home/ivan/work/Ros_Rep/ros2_ws/src/example28_pkg' returned '0': PYTHONPATH=/home/ivan/work/Ros_Rep/ros2_ws/build/example28_pkg/prefix_override:/usr/lib/python3/dist-packages/colcon_core/task/python/colcon_distutils_commands:/home/ivan/work/Ros_Rep/ros2_ws/install/example28_pkg/lib/python3.10/site-packages:${PYTHONPATH} /usr/bin/python3 -W ignore:setup.py install is deprecated setup.py egg_info --egg-base ../../build/example28_pkg build --build-base /home/ivan/work/Ros_Rep/ros2_ws/build/example28_pkg/build install --record /home/ivan/work/Ros_Rep/ros2_ws/build/example28_pkg/install.log --single-version-externally-managed install_data
