[0.525s] Invoking command in '/home/ivan/work/Ros_Rep/ros2_ws/src/exercise62_pkg': PYTHONPATH=/home/ivan/work/Ros_Rep/ros2_ws/build/exercise62_pkg/prefix_override:/usr/lib/python3/dist-packages/colcon_core/task/python/colcon_distutils_commands:/home/ivan/work/Ros_Rep/ros2_ws/install/exercise62_pkg/lib/python3.10/site-packages:${PYTHONPATH} /usr/bin/python3 -W ignore:setup.py install is deprecated setup.py egg_info --egg-base ../../build/exercise62_pkg build --build-base /home/ivan/work/Ros_Rep/ros2_ws/build/exercise62_pkg/build install --record /home/ivan/work/Ros_Rep/ros2_ws/build/exercise62_pkg/install.log --single-version-externally-managed install_data
[0.719s] running egg_info
[0.728s] writing ../../build/exercise62_pkg/exercise62_pkg.egg-info/PKG-INFO
[0.729s] writing dependency_links to ../../build/exercise62_pkg/exercise62_pkg.egg-info/dependency_links.txt
[0.729s] writing entry points to ../../build/exercise62_pkg/exercise62_pkg.egg-info/entry_points.txt
[0.729s] writing requirements to ../../build/exercise62_pkg/exercise62_pkg.egg-info/requires.txt
[0.729s] writing top-level names to ../../build/exercise62_pkg/exercise62_pkg.egg-info/top_level.txt
[0.749s] reading manifest file '../../build/exercise62_pkg/exercise62_pkg.egg-info/SOURCES.txt'
[0.750s] writing manifest file '../../build/exercise62_pkg/exercise62_pkg.egg-info/SOURCES.txt'
[0.750s] running build
[0.750s] running build_py
[0.750s] copying exercise62_pkg/server_exercise62.py -> /home/ivan/work/Ros_Rep/ros2_ws/build/exercise62_pkg/build/lib/exercise62_pkg
[0.750s] copying exercise62_pkg/__init__.py -> /home/ivan/work/Ros_Rep/ros2_ws/build/exercise62_pkg/build/lib/exercise62_pkg
[0.750s] running install
[0.754s] running install_lib
[0.763s] copying /home/ivan/work/Ros_Rep/ros2_ws/build/exercise62_pkg/build/lib/exercise62_pkg/server_exercise62.py -> /home/ivan/work/Ros_Rep/ros2_ws/install/exercise62_pkg/lib/python3.10/site-packages/exercise62_pkg
[0.763s] byte-compiling /home/ivan/work/Ros_Rep/ros2_ws/install/exercise62_pkg/lib/python3.10/site-packages/exercise62_pkg/server_exercise62.py to server_exercise62.cpython-310.pyc
[0.764s] running install_data
[0.764s] copying resource/exercise62_pkg -> /home/ivan/work/Ros_Rep/ros2_ws/install/exercise62_pkg/share/ament_index/resource_index/packages
[0.764s] copying package.xml -> /home/ivan/work/Ros_Rep/ros2_ws/install/exercise62_pkg/share/exercise62_pkg
[0.764s] copying launch/server_exercise62.launch.py -> /home/ivan/work/Ros_Rep/ros2_ws/install/exercise62_pkg/share/exercise62_pkg/launch
[0.765s] running install_egg_info
[0.775s] removing '/home/ivan/work/Ros_Rep/ros2_ws/install/exercise62_pkg/lib/python3.10/site-packages/exercise62_pkg-0.0.0-py3.10.egg-info' (and everything under it)
[0.775s] Copying ../../build/exercise62_pkg/exercise62_pkg.egg-info to /home/ivan/work/Ros_Rep/ros2_ws/install/exercise62_pkg/lib/python3.10/site-packages/exercise62_pkg-0.0.0-py3.10.egg-info
[0.776s] running install_scripts
[0.862s] Installing server_exercise62 script to /home/ivan/work/Ros_Rep/ros2_ws/install/exercise62_pkg/lib/exercise62_pkg
[0.862s] writing list of installed files to '/home/ivan/work/Ros_Rep/ros2_ws/build/exercise62_pkg/install.log'
[0.882s] Invoked command in '/home/ivan/work/Ros_Rep/ros2_ws/src/exercise62_pkg' returned '0': PYTHONPATH=/home/ivan/work/Ros_Rep/ros2_ws/build/exercise62_pkg/prefix_override:/usr/lib/python3/dist-packages/colcon_core/task/python/colcon_distutils_commands:/home/ivan/work/Ros_Rep/ros2_ws/install/exercise62_pkg/lib/python3.10/site-packages:${PYTHONPATH} /usr/bin/python3 -W ignore:setup.py install is deprecated setup.py egg_info --egg-base ../../build/exercise62_pkg build --build-base /home/ivan/work/Ros_Rep/ros2_ws/build/exercise62_pkg/build install --record /home/ivan/work/Ros_Rep/ros2_ws/build/exercise62_pkg/install.log --single-version-externally-managed install_data
