[0.010s] Invoking command in '/home/ivan/work/Ros_Rep/ros2_ws/build/custom_interfaces': CMAKE_PREFIX_PATH=${CMAKE_PREFIX_PATH}:/home/ivan/work/Ros_Rep/ros2_ws/install/exercise62_pkg:/home/ivan/work/Ros_Rep/ros2_ws/install/client_pkg:/home/ivan/work/Ros_Rep/ros2_ws/install/dds_tests_pkg:/home/ivan/work/Ros_Rep/ros2_ws/install/subscriber_pkg:/home/ivan/work/Ros_Rep/ros2_ws/install/remapping_pkg:/home/ivan/work/Ros_Rep/ros2_ws/install/publisher_pkg:/home/ivan/work/Ros_Rep/ros2_ws/install/my_package:/home/ivan/work/Ros_Rep/ros2_ws/install/exercise41_pkg:/home/ivan/work/Ros_Rep/ros2_ws/install/exercise21_pkg:/home/ivan/work/Ros_Rep/ros2_ws/install/example28_pkg:/home/ivan/work/Ros_Rep/ros2_ws/install/example26_pkg:/home/ivan/work/Ros_Rep/ros2_ws/install/build_test_pkg:/opt/ros/humble /usr/bin/cmake --build /home/ivan/work/Ros_Rep/ros2_ws/build/custom_interfaces -- -j16 -l16
[0.060s] -- Found ament_cmake: 1.3.10 (/opt/ros/humble/share/ament_cmake/cmake)
[0.190s] -- Found rclcpp: 16.0.10 (/opt/ros/humble/share/rclcpp/cmake)
[0.219s] -- Found rosidl_generator_c: 3.1.5 (/opt/ros/humble/share/rosidl_generator_c/cmake)
[0.221s] -- Found rosidl_adapter: 3.1.5 (/opt/ros/humble/share/rosidl_adapter/cmake)
[0.227s] -- Found rosidl_generator_cpp: 3.1.5 (/opt/ros/humble/share/rosidl_generator_cpp/cmake)
[0.235s] -- Using all available rosidl_typesupport_c: rosidl_typesupport_fastrtps_c;rosidl_typesupport_introspection_c
[0.246s] -- Using all available rosidl_typesupport_cpp: rosidl_typesupport_fastrtps_cpp;rosidl_typesupport_introspection_cpp
[0.274s] -- Found rmw_implementation_cmake: 6.1.2 (/opt/ros/humble/share/rmw_implementation_cmake/cmake)
[0.276s] -- Found rmw_fastrtps_cpp: 6.2.7 (/opt/ros/humble/share/rmw_fastrtps_cpp/cmake)
[0.361s] -- Using RMW implementation 'rmw_fastrtps_cpp' as default
[0.403s] -- Found rosidl_default_generators: 1.2.0 (/opt/ros/humble/share/rosidl_default_generators/cmake)
[0.409s] -- Found ament_lint_auto: 0.12.11 (/opt/ros/humble/share/ament_lint_auto/cmake)
[0.639s] -- Found ament_cmake_ros: 0.10.0 (/opt/ros/humble/share/ament_cmake_ros/cmake)
[0.953s] -- Using all available rosidl_typesupport_c: rosidl_typesupport_fastrtps_c;rosidl_typesupport_introspection_c
[1.068s] -- Using all available rosidl_typesupport_cpp: rosidl_typesupport_fastrtps_cpp;rosidl_typesupport_introspection_cpp
[1.103s] -- Found python_cmake_module: 0.10.0 (/opt/ros/humble/share/python_cmake_module/cmake)
[1.133s] -- Using PYTHON_EXECUTABLE: /usr/bin/python3
[1.133s] -- Using PYTHON_INCLUDE_DIRS: /usr/include/python3.10
[1.133s] -- Using PYTHON_LIBRARIES: /usr/lib/x86_64-linux-gnu/libpython3.10.so
[1.151s] -- Added test 'lint_cmake' to check CMake code style
[1.152s] -- Added test 'xmllint' to check XML markup files
[1.157s] -- Configuring done
[1.189s] -- Generating done
[1.191s] -- Build files have been written to: /home/ivan/work/Ros_Rep/ros2_ws/build/custom_interfaces
[1.219s] [  2%] [34m[1mGenerating C code for ROS interfaces[0m
[1.228s] [  5%] [34m[1mGenerating C++ code for ROS interfaces[0m
[1.239s] [  5%] Built target ament_cmake_python_copy_custom_interfaces
[1.394s] running egg_info
[1.403s] writing custom_interfaces.egg-info/PKG-INFO
[1.404s] writing dependency_links to custom_interfaces.egg-info/dependency_links.txt
[1.404s] writing top-level names to custom_interfaces.egg-info/top_level.txt
[1.431s] reading manifest file 'custom_interfaces.egg-info/SOURCES.txt'
[1.433s] writing manifest file 'custom_interfaces.egg-info/SOURCES.txt'
[1.443s] [35m[1mConsolidate compiler generated dependencies of target custom_interfaces__rosidl_generator_c[0m
[1.452s] [  5%] Built target custom_interfaces__cpp
[1.454s] [  5%] Built target ament_cmake_python_build_custom_interfaces_egg
[1.458s] [  7%] [32mBuilding C object CMakeFiles/custom_interfaces__rosidl_generator_c.dir/rosidl_generator_c/custom_interfaces/msg/detail/age__functions.c.o[0m
[1.458s] [ 10%] [32mBuilding C object CMakeFiles/custom_interfaces__rosidl_generator_c.dir/rosidl_generator_c/custom_interfaces/srv/detail/my_custom_service_message__functions.c.o[0m
[1.460s] [ 12%] [34m[1mGenerating C++ type support for eProsima Fast-RTPS[0m
[1.460s] [ 15%] [34m[1mGenerating C++ introspection for ROS interfaces[0m
[1.461s] [ 17%] [34m[1mGenerating C++ type support dispatch for ROS interfaces[0m
[1.523s] [ 20%] [32m[1mLinking C shared library libcustom_interfaces__rosidl_generator_c.so[0m
[1.561s] [ 20%] Built target custom_interfaces__rosidl_generator_c
[1.572s] [ 23%] [34m[1mGenerating C type support dispatch for ROS interfaces[0m
[1.572s] [ 25%] [34m[1mGenerating C introspection for ROS interfaces[0m
[1.572s] [ 28%] [34m[1mGenerating C type support for eProsima Fast-RTPS[0m
[1.645s] [35m[1mConsolidate compiler generated dependencies of target custom_interfaces__rosidl_typesupport_cpp[0m
[1.658s] [35m[1mConsolidate compiler generated dependencies of target custom_interfaces__rosidl_typesupport_introspection_cpp[0m
[1.660s] [ 30%] [32mBuilding CXX object CMakeFiles/custom_interfaces__rosidl_typesupport_cpp.dir/rosidl_typesupport_cpp/custom_interfaces/srv/my_custom_service_message__type_support.cpp.o[0m
[1.661s] [ 33%] [32mBuilding CXX object CMakeFiles/custom_interfaces__rosidl_typesupport_cpp.dir/rosidl_typesupport_cpp/custom_interfaces/msg/age__type_support.cpp.o[0m
[1.669s] [ 35%] [32mBuilding CXX object CMakeFiles/custom_interfaces__rosidl_typesupport_introspection_cpp.dir/rosidl_typesupport_introspection_cpp/custom_interfaces/srv/detail/my_custom_service_message__type_support.cpp.o[0m
[1.670s] [ 38%] [32mBuilding CXX object CMakeFiles/custom_interfaces__rosidl_typesupport_introspection_cpp.dir/rosidl_typesupport_introspection_cpp/custom_interfaces/msg/detail/age__type_support.cpp.o[0m
[1.671s] [35m[1mConsolidate compiler generated dependencies of target custom_interfaces__rosidl_typesupport_fastrtps_cpp[0m
[1.683s] [ 41%] [32mBuilding CXX object CMakeFiles/custom_interfaces__rosidl_typesupport_fastrtps_cpp.dir/rosidl_typesupport_fastrtps_cpp/custom_interfaces/msg/detail/dds_fastrtps/age__type_support.cpp.o[0m
[1.686s] [ 43%] [32mBuilding CXX object CMakeFiles/custom_interfaces__rosidl_typesupport_fastrtps_cpp.dir/rosidl_typesupport_fastrtps_cpp/custom_interfaces/srv/detail/dds_fastrtps/my_custom_service_message__type_support.cpp.o[0m
[1.769s] [35m[1mConsolidate compiler generated dependencies of target custom_interfaces__rosidl_typesupport_c[0m
[1.777s] [ 46%] [32mBuilding CXX object CMakeFiles/custom_interfaces__rosidl_typesupport_c.dir/rosidl_typesupport_c/custom_interfaces/msg/age__type_support.cpp.o[0m
[1.782s] [ 48%] [32mBuilding CXX object CMakeFiles/custom_interfaces__rosidl_typesupport_c.dir/rosidl_typesupport_c/custom_interfaces/srv/my_custom_service_message__type_support.cpp.o[0m
[1.811s] [ 51%] [32m[1mLinking CXX shared library libcustom_interfaces__rosidl_typesupport_c.so[0m
[1.856s] [ 51%] Built target custom_interfaces__rosidl_typesupport_c
[1.859s] [35m[1mConsolidate compiler generated dependencies of target custom_interfaces__rosidl_typesupport_fastrtps_c[0m
[1.873s] [ 53%] [32mBuilding CXX object CMakeFiles/custom_interfaces__rosidl_typesupport_fastrtps_c.dir/rosidl_typesupport_fastrtps_c/custom_interfaces/srv/detail/my_custom_service_message__type_support_c.cpp.o[0m
[1.875s] [ 56%] [32mBuilding CXX object CMakeFiles/custom_interfaces__rosidl_typesupport_fastrtps_c.dir/rosidl_typesupport_fastrtps_c/custom_interfaces/msg/detail/age__type_support_c.cpp.o[0m
[1.913s] [35m[1mConsolidate compiler generated dependencies of target custom_interfaces__rosidl_typesupport_introspection_c[0m
[1.928s] [ 61%] [32mBuilding C object CMakeFiles/custom_interfaces__rosidl_typesupport_introspection_c.dir/rosidl_typesupport_introspection_c/custom_interfaces/srv/detail/my_custom_service_message__type_support.c.o[0m
[1.928s] [ 61%] [32mBuilding C object CMakeFiles/custom_interfaces__rosidl_typesupport_introspection_c.dir/rosidl_typesupport_introspection_c/custom_interfaces/msg/detail/age__type_support.c.o[0m
[1.930s] [ 64%] [32m[1mLinking CXX shared library libcustom_interfaces__rosidl_typesupport_cpp.so[0m
[1.964s] [ 64%] Built target custom_interfaces__rosidl_typesupport_cpp
[1.971s] [ 66%] [32m[1mLinking C shared library libcustom_interfaces__rosidl_typesupport_introspection_c.so[0m
[2.002s] [ 66%] Built target custom_interfaces__rosidl_typesupport_introspection_c
[2.054s] [ 69%] [32m[1mLinking CXX shared library libcustom_interfaces__rosidl_typesupport_introspection_cpp.so[0m
[2.069s] [ 71%] [32m[1mLinking CXX shared library libcustom_interfaces__rosidl_typesupport_fastrtps_cpp.so[0m
[2.110s] [ 71%] Built target custom_interfaces__rosidl_typesupport_introspection_cpp
[2.126s] [ 71%] Built target custom_interfaces__rosidl_typesupport_fastrtps_cpp
[2.126s] [ 74%] [32m[1mLinking CXX shared library libcustom_interfaces__rosidl_typesupport_fastrtps_c.so[0m
[2.190s] [ 74%] Built target custom_interfaces__rosidl_typesupport_fastrtps_c
[2.220s] [ 74%] Built target custom_interfaces
[2.254s] [ 76%] [34m[1mGenerating Python code for ROS interfaces[0m
[2.564s] [ 76%] Built target custom_interfaces__py
[2.577s] [35m[1mConsolidate compiler generated dependencies of target custom_interfaces__rosidl_generator_py[0m
[2.597s] [ 79%] [32mBuilding C object CMakeFiles/custom_interfaces__rosidl_generator_py.dir/rosidl_generator_py/custom_interfaces/msg/_age_s.c.o[0m
[2.599s] [ 82%] [32mBuilding C object CMakeFiles/custom_interfaces__rosidl_generator_py.dir/rosidl_generator_py/custom_interfaces/srv/_my_custom_service_message_s.c.o[0m
[2.686s] [ 84%] [32m[1mLinking C shared library rosidl_generator_py/custom_interfaces/libcustom_interfaces__rosidl_generator_py.so[0m
[2.729s] [ 84%] Built target custom_interfaces__rosidl_generator_py
[2.742s] [35m[1mConsolidate compiler generated dependencies of target custom_interfaces__rosidl_typesupport_fastrtps_c__pyext[0m
[2.742s] [35m[1mConsolidate compiler generated dependencies of target custom_interfaces__rosidl_typesupport_c__pyext[0m
[2.744s] [35m[1mConsolidate compiler generated dependencies of target custom_interfaces__rosidl_typesupport_introspection_c__pyext[0m
[2.753s] [ 87%] [32mBuilding C object CMakeFiles/custom_interfaces__rosidl_typesupport_c__pyext.dir/rosidl_generator_py/custom_interfaces/_custom_interfaces_s.ep.rosidl_typesupport_c.c.o[0m
[2.756s] [ 89%] [32mBuilding C object CMakeFiles/custom_interfaces__rosidl_typesupport_fastrtps_c__pyext.dir/rosidl_generator_py/custom_interfaces/_custom_interfaces_s.ep.rosidl_typesupport_fastrtps_c.c.o[0m
[2.758s] [ 92%] [32mBuilding C object CMakeFiles/custom_interfaces__rosidl_typesupport_introspection_c__pyext.dir/rosidl_generator_py/custom_interfaces/_custom_interfaces_s.ep.rosidl_typesupport_introspection_c.c.o[0m
[2.824s] [ 94%] [32m[1mLinking C shared library rosidl_generator_py/custom_interfaces/custom_interfaces_s__rosidl_typesupport_fastrtps_c.cpython-310-x86_64-linux-gnu.so[0m
[2.824s] [ 97%] [32m[1mLinking C shared library rosidl_generator_py/custom_interfaces/custom_interfaces_s__rosidl_typesupport_introspection_c.cpython-310-x86_64-linux-gnu.so[0m
[2.825s] [100%] [32m[1mLinking C shared library rosidl_generator_py/custom_interfaces/custom_interfaces_s__rosidl_typesupport_c.cpython-310-x86_64-linux-gnu.so[0m
[2.858s] [100%] Built target custom_interfaces__rosidl_typesupport_introspection_c__pyext
[2.859s] [100%] Built target custom_interfaces__rosidl_typesupport_fastrtps_c__pyext
[2.860s] [100%] Built target custom_interfaces__rosidl_typesupport_c__pyext
[2.868s] Invoked command in '/home/ivan/work/Ros_Rep/ros2_ws/build/custom_interfaces' returned '0': CMAKE_PREFIX_PATH=${CMAKE_PREFIX_PATH}:/home/ivan/work/Ros_Rep/ros2_ws/install/exercise62_pkg:/home/ivan/work/Ros_Rep/ros2_ws/install/client_pkg:/home/ivan/work/Ros_Rep/ros2_ws/install/dds_tests_pkg:/home/ivan/work/Ros_Rep/ros2_ws/install/subscriber_pkg:/home/ivan/work/Ros_Rep/ros2_ws/install/remapping_pkg:/home/ivan/work/Ros_Rep/ros2_ws/install/publisher_pkg:/home/ivan/work/Ros_Rep/ros2_ws/install/my_package:/home/ivan/work/Ros_Rep/ros2_ws/install/exercise41_pkg:/home/ivan/work/Ros_Rep/ros2_ws/install/exercise21_pkg:/home/ivan/work/Ros_Rep/ros2_ws/install/example28_pkg:/home/ivan/work/Ros_Rep/ros2_ws/install/example26_pkg:/home/ivan/work/Ros_Rep/ros2_ws/install/build_test_pkg:/opt/ros/humble /usr/bin/cmake --build /home/ivan/work/Ros_Rep/ros2_ws/build/custom_interfaces -- -j16 -l16
[2.979s] Invoking command in '/home/ivan/work/Ros_Rep/ros2_ws/build/custom_interfaces': CMAKE_PREFIX_PATH=${CMAKE_PREFIX_PATH}:/home/ivan/work/Ros_Rep/ros2_ws/install/exercise62_pkg:/home/ivan/work/Ros_Rep/ros2_ws/install/client_pkg:/home/ivan/work/Ros_Rep/ros2_ws/install/dds_tests_pkg:/home/ivan/work/Ros_Rep/ros2_ws/install/subscriber_pkg:/home/ivan/work/Ros_Rep/ros2_ws/install/remapping_pkg:/home/ivan/work/Ros_Rep/ros2_ws/install/publisher_pkg:/home/ivan/work/Ros_Rep/ros2_ws/install/my_package:/home/ivan/work/Ros_Rep/ros2_ws/install/exercise41_pkg:/home/ivan/work/Ros_Rep/ros2_ws/install/exercise21_pkg:/home/ivan/work/Ros_Rep/ros2_ws/install/example28_pkg:/home/ivan/work/Ros_Rep/ros2_ws/install/example26_pkg:/home/ivan/work/Ros_Rep/ros2_ws/install/build_test_pkg:/opt/ros/humble /usr/bin/cmake --install /home/ivan/work/Ros_Rep/ros2_ws/build/custom_interfaces
[2.987s] -- Install configuration: ""
[2.987s] -- Installing: /home/ivan/work/Ros_Rep/ros2_ws/install/custom_interfaces/share/ament_index/resource_index/rosidl_interfaces/custom_interfaces
[2.987s] -- Up-to-date: /home/ivan/work/Ros_Rep/ros2_ws/install/custom_interfaces/include/custom_interfaces/custom_interfaces
[2.987s] -- Installing: /home/ivan/work/Ros_Rep/ros2_ws/install/custom_interfaces/include/custom_interfaces/custom_interfaces/srv
[2.987s] -- Installing: /home/ivan/work/Ros_Rep/ros2_ws/install/custom_interfaces/include/custom_interfaces/custom_interfaces/srv/detail
[2.987s] -- Installing: /home/ivan/work/Ros_Rep/ros2_ws/install/custom_interfaces/include/custom_interfaces/custom_interfaces/srv/detail/my_custom_service_message__functions.c
[2.987s] -- Installing: /home/ivan/work/Ros_Rep/ros2_ws/install/custom_interfaces/include/custom_interfaces/custom_interfaces/srv/detail/my_custom_service_message__functions.h
[2.988s] -- Installing: /home/ivan/work/Ros_Rep/ros2_ws/install/custom_interfaces/include/custom_interfaces/custom_interfaces/srv/detail/my_custom_service_message__struct.h
[2.988s] -- Installing: /home/ivan/work/Ros_Rep/ros2_ws/install/custom_interfaces/include/custom_interfaces/custom_interfaces/srv/detail/my_custom_service_message__type_support.h
[2.988s] -- Installing: /home/ivan/work/Ros_Rep/ros2_ws/install/custom_interfaces/include/custom_interfaces/custom_interfaces/srv/my_custom_service_message.h
[2.988s] -- Up-to-date: /home/ivan/work/Ros_Rep/ros2_ws/install/custom_interfaces/include/custom_interfaces/custom_interfaces/msg
[2.988s] -- Installing: /home/ivan/work/Ros_Rep/ros2_ws/install/custom_interfaces/include/custom_interfaces/custom_interfaces/msg/age.h
[2.988s] -- Up-to-date: /home/ivan/work/Ros_Rep/ros2_ws/install/custom_interfaces/include/custom_interfaces/custom_interfaces/msg/detail
[2.988s] -- Installing: /home/ivan/work/Ros_Rep/ros2_ws/install/custom_interfaces/include/custom_interfaces/custom_interfaces/msg/detail/age__type_support.h
[2.988s] -- Installing: /home/ivan/work/Ros_Rep/ros2_ws/install/custom_interfaces/include/custom_interfaces/custom_interfaces/msg/detail/age__functions.c
[2.988s] -- Installing: /home/ivan/work/Ros_Rep/ros2_ws/install/custom_interfaces/include/custom_interfaces/custom_interfaces/msg/detail/age__struct.h
[2.988s] -- Installing: /home/ivan/work/Ros_Rep/ros2_ws/install/custom_interfaces/include/custom_interfaces/custom_interfaces/msg/detail/age__functions.h
[2.988s] -- Up-to-date: /home/ivan/work/Ros_Rep/ros2_ws/install/custom_interfaces/include/custom_interfaces/custom_interfaces/msg/rosidl_generator_c__visibility_control.h
[2.988s] -- Up-to-date: /home/ivan/work/Ros_Rep/ros2_ws/install/custom_interfaces/share/custom_interfaces/environment/library_path.sh
[2.988s] -- Installing: /home/ivan/work/Ros_Rep/ros2_ws/install/custom_interfaces/share/custom_interfaces/environment/library_path.dsv
[2.993s] -- Installing: /home/ivan/work/Ros_Rep/ros2_ws/install/custom_interfaces/lib/libcustom_interfaces__rosidl_generator_c.so
[2.993s] -- Set runtime path of "/home/ivan/work/Ros_Rep/ros2_ws/install/custom_interfaces/lib/libcustom_interfaces__rosidl_generator_c.so" to ""
[2.993s] -- Up-to-date: /home/ivan/work/Ros_Rep/ros2_ws/install/custom_interfaces/include/custom_interfaces/custom_interfaces
[2.993s] -- Up-to-date: /home/ivan/work/Ros_Rep/ros2_ws/install/custom_interfaces/include/custom_interfaces/custom_interfaces/srv
[2.993s] -- Up-to-date: /home/ivan/work/Ros_Rep/ros2_ws/install/custom_interfaces/include/custom_interfaces/custom_interfaces/srv/detail
[2.993s] -- Installing: /home/ivan/work/Ros_Rep/ros2_ws/install/custom_interfaces/include/custom_interfaces/custom_interfaces/srv/detail/my_custom_service_message__rosidl_typesupport_fastrtps_c.h
[2.994s] -- Up-to-date: /home/ivan/work/Ros_Rep/ros2_ws/install/custom_interfaces/include/custom_interfaces/custom_interfaces/msg
[2.994s] -- Up-to-date: /home/ivan/work/Ros_Rep/ros2_ws/install/custom_interfaces/include/custom_interfaces/custom_interfaces/msg/rosidl_typesupport_fastrtps_c__visibility_control.h
[2.994s] -- Up-to-date: /home/ivan/work/Ros_Rep/ros2_ws/install/custom_interfaces/include/custom_interfaces/custom_interfaces/msg/detail
[2.994s] -- Installing: /home/ivan/work/Ros_Rep/ros2_ws/install/custom_interfaces/include/custom_interfaces/custom_interfaces/msg/detail/age__rosidl_typesupport_fastrtps_c.h
[2.994s] -- Installing: /home/ivan/work/Ros_Rep/ros2_ws/install/custom_interfaces/lib/libcustom_interfaces__rosidl_typesupport_fastrtps_c.so
[2.994s] -- Set runtime path of "/home/ivan/work/Ros_Rep/ros2_ws/install/custom_interfaces/lib/libcustom_interfaces__rosidl_typesupport_fastrtps_c.so" to ""
[2.995s] -- Up-to-date: /home/ivan/work/Ros_Rep/ros2_ws/install/custom_interfaces/include/custom_interfaces/custom_interfaces
[2.995s] -- Up-to-date: /home/ivan/work/Ros_Rep/ros2_ws/install/custom_interfaces/include/custom_interfaces/custom_interfaces/srv
[2.995s] -- Up-to-date: /home/ivan/work/Ros_Rep/ros2_ws/install/custom_interfaces/include/custom_interfaces/custom_interfaces/srv/detail
[2.995s] -- Installing: /home/ivan/work/Ros_Rep/ros2_ws/install/custom_interfaces/include/custom_interfaces/custom_interfaces/srv/detail/my_custom_service_message__struct.hpp
[2.995s] -- Installing: /home/ivan/work/Ros_Rep/ros2_ws/install/custom_interfaces/include/custom_interfaces/custom_interfaces/srv/detail/my_custom_service_message__builder.hpp
[2.995s] -- Installing: /home/ivan/work/Ros_Rep/ros2_ws/install/custom_interfaces/include/custom_interfaces/custom_interfaces/srv/detail/my_custom_service_message__traits.hpp
[2.995s] -- Installing: /home/ivan/work/Ros_Rep/ros2_ws/install/custom_interfaces/include/custom_interfaces/custom_interfaces/srv/my_custom_service_message.hpp
[2.995s] -- Up-to-date: /home/ivan/work/Ros_Rep/ros2_ws/install/custom_interfaces/include/custom_interfaces/custom_interfaces/msg
[2.995s] -- Up-to-date: /home/ivan/work/Ros_Rep/ros2_ws/install/custom_interfaces/include/custom_interfaces/custom_interfaces/msg/detail
[2.995s] -- Installing: /home/ivan/work/Ros_Rep/ros2_ws/install/custom_interfaces/include/custom_interfaces/custom_interfaces/msg/detail/age__builder.hpp
[2.995s] -- Installing: /home/ivan/work/Ros_Rep/ros2_ws/install/custom_interfaces/include/custom_interfaces/custom_interfaces/msg/detail/age__traits.hpp
[2.995s] -- Installing: /home/ivan/work/Ros_Rep/ros2_ws/install/custom_interfaces/include/custom_interfaces/custom_interfaces/msg/detail/age__struct.hpp
[2.995s] -- Installing: /home/ivan/work/Ros_Rep/ros2_ws/install/custom_interfaces/include/custom_interfaces/custom_interfaces/msg/age.hpp
[2.996s] -- Up-to-date: /home/ivan/work/Ros_Rep/ros2_ws/install/custom_interfaces/include/custom_interfaces/custom_interfaces
[2.996s] -- Up-to-date: /home/ivan/work/Ros_Rep/ros2_ws/install/custom_interfaces/include/custom_interfaces/custom_interfaces/srv
[2.996s] -- Up-to-date: /home/ivan/work/Ros_Rep/ros2_ws/install/custom_interfaces/include/custom_interfaces/custom_interfaces/srv/detail
[2.996s] -- Installing: /home/ivan/work/Ros_Rep/ros2_ws/install/custom_interfaces/include/custom_interfaces/custom_interfaces/srv/detail/my_custom_service_message__rosidl_typesupport_fastrtps_cpp.hpp
[2.996s] -- Installing: /home/ivan/work/Ros_Rep/ros2_ws/install/custom_interfaces/include/custom_interfaces/custom_interfaces/srv/detail/dds_fastrtps
[2.996s] -- Up-to-date: /home/ivan/work/Ros_Rep/ros2_ws/install/custom_interfaces/include/custom_interfaces/custom_interfaces/msg
[2.996s] -- Up-to-date: /home/ivan/work/Ros_Rep/ros2_ws/install/custom_interfaces/include/custom_interfaces/custom_interfaces/msg/rosidl_typesupport_fastrtps_cpp__visibility_control.h
[2.996s] -- Up-to-date: /home/ivan/work/Ros_Rep/ros2_ws/install/custom_interfaces/include/custom_interfaces/custom_interfaces/msg/detail
[2.996s] -- Installing: /home/ivan/work/Ros_Rep/ros2_ws/install/custom_interfaces/include/custom_interfaces/custom_interfaces/msg/detail/age__rosidl_typesupport_fastrtps_cpp.hpp
[2.996s] -- Up-to-date: /home/ivan/work/Ros_Rep/ros2_ws/install/custom_interfaces/include/custom_interfaces/custom_interfaces/msg/detail/dds_fastrtps
[2.997s] -- Installing: /home/ivan/work/Ros_Rep/ros2_ws/install/custom_interfaces/lib/libcustom_interfaces__rosidl_typesupport_fastrtps_cpp.so
[2.997s] -- Set runtime path of "/home/ivan/work/Ros_Rep/ros2_ws/install/custom_interfaces/lib/libcustom_interfaces__rosidl_typesupport_fastrtps_cpp.so" to ""
[2.997s] -- Up-to-date: /home/ivan/work/Ros_Rep/ros2_ws/install/custom_interfaces/include/custom_interfaces/custom_interfaces
[2.997s] -- Up-to-date: /home/ivan/work/Ros_Rep/ros2_ws/install/custom_interfaces/include/custom_interfaces/custom_interfaces/srv
[2.997s] -- Up-to-date: /home/ivan/work/Ros_Rep/ros2_ws/install/custom_interfaces/include/custom_interfaces/custom_interfaces/srv/detail
[2.997s] -- Installing: /home/ivan/work/Ros_Rep/ros2_ws/install/custom_interfaces/include/custom_interfaces/custom_interfaces/srv/detail/my_custom_service_message__type_support.c
[2.997s] -- Installing: /home/ivan/work/Ros_Rep/ros2_ws/install/custom_interfaces/include/custom_interfaces/custom_interfaces/srv/detail/my_custom_service_message__rosidl_typesupport_introspection_c.h
[2.997s] -- Up-to-date: /home/ivan/work/Ros_Rep/ros2_ws/install/custom_interfaces/include/custom_interfaces/custom_interfaces/msg
[2.997s] -- Up-to-date: /home/ivan/work/Ros_Rep/ros2_ws/install/custom_interfaces/include/custom_interfaces/custom_interfaces/msg/detail
[2.998s] -- Installing: /home/ivan/work/Ros_Rep/ros2_ws/install/custom_interfaces/include/custom_interfaces/custom_interfaces/msg/detail/age__type_support.c
[2.998s] -- Installing: /home/ivan/work/Ros_Rep/ros2_ws/install/custom_interfaces/include/custom_interfaces/custom_interfaces/msg/detail/age__rosidl_typesupport_introspection_c.h
[2.998s] -- Up-to-date: /home/ivan/work/Ros_Rep/ros2_ws/install/custom_interfaces/include/custom_interfaces/custom_interfaces/msg/rosidl_typesupport_introspection_c__visibility_control.h
[2.998s] -- Installing: /home/ivan/work/Ros_Rep/ros2_ws/install/custom_interfaces/lib/libcustom_interfaces__rosidl_typesupport_introspection_c.so
[2.998s] -- Set runtime path of "/home/ivan/work/Ros_Rep/ros2_ws/install/custom_interfaces/lib/libcustom_interfaces__rosidl_typesupport_introspection_c.so" to ""
[2.999s] -- Installing: /home/ivan/work/Ros_Rep/ros2_ws/install/custom_interfaces/lib/libcustom_interfaces__rosidl_typesupport_c.so
[3.000s] -- Set runtime path of "/home/ivan/work/Ros_Rep/ros2_ws/install/custom_interfaces/lib/libcustom_interfaces__rosidl_typesupport_c.so" to ""
[3.000s] -- Up-to-date: /home/ivan/work/Ros_Rep/ros2_ws/install/custom_interfaces/include/custom_interfaces/custom_interfaces
[3.000s] -- Up-to-date: /home/ivan/work/Ros_Rep/ros2_ws/install/custom_interfaces/include/custom_interfaces/custom_interfaces/srv
[3.000s] -- Up-to-date: /home/ivan/work/Ros_Rep/ros2_ws/install/custom_interfaces/include/custom_interfaces/custom_interfaces/srv/detail
[3.000s] -- Installing: /home/ivan/work/Ros_Rep/ros2_ws/install/custom_interfaces/include/custom_interfaces/custom_interfaces/srv/detail/my_custom_service_message__rosidl_typesupport_introspection_cpp.hpp
[3.000s] -- Installing: /home/ivan/work/Ros_Rep/ros2_ws/install/custom_interfaces/include/custom_interfaces/custom_interfaces/srv/detail/my_custom_service_message__type_support.cpp
[3.001s] -- Up-to-date: /home/ivan/work/Ros_Rep/ros2_ws/install/custom_interfaces/include/custom_interfaces/custom_interfaces/msg
[3.001s] -- Up-to-date: /home/ivan/work/Ros_Rep/ros2_ws/install/custom_interfaces/include/custom_interfaces/custom_interfaces/msg/detail
[3.001s] -- Installing: /home/ivan/work/Ros_Rep/ros2_ws/install/custom_interfaces/include/custom_interfaces/custom_interfaces/msg/detail/age__rosidl_typesupport_introspection_cpp.hpp
[3.001s] -- Installing: /home/ivan/work/Ros_Rep/ros2_ws/install/custom_interfaces/include/custom_interfaces/custom_interfaces/msg/detail/age__type_support.cpp
[3.001s] -- Installing: /home/ivan/work/Ros_Rep/ros2_ws/install/custom_interfaces/lib/libcustom_interfaces__rosidl_typesupport_introspection_cpp.so
[3.001s] -- Set runtime path of "/home/ivan/work/Ros_Rep/ros2_ws/install/custom_interfaces/lib/libcustom_interfaces__rosidl_typesupport_introspection_cpp.so" to ""
[3.001s] -- Installing: /home/ivan/work/Ros_Rep/ros2_ws/install/custom_interfaces/lib/libcustom_interfaces__rosidl_typesupport_cpp.so
[3.002s] -- Set runtime path of "/home/ivan/work/Ros_Rep/ros2_ws/install/custom_interfaces/lib/libcustom_interfaces__rosidl_typesupport_cpp.so" to ""
[3.002s] -- Up-to-date: /home/ivan/work/Ros_Rep/ros2_ws/install/custom_interfaces/share/custom_interfaces/environment/pythonpath.sh
[3.002s] -- Installing: /home/ivan/work/Ros_Rep/ros2_ws/install/custom_interfaces/share/custom_interfaces/environment/pythonpath.dsv
[3.002s] -- Up-to-date: /home/ivan/work/Ros_Rep/ros2_ws/install/custom_interfaces/local/lib/python3.10/dist-packages/custom_interfaces-0.0.0-py3.10.egg-info
[3.002s] -- Installing: /home/ivan/work/Ros_Rep/ros2_ws/install/custom_interfaces/local/lib/python3.10/dist-packages/custom_interfaces-0.0.0-py3.10.egg-info/PKG-INFO
[3.002s] -- Installing: /home/ivan/work/Ros_Rep/ros2_ws/install/custom_interfaces/local/lib/python3.10/dist-packages/custom_interfaces-0.0.0-py3.10.egg-info/dependency_links.txt
[3.003s] -- Installing: /home/ivan/work/Ros_Rep/ros2_ws/install/custom_interfaces/local/lib/python3.10/dist-packages/custom_interfaces-0.0.0-py3.10.egg-info/top_level.txt
[3.003s] -- Installing: /home/ivan/work/Ros_Rep/ros2_ws/install/custom_interfaces/local/lib/python3.10/dist-packages/custom_interfaces-0.0.0-py3.10.egg-info/SOURCES.txt
[3.003s] -- Up-to-date: /home/ivan/work/Ros_Rep/ros2_ws/install/custom_interfaces/local/lib/python3.10/dist-packages/custom_interfaces
[3.003s] -- Installing: /home/ivan/work/Ros_Rep/ros2_ws/install/custom_interfaces/local/lib/python3.10/dist-packages/custom_interfaces/srv
[3.003s] -- Installing: /home/ivan/work/Ros_Rep/ros2_ws/install/custom_interfaces/local/lib/python3.10/dist-packages/custom_interfaces/srv/__init__.py
[3.003s] -- Installing: /home/ivan/work/Ros_Rep/ros2_ws/install/custom_interfaces/local/lib/python3.10/dist-packages/custom_interfaces/srv/_my_custom_service_message_s.c
[3.004s] -- Installing: /home/ivan/work/Ros_Rep/ros2_ws/install/custom_interfaces/local/lib/python3.10/dist-packages/custom_interfaces/srv/_my_custom_service_message.py
[3.004s] -- Installing: /home/ivan/work/Ros_Rep/ros2_ws/install/custom_interfaces/local/lib/python3.10/dist-packages/custom_interfaces/custom_interfaces_s__rosidl_typesupport_c.cpython-310-x86_64-linux-gnu.so
[3.004s] -- Installing: /home/ivan/work/Ros_Rep/ros2_ws/install/custom_interfaces/local/lib/python3.10/dist-packages/custom_interfaces/custom_interfaces_s__rosidl_typesupport_introspection_c.cpython-310-x86_64-linux-gnu.so
[3.004s] -- Installing: /home/ivan/work/Ros_Rep/ros2_ws/install/custom_interfaces/local/lib/python3.10/dist-packages/custom_interfaces/_custom_interfaces_s.ep.rosidl_typesupport_c.c
[3.004s] -- Installing: /home/ivan/work/Ros_Rep/ros2_ws/install/custom_interfaces/local/lib/python3.10/dist-packages/custom_interfaces/libcustom_interfaces__rosidl_generator_py.so
[3.004s] -- Installing: /home/ivan/work/Ros_Rep/ros2_ws/install/custom_interfaces/local/lib/python3.10/dist-packages/custom_interfaces/_custom_interfaces_s.ep.rosidl_typesupport_fastrtps_c.c
[3.005s] -- Installing: /home/ivan/work/Ros_Rep/ros2_ws/install/custom_interfaces/local/lib/python3.10/dist-packages/custom_interfaces/__init__.py
[3.005s] -- Up-to-date: /home/ivan/work/Ros_Rep/ros2_ws/install/custom_interfaces/local/lib/python3.10/dist-packages/custom_interfaces/msg
[3.005s] -- Installing: /home/ivan/work/Ros_Rep/ros2_ws/install/custom_interfaces/local/lib/python3.10/dist-packages/custom_interfaces/msg/_age.py
[3.005s] -- Installing: /home/ivan/work/Ros_Rep/ros2_ws/install/custom_interfaces/local/lib/python3.10/dist-packages/custom_interfaces/msg/__init__.py
[3.005s] -- Installing: /home/ivan/work/Ros_Rep/ros2_ws/install/custom_interfaces/local/lib/python3.10/dist-packages/custom_interfaces/msg/_age_s.c
[3.005s] -- Installing: /home/ivan/work/Ros_Rep/ros2_ws/install/custom_interfaces/local/lib/python3.10/dist-packages/custom_interfaces/_custom_interfaces_s.ep.rosidl_typesupport_introspection_c.c
[3.005s] -- Installing: /home/ivan/work/Ros_Rep/ros2_ws/install/custom_interfaces/local/lib/python3.10/dist-packages/custom_interfaces/custom_interfaces_s__rosidl_typesupport_fastrtps_c.cpython-310-x86_64-linux-gnu.so
[3.041s] Listing '/home/ivan/work/Ros_Rep/ros2_ws/install/custom_interfaces/local/lib/python3.10/dist-packages/custom_interfaces'...
[3.041s] Compiling '/home/ivan/work/Ros_Rep/ros2_ws/install/custom_interfaces/local/lib/python3.10/dist-packages/custom_interfaces/__init__.py'...
[3.041s] Listing '/home/ivan/work/Ros_Rep/ros2_ws/install/custom_interfaces/local/lib/python3.10/dist-packages/custom_interfaces/msg'...
[3.042s] Compiling '/home/ivan/work/Ros_Rep/ros2_ws/install/custom_interfaces/local/lib/python3.10/dist-packages/custom_interfaces/msg/__init__.py'...
[3.042s] Compiling '/home/ivan/work/Ros_Rep/ros2_ws/install/custom_interfaces/local/lib/python3.10/dist-packages/custom_interfaces/msg/_age.py'...
[3.042s] Listing '/home/ivan/work/Ros_Rep/ros2_ws/install/custom_interfaces/local/lib/python3.10/dist-packages/custom_interfaces/srv'...
[3.042s] Compiling '/home/ivan/work/Ros_Rep/ros2_ws/install/custom_interfaces/local/lib/python3.10/dist-packages/custom_interfaces/srv/__init__.py'...
[3.042s] Compiling '/home/ivan/work/Ros_Rep/ros2_ws/install/custom_interfaces/local/lib/python3.10/dist-packages/custom_interfaces/srv/_my_custom_service_message.py'...
[3.044s] -- Installing: /home/ivan/work/Ros_Rep/ros2_ws/install/custom_interfaces/local/lib/python3.10/dist-packages/custom_interfaces/custom_interfaces_s__rosidl_typesupport_fastrtps_c.cpython-310-x86_64-linux-gnu.so
[3.045s] -- Set runtime path of "/home/ivan/work/Ros_Rep/ros2_ws/install/custom_interfaces/local/lib/python3.10/dist-packages/custom_interfaces/custom_interfaces_s__rosidl_typesupport_fastrtps_c.cpython-310-x86_64-linux-gnu.so" to ""
[3.045s] -- Installing: /home/ivan/work/Ros_Rep/ros2_ws/install/custom_interfaces/local/lib/python3.10/dist-packages/custom_interfaces/custom_interfaces_s__rosidl_typesupport_introspection_c.cpython-310-x86_64-linux-gnu.so
[3.045s] -- Set runtime path of "/home/ivan/work/Ros_Rep/ros2_ws/install/custom_interfaces/local/lib/python3.10/dist-packages/custom_interfaces/custom_interfaces_s__rosidl_typesupport_introspection_c.cpython-310-x86_64-linux-gnu.so" to ""
[3.045s] -- Installing: /home/ivan/work/Ros_Rep/ros2_ws/install/custom_interfaces/local/lib/python3.10/dist-packages/custom_interfaces/custom_interfaces_s__rosidl_typesupport_c.cpython-310-x86_64-linux-gnu.so
[3.045s] -- Set runtime path of "/home/ivan/work/Ros_Rep/ros2_ws/install/custom_interfaces/local/lib/python3.10/dist-packages/custom_interfaces/custom_interfaces_s__rosidl_typesupport_c.cpython-310-x86_64-linux-gnu.so" to ""
[3.046s] -- Installing: /home/ivan/work/Ros_Rep/ros2_ws/install/custom_interfaces/lib/libcustom_interfaces__rosidl_generator_py.so
[3.046s] -- Set runtime path of "/home/ivan/work/Ros_Rep/ros2_ws/install/custom_interfaces/lib/libcustom_interfaces__rosidl_generator_py.so" to ""
[3.046s] -- Up-to-date: /home/ivan/work/Ros_Rep/ros2_ws/install/custom_interfaces/share/custom_interfaces/msg/Age.idl
[3.046s] -- Installing: /home/ivan/work/Ros_Rep/ros2_ws/install/custom_interfaces/share/custom_interfaces/srv/MyCustomServiceMessage.idl
[3.046s] -- Up-to-date: /home/ivan/work/Ros_Rep/ros2_ws/install/custom_interfaces/share/custom_interfaces/msg/Age.msg
[3.046s] -- Installing: /home/ivan/work/Ros_Rep/ros2_ws/install/custom_interfaces/share/custom_interfaces/srv/MyCustomServiceMessage.srv
[3.046s] -- Installing: /home/ivan/work/Ros_Rep/ros2_ws/install/custom_interfaces/share/custom_interfaces/srv/MyCustomServiceMessage_Request.msg
[3.047s] -- Installing: /home/ivan/work/Ros_Rep/ros2_ws/install/custom_interfaces/share/custom_interfaces/srv/MyCustomServiceMessage_Response.msg
[3.047s] -- Up-to-date: /home/ivan/work/Ros_Rep/ros2_ws/install/custom_interfaces/share/ament_index/resource_index/package_run_dependencies/custom_interfaces
[3.047s] -- Installing: /home/ivan/work/Ros_Rep/ros2_ws/install/custom_interfaces/share/ament_index/resource_index/parent_prefix_path/custom_interfaces
[3.047s] -- Up-to-date: /home/ivan/work/Ros_Rep/ros2_ws/install/custom_interfaces/share/custom_interfaces/environment/ament_prefix_path.sh
[3.047s] -- Installing: /home/ivan/work/Ros_Rep/ros2_ws/install/custom_interfaces/share/custom_interfaces/environment/ament_prefix_path.dsv
[3.047s] -- Up-to-date: /home/ivan/work/Ros_Rep/ros2_ws/install/custom_interfaces/share/custom_interfaces/environment/path.sh
[3.047s] -- Installing: /home/ivan/work/Ros_Rep/ros2_ws/install/custom_interfaces/share/custom_interfaces/environment/path.dsv
[3.047s] -- Up-to-date: /home/ivan/work/Ros_Rep/ros2_ws/install/custom_interfaces/share/custom_interfaces/local_setup.bash
[3.047s] -- Up-to-date: /home/ivan/work/Ros_Rep/ros2_ws/install/custom_interfaces/share/custom_interfaces/local_setup.sh
[3.047s] -- Up-to-date: /home/ivan/work/Ros_Rep/ros2_ws/install/custom_interfaces/share/custom_interfaces/local_setup.zsh
[3.047s] -- Installing: /home/ivan/work/Ros_Rep/ros2_ws/install/custom_interfaces/share/custom_interfaces/local_setup.dsv
[3.047s] -- Installing: /home/ivan/work/Ros_Rep/ros2_ws/install/custom_interfaces/share/custom_interfaces/package.dsv
[3.047s] -- Up-to-date: /home/ivan/work/Ros_Rep/ros2_ws/install/custom_interfaces/share/ament_index/resource_index/packages/custom_interfaces
[3.047s] -- Up-to-date: /home/ivan/work/Ros_Rep/ros2_ws/install/custom_interfaces/share/custom_interfaces/cmake/export_custom_interfaces__rosidl_generator_cExport.cmake
[3.047s] -- Up-to-date: /home/ivan/work/Ros_Rep/ros2_ws/install/custom_interfaces/share/custom_interfaces/cmake/export_custom_interfaces__rosidl_generator_cExport-noconfig.cmake
[3.047s] -- Up-to-date: /home/ivan/work/Ros_Rep/ros2_ws/install/custom_interfaces/share/custom_interfaces/cmake/export_custom_interfaces__rosidl_typesupport_fastrtps_cExport.cmake
[3.048s] -- Up-to-date: /home/ivan/work/Ros_Rep/ros2_ws/install/custom_interfaces/share/custom_interfaces/cmake/export_custom_interfaces__rosidl_typesupport_fastrtps_cExport-noconfig.cmake
[3.048s] -- Up-to-date: /home/ivan/work/Ros_Rep/ros2_ws/install/custom_interfaces/share/custom_interfaces/cmake/export_custom_interfaces__rosidl_generator_cppExport.cmake
[3.048s] -- Up-to-date: /home/ivan/work/Ros_Rep/ros2_ws/install/custom_interfaces/share/custom_interfaces/cmake/export_custom_interfaces__rosidl_typesupport_fastrtps_cppExport.cmake
[3.048s] -- Up-to-date: /home/ivan/work/Ros_Rep/ros2_ws/install/custom_interfaces/share/custom_interfaces/cmake/export_custom_interfaces__rosidl_typesupport_fastrtps_cppExport-noconfig.cmake
[3.048s] -- Up-to-date: /home/ivan/work/Ros_Rep/ros2_ws/install/custom_interfaces/share/custom_interfaces/cmake/custom_interfaces__rosidl_typesupport_introspection_cExport.cmake
[3.048s] -- Up-to-date: /home/ivan/work/Ros_Rep/ros2_ws/install/custom_interfaces/share/custom_interfaces/cmake/custom_interfaces__rosidl_typesupport_introspection_cExport-noconfig.cmake
[3.048s] -- Up-to-date: /home/ivan/work/Ros_Rep/ros2_ws/install/custom_interfaces/share/custom_interfaces/cmake/custom_interfaces__rosidl_typesupport_cExport.cmake
[3.048s] -- Up-to-date: /home/ivan/work/Ros_Rep/ros2_ws/install/custom_interfaces/share/custom_interfaces/cmake/custom_interfaces__rosidl_typesupport_cExport-noconfig.cmake
[3.048s] -- Up-to-date: /home/ivan/work/Ros_Rep/ros2_ws/install/custom_interfaces/share/custom_interfaces/cmake/custom_interfaces__rosidl_typesupport_introspection_cppExport.cmake
[3.048s] -- Up-to-date: /home/ivan/work/Ros_Rep/ros2_ws/install/custom_interfaces/share/custom_interfaces/cmake/custom_interfaces__rosidl_typesupport_introspection_cppExport-noconfig.cmake
[3.048s] -- Up-to-date: /home/ivan/work/Ros_Rep/ros2_ws/install/custom_interfaces/share/custom_interfaces/cmake/custom_interfaces__rosidl_typesupport_cppExport.cmake
[3.048s] -- Up-to-date: /home/ivan/work/Ros_Rep/ros2_ws/install/custom_interfaces/share/custom_interfaces/cmake/custom_interfaces__rosidl_typesupport_cppExport-noconfig.cmake
[3.048s] -- Up-to-date: /home/ivan/work/Ros_Rep/ros2_ws/install/custom_interfaces/share/custom_interfaces/cmake/export_custom_interfaces__rosidl_generator_pyExport.cmake
[3.048s] -- Up-to-date: /home/ivan/work/Ros_Rep/ros2_ws/install/custom_interfaces/share/custom_interfaces/cmake/export_custom_interfaces__rosidl_generator_pyExport-noconfig.cmake
[3.049s] -- Installing: /home/ivan/work/Ros_Rep/ros2_ws/install/custom_interfaces/share/custom_interfaces/cmake/rosidl_cmake-extras.cmake
[3.049s] -- Up-to-date: /home/ivan/work/Ros_Rep/ros2_ws/install/custom_interfaces/share/custom_interfaces/cmake/ament_cmake_export_include_directories-extras.cmake
[3.049s] -- Up-to-date: /home/ivan/work/Ros_Rep/ros2_ws/install/custom_interfaces/share/custom_interfaces/cmake/ament_cmake_export_libraries-extras.cmake
[3.049s] -- Up-to-date: /home/ivan/work/Ros_Rep/ros2_ws/install/custom_interfaces/share/custom_interfaces/cmake/ament_cmake_export_targets-extras.cmake
[3.049s] -- Up-to-date: /home/ivan/work/Ros_Rep/ros2_ws/install/custom_interfaces/share/custom_interfaces/cmake/rosidl_cmake_export_typesupport_targets-extras.cmake
[3.049s] -- Up-to-date: /home/ivan/work/Ros_Rep/ros2_ws/install/custom_interfaces/share/custom_interfaces/cmake/ament_cmake_export_dependencies-extras.cmake
[3.049s] -- Up-to-date: /home/ivan/work/Ros_Rep/ros2_ws/install/custom_interfaces/share/custom_interfaces/cmake/rosidl_cmake_export_typesupport_libraries-extras.cmake
[3.049s] -- Up-to-date: /home/ivan/work/Ros_Rep/ros2_ws/install/custom_interfaces/share/custom_interfaces/cmake/custom_interfacesConfig.cmake
[3.049s] -- Up-to-date: /home/ivan/work/Ros_Rep/ros2_ws/install/custom_interfaces/share/custom_interfaces/cmake/custom_interfacesConfig-version.cmake
[3.049s] -- Up-to-date: /home/ivan/work/Ros_Rep/ros2_ws/install/custom_interfaces/share/custom_interfaces/package.xml
[3.051s] Invoked command in '/home/ivan/work/Ros_Rep/ros2_ws/build/custom_interfaces' returned '0': CMAKE_PREFIX_PATH=${CMAKE_PREFIX_PATH}:/home/ivan/work/Ros_Rep/ros2_ws/install/exercise62_pkg:/home/ivan/work/Ros_Rep/ros2_ws/install/client_pkg:/home/ivan/work/Ros_Rep/ros2_ws/install/dds_tests_pkg:/home/ivan/work/Ros_Rep/ros2_ws/install/subscriber_pkg:/home/ivan/work/Ros_Rep/ros2_ws/install/remapping_pkg:/home/ivan/work/Ros_Rep/ros2_ws/install/publisher_pkg:/home/ivan/work/Ros_Rep/ros2_ws/install/my_package:/home/ivan/work/Ros_Rep/ros2_ws/install/exercise41_pkg:/home/ivan/work/Ros_Rep/ros2_ws/install/exercise21_pkg:/home/ivan/work/Ros_Rep/ros2_ws/install/example28_pkg:/home/ivan/work/Ros_Rep/ros2_ws/install/example26_pkg:/home/ivan/work/Ros_Rep/ros2_ws/install/build_test_pkg:/opt/ros/humble /usr/bin/cmake --install /home/ivan/work/Ros_Rep/ros2_ws/build/custom_interfaces
