[0.492s] Invoking command in '/home/ivan/work/Ros_Rep/ros2_ws/src/launch_args_example_pkg': PYTHONPATH=/home/ivan/work/Ros_Rep/ros2_ws/build/launch_args_example_pkg/prefix_override:/usr/lib/python3/dist-packages/colcon_core/task/python/colcon_distutils_commands:/home/ivan/work/Ros_Rep/ros2_ws/install/launch_args_example_pkg/lib/python3.10/site-packages:${PYTHONPATH} /usr/bin/python3 -W ignore:setup.py install is deprecated setup.py egg_info --egg-base ../../build/launch_args_example_pkg build --build-base /home/ivan/work/Ros_Rep/ros2_ws/build/launch_args_example_pkg/build install --record /home/ivan/work/Ros_Rep/ros2_ws/build/launch_args_example_pkg/install.log --single-version-externally-managed install_data
[0.664s] running egg_info
[0.673s] writing ../../build/launch_args_example_pkg/launch_args_example_pkg.egg-info/PKG-INFO
[0.673s] writing dependency_links to ../../build/launch_args_example_pkg/launch_args_example_pkg.egg-info/dependency_links.txt
[0.673s] writing entry points to ../../build/launch_args_example_pkg/launch_args_example_pkg.egg-info/entry_points.txt
[0.673s] writing requirements to ../../build/launch_args_example_pkg/launch_args_example_pkg.egg-info/requires.txt
[0.674s] writing top-level names to ../../build/launch_args_example_pkg/launch_args_example_pkg.egg-info/top_level.txt
[0.692s] reading manifest file '../../build/launch_args_example_pkg/launch_args_example_pkg.egg-info/SOURCES.txt'
[0.693s] writing manifest file '../../build/launch_args_example_pkg/launch_args_example_pkg.egg-info/SOURCES.txt'
[0.693s] running build
[0.693s] running build_py
[0.693s] copying launch_args_example_pkg/__init__.py -> /home/ivan/work/Ros_Rep/ros2_ws/build/launch_args_example_pkg/build/lib/launch_args_example_pkg
[0.693s] copying launch_args_example_pkg/arguments_examples.py -> /home/ivan/work/Ros_Rep/ros2_ws/build/launch_args_example_pkg/build/lib/launch_args_example_pkg
[0.694s] running install
[0.697s] running install_lib
[0.706s] copying /home/ivan/work/Ros_Rep/ros2_ws/build/launch_args_example_pkg/build/lib/launch_args_example_pkg/arguments_examples.py -> /home/ivan/work/Ros_Rep/ros2_ws/install/launch_args_example_pkg/lib/python3.10/site-packages/launch_args_example_pkg
[0.706s] byte-compiling /home/ivan/work/Ros_Rep/ros2_ws/install/launch_args_example_pkg/lib/python3.10/site-packages/launch_args_example_pkg/arguments_examples.py to arguments_examples.cpython-310.pyc
[0.707s] running install_data
[0.707s] copying resource/launch_args_example_pkg -> /home/ivan/work/Ros_Rep/ros2_ws/install/launch_args_example_pkg/share/ament_index/resource_index/packages
[0.707s] copying package.xml -> /home/ivan/work/Ros_Rep/ros2_ws/install/launch_args_example_pkg/share/launch_args_example_pkg
[0.707s] copying launch/start_with_arguments.launch.py -> /home/ivan/work/Ros_Rep/ros2_ws/install/launch_args_example_pkg/share/launch_args_example_pkg/launch
[0.707s] copying launch/start_with_arguments_dummy.launch.py -> /home/ivan/work/Ros_Rep/ros2_ws/install/launch_args_example_pkg/share/launch_args_example_pkg/launch
[0.707s] running install_egg_info
[0.718s] removing '/home/ivan/work/Ros_Rep/ros2_ws/install/launch_args_example_pkg/lib/python3.10/site-packages/launch_args_example_pkg-0.0.0-py3.10.egg-info' (and everything under it)
[0.718s] Copying ../../build/launch_args_example_pkg/launch_args_example_pkg.egg-info to /home/ivan/work/Ros_Rep/ros2_ws/install/launch_args_example_pkg/lib/python3.10/site-packages/launch_args_example_pkg-0.0.0-py3.10.egg-info
[0.719s] running install_scripts
[0.803s] Installing arguments_examples_demo script to /home/ivan/work/Ros_Rep/ros2_ws/install/launch_args_example_pkg/lib/launch_args_example_pkg
[0.804s] writing list of installed files to '/home/ivan/work/Ros_Rep/ros2_ws/build/launch_args_example_pkg/install.log'
[0.820s] Invoked command in '/home/ivan/work/Ros_Rep/ros2_ws/src/launch_args_example_pkg' returned '0': PYTHONPATH=/home/ivan/work/Ros_Rep/ros2_ws/build/launch_args_example_pkg/prefix_override:/usr/lib/python3/dist-packages/colcon_core/task/python/colcon_distutils_commands:/home/ivan/work/Ros_Rep/ros2_ws/install/launch_args_example_pkg/lib/python3.10/site-packages:${PYTHONPATH} /usr/bin/python3 -W ignore:setup.py install is deprecated setup.py egg_info --egg-base ../../build/launch_args_example_pkg build --build-base /home/ivan/work/Ros_Rep/ros2_ws/build/launch_args_example_pkg/build install --record /home/ivan/work/Ros_Rep/ros2_ws/build/launch_args_example_pkg/install.log --single-version-externally-managed install_data
