[0.507s] Invoking command in '/home/ivan/work/Ros_Rep/ros2_ws/src/my_action_client': PYTHONPATH=/home/ivan/work/Ros_Rep/ros2_ws/build/my_action_client/prefix_override:/usr/lib/python3/dist-packages/colcon_core/task/python/colcon_distutils_commands:/home/ivan/work/Ros_Rep/ros2_ws/install/my_action_client/lib/python3.10/site-packages:${PYTHONPATH} /usr/bin/python3 -W ignore:setup.py install is deprecated setup.py egg_info --egg-base ../../build/my_action_client build --build-base /home/ivan/work/Ros_Rep/ros2_ws/build/my_action_client/build install --record /home/ivan/work/Ros_Rep/ros2_ws/build/my_action_client/install.log --single-version-externally-managed install_data
[0.700s] running egg_info
[0.709s] writing ../../build/my_action_client/my_action_client.egg-info/PKG-INFO
[0.709s] writing dependency_links to ../../build/my_action_client/my_action_client.egg-info/dependency_links.txt
[0.709s] writing entry points to ../../build/my_action_client/my_action_client.egg-info/entry_points.txt
[0.709s] writing requirements to ../../build/my_action_client/my_action_client.egg-info/requires.txt
[0.710s] writing top-level names to ../../build/my_action_client/my_action_client.egg-info/top_level.txt
[0.729s] reading manifest file '../../build/my_action_client/my_action_client.egg-info/SOURCES.txt'
[0.730s] writing manifest file '../../build/my_action_client/my_action_client.egg-info/SOURCES.txt'
[0.730s] running build
[0.730s] running build_py
[0.730s] copying my_action_client/__init__.py -> /home/ivan/work/Ros_Rep/ros2_ws/build/my_action_client/build/lib/my_action_client
[0.730s] copying my_action_client/my_action_client.py -> /home/ivan/work/Ros_Rep/ros2_ws/build/my_action_client/build/lib/my_action_client
[0.730s] copying my_action_client/action_client.py -> /home/ivan/work/Ros_Rep/ros2_ws/build/my_action_client/build/lib/my_action_client
[0.731s] running install
[0.734s] running install_lib
[0.743s] copying /home/ivan/work/Ros_Rep/ros2_ws/build/my_action_client/build/lib/my_action_client/my_action_client.py -> /home/ivan/work/Ros_Rep/ros2_ws/install/my_action_client/lib/python3.10/site-packages/my_action_client
[0.743s] byte-compiling /home/ivan/work/Ros_Rep/ros2_ws/install/my_action_client/lib/python3.10/site-packages/my_action_client/my_action_client.py to my_action_client.cpython-310.pyc
[0.744s] running install_data
[0.744s] copying resource/my_action_client -> /home/ivan/work/Ros_Rep/ros2_ws/install/my_action_client/share/ament_index/resource_index/packages
[0.744s] copying package.xml -> /home/ivan/work/Ros_Rep/ros2_ws/install/my_action_client/share/my_action_client
[0.744s] copying launch/example74_client_launch_file.launch.py -> /home/ivan/work/Ros_Rep/ros2_ws/install/my_action_client/share/my_action_client/launch
[0.744s] copying launch/example72_launch_file.launch.py -> /home/ivan/work/Ros_Rep/ros2_ws/install/my_action_client/share/my_action_client/launch
[0.744s] running install_egg_info
[0.754s] removing '/home/ivan/work/Ros_Rep/ros2_ws/install/my_action_client/lib/python3.10/site-packages/my_action_client-0.0.0-py3.10.egg-info' (and everything under it)
[0.754s] Copying ../../build/my_action_client/my_action_client.egg-info to /home/ivan/work/Ros_Rep/ros2_ws/install/my_action_client/lib/python3.10/site-packages/my_action_client-0.0.0-py3.10.egg-info
[0.755s] running install_scripts
[0.839s] Installing example72 script to /home/ivan/work/Ros_Rep/ros2_ws/install/my_action_client/lib/my_action_client
[0.839s] Installing my_action_client_exe script to /home/ivan/work/Ros_Rep/ros2_ws/install/my_action_client/lib/my_action_client
[0.839s] writing list of installed files to '/home/ivan/work/Ros_Rep/ros2_ws/build/my_action_client/install.log'
[0.854s] Invoked command in '/home/ivan/work/Ros_Rep/ros2_ws/src/my_action_client' returned '0': PYTHONPATH=/home/ivan/work/Ros_Rep/ros2_ws/build/my_action_client/prefix_override:/usr/lib/python3/dist-packages/colcon_core/task/python/colcon_distutils_commands:/home/ivan/work/Ros_Rep/ros2_ws/install/my_action_client/lib/python3.10/site-packages:${PYTHONPATH} /usr/bin/python3 -W ignore:setup.py install is deprecated setup.py egg_info --egg-base ../../build/my_action_client build --build-base /home/ivan/work/Ros_Rep/ros2_ws/build/my_action_client/build install --record /home/ivan/work/Ros_Rep/ros2_ws/build/my_action_client/install.log --single-version-externally-managed install_data
