running egg_info
creating ../../build/remapping_pkg/remapping_pkg.egg-info
writing ../../build/remapping_pkg/remapping_pkg.egg-info/PKG-INFO
writing dependency_links to ../../build/remapping_pkg/remapping_pkg.egg-info/dependency_links.txt
writing entry points to ../../build/remapping_pkg/remapping_pkg.egg-info/entry_points.txt
writing requirements to ../../build/remapping_pkg/remapping_pkg.egg-info/requires.txt
writing top-level names to ../../build/remapping_pkg/remapping_pkg.egg-info/top_level.txt
writing manifest file '../../build/remapping_pkg/remapping_pkg.egg-info/SOURCES.txt'
reading manifest file '../../build/remapping_pkg/remapping_pkg.egg-info/SOURCES.txt'
writing manifest file '../../build/remapping_pkg/remapping_pkg.egg-info/SOURCES.txt'
running build
running build_py
creating /home/ivan/work/Ros_Rep/ros2_ws/build/remapping_pkg/build/lib/remapping_pkg
copying remapping_pkg/__init__.py -> /home/ivan/work/Ros_Rep/ros2_ws/build/remapping_pkg/build/lib/remapping_pkg
copying remapping_pkg/simple_remapper.py -> /home/ivan/work/Ros_Rep/ros2_ws/build/remapping_pkg/build/lib/remapping_pkg
running install
running install_lib
creating /home/ivan/work/Ros_Rep/ros2_ws/install/remapping_pkg/lib/python3.10/site-packages/remapping_pkg
copying /home/ivan/work/Ros_Rep/ros2_ws/build/remapping_pkg/build/lib/remapping_pkg/__init__.py -> /home/ivan/work/Ros_Rep/ros2_ws/install/remapping_pkg/lib/python3.10/site-packages/remapping_pkg
copying /home/ivan/work/Ros_Rep/ros2_ws/build/remapping_pkg/build/lib/remapping_pkg/simple_remapper.py -> /home/ivan/work/Ros_Rep/ros2_ws/install/remapping_pkg/lib/python3.10/site-packages/remapping_pkg
byte-compiling /home/ivan/work/Ros_Rep/ros2_ws/install/remapping_pkg/lib/python3.10/site-packages/remapping_pkg/__init__.py to __init__.cpython-310.pyc
byte-compiling /home/ivan/work/Ros_Rep/ros2_ws/install/remapping_pkg/lib/python3.10/site-packages/remapping_pkg/simple_remapper.py to simple_remapper.cpython-310.pyc
running install_data
creating /home/ivan/work/Ros_Rep/ros2_ws/install/remapping_pkg/share/ament_index/resource_index/packages
copying resource/remapping_pkg -> /home/ivan/work/Ros_Rep/ros2_ws/install/remapping_pkg/share/ament_index/resource_index/packages
copying package.xml -> /home/ivan/work/Ros_Rep/ros2_ws/install/remapping_pkg/share/remapping_pkg
creating /home/ivan/work/Ros_Rep/ros2_ws/install/remapping_pkg/share/remapping_pkg/launch
copying launch/remapping_pkg_launch_file.launch.py -> /home/ivan/work/Ros_Rep/ros2_ws/install/remapping_pkg/share/remapping_pkg/launch
copying launch/no_remapping_pkg_launch_file.launch.py -> /home/ivan/work/Ros_Rep/ros2_ws/install/remapping_pkg/share/remapping_pkg/launch
running install_egg_info
Copying ../../build/remapping_pkg/remapping_pkg.egg-info to /home/ivan/work/Ros_Rep/ros2_ws/install/remapping_pkg/lib/python3.10/site-packages/remapping_pkg-0.0.0-py3.10.egg-info
running install_scripts
Installing simple_remapper_exe script to /home/ivan/work/Ros_Rep/ros2_ws/install/remapping_pkg/lib/remapping_pkg
writing list of installed files to '/home/ivan/work/Ros_Rep/ros2_ws/build/remapping_pkg/install.log'
