[0.462s] Invoking command in '/home/ivan/work/Ros_Rep/ros2_ws/src/remapping_pkg': PYTHONPATH=/home/ivan/work/Ros_Rep/ros2_ws/build/remapping_pkg/prefix_override:/usr/lib/python3/dist-packages/colcon_core/task/python/colcon_distutils_commands:/home/ivan/work/Ros_Rep/ros2_ws/install/remapping_pkg/lib/python3.10/site-packages:${PYTHONPATH} /usr/bin/python3 -W ignore:setup.py install is deprecated setup.py egg_info --egg-base ../../build/remapping_pkg build --build-base /home/ivan/work/Ros_Rep/ros2_ws/build/remapping_pkg/build install --record /home/ivan/work/Ros_Rep/ros2_ws/build/remapping_pkg/install.log --single-version-externally-managed install_data
[0.630s] running egg_info
[0.638s] creating ../../build/remapping_pkg/remapping_pkg.egg-info
[0.638s] writing ../../build/remapping_pkg/remapping_pkg.egg-info/PKG-INFO
[0.639s] writing dependency_links to ../../build/remapping_pkg/remapping_pkg.egg-info/dependency_links.txt
[0.639s] writing entry points to ../../build/remapping_pkg/remapping_pkg.egg-info/entry_points.txt
[0.639s] writing requirements to ../../build/remapping_pkg/remapping_pkg.egg-info/requires.txt
[0.639s] writing top-level names to ../../build/remapping_pkg/remapping_pkg.egg-info/top_level.txt
[0.639s] writing manifest file '../../build/remapping_pkg/remapping_pkg.egg-info/SOURCES.txt'
[0.656s] reading manifest file '../../build/remapping_pkg/remapping_pkg.egg-info/SOURCES.txt'
[0.657s] writing manifest file '../../build/remapping_pkg/remapping_pkg.egg-info/SOURCES.txt'
[0.657s] running build
[0.657s] running build_py
[0.657s] creating /home/ivan/work/Ros_Rep/ros2_ws/build/remapping_pkg/build/lib/remapping_pkg
[0.657s] copying remapping_pkg/__init__.py -> /home/ivan/work/Ros_Rep/ros2_ws/build/remapping_pkg/build/lib/remapping_pkg
[0.657s] copying remapping_pkg/simple_remapper.py -> /home/ivan/work/Ros_Rep/ros2_ws/build/remapping_pkg/build/lib/remapping_pkg
[0.658s] running install
[0.661s] running install_lib
[0.669s] creating /home/ivan/work/Ros_Rep/ros2_ws/install/remapping_pkg/lib/python3.10/site-packages/remapping_pkg
[0.669s] copying /home/ivan/work/Ros_Rep/ros2_ws/build/remapping_pkg/build/lib/remapping_pkg/__init__.py -> /home/ivan/work/Ros_Rep/ros2_ws/install/remapping_pkg/lib/python3.10/site-packages/remapping_pkg
[0.669s] copying /home/ivan/work/Ros_Rep/ros2_ws/build/remapping_pkg/build/lib/remapping_pkg/simple_remapper.py -> /home/ivan/work/Ros_Rep/ros2_ws/install/remapping_pkg/lib/python3.10/site-packages/remapping_pkg
[0.670s] byte-compiling /home/ivan/work/Ros_Rep/ros2_ws/install/remapping_pkg/lib/python3.10/site-packages/remapping_pkg/__init__.py to __init__.cpython-310.pyc
[0.670s] byte-compiling /home/ivan/work/Ros_Rep/ros2_ws/install/remapping_pkg/lib/python3.10/site-packages/remapping_pkg/simple_remapper.py to simple_remapper.cpython-310.pyc
[0.670s] running install_data
[0.670s] creating /home/ivan/work/Ros_Rep/ros2_ws/install/remapping_pkg/share/ament_index/resource_index/packages
[0.670s] copying resource/remapping_pkg -> /home/ivan/work/Ros_Rep/ros2_ws/install/remapping_pkg/share/ament_index/resource_index/packages
[0.671s] copying package.xml -> /home/ivan/work/Ros_Rep/ros2_ws/install/remapping_pkg/share/remapping_pkg
[0.671s] creating /home/ivan/work/Ros_Rep/ros2_ws/install/remapping_pkg/share/remapping_pkg/launch
[0.671s] copying launch/remapping_pkg_launch_file.launch.py -> /home/ivan/work/Ros_Rep/ros2_ws/install/remapping_pkg/share/remapping_pkg/launch
[0.671s] copying launch/no_remapping_pkg_launch_file.launch.py -> /home/ivan/work/Ros_Rep/ros2_ws/install/remapping_pkg/share/remapping_pkg/launch
[0.671s] running install_egg_info
[0.680s] Copying ../../build/remapping_pkg/remapping_pkg.egg-info to /home/ivan/work/Ros_Rep/ros2_ws/install/remapping_pkg/lib/python3.10/site-packages/remapping_pkg-0.0.0-py3.10.egg-info
[0.681s] running install_scripts
[0.762s] Installing simple_remapper_exe script to /home/ivan/work/Ros_Rep/ros2_ws/install/remapping_pkg/lib/remapping_pkg
[0.762s] writing list of installed files to '/home/ivan/work/Ros_Rep/ros2_ws/build/remapping_pkg/install.log'
[0.780s] Invoked command in '/home/ivan/work/Ros_Rep/ros2_ws/src/remapping_pkg' returned '0': PYTHONPATH=/home/ivan/work/Ros_Rep/ros2_ws/build/remapping_pkg/prefix_override:/usr/lib/python3/dist-packages/colcon_core/task/python/colcon_distutils_commands:/home/ivan/work/Ros_Rep/ros2_ws/install/remapping_pkg/lib/python3.10/site-packages:${PYTHONPATH} /usr/bin/python3 -W ignore:setup.py install is deprecated setup.py egg_info --egg-base ../../build/remapping_pkg build --build-base /home/ivan/work/Ros_Rep/ros2_ws/build/remapping_pkg/build install --record /home/ivan/work/Ros_Rep/ros2_ws/build/remapping_pkg/install.log --single-version-externally-managed install_data
