[0.007s] Invoking command in '/home/ivan/work/Ros_Rep/ros2_ws/build/action_msg': CMAKE_PREFIX_PATH=/opt/ros/humble /usr/bin/cmake /home/ivan/work/Ros_Rep/ros2_ws/src/action_msg -DCMAKE_INSTALL_PREFIX=/home/ivan/work/Ros_Rep/ros2_ws/install/action_msg
[0.080s] -- The C compiler identification is GNU 11.4.0
[0.143s] -- The CXX compiler identification is GNU 11.4.0
[0.149s] -- Detecting C compiler ABI info
[0.249s] -- Detecting C compiler ABI info - done
[0.256s] -- Check for working C compiler: /usr/bin/cc - skipped
[0.256s] -- Detecting C compile features
[0.256s] -- Detecting C compile features - done
[0.259s] -- Detecting CXX compiler ABI info
[0.377s] -- Detecting CXX compiler ABI info - done
[0.383s] -- Check for working CXX compiler: /usr/bin/c++ - skipped
[0.383s] -- Detecting CXX compile features
[0.384s] -- Detecting CXX compile features - done
[0.386s] -- Found ament_cmake: 1.3.10 (/opt/ros/humble/share/ament_cmake/cmake)
[0.681s] -- Found Python3: /usr/bin/python3 (found version "3.10.12") found components: Interpreter 
[0.751s] -- Found rclcpp: 16.0.10 (/opt/ros/humble/share/rclcpp/cmake)
[0.793s] -- Found rosidl_generator_c: 3.1.5 (/opt/ros/humble/share/rosidl_generator_c/cmake)
[0.796s] -- Found rosidl_adapter: 3.1.5 (/opt/ros/humble/share/rosidl_adapter/cmake)
[0.801s] -- Found rosidl_generator_cpp: 3.1.5 (/opt/ros/humble/share/rosidl_generator_cpp/cmake)
[0.809s] -- Using all available rosidl_typesupport_c: rosidl_typesupport_fastrtps_c;rosidl_typesupport_introspection_c
[0.820s] -- Using all available rosidl_typesupport_cpp: rosidl_typesupport_fastrtps_cpp;rosidl_typesupport_introspection_cpp
[0.848s] -- Found rmw_implementation_cmake: 6.1.2 (/opt/ros/humble/share/rmw_implementation_cmake/cmake)
[0.850s] -- Found rmw_fastrtps_cpp: 6.2.7 (/opt/ros/humble/share/rmw_fastrtps_cpp/cmake)
[0.959s] -- Found OpenSSL: /usr/lib/x86_64-linux-gnu/libcrypto.so (found version "3.0.2")  
[0.989s] -- Found FastRTPS: /opt/ros/humble/include  
[1.031s] -- Using RMW implementation 'rmw_fastrtps_cpp' as default
[1.038s] -- Looking for pthread.h
[1.129s] -- Looking for pthread.h - found
[1.129s] -- Performing Test CMAKE_HAVE_LIBC_PTHREAD
[1.218s] -- Performing Test CMAKE_HAVE_LIBC_PTHREAD - Success
[1.219s] -- Found Threads: TRUE  
[1.255s] -- Found action_msgs: 1.2.1 (/opt/ros/humble/share/action_msgs/cmake)
[1.272s] -- Found rosidl_default_generators: 1.2.0 (/opt/ros/humble/share/rosidl_default_generators/cmake)
[1.434s] [31mCMake Error at /opt/ros/humble/share/rosidl_cmake/cmake/rosidl_generate_interfaces.cmake:229 (message):
[1.434s]   Packages installing interfaces must include
[1.434s]   '<member_of_group>rosidl_interface_packages</member_of_group>' in their
[1.434s]   package.xml
[1.434s] Call Stack (most recent call first):
[1.434s]   CMakeLists.txt:14 (rosidl_generate_interfaces)
[1.435s] 
[1.435s] [0m
[1.435s] -- Configuring incomplete, errors occurred!
[1.435s] See also "/home/ivan/work/Ros_Rep/ros2_ws/build/action_msg/CMakeFiles/CMakeOutput.log".
[1.442s] Invoked command in '/home/ivan/work/Ros_Rep/ros2_ws/build/action_msg' returned '1': CMAKE_PREFIX_PATH=/opt/ros/humble /usr/bin/cmake /home/ivan/work/Ros_Rep/ros2_ws/src/action_msg -DCMAKE_INSTALL_PREFIX=/home/ivan/work/Ros_Rep/ros2_ws/install/action_msg
