[0.460s] Invoking command in '/home/ivan/work/Ros_Rep/ros2_ws/src/publisher_pkg': PYTHONPATH=/home/ivan/work/Ros_Rep/ros2_ws/build/publisher_pkg/prefix_override:/usr/lib/python3/dist-packages/colcon_core/task/python/colcon_distutils_commands:/home/ivan/work/Ros_Rep/ros2_ws/install/publisher_pkg/lib/python3.10/site-packages:${PYTHONPATH} /usr/bin/python3 -W ignore:setup.py install is deprecated setup.py egg_info --egg-base ../../build/publisher_pkg build --build-base /home/ivan/work/Ros_Rep/ros2_ws/build/publisher_pkg/build install --record /home/ivan/work/Ros_Rep/ros2_ws/build/publisher_pkg/install.log --single-version-externally-managed install_data
[0.610s] running egg_info
[0.618s] writing ../../build/publisher_pkg/publisher_pkg.egg-info/PKG-INFO
[0.618s] writing dependency_links to ../../build/publisher_pkg/publisher_pkg.egg-info/dependency_links.txt
[0.619s] writing entry points to ../../build/publisher_pkg/publisher_pkg.egg-info/entry_points.txt
[0.619s] writing requirements to ../../build/publisher_pkg/publisher_pkg.egg-info/requires.txt
[0.619s] writing top-level names to ../../build/publisher_pkg/publisher_pkg.egg-info/top_level.txt
[0.637s] reading manifest file '../../build/publisher_pkg/publisher_pkg.egg-info/SOURCES.txt'
[0.638s] writing manifest file '../../build/publisher_pkg/publisher_pkg.egg-info/SOURCES.txt'
[0.638s] running build
[0.638s] running build_py
[0.638s] copying publisher_pkg/simple_publisher.py -> /home/ivan/work/Ros_Rep/ros2_ws/build/publisher_pkg/build/lib/publisher_pkg
[0.638s] copying publisher_pkg/__init__.py -> /home/ivan/work/Ros_Rep/ros2_ws/build/publisher_pkg/build/lib/publisher_pkg
[0.638s] running install
[0.641s] running install_lib
[0.650s] running install_data
[0.650s] copying resource/publisher_pkg -> /home/ivan/work/Ros_Rep/ros2_ws/install/publisher_pkg/share/ament_index/resource_index/packages
[0.650s] copying package.xml -> /home/ivan/work/Ros_Rep/ros2_ws/install/publisher_pkg/share/publisher_pkg
[0.650s] copying launch/publisher_pkg_launch_file.launch.py -> /home/ivan/work/Ros_Rep/ros2_ws/install/publisher_pkg/share/publisher_pkg/launch
[0.650s] running install_egg_info
[0.660s] removing '/home/ivan/work/Ros_Rep/ros2_ws/install/publisher_pkg/lib/python3.10/site-packages/publisher_pkg-0.0.0-py3.10.egg-info' (and everything under it)
[0.660s] Copying ../../build/publisher_pkg/publisher_pkg.egg-info to /home/ivan/work/Ros_Rep/ros2_ws/install/publisher_pkg/lib/python3.10/site-packages/publisher_pkg-0.0.0-py3.10.egg-info
[0.660s] running install_scripts
[0.737s] Installing simple_publisher script to /home/ivan/work/Ros_Rep/ros2_ws/install/publisher_pkg/lib/publisher_pkg
[0.737s] writing list of installed files to '/home/ivan/work/Ros_Rep/ros2_ws/build/publisher_pkg/install.log'
[0.752s] Invoked command in '/home/ivan/work/Ros_Rep/ros2_ws/src/publisher_pkg' returned '0': PYTHONPATH=/home/ivan/work/Ros_Rep/ros2_ws/build/publisher_pkg/prefix_override:/usr/lib/python3/dist-packages/colcon_core/task/python/colcon_distutils_commands:/home/ivan/work/Ros_Rep/ros2_ws/install/publisher_pkg/lib/python3.10/site-packages:${PYTHONPATH} /usr/bin/python3 -W ignore:setup.py install is deprecated setup.py egg_info --egg-base ../../build/publisher_pkg build --build-base /home/ivan/work/Ros_Rep/ros2_ws/build/publisher_pkg/build install --record /home/ivan/work/Ros_Rep/ros2_ws/build/publisher_pkg/install.log --single-version-externally-managed install_data
