/home/ivan/work/Ros_Rep/ros2_ws/install/exercise31_pkg/lib/python3.10/site-packages/exercise31_pkg/exercise31.py
/home/ivan/work/Ros_Rep/ros2_ws/install/exercise31_pkg/lib/python3.10/site-packages/exercise31_pkg/__init__.py
/home/ivan/work/Ros_Rep/ros2_ws/install/exercise31_pkg/lib/python3.10/site-packages/exercise31_pkg/exercise32.py
/home/ivan/work/Ros_Rep/ros2_ws/install/exercise31_pkg/lib/python3.10/site-packages/exercise31_pkg/exercise33.py
/home/ivan/work/Ros_Rep/ros2_ws/install/exercise31_pkg/lib/python3.10/site-packages/exercise31_pkg/__pycache__/exercise31.cpython-310.pyc
/home/ivan/work/Ros_Rep/ros2_ws/install/exercise31_pkg/lib/python3.10/site-packages/exercise31_pkg/__pycache__/__init__.cpython-310.pyc
/home/ivan/work/Ros_Rep/ros2_ws/install/exercise31_pkg/lib/python3.10/site-packages/exercise31_pkg/__pycache__/exercise32.cpython-310.pyc
/home/ivan/work/Ros_Rep/ros2_ws/install/exercise31_pkg/lib/python3.10/site-packages/exercise31_pkg/__pycache__/exercise33.cpython-310.pyc
/home/ivan/work/Ros_Rep/ros2_ws/install/exercise31_pkg/share/ament_index/resource_index/packages/exercise31_pkg
/home/ivan/work/Ros_Rep/ros2_ws/install/exercise31_pkg/share/exercise31_pkg/package.xml
/home/ivan/work/Ros_Rep/ros2_ws/install/exercise31_pkg/share/exercise31_pkg/launch/exercise33_pkg_launch_file.launch.py
/home/ivan/work/Ros_Rep/ros2_ws/install/exercise31_pkg/share/exercise31_pkg/launch/exercise31_pkg_launch_file.launch.py
/home/ivan/work/Ros_Rep/ros2_ws/install/exercise31_pkg/share/exercise31_pkg/launch/exercise32_pkg_launch_file.launch.py
/home/ivan/work/Ros_Rep/ros2_ws/install/exercise31_pkg/lib/python3.10/site-packages/exercise31_pkg-0.0.0-py3.10.egg-info/zip-safe
/home/ivan/work/Ros_Rep/ros2_ws/install/exercise31_pkg/lib/python3.10/site-packages/exercise31_pkg-0.0.0-py3.10.egg-info/PKG-INFO
/home/ivan/work/Ros_Rep/ros2_ws/install/exercise31_pkg/lib/python3.10/site-packages/exercise31_pkg-0.0.0-py3.10.egg-info/dependency_links.txt
/home/ivan/work/Ros_Rep/ros2_ws/install/exercise31_pkg/lib/python3.10/site-packages/exercise31_pkg-0.0.0-py3.10.egg-info/requires.txt
/home/ivan/work/Ros_Rep/ros2_ws/install/exercise31_pkg/lib/python3.10/site-packages/exercise31_pkg-0.0.0-py3.10.egg-info/top_level.txt
/home/ivan/work/Ros_Rep/ros2_ws/install/exercise31_pkg/lib/python3.10/site-packages/exercise31_pkg-0.0.0-py3.10.egg-info/entry_points.txt
/home/ivan/work/Ros_Rep/ros2_ws/install/exercise31_pkg/lib/python3.10/site-packages/exercise31_pkg-0.0.0-py3.10.egg-info/SOURCES.txt
/home/ivan/work/Ros_Rep/ros2_ws/install/exercise31_pkg/lib/exercise31_pkg/exercise31
/home/ivan/work/Ros_Rep/ros2_ws/install/exercise31_pkg/lib/exercise31_pkg/exercise32
/home/ivan/work/Ros_Rep/ros2_ws/install/exercise31_pkg/lib/exercise31_pkg/exercise33
