running egg_info
writing ../../build/exercise62_pkg/exercise62_pkg.egg-info/PKG-INFO
writing dependency_links to ../../build/exercise62_pkg/exercise62_pkg.egg-info/dependency_links.txt
writing entry points to ../../build/exercise62_pkg/exercise62_pkg.egg-info/entry_points.txt
writing requirements to ../../build/exercise62_pkg/exercise62_pkg.egg-info/requires.txt
writing top-level names to ../../build/exercise62_pkg/exercise62_pkg.egg-info/top_level.txt
reading manifest file '../../build/exercise62_pkg/exercise62_pkg.egg-info/SOURCES.txt'
writing manifest file '../../build/exercise62_pkg/exercise62_pkg.egg-info/SOURCES.txt'
running build
running build_py
copying exercise62_pkg/server_exercise62.py -> /home/ivan/work/Ros_Rep/ros2_ws/build/exercise62_pkg/build/lib/exercise62_pkg
copying exercise62_pkg/__init__.py -> /home/ivan/work/Ros_Rep/ros2_ws/build/exercise62_pkg/build/lib/exercise62_pkg
running install
running install_lib
running install_data
copying resource/exercise62_pkg -> /home/ivan/work/Ros_Rep/ros2_ws/install/exercise62_pkg/share/ament_index/resource_index/packages
copying package.xml -> /home/ivan/work/Ros_Rep/ros2_ws/install/exercise62_pkg/share/exercise62_pkg
copying launch/server_exercise62.launch.py -> /home/ivan/work/Ros_Rep/ros2_ws/install/exercise62_pkg/share/exercise62_pkg/launch
running install_egg_info
removing '/home/ivan/work/Ros_Rep/ros2_ws/install/exercise62_pkg/lib/python3.10/site-packages/exercise62_pkg-0.0.0-py3.10.egg-info' (and everything under it)
Copying ../../build/exercise62_pkg/exercise62_pkg.egg-info to /home/ivan/work/Ros_Rep/ros2_ws/install/exercise62_pkg/lib/python3.10/site-packages/exercise62_pkg-0.0.0-py3.10.egg-info
running install_scripts
Installing server_exercise62 script to /home/ivan/work/Ros_Rep/ros2_ws/install/exercise62_pkg/lib/exercise62_pkg
writing list of installed files to '/home/ivan/work/Ros_Rep/ros2_ws/build/exercise62_pkg/install.log'
