[0.468s] Invoking command in '/home/ivan/work/Ros_Rep/ros2_ws/src/exercise62_pkg': PYTHONPATH=/home/ivan/work/Ros_Rep/ros2_ws/build/exercise62_pkg/prefix_override:/usr/lib/python3/dist-packages/colcon_core/task/python/colcon_distutils_commands:/home/ivan/work/Ros_Rep/ros2_ws/install/exercise62_pkg/lib/python3.10/site-packages:${PYTHONPATH} /usr/bin/python3 -W ignore:setup.py install is deprecated setup.py egg_info --egg-base ../../build/exercise62_pkg build --build-base /home/ivan/work/Ros_Rep/ros2_ws/build/exercise62_pkg/build install --record /home/ivan/work/Ros_Rep/ros2_ws/build/exercise62_pkg/install.log --single-version-externally-managed install_data
[0.628s] running egg_info
[0.636s] writing ../../build/exercise62_pkg/exercise62_pkg.egg-info/PKG-INFO
[0.637s] writing dependency_links to ../../build/exercise62_pkg/exercise62_pkg.egg-info/dependency_links.txt
[0.637s] writing entry points to ../../build/exercise62_pkg/exercise62_pkg.egg-info/entry_points.txt
[0.637s] writing requirements to ../../build/exercise62_pkg/exercise62_pkg.egg-info/requires.txt
[0.637s] writing top-level names to ../../build/exercise62_pkg/exercise62_pkg.egg-info/top_level.txt
[0.655s] reading manifest file '../../build/exercise62_pkg/exercise62_pkg.egg-info/SOURCES.txt'
[0.656s] writing manifest file '../../build/exercise62_pkg/exercise62_pkg.egg-info/SOURCES.txt'
[0.656s] running build
[0.656s] running build_py
[0.656s] copying exercise62_pkg/server_exercise62.py -> /home/ivan/work/Ros_Rep/ros2_ws/build/exercise62_pkg/build/lib/exercise62_pkg
[0.656s] copying exercise62_pkg/__init__.py -> /home/ivan/work/Ros_Rep/ros2_ws/build/exercise62_pkg/build/lib/exercise62_pkg
[0.656s] running install
[0.659s] running install_lib
[0.669s] running install_data
[0.669s] copying resource/exercise62_pkg -> /home/ivan/work/Ros_Rep/ros2_ws/install/exercise62_pkg/share/ament_index/resource_index/packages
[0.669s] copying package.xml -> /home/ivan/work/Ros_Rep/ros2_ws/install/exercise62_pkg/share/exercise62_pkg
[0.669s] running install_egg_info
[0.678s] removing '/home/ivan/work/Ros_Rep/ros2_ws/install/exercise62_pkg/lib/python3.10/site-packages/exercise62_pkg-0.0.0-py3.10.egg-info' (and everything under it)
[0.678s] Copying ../../build/exercise62_pkg/exercise62_pkg.egg-info to /home/ivan/work/Ros_Rep/ros2_ws/install/exercise62_pkg/lib/python3.10/site-packages/exercise62_pkg-0.0.0-py3.10.egg-info
[0.679s] running install_scripts
[0.759s] Installing server_exercise62 script to /home/ivan/work/Ros_Rep/ros2_ws/install/exercise62_pkg/lib/exercise62_pkg
[0.759s] writing list of installed files to '/home/ivan/work/Ros_Rep/ros2_ws/build/exercise62_pkg/install.log'
[0.776s] Invoked command in '/home/ivan/work/Ros_Rep/ros2_ws/src/exercise62_pkg' returned '0': PYTHONPATH=/home/ivan/work/Ros_Rep/ros2_ws/build/exercise62_pkg/prefix_override:/usr/lib/python3/dist-packages/colcon_core/task/python/colcon_distutils_commands:/home/ivan/work/Ros_Rep/ros2_ws/install/exercise62_pkg/lib/python3.10/site-packages:${PYTHONPATH} /usr/bin/python3 -W ignore:setup.py install is deprecated setup.py egg_info --egg-base ../../build/exercise62_pkg build --build-base /home/ivan/work/Ros_Rep/ros2_ws/build/exercise62_pkg/build install --record /home/ivan/work/Ros_Rep/ros2_ws/build/exercise62_pkg/install.log --single-version-externally-managed install_data
