[0.012s] Invoking command in '/home/ivan/work/Ros_Rep/ros2_ws/build/custom_interfaces': CMAKE_PREFIX_PATH=${CMAKE_PREFIX_PATH}:/home/ivan/work/Ros_Rep/ros2_ws/install/my_action_server:/home/ivan/work/Ros_Rep/ros2_ws/install/my_action_client:/home/ivan/work/Ros_Rep/ros2_ws/install/subscriber_pkg:/home/ivan/work/Ros_Rep/ros2_ws/install/remapping_pkg:/home/ivan/work/Ros_Rep/ros2_ws/install/qos_tests_pkg:/home/ivan/work/Ros_Rep/ros2_ws/install/publisher_pkg:/home/ivan/work/Ros_Rep/ros2_ws/install/my_package:/home/ivan/work/Ros_Rep/ros2_ws/install/multithreading_ros2_examples:/home/ivan/work/Ros_Rep/ros2_ws/install/movement_pkg:/home/ivan/work/Ros_Rep/ros2_ws/install/launch_tests_pkg:/home/ivan/work/Ros_Rep/ros2_ws/install/launch_args_example_pkg:/home/ivan/work/Ros_Rep/ros2_ws/install/exercise62_pkg:/home/ivan/work/Ros_Rep/ros2_ws/install/exercise41_pkg:/home/ivan/work/Ros_Rep/ros2_ws/install/exercise31_pkg:/home/ivan/work/Ros_Rep/ros2_ws/install/exercise21_pkg:/home/ivan/work/Ros_Rep/ros2_ws/install/example_3_4_pkg:/home/ivan/work/Ros_Rep/ros2_ws/install/example28_pkg:/home/ivan/work/Ros_Rep/ros2_ws/install/example26_pkg:/home/ivan/work/Ros_Rep/ros2_ws/install/dds_tests_pkg:/home/ivan/work/Ros_Rep/ros2_ws/install/client_pkg:/home/ivan/work/Ros_Rep/ros2_ws/install/build_test_pkg:/opt/ros/humble /usr/bin/cmake --build /home/ivan/work/Ros_Rep/ros2_ws/build/custom_interfaces -- -j16 -l16
[0.038s] -- Found ament_cmake: 1.3.10 (/opt/ros/humble/share/ament_cmake/cmake)
[0.161s] -- Found rclcpp: 16.0.10 (/opt/ros/humble/share/rclcpp/cmake)
[0.183s] -- Found rosidl_generator_c: 3.1.5 (/opt/ros/humble/share/rosidl_generator_c/cmake)
[0.186s] -- Found rosidl_adapter: 3.1.5 (/opt/ros/humble/share/rosidl_adapter/cmake)
[0.190s] -- Found rosidl_generator_cpp: 3.1.5 (/opt/ros/humble/share/rosidl_generator_cpp/cmake)
[0.199s] -- Using all available rosidl_typesupport_c: rosidl_typesupport_fastrtps_c;rosidl_typesupport_introspection_c
[0.208s] -- Using all available rosidl_typesupport_cpp: rosidl_typesupport_fastrtps_cpp;rosidl_typesupport_introspection_cpp
[0.235s] -- Found rmw_implementation_cmake: 6.1.2 (/opt/ros/humble/share/rmw_implementation_cmake/cmake)
[0.236s] -- Found rmw_fastrtps_cpp: 6.2.7 (/opt/ros/humble/share/rmw_fastrtps_cpp/cmake)
[0.327s] -- Using RMW implementation 'rmw_fastrtps_cpp' as default
[0.361s] -- Found rosidl_default_generators: 1.2.0 (/opt/ros/humble/share/rosidl_default_generators/cmake)
[0.367s] -- Found action_msgs: 1.2.1 (/opt/ros/humble/share/action_msgs/cmake)
[0.382s] -- Found ament_lint_auto: 0.12.11 (/opt/ros/humble/share/ament_lint_auto/cmake)
[0.644s] -- Found ament_cmake_ros: 0.10.0 (/opt/ros/humble/share/ament_cmake_ros/cmake)
[0.996s] -- Using all available rosidl_typesupport_c: rosidl_typesupport_fastrtps_c;rosidl_typesupport_introspection_c
[1.121s] -- Using all available rosidl_typesupport_cpp: rosidl_typesupport_fastrtps_cpp;rosidl_typesupport_introspection_cpp
[1.147s] -- Found python_cmake_module: 0.10.0 (/opt/ros/humble/share/python_cmake_module/cmake)
[1.170s] -- Using PYTHON_EXECUTABLE: /usr/bin/python3
[1.170s] -- Using PYTHON_INCLUDE_DIRS: /usr/include/python3.10
[1.170s] -- Using PYTHON_LIBRARIES: /usr/lib/x86_64-linux-gnu/libpython3.10.so
[1.198s] -- Added test 'lint_cmake' to check CMake code style
[1.199s] -- Added test 'xmllint' to check XML markup files
[1.201s] -- Configuring done
[1.225s] -- Generating done
[1.227s] -- Build files have been written to: /home/ivan/work/Ros_Rep/ros2_ws/build/custom_interfaces
[1.257s] [35m[1mConsolidate compiler generated dependencies of target custom_interfaces__rosidl_generator_c[0m
[1.269s] [  2%] Built target custom_interfaces__cpp
[1.274s] [ 12%] Built target custom_interfaces__rosidl_generator_c
[1.289s] [ 12%] Built target ament_cmake_python_copy_custom_interfaces
[1.292s] [35m[1mConsolidate compiler generated dependencies of target custom_interfaces__rosidl_typesupport_cpp[0m
[1.299s] [35m[1mConsolidate compiler generated dependencies of target custom_interfaces__rosidl_typesupport_introspection_c[0m
[1.300s] [35m[1mConsolidate compiler generated dependencies of target custom_interfaces__rosidl_typesupport_introspection_cpp[0m
[1.301s] [35m[1mConsolidate compiler generated dependencies of target custom_interfaces__rosidl_typesupport_fastrtps_cpp[0m
[1.307s] [35m[1mConsolidate compiler generated dependencies of target custom_interfaces__rosidl_typesupport_fastrtps_c[0m
[1.311s] [35m[1mConsolidate compiler generated dependencies of target custom_interfaces__rosidl_typesupport_c[0m
[1.319s] [ 23%] Built target custom_interfaces__rosidl_typesupport_introspection_c
[1.321s] [ 34%] Built target custom_interfaces__rosidl_typesupport_cpp
[1.329s] [ 44%] Built target custom_interfaces__rosidl_typesupport_introspection_cpp
[1.331s] [ 55%] Built target custom_interfaces__rosidl_typesupport_fastrtps_cpp
[1.332s] [ 65%] Built target custom_interfaces__rosidl_typesupport_c
[1.335s] [ 76%] Built target custom_interfaces__rosidl_typesupport_fastrtps_c
[1.354s] [ 76%] Built target custom_interfaces
[1.376s] [ 78%] Built target custom_interfaces__py
[1.387s] [35m[1mConsolidate compiler generated dependencies of target custom_interfaces__rosidl_generator_py[0m
[1.402s] [ 87%] Built target custom_interfaces__rosidl_generator_py
[1.414s] [35m[1mConsolidate compiler generated dependencies of target custom_interfaces__rosidl_typesupport_introspection_c__pyext[0m
[1.414s] [35m[1mConsolidate compiler generated dependencies of target custom_interfaces__rosidl_typesupport_c__pyext[0m
[1.415s] [35m[1mConsolidate compiler generated dependencies of target custom_interfaces__rosidl_typesupport_fastrtps_c__pyext[0m
[1.428s] [ 91%] Built target custom_interfaces__rosidl_typesupport_c__pyext
[1.430s] [ 95%] Built target custom_interfaces__rosidl_typesupport_fastrtps_c__pyext
[1.430s] [100%] Built target custom_interfaces__rosidl_typesupport_introspection_c__pyext
[1.507s] running egg_info
[1.518s] writing custom_interfaces.egg-info/PKG-INFO
[1.518s] writing dependency_links to custom_interfaces.egg-info/dependency_links.txt
[1.518s] writing top-level names to custom_interfaces.egg-info/top_level.txt
[1.549s] reading manifest file 'custom_interfaces.egg-info/SOURCES.txt'
[1.549s] writing manifest file 'custom_interfaces.egg-info/SOURCES.txt'
[1.575s] [100%] Built target ament_cmake_python_build_custom_interfaces_egg
[1.588s] Invoked command in '/home/ivan/work/Ros_Rep/ros2_ws/build/custom_interfaces' returned '0': CMAKE_PREFIX_PATH=${CMAKE_PREFIX_PATH}:/home/ivan/work/Ros_Rep/ros2_ws/install/my_action_server:/home/ivan/work/Ros_Rep/ros2_ws/install/my_action_client:/home/ivan/work/Ros_Rep/ros2_ws/install/subscriber_pkg:/home/ivan/work/Ros_Rep/ros2_ws/install/remapping_pkg:/home/ivan/work/Ros_Rep/ros2_ws/install/qos_tests_pkg:/home/ivan/work/Ros_Rep/ros2_ws/install/publisher_pkg:/home/ivan/work/Ros_Rep/ros2_ws/install/my_package:/home/ivan/work/Ros_Rep/ros2_ws/install/multithreading_ros2_examples:/home/ivan/work/Ros_Rep/ros2_ws/install/movement_pkg:/home/ivan/work/Ros_Rep/ros2_ws/install/launch_tests_pkg:/home/ivan/work/Ros_Rep/ros2_ws/install/launch_args_example_pkg:/home/ivan/work/Ros_Rep/ros2_ws/install/exercise62_pkg:/home/ivan/work/Ros_Rep/ros2_ws/install/exercise41_pkg:/home/ivan/work/Ros_Rep/ros2_ws/install/exercise31_pkg:/home/ivan/work/Ros_Rep/ros2_ws/install/exercise21_pkg:/home/ivan/work/Ros_Rep/ros2_ws/install/example_3_4_pkg:/home/ivan/work/Ros_Rep/ros2_ws/install/example28_pkg:/home/ivan/work/Ros_Rep/ros2_ws/install/example26_pkg:/home/ivan/work/Ros_Rep/ros2_ws/install/dds_tests_pkg:/home/ivan/work/Ros_Rep/ros2_ws/install/client_pkg:/home/ivan/work/Ros_Rep/ros2_ws/install/build_test_pkg:/opt/ros/humble /usr/bin/cmake --build /home/ivan/work/Ros_Rep/ros2_ws/build/custom_interfaces -- -j16 -l16
[1.767s] Invoking command in '/home/ivan/work/Ros_Rep/ros2_ws/build/custom_interfaces': CMAKE_PREFIX_PATH=${CMAKE_PREFIX_PATH}:/home/ivan/work/Ros_Rep/ros2_ws/install/my_action_server:/home/ivan/work/Ros_Rep/ros2_ws/install/my_action_client:/home/ivan/work/Ros_Rep/ros2_ws/install/subscriber_pkg:/home/ivan/work/Ros_Rep/ros2_ws/install/remapping_pkg:/home/ivan/work/Ros_Rep/ros2_ws/install/qos_tests_pkg:/home/ivan/work/Ros_Rep/ros2_ws/install/publisher_pkg:/home/ivan/work/Ros_Rep/ros2_ws/install/my_package:/home/ivan/work/Ros_Rep/ros2_ws/install/multithreading_ros2_examples:/home/ivan/work/Ros_Rep/ros2_ws/install/movement_pkg:/home/ivan/work/Ros_Rep/ros2_ws/install/launch_tests_pkg:/home/ivan/work/Ros_Rep/ros2_ws/install/launch_args_example_pkg:/home/ivan/work/Ros_Rep/ros2_ws/install/exercise62_pkg:/home/ivan/work/Ros_Rep/ros2_ws/install/exercise41_pkg:/home/ivan/work/Ros_Rep/ros2_ws/install/exercise31_pkg:/home/ivan/work/Ros_Rep/ros2_ws/install/exercise21_pkg:/home/ivan/work/Ros_Rep/ros2_ws/install/example_3_4_pkg:/home/ivan/work/Ros_Rep/ros2_ws/install/example28_pkg:/home/ivan/work/Ros_Rep/ros2_ws/install/example26_pkg:/home/ivan/work/Ros_Rep/ros2_ws/install/dds_tests_pkg:/home/ivan/work/Ros_Rep/ros2_ws/install/client_pkg:/home/ivan/work/Ros_Rep/ros2_ws/install/build_test_pkg:/opt/ros/humble /usr/bin/cmake --install /home/ivan/work/Ros_Rep/ros2_ws/build/custom_interfaces
[1.780s] -- Install configuration: ""
[1.780s] -- Up-to-date: /home/ivan/work/Ros_Rep/ros2_ws/install/custom_interfaces/share/ament_index/resource_index/rosidl_interfaces/custom_interfaces
[1.780s] -- Up-to-date: /home/ivan/work/Ros_Rep/ros2_ws/install/custom_interfaces/include/custom_interfaces/custom_interfaces
[1.780s] -- Up-to-date: /home/ivan/work/Ros_Rep/ros2_ws/install/custom_interfaces/include/custom_interfaces/custom_interfaces/srv
[1.780s] -- Up-to-date: /home/ivan/work/Ros_Rep/ros2_ws/install/custom_interfaces/include/custom_interfaces/custom_interfaces/srv/detail
[1.780s] -- Up-to-date: /home/ivan/work/Ros_Rep/ros2_ws/install/custom_interfaces/include/custom_interfaces/custom_interfaces/srv/detail/my_custom_service_message__functions.c
[1.780s] -- Up-to-date: /home/ivan/work/Ros_Rep/ros2_ws/install/custom_interfaces/include/custom_interfaces/custom_interfaces/srv/detail/my_custom_service_message__functions.h
[1.780s] -- Up-to-date: /home/ivan/work/Ros_Rep/ros2_ws/install/custom_interfaces/include/custom_interfaces/custom_interfaces/srv/detail/my_custom_service_message__struct.h
[1.780s] -- Up-to-date: /home/ivan/work/Ros_Rep/ros2_ws/install/custom_interfaces/include/custom_interfaces/custom_interfaces/srv/detail/my_custom_service_message__type_support.h
[1.781s] -- Up-to-date: /home/ivan/work/Ros_Rep/ros2_ws/install/custom_interfaces/include/custom_interfaces/custom_interfaces/srv/my_custom_service_message.h
[1.781s] -- Up-to-date: /home/ivan/work/Ros_Rep/ros2_ws/install/custom_interfaces/include/custom_interfaces/custom_interfaces/msg
[1.781s] -- Up-to-date: /home/ivan/work/Ros_Rep/ros2_ws/install/custom_interfaces/include/custom_interfaces/custom_interfaces/msg/age.h
[1.781s] -- Up-to-date: /home/ivan/work/Ros_Rep/ros2_ws/install/custom_interfaces/include/custom_interfaces/custom_interfaces/msg/detail
[1.781s] -- Up-to-date: /home/ivan/work/Ros_Rep/ros2_ws/install/custom_interfaces/include/custom_interfaces/custom_interfaces/msg/detail/age__type_support.h
[1.781s] -- Up-to-date: /home/ivan/work/Ros_Rep/ros2_ws/install/custom_interfaces/include/custom_interfaces/custom_interfaces/msg/detail/age__functions.c
[1.781s] -- Up-to-date: /home/ivan/work/Ros_Rep/ros2_ws/install/custom_interfaces/include/custom_interfaces/custom_interfaces/msg/detail/age__struct.h
[1.781s] -- Up-to-date: /home/ivan/work/Ros_Rep/ros2_ws/install/custom_interfaces/include/custom_interfaces/custom_interfaces/msg/detail/age__functions.h
[1.781s] -- Up-to-date: /home/ivan/work/Ros_Rep/ros2_ws/install/custom_interfaces/include/custom_interfaces/custom_interfaces/msg/rosidl_generator_c__visibility_control.h
[1.781s] -- Up-to-date: /home/ivan/work/Ros_Rep/ros2_ws/install/custom_interfaces/include/custom_interfaces/custom_interfaces/action
[1.781s] -- Up-to-date: /home/ivan/work/Ros_Rep/ros2_ws/install/custom_interfaces/include/custom_interfaces/custom_interfaces/action/detail
[1.782s] -- Up-to-date: /home/ivan/work/Ros_Rep/ros2_ws/install/custom_interfaces/include/custom_interfaces/custom_interfaces/action/detail/move__functions.h
[1.782s] -- Up-to-date: /home/ivan/work/Ros_Rep/ros2_ws/install/custom_interfaces/include/custom_interfaces/custom_interfaces/action/detail/move__type_support.h
[1.782s] -- Up-to-date: /home/ivan/work/Ros_Rep/ros2_ws/install/custom_interfaces/include/custom_interfaces/custom_interfaces/action/detail/move__functions.c
[1.782s] -- Up-to-date: /home/ivan/work/Ros_Rep/ros2_ws/install/custom_interfaces/include/custom_interfaces/custom_interfaces/action/detail/move__struct.h
[1.782s] -- Up-to-date: /home/ivan/work/Ros_Rep/ros2_ws/install/custom_interfaces/include/custom_interfaces/custom_interfaces/action/move.h
[1.782s] -- Up-to-date: /home/ivan/work/Ros_Rep/ros2_ws/install/custom_interfaces/share/custom_interfaces/environment/library_path.sh
[1.782s] -- Installing: /home/ivan/work/Ros_Rep/ros2_ws/install/custom_interfaces/share/custom_interfaces/environment/library_path.dsv
[1.782s] -- Up-to-date: /home/ivan/work/Ros_Rep/ros2_ws/install/custom_interfaces/lib/libcustom_interfaces__rosidl_generator_c.so
[1.782s] -- Up-to-date: /home/ivan/work/Ros_Rep/ros2_ws/install/custom_interfaces/include/custom_interfaces/custom_interfaces
[1.782s] -- Up-to-date: /home/ivan/work/Ros_Rep/ros2_ws/install/custom_interfaces/include/custom_interfaces/custom_interfaces/srv
[1.783s] -- Up-to-date: /home/ivan/work/Ros_Rep/ros2_ws/install/custom_interfaces/include/custom_interfaces/custom_interfaces/srv/detail
[1.783s] -- Up-to-date: /home/ivan/work/Ros_Rep/ros2_ws/install/custom_interfaces/include/custom_interfaces/custom_interfaces/srv/detail/my_custom_service_message__rosidl_typesupport_fastrtps_c.h
[1.783s] -- Up-to-date: /home/ivan/work/Ros_Rep/ros2_ws/install/custom_interfaces/include/custom_interfaces/custom_interfaces/msg
[1.783s] -- Up-to-date: /home/ivan/work/Ros_Rep/ros2_ws/install/custom_interfaces/include/custom_interfaces/custom_interfaces/msg/rosidl_typesupport_fastrtps_c__visibility_control.h
[1.783s] -- Up-to-date: /home/ivan/work/Ros_Rep/ros2_ws/install/custom_interfaces/include/custom_interfaces/custom_interfaces/msg/detail
[1.783s] -- Up-to-date: /home/ivan/work/Ros_Rep/ros2_ws/install/custom_interfaces/include/custom_interfaces/custom_interfaces/msg/detail/age__rosidl_typesupport_fastrtps_c.h
[1.783s] -- Up-to-date: /home/ivan/work/Ros_Rep/ros2_ws/install/custom_interfaces/include/custom_interfaces/custom_interfaces/action
[1.783s] -- Up-to-date: /home/ivan/work/Ros_Rep/ros2_ws/install/custom_interfaces/include/custom_interfaces/custom_interfaces/action/detail
[1.783s] -- Up-to-date: /home/ivan/work/Ros_Rep/ros2_ws/install/custom_interfaces/include/custom_interfaces/custom_interfaces/action/detail/move__rosidl_typesupport_fastrtps_c.h
[1.784s] -- Up-to-date: /home/ivan/work/Ros_Rep/ros2_ws/install/custom_interfaces/lib/libcustom_interfaces__rosidl_typesupport_fastrtps_c.so
[1.784s] -- Up-to-date: /home/ivan/work/Ros_Rep/ros2_ws/install/custom_interfaces/include/custom_interfaces/custom_interfaces
[1.784s] -- Up-to-date: /home/ivan/work/Ros_Rep/ros2_ws/install/custom_interfaces/include/custom_interfaces/custom_interfaces/srv
[1.784s] -- Up-to-date: /home/ivan/work/Ros_Rep/ros2_ws/install/custom_interfaces/include/custom_interfaces/custom_interfaces/srv/detail
[1.784s] -- Up-to-date: /home/ivan/work/Ros_Rep/ros2_ws/install/custom_interfaces/include/custom_interfaces/custom_interfaces/srv/detail/my_custom_service_message__struct.hpp
[1.784s] -- Up-to-date: /home/ivan/work/Ros_Rep/ros2_ws/install/custom_interfaces/include/custom_interfaces/custom_interfaces/srv/detail/my_custom_service_message__builder.hpp
[1.784s] -- Up-to-date: /home/ivan/work/Ros_Rep/ros2_ws/install/custom_interfaces/include/custom_interfaces/custom_interfaces/srv/detail/my_custom_service_message__traits.hpp
[1.784s] -- Up-to-date: /home/ivan/work/Ros_Rep/ros2_ws/install/custom_interfaces/include/custom_interfaces/custom_interfaces/srv/my_custom_service_message.hpp
[1.785s] -- Up-to-date: /home/ivan/work/Ros_Rep/ros2_ws/install/custom_interfaces/include/custom_interfaces/custom_interfaces/msg
[1.785s] -- Up-to-date: /home/ivan/work/Ros_Rep/ros2_ws/install/custom_interfaces/include/custom_interfaces/custom_interfaces/msg/detail
[1.785s] -- Up-to-date: /home/ivan/work/Ros_Rep/ros2_ws/install/custom_interfaces/include/custom_interfaces/custom_interfaces/msg/detail/age__builder.hpp
[1.785s] -- Up-to-date: /home/ivan/work/Ros_Rep/ros2_ws/install/custom_interfaces/include/custom_interfaces/custom_interfaces/msg/detail/age__traits.hpp
[1.785s] -- Up-to-date: /home/ivan/work/Ros_Rep/ros2_ws/install/custom_interfaces/include/custom_interfaces/custom_interfaces/msg/detail/age__struct.hpp
[1.785s] -- Up-to-date: /home/ivan/work/Ros_Rep/ros2_ws/install/custom_interfaces/include/custom_interfaces/custom_interfaces/msg/age.hpp
[1.785s] -- Up-to-date: /home/ivan/work/Ros_Rep/ros2_ws/install/custom_interfaces/include/custom_interfaces/custom_interfaces/action
[1.785s] -- Up-to-date: /home/ivan/work/Ros_Rep/ros2_ws/install/custom_interfaces/include/custom_interfaces/custom_interfaces/action/detail
[1.785s] -- Up-to-date: /home/ivan/work/Ros_Rep/ros2_ws/install/custom_interfaces/include/custom_interfaces/custom_interfaces/action/detail/move__builder.hpp
[1.786s] -- Up-to-date: /home/ivan/work/Ros_Rep/ros2_ws/install/custom_interfaces/include/custom_interfaces/custom_interfaces/action/detail/move__struct.hpp
[1.786s] -- Up-to-date: /home/ivan/work/Ros_Rep/ros2_ws/install/custom_interfaces/include/custom_interfaces/custom_interfaces/action/detail/move__traits.hpp
[1.786s] -- Up-to-date: /home/ivan/work/Ros_Rep/ros2_ws/install/custom_interfaces/include/custom_interfaces/custom_interfaces/action/move.hpp
[1.786s] -- Up-to-date: /home/ivan/work/Ros_Rep/ros2_ws/install/custom_interfaces/include/custom_interfaces/custom_interfaces
[1.786s] -- Up-to-date: /home/ivan/work/Ros_Rep/ros2_ws/install/custom_interfaces/include/custom_interfaces/custom_interfaces/srv
[1.786s] -- Up-to-date: /home/ivan/work/Ros_Rep/ros2_ws/install/custom_interfaces/include/custom_interfaces/custom_interfaces/srv/detail
[1.786s] -- Up-to-date: /home/ivan/work/Ros_Rep/ros2_ws/install/custom_interfaces/include/custom_interfaces/custom_interfaces/srv/detail/my_custom_service_message__rosidl_typesupport_fastrtps_cpp.hpp
[1.786s] -- Up-to-date: /home/ivan/work/Ros_Rep/ros2_ws/install/custom_interfaces/include/custom_interfaces/custom_interfaces/srv/detail/dds_fastrtps
[1.786s] -- Up-to-date: /home/ivan/work/Ros_Rep/ros2_ws/install/custom_interfaces/include/custom_interfaces/custom_interfaces/msg
[1.786s] -- Up-to-date: /home/ivan/work/Ros_Rep/ros2_ws/install/custom_interfaces/include/custom_interfaces/custom_interfaces/msg/rosidl_typesupport_fastrtps_cpp__visibility_control.h
[1.786s] -- Up-to-date: /home/ivan/work/Ros_Rep/ros2_ws/install/custom_interfaces/include/custom_interfaces/custom_interfaces/msg/detail
[1.786s] -- Up-to-date: /home/ivan/work/Ros_Rep/ros2_ws/install/custom_interfaces/include/custom_interfaces/custom_interfaces/msg/detail/age__rosidl_typesupport_fastrtps_cpp.hpp
[1.786s] -- Up-to-date: /home/ivan/work/Ros_Rep/ros2_ws/install/custom_interfaces/include/custom_interfaces/custom_interfaces/msg/detail/dds_fastrtps
[1.786s] -- Up-to-date: /home/ivan/work/Ros_Rep/ros2_ws/install/custom_interfaces/include/custom_interfaces/custom_interfaces/action
[1.786s] -- Up-to-date: /home/ivan/work/Ros_Rep/ros2_ws/install/custom_interfaces/include/custom_interfaces/custom_interfaces/action/detail
[1.786s] -- Up-to-date: /home/ivan/work/Ros_Rep/ros2_ws/install/custom_interfaces/include/custom_interfaces/custom_interfaces/action/detail/dds_fastrtps
[1.786s] -- Up-to-date: /home/ivan/work/Ros_Rep/ros2_ws/install/custom_interfaces/include/custom_interfaces/custom_interfaces/action/detail/move__rosidl_typesupport_fastrtps_cpp.hpp
[1.786s] -- Up-to-date: /home/ivan/work/Ros_Rep/ros2_ws/install/custom_interfaces/lib/libcustom_interfaces__rosidl_typesupport_fastrtps_cpp.so
[1.786s] -- Up-to-date: /home/ivan/work/Ros_Rep/ros2_ws/install/custom_interfaces/include/custom_interfaces/custom_interfaces
[1.786s] -- Up-to-date: /home/ivan/work/Ros_Rep/ros2_ws/install/custom_interfaces/include/custom_interfaces/custom_interfaces/srv
[1.786s] -- Up-to-date: /home/ivan/work/Ros_Rep/ros2_ws/install/custom_interfaces/include/custom_interfaces/custom_interfaces/srv/detail
[1.786s] -- Up-to-date: /home/ivan/work/Ros_Rep/ros2_ws/install/custom_interfaces/include/custom_interfaces/custom_interfaces/srv/detail/my_custom_service_message__type_support.c
[1.786s] -- Up-to-date: /home/ivan/work/Ros_Rep/ros2_ws/install/custom_interfaces/include/custom_interfaces/custom_interfaces/srv/detail/my_custom_service_message__rosidl_typesupport_introspection_c.h
[1.786s] -- Up-to-date: /home/ivan/work/Ros_Rep/ros2_ws/install/custom_interfaces/include/custom_interfaces/custom_interfaces/msg
[1.786s] -- Up-to-date: /home/ivan/work/Ros_Rep/ros2_ws/install/custom_interfaces/include/custom_interfaces/custom_interfaces/msg/detail
[1.786s] -- Up-to-date: /home/ivan/work/Ros_Rep/ros2_ws/install/custom_interfaces/include/custom_interfaces/custom_interfaces/msg/detail/age__type_support.c
[1.786s] -- Up-to-date: /home/ivan/work/Ros_Rep/ros2_ws/install/custom_interfaces/include/custom_interfaces/custom_interfaces/msg/detail/age__rosidl_typesupport_introspection_c.h
[1.786s] -- Up-to-date: /home/ivan/work/Ros_Rep/ros2_ws/install/custom_interfaces/include/custom_interfaces/custom_interfaces/msg/rosidl_typesupport_introspection_c__visibility_control.h
[1.786s] -- Up-to-date: /home/ivan/work/Ros_Rep/ros2_ws/install/custom_interfaces/include/custom_interfaces/custom_interfaces/action
[1.786s] -- Up-to-date: /home/ivan/work/Ros_Rep/ros2_ws/install/custom_interfaces/include/custom_interfaces/custom_interfaces/action/detail
[1.787s] -- Up-to-date: /home/ivan/work/Ros_Rep/ros2_ws/install/custom_interfaces/include/custom_interfaces/custom_interfaces/action/detail/move__type_support.c
[1.787s] -- Up-to-date: /home/ivan/work/Ros_Rep/ros2_ws/install/custom_interfaces/include/custom_interfaces/custom_interfaces/action/detail/move__rosidl_typesupport_introspection_c.h
[1.787s] -- Up-to-date: /home/ivan/work/Ros_Rep/ros2_ws/install/custom_interfaces/lib/libcustom_interfaces__rosidl_typesupport_introspection_c.so
[1.787s] -- Up-to-date: /home/ivan/work/Ros_Rep/ros2_ws/install/custom_interfaces/lib/libcustom_interfaces__rosidl_typesupport_c.so
[1.787s] -- Up-to-date: /home/ivan/work/Ros_Rep/ros2_ws/install/custom_interfaces/include/custom_interfaces/custom_interfaces
[1.787s] -- Up-to-date: /home/ivan/work/Ros_Rep/ros2_ws/install/custom_interfaces/include/custom_interfaces/custom_interfaces/srv
[1.787s] -- Up-to-date: /home/ivan/work/Ros_Rep/ros2_ws/install/custom_interfaces/include/custom_interfaces/custom_interfaces/srv/detail
[1.787s] -- Up-to-date: /home/ivan/work/Ros_Rep/ros2_ws/install/custom_interfaces/include/custom_interfaces/custom_interfaces/srv/detail/my_custom_service_message__rosidl_typesupport_introspection_cpp.hpp
[1.787s] -- Up-to-date: /home/ivan/work/Ros_Rep/ros2_ws/install/custom_interfaces/include/custom_interfaces/custom_interfaces/srv/detail/my_custom_service_message__type_support.cpp
[1.787s] -- Up-to-date: /home/ivan/work/Ros_Rep/ros2_ws/install/custom_interfaces/include/custom_interfaces/custom_interfaces/msg
[1.787s] -- Up-to-date: /home/ivan/work/Ros_Rep/ros2_ws/install/custom_interfaces/include/custom_interfaces/custom_interfaces/msg/detail
[1.787s] -- Up-to-date: /home/ivan/work/Ros_Rep/ros2_ws/install/custom_interfaces/include/custom_interfaces/custom_interfaces/msg/detail/age__rosidl_typesupport_introspection_cpp.hpp
[1.787s] -- Up-to-date: /home/ivan/work/Ros_Rep/ros2_ws/install/custom_interfaces/include/custom_interfaces/custom_interfaces/msg/detail/age__type_support.cpp
[1.787s] -- Up-to-date: /home/ivan/work/Ros_Rep/ros2_ws/install/custom_interfaces/include/custom_interfaces/custom_interfaces/action
[1.787s] -- Up-to-date: /home/ivan/work/Ros_Rep/ros2_ws/install/custom_interfaces/include/custom_interfaces/custom_interfaces/action/detail
[1.787s] -- Up-to-date: /home/ivan/work/Ros_Rep/ros2_ws/install/custom_interfaces/include/custom_interfaces/custom_interfaces/action/detail/move__type_support.cpp
[1.787s] -- Up-to-date: /home/ivan/work/Ros_Rep/ros2_ws/install/custom_interfaces/include/custom_interfaces/custom_interfaces/action/detail/move__rosidl_typesupport_introspection_cpp.hpp
[1.787s] -- Up-to-date: /home/ivan/work/Ros_Rep/ros2_ws/install/custom_interfaces/lib/libcustom_interfaces__rosidl_typesupport_introspection_cpp.so
[1.787s] -- Up-to-date: /home/ivan/work/Ros_Rep/ros2_ws/install/custom_interfaces/lib/libcustom_interfaces__rosidl_typesupport_cpp.so
[1.787s] -- Up-to-date: /home/ivan/work/Ros_Rep/ros2_ws/install/custom_interfaces/share/custom_interfaces/environment/pythonpath.sh
[1.787s] -- Installing: /home/ivan/work/Ros_Rep/ros2_ws/install/custom_interfaces/share/custom_interfaces/environment/pythonpath.dsv
[1.787s] -- Up-to-date: /home/ivan/work/Ros_Rep/ros2_ws/install/custom_interfaces/local/lib/python3.10/dist-packages/custom_interfaces-0.0.0-py3.10.egg-info
[1.787s] -- Installing: /home/ivan/work/Ros_Rep/ros2_ws/install/custom_interfaces/local/lib/python3.10/dist-packages/custom_interfaces-0.0.0-py3.10.egg-info/PKG-INFO
[1.787s] -- Installing: /home/ivan/work/Ros_Rep/ros2_ws/install/custom_interfaces/local/lib/python3.10/dist-packages/custom_interfaces-0.0.0-py3.10.egg-info/dependency_links.txt
[1.787s] -- Installing: /home/ivan/work/Ros_Rep/ros2_ws/install/custom_interfaces/local/lib/python3.10/dist-packages/custom_interfaces-0.0.0-py3.10.egg-info/top_level.txt
[1.787s] -- Installing: /home/ivan/work/Ros_Rep/ros2_ws/install/custom_interfaces/local/lib/python3.10/dist-packages/custom_interfaces-0.0.0-py3.10.egg-info/SOURCES.txt
[1.787s] -- Up-to-date: /home/ivan/work/Ros_Rep/ros2_ws/install/custom_interfaces/local/lib/python3.10/dist-packages/custom_interfaces
[1.787s] -- Up-to-date: /home/ivan/work/Ros_Rep/ros2_ws/install/custom_interfaces/local/lib/python3.10/dist-packages/custom_interfaces/srv
[1.787s] -- Up-to-date: /home/ivan/work/Ros_Rep/ros2_ws/install/custom_interfaces/local/lib/python3.10/dist-packages/custom_interfaces/srv/__init__.py
[1.787s] -- Up-to-date: /home/ivan/work/Ros_Rep/ros2_ws/install/custom_interfaces/local/lib/python3.10/dist-packages/custom_interfaces/srv/_my_custom_service_message_s.c
[1.787s] -- Up-to-date: /home/ivan/work/Ros_Rep/ros2_ws/install/custom_interfaces/local/lib/python3.10/dist-packages/custom_interfaces/srv/_my_custom_service_message.py
[1.787s] -- Up-to-date: /home/ivan/work/Ros_Rep/ros2_ws/install/custom_interfaces/local/lib/python3.10/dist-packages/custom_interfaces/custom_interfaces_s__rosidl_typesupport_c.cpython-310-x86_64-linux-gnu.so
[1.788s] -- Up-to-date: /home/ivan/work/Ros_Rep/ros2_ws/install/custom_interfaces/local/lib/python3.10/dist-packages/custom_interfaces/custom_interfaces_s__rosidl_typesupport_introspection_c.cpython-310-x86_64-linux-gnu.so
[1.788s] -- Up-to-date: /home/ivan/work/Ros_Rep/ros2_ws/install/custom_interfaces/local/lib/python3.10/dist-packages/custom_interfaces/_custom_interfaces_s.ep.rosidl_typesupport_c.c
[1.788s] -- Up-to-date: /home/ivan/work/Ros_Rep/ros2_ws/install/custom_interfaces/local/lib/python3.10/dist-packages/custom_interfaces/libcustom_interfaces__rosidl_generator_py.so
[1.788s] -- Up-to-date: /home/ivan/work/Ros_Rep/ros2_ws/install/custom_interfaces/local/lib/python3.10/dist-packages/custom_interfaces/_custom_interfaces_s.ep.rosidl_typesupport_fastrtps_c.c
[1.788s] -- Installing: /home/ivan/work/Ros_Rep/ros2_ws/install/custom_interfaces/local/lib/python3.10/dist-packages/custom_interfaces/__init__.py
[1.788s] -- Up-to-date: /home/ivan/work/Ros_Rep/ros2_ws/install/custom_interfaces/local/lib/python3.10/dist-packages/custom_interfaces/msg
[1.788s] -- Up-to-date: /home/ivan/work/Ros_Rep/ros2_ws/install/custom_interfaces/local/lib/python3.10/dist-packages/custom_interfaces/msg/_age.py
[1.788s] -- Up-to-date: /home/ivan/work/Ros_Rep/ros2_ws/install/custom_interfaces/local/lib/python3.10/dist-packages/custom_interfaces/msg/__init__.py
[1.788s] -- Up-to-date: /home/ivan/work/Ros_Rep/ros2_ws/install/custom_interfaces/local/lib/python3.10/dist-packages/custom_interfaces/msg/_age_s.c
[1.788s] -- Up-to-date: /home/ivan/work/Ros_Rep/ros2_ws/install/custom_interfaces/local/lib/python3.10/dist-packages/custom_interfaces/_custom_interfaces_s.ep.rosidl_typesupport_introspection_c.c
[1.788s] -- Up-to-date: /home/ivan/work/Ros_Rep/ros2_ws/install/custom_interfaces/local/lib/python3.10/dist-packages/custom_interfaces/action
[1.788s] -- Up-to-date: /home/ivan/work/Ros_Rep/ros2_ws/install/custom_interfaces/local/lib/python3.10/dist-packages/custom_interfaces/action/_move_s.c
[1.788s] -- Up-to-date: /home/ivan/work/Ros_Rep/ros2_ws/install/custom_interfaces/local/lib/python3.10/dist-packages/custom_interfaces/action/_move.py
[1.788s] -- Up-to-date: /home/ivan/work/Ros_Rep/ros2_ws/install/custom_interfaces/local/lib/python3.10/dist-packages/custom_interfaces/action/__init__.py
[1.788s] -- Up-to-date: /home/ivan/work/Ros_Rep/ros2_ws/install/custom_interfaces/local/lib/python3.10/dist-packages/custom_interfaces/custom_interfaces_s__rosidl_typesupport_fastrtps_c.cpython-310-x86_64-linux-gnu.so
[1.841s] Listing '/home/ivan/work/Ros_Rep/ros2_ws/install/custom_interfaces/local/lib/python3.10/dist-packages/custom_interfaces'...
[1.842s] Compiling '/home/ivan/work/Ros_Rep/ros2_ws/install/custom_interfaces/local/lib/python3.10/dist-packages/custom_interfaces/__init__.py'...
[1.842s] Listing '/home/ivan/work/Ros_Rep/ros2_ws/install/custom_interfaces/local/lib/python3.10/dist-packages/custom_interfaces/action'...
[1.842s] Listing '/home/ivan/work/Ros_Rep/ros2_ws/install/custom_interfaces/local/lib/python3.10/dist-packages/custom_interfaces/msg'...
[1.842s] Listing '/home/ivan/work/Ros_Rep/ros2_ws/install/custom_interfaces/local/lib/python3.10/dist-packages/custom_interfaces/srv'...
[1.845s] -- Up-to-date: /home/ivan/work/Ros_Rep/ros2_ws/install/custom_interfaces/local/lib/python3.10/dist-packages/custom_interfaces/custom_interfaces_s__rosidl_typesupport_fastrtps_c.cpython-310-x86_64-linux-gnu.so
[1.845s] -- Up-to-date: /home/ivan/work/Ros_Rep/ros2_ws/install/custom_interfaces/local/lib/python3.10/dist-packages/custom_interfaces/custom_interfaces_s__rosidl_typesupport_introspection_c.cpython-310-x86_64-linux-gnu.so
[1.845s] -- Up-to-date: /home/ivan/work/Ros_Rep/ros2_ws/install/custom_interfaces/local/lib/python3.10/dist-packages/custom_interfaces/custom_interfaces_s__rosidl_typesupport_c.cpython-310-x86_64-linux-gnu.so
[1.846s] -- Up-to-date: /home/ivan/work/Ros_Rep/ros2_ws/install/custom_interfaces/lib/libcustom_interfaces__rosidl_generator_py.so
[1.846s] -- Up-to-date: /home/ivan/work/Ros_Rep/ros2_ws/install/custom_interfaces/share/custom_interfaces/msg/Age.idl
[1.846s] -- Up-to-date: /home/ivan/work/Ros_Rep/ros2_ws/install/custom_interfaces/share/custom_interfaces/srv/MyCustomServiceMessage.idl
[1.846s] -- Up-to-date: /home/ivan/work/Ros_Rep/ros2_ws/install/custom_interfaces/share/custom_interfaces/action/Move.idl
[1.846s] -- Up-to-date: /home/ivan/work/Ros_Rep/ros2_ws/install/custom_interfaces/share/custom_interfaces/msg/Age.msg
[1.846s] -- Up-to-date: /home/ivan/work/Ros_Rep/ros2_ws/install/custom_interfaces/share/custom_interfaces/srv/MyCustomServiceMessage.srv
[1.846s] -- Up-to-date: /home/ivan/work/Ros_Rep/ros2_ws/install/custom_interfaces/share/custom_interfaces/srv/MyCustomServiceMessage_Request.msg
[1.846s] -- Up-to-date: /home/ivan/work/Ros_Rep/ros2_ws/install/custom_interfaces/share/custom_interfaces/srv/MyCustomServiceMessage_Response.msg
[1.846s] -- Up-to-date: /home/ivan/work/Ros_Rep/ros2_ws/install/custom_interfaces/share/custom_interfaces/action/Move.action
[1.847s] -- Up-to-date: /home/ivan/work/Ros_Rep/ros2_ws/install/custom_interfaces/share/ament_index/resource_index/package_run_dependencies/custom_interfaces
[1.847s] -- Up-to-date: /home/ivan/work/Ros_Rep/ros2_ws/install/custom_interfaces/share/ament_index/resource_index/parent_prefix_path/custom_interfaces
[1.847s] -- Up-to-date: /home/ivan/work/Ros_Rep/ros2_ws/install/custom_interfaces/share/custom_interfaces/environment/ament_prefix_path.sh
[1.847s] -- Installing: /home/ivan/work/Ros_Rep/ros2_ws/install/custom_interfaces/share/custom_interfaces/environment/ament_prefix_path.dsv
[1.847s] -- Up-to-date: /home/ivan/work/Ros_Rep/ros2_ws/install/custom_interfaces/share/custom_interfaces/environment/path.sh
[1.847s] -- Installing: /home/ivan/work/Ros_Rep/ros2_ws/install/custom_interfaces/share/custom_interfaces/environment/path.dsv
[1.848s] -- Up-to-date: /home/ivan/work/Ros_Rep/ros2_ws/install/custom_interfaces/share/custom_interfaces/local_setup.bash
[1.848s] -- Up-to-date: /home/ivan/work/Ros_Rep/ros2_ws/install/custom_interfaces/share/custom_interfaces/local_setup.sh
[1.848s] -- Up-to-date: /home/ivan/work/Ros_Rep/ros2_ws/install/custom_interfaces/share/custom_interfaces/local_setup.zsh
[1.848s] -- Installing: /home/ivan/work/Ros_Rep/ros2_ws/install/custom_interfaces/share/custom_interfaces/local_setup.dsv
[1.848s] -- Installing: /home/ivan/work/Ros_Rep/ros2_ws/install/custom_interfaces/share/custom_interfaces/package.dsv
[1.848s] -- Up-to-date: /home/ivan/work/Ros_Rep/ros2_ws/install/custom_interfaces/share/ament_index/resource_index/packages/custom_interfaces
[1.848s] -- Up-to-date: /home/ivan/work/Ros_Rep/ros2_ws/install/custom_interfaces/share/custom_interfaces/cmake/export_custom_interfaces__rosidl_generator_cExport.cmake
[1.848s] -- Up-to-date: /home/ivan/work/Ros_Rep/ros2_ws/install/custom_interfaces/share/custom_interfaces/cmake/export_custom_interfaces__rosidl_generator_cExport-noconfig.cmake
[1.849s] -- Up-to-date: /home/ivan/work/Ros_Rep/ros2_ws/install/custom_interfaces/share/custom_interfaces/cmake/export_custom_interfaces__rosidl_typesupport_fastrtps_cExport.cmake
[1.849s] -- Up-to-date: /home/ivan/work/Ros_Rep/ros2_ws/install/custom_interfaces/share/custom_interfaces/cmake/export_custom_interfaces__rosidl_typesupport_fastrtps_cExport-noconfig.cmake
[1.849s] -- Up-to-date: /home/ivan/work/Ros_Rep/ros2_ws/install/custom_interfaces/share/custom_interfaces/cmake/export_custom_interfaces__rosidl_generator_cppExport.cmake
[1.849s] -- Up-to-date: /home/ivan/work/Ros_Rep/ros2_ws/install/custom_interfaces/share/custom_interfaces/cmake/export_custom_interfaces__rosidl_typesupport_fastrtps_cppExport.cmake
[1.849s] -- Up-to-date: /home/ivan/work/Ros_Rep/ros2_ws/install/custom_interfaces/share/custom_interfaces/cmake/export_custom_interfaces__rosidl_typesupport_fastrtps_cppExport-noconfig.cmake
[1.849s] -- Up-to-date: /home/ivan/work/Ros_Rep/ros2_ws/install/custom_interfaces/share/custom_interfaces/cmake/custom_interfaces__rosidl_typesupport_introspection_cExport.cmake
[1.850s] -- Up-to-date: /home/ivan/work/Ros_Rep/ros2_ws/install/custom_interfaces/share/custom_interfaces/cmake/custom_interfaces__rosidl_typesupport_introspection_cExport-noconfig.cmake
[1.850s] -- Up-to-date: /home/ivan/work/Ros_Rep/ros2_ws/install/custom_interfaces/share/custom_interfaces/cmake/custom_interfaces__rosidl_typesupport_cExport.cmake
[1.851s] -- Up-to-date: /home/ivan/work/Ros_Rep/ros2_ws/install/custom_interfaces/share/custom_interfaces/cmake/custom_interfaces__rosidl_typesupport_cExport-noconfig.cmake
[1.851s] -- Up-to-date: /home/ivan/work/Ros_Rep/ros2_ws/install/custom_interfaces/share/custom_interfaces/cmake/custom_interfaces__rosidl_typesupport_introspection_cppExport.cmake
[1.852s] -- Up-to-date: /home/ivan/work/Ros_Rep/ros2_ws/install/custom_interfaces/share/custom_interfaces/cmake/custom_interfaces__rosidl_typesupport_introspection_cppExport-noconfig.cmake
[1.852s] -- Up-to-date: /home/ivan/work/Ros_Rep/ros2_ws/install/custom_interfaces/share/custom_interfaces/cmake/custom_interfaces__rosidl_typesupport_cppExport.cmake
[1.852s] -- Up-to-date: /home/ivan/work/Ros_Rep/ros2_ws/install/custom_interfaces/share/custom_interfaces/cmake/custom_interfaces__rosidl_typesupport_cppExport-noconfig.cmake
[1.852s] -- Up-to-date: /home/ivan/work/Ros_Rep/ros2_ws/install/custom_interfaces/share/custom_interfaces/cmake/export_custom_interfaces__rosidl_generator_pyExport.cmake
[1.852s] -- Up-to-date: /home/ivan/work/Ros_Rep/ros2_ws/install/custom_interfaces/share/custom_interfaces/cmake/export_custom_interfaces__rosidl_generator_pyExport-noconfig.cmake
[1.852s] -- Up-to-date: /home/ivan/work/Ros_Rep/ros2_ws/install/custom_interfaces/share/custom_interfaces/cmake/rosidl_cmake-extras.cmake
[1.852s] -- Up-to-date: /home/ivan/work/Ros_Rep/ros2_ws/install/custom_interfaces/share/custom_interfaces/cmake/ament_cmake_export_dependencies-extras.cmake
[1.853s] -- Up-to-date: /home/ivan/work/Ros_Rep/ros2_ws/install/custom_interfaces/share/custom_interfaces/cmake/ament_cmake_export_include_directories-extras.cmake
[1.853s] -- Up-to-date: /home/ivan/work/Ros_Rep/ros2_ws/install/custom_interfaces/share/custom_interfaces/cmake/ament_cmake_export_libraries-extras.cmake
[1.853s] -- Up-to-date: /home/ivan/work/Ros_Rep/ros2_ws/install/custom_interfaces/share/custom_interfaces/cmake/ament_cmake_export_targets-extras.cmake
[1.853s] -- Up-to-date: /home/ivan/work/Ros_Rep/ros2_ws/install/custom_interfaces/share/custom_interfaces/cmake/rosidl_cmake_export_typesupport_targets-extras.cmake
[1.854s] -- Up-to-date: /home/ivan/work/Ros_Rep/ros2_ws/install/custom_interfaces/share/custom_interfaces/cmake/rosidl_cmake_export_typesupport_libraries-extras.cmake
[1.854s] -- Up-to-date: /home/ivan/work/Ros_Rep/ros2_ws/install/custom_interfaces/share/custom_interfaces/cmake/custom_interfacesConfig.cmake
[1.854s] -- Up-to-date: /home/ivan/work/Ros_Rep/ros2_ws/install/custom_interfaces/share/custom_interfaces/cmake/custom_interfacesConfig-version.cmake
[1.854s] -- Installing: /home/ivan/work/Ros_Rep/ros2_ws/install/custom_interfaces/share/custom_interfaces/package.xml
[1.855s] Invoked command in '/home/ivan/work/Ros_Rep/ros2_ws/build/custom_interfaces' returned '0': CMAKE_PREFIX_PATH=${CMAKE_PREFIX_PATH}:/home/ivan/work/Ros_Rep/ros2_ws/install/my_action_server:/home/ivan/work/Ros_Rep/ros2_ws/install/my_action_client:/home/ivan/work/Ros_Rep/ros2_ws/install/subscriber_pkg:/home/ivan/work/Ros_Rep/ros2_ws/install/remapping_pkg:/home/ivan/work/Ros_Rep/ros2_ws/install/qos_tests_pkg:/home/ivan/work/Ros_Rep/ros2_ws/install/publisher_pkg:/home/ivan/work/Ros_Rep/ros2_ws/install/my_package:/home/ivan/work/Ros_Rep/ros2_ws/install/multithreading_ros2_examples:/home/ivan/work/Ros_Rep/ros2_ws/install/movement_pkg:/home/ivan/work/Ros_Rep/ros2_ws/install/launch_tests_pkg:/home/ivan/work/Ros_Rep/ros2_ws/install/launch_args_example_pkg:/home/ivan/work/Ros_Rep/ros2_ws/install/exercise62_pkg:/home/ivan/work/Ros_Rep/ros2_ws/install/exercise41_pkg:/home/ivan/work/Ros_Rep/ros2_ws/install/exercise31_pkg:/home/ivan/work/Ros_Rep/ros2_ws/install/exercise21_pkg:/home/ivan/work/Ros_Rep/ros2_ws/install/example_3_4_pkg:/home/ivan/work/Ros_Rep/ros2_ws/install/example28_pkg:/home/ivan/work/Ros_Rep/ros2_ws/install/example26_pkg:/home/ivan/work/Ros_Rep/ros2_ws/install/dds_tests_pkg:/home/ivan/work/Ros_Rep/ros2_ws/install/client_pkg:/home/ivan/work/Ros_Rep/ros2_ws/install/build_test_pkg:/opt/ros/humble /usr/bin/cmake --install /home/ivan/work/Ros_Rep/ros2_ws/build/custom_interfaces
