[0.580s] Invoking command in '/home/ivan/work/Ros_Rep/ros2_ws/src/multithreading_ros2_examples': PYTHONPATH=/home/ivan/work/Ros_Rep/ros2_ws/build/multithreading_ros2_examples/prefix_override:/usr/lib/python3/dist-packages/colcon_core/task/python/colcon_distutils_commands:/home/ivan/work/Ros_Rep/ros2_ws/install/multithreading_ros2_examples/lib/python3.10/site-packages:${PYTHONPATH} /usr/bin/python3 -W ignore:setup.py install is deprecated setup.py egg_info --egg-base ../../build/multithreading_ros2_examples build --build-base /home/ivan/work/Ros_Rep/ros2_ws/build/multithreading_ros2_examples/build install --record /home/ivan/work/Ros_Rep/ros2_ws/build/multithreading_ros2_examples/install.log --single-version-externally-managed install_data
[0.762s] running egg_info
[0.771s] writing ../../build/multithreading_ros2_examples/multithreading_ros2_examples.egg-info/PKG-INFO
[0.772s] writing dependency_links to ../../build/multithreading_ros2_examples/multithreading_ros2_examples.egg-info/dependency_links.txt
[0.772s] writing entry points to ../../build/multithreading_ros2_examples/multithreading_ros2_examples.egg-info/entry_points.txt
[0.772s] writing requirements to ../../build/multithreading_ros2_examples/multithreading_ros2_examples.egg-info/requires.txt
[0.772s] writing top-level names to ../../build/multithreading_ros2_examples/multithreading_ros2_examples.egg-info/top_level.txt
[0.792s] reading manifest file '../../build/multithreading_ros2_examples/multithreading_ros2_examples.egg-info/SOURCES.txt'
[0.793s] writing manifest file '../../build/multithreading_ros2_examples/multithreading_ros2_examples.egg-info/SOURCES.txt'
[0.793s] running build
[0.793s] running build_py
[0.793s] copying multithreading_ros2_examples/multithreading.py -> /home/ivan/work/Ros_Rep/ros2_ws/build/multithreading_ros2_examples/build/lib/multithreading_ros2_examples
[0.793s] copying multithreading_ros2_examples/__init__.py -> /home/ivan/work/Ros_Rep/ros2_ws/build/multithreading_ros2_examples/build/lib/multithreading_ros2_examples
[0.793s] running install
[0.796s] running install_lib
[0.806s] copying /home/ivan/work/Ros_Rep/ros2_ws/build/multithreading_ros2_examples/build/lib/multithreading_ros2_examples/multithreading.py -> /home/ivan/work/Ros_Rep/ros2_ws/install/multithreading_ros2_examples/lib/python3.10/site-packages/multithreading_ros2_examples
[0.806s] byte-compiling /home/ivan/work/Ros_Rep/ros2_ws/install/multithreading_ros2_examples/lib/python3.10/site-packages/multithreading_ros2_examples/multithreading.py to multithreading.cpython-310.pyc
[0.807s] running install_data
[0.807s] copying resource/multithreading_ros2_examples -> /home/ivan/work/Ros_Rep/ros2_ws/install/multithreading_ros2_examples/share/ament_index/resource_index/packages
[0.807s] copying package.xml -> /home/ivan/work/Ros_Rep/ros2_ws/install/multithreading_ros2_examples/share/multithreading_ros2_examples
[0.807s] copying launch/multithreading.launch.py -> /home/ivan/work/Ros_Rep/ros2_ws/install/multithreading_ros2_examples/share/multithreading_ros2_examples/launch
[0.808s] running install_egg_info
[0.818s] removing '/home/ivan/work/Ros_Rep/ros2_ws/install/multithreading_ros2_examples/lib/python3.10/site-packages/multithreading_ros2_examples-0.0.0-py3.10.egg-info' (and everything under it)
[0.818s] Copying ../../build/multithreading_ros2_examples/multithreading_ros2_examples.egg-info to /home/ivan/work/Ros_Rep/ros2_ws/install/multithreading_ros2_examples/lib/python3.10/site-packages/multithreading_ros2_examples-0.0.0-py3.10.egg-info
[0.819s] running install_scripts
[0.903s] Installing multithreading script to /home/ivan/work/Ros_Rep/ros2_ws/install/multithreading_ros2_examples/lib/multithreading_ros2_examples
[0.903s] writing list of installed files to '/home/ivan/work/Ros_Rep/ros2_ws/build/multithreading_ros2_examples/install.log'
[0.925s] Invoked command in '/home/ivan/work/Ros_Rep/ros2_ws/src/multithreading_ros2_examples' returned '0': PYTHONPATH=/home/ivan/work/Ros_Rep/ros2_ws/build/multithreading_ros2_examples/prefix_override:/usr/lib/python3/dist-packages/colcon_core/task/python/colcon_distutils_commands:/home/ivan/work/Ros_Rep/ros2_ws/install/multithreading_ros2_examples/lib/python3.10/site-packages:${PYTHONPATH} /usr/bin/python3 -W ignore:setup.py install is deprecated setup.py egg_info --egg-base ../../build/multithreading_ros2_examples build --build-base /home/ivan/work/Ros_Rep/ros2_ws/build/multithreading_ros2_examples/build install --record /home/ivan/work/Ros_Rep/ros2_ws/build/multithreading_ros2_examples/install.log --single-version-externally-managed install_data
