[0.000000] (-) TimerEvent: {}
[0.000600] (-) JobUnselected: {'identifier': 'build_test_pkg'}
[0.000813] (-) JobUnselected: {'identifier': 'client_pkg'}
[0.001093] (-) JobUnselected: {'identifier': 'custom_interfaces'}
[0.001146] (-) JobUnselected: {'identifier': 'dds_tests_pkg'}
[0.001178] (-) JobUnselected: {'identifier': 'example26_pkg'}
[0.001205] (-) JobUnselected: {'identifier': 'example28_pkg'}
[0.001233] (-) JobUnselected: {'identifier': 'example_3_4_pkg'}
[0.001274] (-) JobUnselected: {'identifier': 'exercise21_pkg'}
[0.001312] (-) JobUnselected: {'identifier': 'exercise31_pkg'}
[0.001392] (-) JobUnselected: {'identifier': 'exercise41_pkg'}
[0.001432] (-) JobUnselected: {'identifier': 'exercise62_pkg'}
[0.001511] (-) JobUnselected: {'identifier': 'movement_pkg'}
[0.001539] (-) JobUnselected: {'identifier': 'multithreading_ros2_examples'}
[0.001614] (-) JobUnselected: {'identifier': 'my_package'}
[0.001649] (-) JobUnselected: {'identifier': 'publisher_pkg'}
[0.001838] (-) JobUnselected: {'identifier': 'remapping_pkg'}
[0.001874] (-) JobUnselected: {'identifier': 'subscriber_pkg'}
[0.001903] (qos_tests_pkg) JobQueued: {'identifier': 'qos_tests_pkg', 'dependencies': OrderedDict()}
[0.002074] (qos_tests_pkg) JobStarted: {'identifier': 'qos_tests_pkg'}
[0.099746] (-) TimerEvent: {}
[0.190362] (qos_tests_pkg) StderrLine: {'line': b'Traceback (most recent call last):\n  File "/usr/lib/python3/dist-packages/colcon_core/executor/__init__.py", line 91, in __call__\n    rc = await self.task(*args, **kwargs)\n  File "/usr/lib/python3/dist-packages/colcon_core/task/__init__.py", line 93, in __call__\n    return await task_method(*args, **kwargs)\n  File "/usr/lib/python3/dist-packages/colcon_ros/task/ament_python/build.py", line 51, in build\n    setup_py_data = get_setup_data(self.context.pkg, env)\n  File "/usr/lib/python3/dist-packages/colcon_core/task/python/__init__.py", line 20, in get_setup_data\n    return dict(pkg.metadata[key](env))\n  File "/usr/lib/python3/dist-packages/colcon_ros/package_augmentation/ros_ament_python.py", line 57, in getter\n    return get_setup_information(\n  File "/usr/lib/python3/dist-packages/colcon_python_setup_py/package_identification/python_setup_py.py", line 249, in get_setup_information\n    _setup_information_cache[hashable_env] = _get_setup_information(\n  File "/usr/lib/python3/dist-packages/colcon_python_setup_py/package_identification/python_setup_py.py", line 296, in _get_setup_information\n    result = subprocess.run(\n  File "/usr/lib/python3.10/subprocess.py", line 526, in run\n    raise CalledProcessError(retcode, process.args,\nsubprocess.CalledProcessError: Command \'[\'/usr/bin/python3\', \'-c\', \'import sys;from contextlib import suppress;exec("with suppress(ImportError):    from setuptools.extern.packaging.specifiers    import SpecifierSet");exec("with suppress(ImportError):    from packaging.specifiers import SpecifierSet");from distutils.core import run_setup;dist = run_setup(    \\\'setup.py\\\', script_args=(\\\'--dry-run\\\',), stop_after=\\\'config\\\');skip_keys = (\\\'cmdclass\\\', \\\'distclass\\\', \\\'ext_modules\\\', \\\'metadata\\\');data = {    key: value for key, value in dist.__dict__.items()     if (        not key.startswith(\\\'_\\\') and         not callable(value) and         key not in skip_keys and         key not in dist.display_option_names    )};data[\\\'metadata\\\'] = {    k: v for k, v in dist.metadata.__dict__.items()     if k not in (\\\'license_files\\\', \\\'provides_extras\\\')};sys.stdout.buffer.write(repr(data).encode(\\\'utf-8\\\'))\']\' returned non-zero exit status 1.\n'}
[0.190973] (qos_tests_pkg) JobEnded: {'identifier': 'qos_tests_pkg', 'rc': 1}
[0.199866] (-) TimerEvent: {}
[0.200766] (-) EventReactorShutdown: {}
