[0.502s] Invoking command in '/home/ivan/work/Ros_Rep/ros2_ws/src/my_action_server': PYTHONPATH=/home/ivan/work/Ros_Rep/ros2_ws/build/my_action_server/prefix_override:/usr/lib/python3/dist-packages/colcon_core/task/python/colcon_distutils_commands:/home/ivan/work/Ros_Rep/ros2_ws/install/my_action_server/lib/python3.10/site-packages:${PYTHONPATH} /usr/bin/python3 -W ignore:setup.py install is deprecated setup.py egg_info --egg-base ../../build/my_action_server build --build-base /home/ivan/work/Ros_Rep/ros2_ws/build/my_action_server/build install --record /home/ivan/work/Ros_Rep/ros2_ws/build/my_action_server/install.log --single-version-externally-managed install_data
[0.685s] running egg_info
[0.694s] writing ../../build/my_action_server/my_action_server.egg-info/PKG-INFO
[0.694s] writing dependency_links to ../../build/my_action_server/my_action_server.egg-info/dependency_links.txt
[0.695s] writing entry points to ../../build/my_action_server/my_action_server.egg-info/entry_points.txt
[0.695s] writing requirements to ../../build/my_action_server/my_action_server.egg-info/requires.txt
[0.695s] writing top-level names to ../../build/my_action_server/my_action_server.egg-info/top_level.txt
[0.713s] reading manifest file '../../build/my_action_server/my_action_server.egg-info/SOURCES.txt'
[0.714s] writing manifest file '../../build/my_action_server/my_action_server.egg-info/SOURCES.txt'
[0.714s] running build
[0.714s] running build_py
[0.714s] copying my_action_server/__init__.py -> /home/ivan/work/Ros_Rep/ros2_ws/build/my_action_server/build/lib/my_action_server
[0.714s] copying my_action_server/my_action_server.py -> /home/ivan/work/Ros_Rep/ros2_ws/build/my_action_server/build/lib/my_action_server
[0.715s] running install
[0.718s] running install_lib
[0.728s] running install_data
[0.728s] copying resource/my_action_server -> /home/ivan/work/Ros_Rep/ros2_ws/install/my_action_server/share/ament_index/resource_index/packages
[0.728s] copying package.xml -> /home/ivan/work/Ros_Rep/ros2_ws/install/my_action_server/share/my_action_server
[0.728s] copying launch/example73_server_launch_file.launch.py -> /home/ivan/work/Ros_Rep/ros2_ws/install/my_action_server/share/my_action_server/launch
[0.728s] running install_egg_info
[0.738s] removing '/home/ivan/work/Ros_Rep/ros2_ws/install/my_action_server/lib/python3.10/site-packages/my_action_server-0.0.0-py3.10.egg-info' (and everything under it)
[0.738s] Copying ../../build/my_action_server/my_action_server.egg-info to /home/ivan/work/Ros_Rep/ros2_ws/install/my_action_server/lib/python3.10/site-packages/my_action_server-0.0.0-py3.10.egg-info
[0.739s] running install_scripts
[0.823s] Installing my_action_server_exe script to /home/ivan/work/Ros_Rep/ros2_ws/install/my_action_server/lib/my_action_server
[0.823s] writing list of installed files to '/home/ivan/work/Ros_Rep/ros2_ws/build/my_action_server/install.log'
[0.839s] Invoked command in '/home/ivan/work/Ros_Rep/ros2_ws/src/my_action_server' returned '0': PYTHONPATH=/home/ivan/work/Ros_Rep/ros2_ws/build/my_action_server/prefix_override:/usr/lib/python3/dist-packages/colcon_core/task/python/colcon_distutils_commands:/home/ivan/work/Ros_Rep/ros2_ws/install/my_action_server/lib/python3.10/site-packages:${PYTHONPATH} /usr/bin/python3 -W ignore:setup.py install is deprecated setup.py egg_info --egg-base ../../build/my_action_server build --build-base /home/ivan/work/Ros_Rep/ros2_ws/build/my_action_server/build install --record /home/ivan/work/Ros_Rep/ros2_ws/build/my_action_server/install.log --single-version-externally-managed install_data
