[0.007s] Invoking command in '/home/ivan/work/Ros_Rep/ros2_ws/build/custom_interfaces': CMAKE_PREFIX_PATH=/home/ivan/work/Ros_Rep/ros2_ws/install/subscriber_pkg:/home/ivan/work/Ros_Rep/ros2_ws/install/publisher_pkg:/home/ivan/work/Ros_Rep/ros2_ws/install/my_package:/home/ivan/work/Ros_Rep/ros2_ws/install/exercise21_pkg:/home/ivan/work/Ros_Rep/ros2_ws/install/build_test_pkg:/opt/ros/humble /usr/bin/cmake /home/ivan/work/Ros_Rep/ros2_ws/src/custom_interfaces -DCMAKE_INSTALL_PREFIX=/home/ivan/work/Ros_Rep/ros2_ws/install/custom_interfaces
[0.175s] -- The C compiler identification is GNU 11.4.0
[0.259s] -- The CXX compiler identification is GNU 11.4.0
[0.269s] -- Detecting C compiler ABI info
[0.359s] -- Detecting C compiler ABI info - done
[0.368s] -- Check for working C compiler: /usr/bin/cc - skipped
[0.369s] -- Detecting C compile features
[0.370s] -- Detecting C compile features - done
[0.375s] -- Detecting CXX compiler ABI info
[0.476s] -- Detecting CXX compiler ABI info - done
[0.481s] -- Check for working CXX compiler: /usr/bin/c++ - skipped
[0.481s] -- Detecting CXX compile features
[0.482s] -- Detecting CXX compile features - done
[0.485s] -- Found ament_cmake: 1.3.10 (/opt/ros/humble/share/ament_cmake/cmake)
[0.791s] -- Found Python3: /usr/bin/python3 (found version "3.10.12") found components: Interpreter 
[0.879s] -- Found rclcpp: 16.0.10 (/opt/ros/humble/share/rclcpp/cmake)
[0.924s] -- Found rosidl_generator_c: 3.1.5 (/opt/ros/humble/share/rosidl_generator_c/cmake)
[0.928s] -- Found rosidl_adapter: 3.1.5 (/opt/ros/humble/share/rosidl_adapter/cmake)
[0.936s] -- Found rosidl_generator_cpp: 3.1.5 (/opt/ros/humble/share/rosidl_generator_cpp/cmake)
[0.947s] -- Using all available rosidl_typesupport_c: rosidl_typesupport_fastrtps_c;rosidl_typesupport_introspection_c
[0.961s] -- Using all available rosidl_typesupport_cpp: rosidl_typesupport_fastrtps_cpp;rosidl_typesupport_introspection_cpp
[1.000s] -- Found rmw_implementation_cmake: 6.1.2 (/opt/ros/humble/share/rmw_implementation_cmake/cmake)
[1.002s] -- Found rmw_fastrtps_cpp: 6.2.7 (/opt/ros/humble/share/rmw_fastrtps_cpp/cmake)
[1.120s] -- Found OpenSSL: /usr/lib/x86_64-linux-gnu/libcrypto.so (found version "3.0.2")  
[1.145s] -- Found FastRTPS: /opt/ros/humble/include  
[1.183s] -- Using RMW implementation 'rmw_fastrtps_cpp' as default
[1.197s] -- Looking for pthread.h
[1.295s] -- Looking for pthread.h - found
[1.295s] -- Performing Test CMAKE_HAVE_LIBC_PTHREAD
[1.389s] -- Performing Test CMAKE_HAVE_LIBC_PTHREAD - Success
[1.390s] -- Found Threads: TRUE  
[1.439s] -- Found rosidl_default_generators: 1.2.0 (/opt/ros/humble/share/rosidl_default_generators/cmake)
[1.447s] -- Found ament_lint_auto: 0.12.11 (/opt/ros/humble/share/ament_lint_auto/cmake)
[1.685s] -- Found ament_cmake_ros: 0.10.0 (/opt/ros/humble/share/ament_cmake_ros/cmake)
[1.966s] -- Using all available rosidl_typesupport_c: rosidl_typesupport_fastrtps_c;rosidl_typesupport_introspection_c
[2.079s] -- Using all available rosidl_typesupport_cpp: rosidl_typesupport_fastrtps_cpp;rosidl_typesupport_introspection_cpp
[2.110s] -- Found PythonInterp: /usr/bin/python3 (found suitable version "3.10.12", minimum required is "3.6") 
[2.114s] -- Found python_cmake_module: 0.10.0 (/opt/ros/humble/share/python_cmake_module/cmake)
[2.149s] -- Found PythonLibs: /usr/lib/x86_64-linux-gnu/libpython3.10.so (found suitable version "3.10.12", minimum required is "3.5") 
[2.149s] -- Using PYTHON_EXECUTABLE: /usr/bin/python3
[2.149s] -- Using PYTHON_INCLUDE_DIRS: /usr/include/python3.10
[2.149s] -- Using PYTHON_LIBRARIES: /usr/lib/x86_64-linux-gnu/libpython3.10.so
[2.177s] -- Found PythonExtra: .so  
[2.214s] -- Added test 'lint_cmake' to check CMake code style
[2.215s] -- Added test 'xmllint' to check XML markup files
[2.220s] -- Configuring done
[2.237s] -- Generating done
[2.238s] -- Build files have been written to: /home/ivan/work/Ros_Rep/ros2_ws/build/custom_interfaces
[2.247s] Invoked command in '/home/ivan/work/Ros_Rep/ros2_ws/build/custom_interfaces' returned '0': CMAKE_PREFIX_PATH=/home/ivan/work/Ros_Rep/ros2_ws/install/subscriber_pkg:/home/ivan/work/Ros_Rep/ros2_ws/install/publisher_pkg:/home/ivan/work/Ros_Rep/ros2_ws/install/my_package:/home/ivan/work/Ros_Rep/ros2_ws/install/exercise21_pkg:/home/ivan/work/Ros_Rep/ros2_ws/install/build_test_pkg:/opt/ros/humble /usr/bin/cmake /home/ivan/work/Ros_Rep/ros2_ws/src/custom_interfaces -DCMAKE_INSTALL_PREFIX=/home/ivan/work/Ros_Rep/ros2_ws/install/custom_interfaces
[2.247s] Invoking command in '/home/ivan/work/Ros_Rep/ros2_ws/build/custom_interfaces': CMAKE_PREFIX_PATH=/home/ivan/work/Ros_Rep/ros2_ws/install/subscriber_pkg:/home/ivan/work/Ros_Rep/ros2_ws/install/publisher_pkg:/home/ivan/work/Ros_Rep/ros2_ws/install/my_package:/home/ivan/work/Ros_Rep/ros2_ws/install/exercise21_pkg:/home/ivan/work/Ros_Rep/ros2_ws/install/build_test_pkg:/opt/ros/humble /usr/bin/cmake --build /home/ivan/work/Ros_Rep/ros2_ws/build/custom_interfaces -- -j16 -l16
[2.291s] [  3%] [34m[1mGenerating C code for ROS interfaces[0m
[2.307s] [  6%] [34m[1mGenerating C++ code for ROS interfaces[0m
[2.311s] [  6%] Built target ament_cmake_python_copy_custom_interfaces
[2.453s] running egg_info
[2.462s] creating custom_interfaces.egg-info
[2.462s] writing custom_interfaces.egg-info/PKG-INFO
[2.462s] writing dependency_links to custom_interfaces.egg-info/dependency_links.txt
[2.462s] writing top-level names to custom_interfaces.egg-info/top_level.txt
[2.462s] writing manifest file 'custom_interfaces.egg-info/SOURCES.txt'
[2.464s] [  6%] Built target custom_interfaces__cpp
[2.468s] [  9%] [32mBuilding C object CMakeFiles/custom_interfaces__rosidl_generator_c.dir/rosidl_generator_c/custom_interfaces/msg/detail/age__functions.c.o[0m
[2.475s] [ 12%] [34m[1mGenerating C++ introspection for ROS interfaces[0m
[2.475s] [ 16%] [34m[1mGenerating C++ type support for eProsima Fast-RTPS[0m
[2.475s] [ 19%] [34m[1mGenerating C++ type support dispatch for ROS interfaces[0m
[2.489s] reading manifest file 'custom_interfaces.egg-info/SOURCES.txt'
[2.489s] writing manifest file 'custom_interfaces.egg-info/SOURCES.txt'
[2.509s] [ 19%] Built target ament_cmake_python_build_custom_interfaces_egg
[2.518s] [ 22%] [32m[1mLinking C shared library libcustom_interfaces__rosidl_generator_c.so[0m
[2.555s] [ 22%] Built target custom_interfaces__rosidl_generator_c
[2.567s] [ 32%] [34m[1mGenerating C type support dispatch for ROS interfaces[0m
[2.567s] [ 32%] [34m[1mGenerating C introspection for ROS interfaces[0m
[2.568s] [ 32%] [34m[1mGenerating C type support for eProsima Fast-RTPS[0m
[2.629s] [ 35%] [32mBuilding CXX object CMakeFiles/custom_interfaces__rosidl_typesupport_introspection_cpp.dir/rosidl_typesupport_introspection_cpp/custom_interfaces/msg/detail/age__type_support.cpp.o[0m
[2.644s] [ 38%] [32mBuilding CXX object CMakeFiles/custom_interfaces__rosidl_typesupport_cpp.dir/rosidl_typesupport_cpp/custom_interfaces/msg/age__type_support.cpp.o[0m
[2.647s] [ 41%] [32mBuilding CXX object CMakeFiles/custom_interfaces__rosidl_typesupport_fastrtps_cpp.dir/rosidl_typesupport_fastrtps_cpp/custom_interfaces/msg/detail/dds_fastrtps/age__type_support.cpp.o[0m
[2.747s] [ 45%] [32mBuilding C object CMakeFiles/custom_interfaces__rosidl_typesupport_introspection_c.dir/rosidl_typesupport_introspection_c/custom_interfaces/msg/detail/age__type_support.c.o[0m
[2.780s] [ 48%] [32m[1mLinking C shared library libcustom_interfaces__rosidl_typesupport_introspection_c.so[0m
[2.789s] [ 51%] [32mBuilding CXX object CMakeFiles/custom_interfaces__rosidl_typesupport_fastrtps_c.dir/rosidl_typesupport_fastrtps_c/custom_interfaces/msg/detail/age__type_support_c.cpp.o[0m
[2.809s] [ 51%] Built target custom_interfaces__rosidl_typesupport_introspection_c
[2.821s] [ 54%] [32m[1mLinking CXX shared library libcustom_interfaces__rosidl_typesupport_cpp.so[0m
[2.828s] [ 58%] [32mBuilding CXX object CMakeFiles/custom_interfaces__rosidl_typesupport_c.dir/rosidl_typesupport_c/custom_interfaces/msg/age__type_support.cpp.o[0m
[2.861s] [ 61%] [32m[1mLinking CXX shared library libcustom_interfaces__rosidl_typesupport_c.so[0m
[2.862s] [ 61%] Built target custom_interfaces__rosidl_typesupport_cpp
[2.896s] [ 61%] Built target custom_interfaces__rosidl_typesupport_c
[2.899s] [ 64%] [32m[1mLinking CXX shared library libcustom_interfaces__rosidl_typesupport_fastrtps_cpp.so[0m
[2.902s] [ 67%] [32m[1mLinking CXX shared library libcustom_interfaces__rosidl_typesupport_introspection_cpp.so[0m
[2.940s] [ 67%] Built target custom_interfaces__rosidl_typesupport_introspection_cpp
[2.959s] [ 67%] Built target custom_interfaces__rosidl_typesupport_fastrtps_cpp
[2.993s] [ 70%] [32m[1mLinking CXX shared library libcustom_interfaces__rosidl_typesupport_fastrtps_c.so[0m
[3.061s] [ 70%] Built target custom_interfaces__rosidl_typesupport_fastrtps_c
[3.081s] [ 70%] Built target custom_interfaces
[3.106s] [ 74%] [34m[1mGenerating Python code for ROS interfaces[0m
[3.307s] [ 74%] Built target custom_interfaces__py
[3.333s] [ 77%] [32mBuilding C object CMakeFiles/custom_interfaces__rosidl_generator_py.dir/rosidl_generator_py/custom_interfaces/msg/_age_s.c.o[0m
[3.428s] [ 80%] [32m[1mLinking C shared library rosidl_generator_py/custom_interfaces/libcustom_interfaces__rosidl_generator_py.so[0m
[3.473s] [ 80%] Built target custom_interfaces__rosidl_generator_py
[3.496s] [ 83%] [32mBuilding C object CMakeFiles/custom_interfaces__rosidl_typesupport_c__pyext.dir/rosidl_generator_py/custom_interfaces/_custom_interfaces_s.ep.rosidl_typesupport_c.c.o[0m
[3.499s] [ 90%] [32mBuilding C object CMakeFiles/custom_interfaces__rosidl_typesupport_introspection_c__pyext.dir/rosidl_generator_py/custom_interfaces/_custom_interfaces_s.ep.rosidl_typesupport_introspection_c.c.o[0m
[3.499s] [ 90%] [32mBuilding C object CMakeFiles/custom_interfaces__rosidl_typesupport_fastrtps_c__pyext.dir/rosidl_generator_py/custom_interfaces/_custom_interfaces_s.ep.rosidl_typesupport_fastrtps_c.c.o[0m
[3.558s] [ 93%] [32m[1mLinking C shared library rosidl_generator_py/custom_interfaces/custom_interfaces_s__rosidl_typesupport_c.cpython-310-x86_64-linux-gnu.so[0m
[3.560s] [ 96%] [32m[1mLinking C shared library rosidl_generator_py/custom_interfaces/custom_interfaces_s__rosidl_typesupport_introspection_c.cpython-310-x86_64-linux-gnu.so[0m
[3.568s] [100%] [32m[1mLinking C shared library rosidl_generator_py/custom_interfaces/custom_interfaces_s__rosidl_typesupport_fastrtps_c.cpython-310-x86_64-linux-gnu.so[0m
[3.588s] [100%] Built target custom_interfaces__rosidl_typesupport_c__pyext
[3.590s] [100%] Built target custom_interfaces__rosidl_typesupport_introspection_c__pyext
[3.597s] [100%] Built target custom_interfaces__rosidl_typesupport_fastrtps_c__pyext
[3.610s] Invoked command in '/home/ivan/work/Ros_Rep/ros2_ws/build/custom_interfaces' returned '0': CMAKE_PREFIX_PATH=/home/ivan/work/Ros_Rep/ros2_ws/install/subscriber_pkg:/home/ivan/work/Ros_Rep/ros2_ws/install/publisher_pkg:/home/ivan/work/Ros_Rep/ros2_ws/install/my_package:/home/ivan/work/Ros_Rep/ros2_ws/install/exercise21_pkg:/home/ivan/work/Ros_Rep/ros2_ws/install/build_test_pkg:/opt/ros/humble /usr/bin/cmake --build /home/ivan/work/Ros_Rep/ros2_ws/build/custom_interfaces -- -j16 -l16
[3.708s] Invoking command in '/home/ivan/work/Ros_Rep/ros2_ws/build/custom_interfaces': CMAKE_PREFIX_PATH=/home/ivan/work/Ros_Rep/ros2_ws/install/subscriber_pkg:/home/ivan/work/Ros_Rep/ros2_ws/install/publisher_pkg:/home/ivan/work/Ros_Rep/ros2_ws/install/my_package:/home/ivan/work/Ros_Rep/ros2_ws/install/exercise21_pkg:/home/ivan/work/Ros_Rep/ros2_ws/install/build_test_pkg:/opt/ros/humble /usr/bin/cmake --install /home/ivan/work/Ros_Rep/ros2_ws/build/custom_interfaces
[3.718s] -- Install configuration: ""
[3.719s] -- Installing: /home/ivan/work/Ros_Rep/ros2_ws/install/custom_interfaces/share/ament_index/resource_index/rosidl_interfaces/custom_interfaces
[3.719s] -- Installing: /home/ivan/work/Ros_Rep/ros2_ws/install/custom_interfaces/include/custom_interfaces/custom_interfaces
[3.719s] -- Installing: /home/ivan/work/Ros_Rep/ros2_ws/install/custom_interfaces/include/custom_interfaces/custom_interfaces/msg
[3.719s] -- Installing: /home/ivan/work/Ros_Rep/ros2_ws/install/custom_interfaces/include/custom_interfaces/custom_interfaces/msg/age.h
[3.719s] -- Installing: /home/ivan/work/Ros_Rep/ros2_ws/install/custom_interfaces/include/custom_interfaces/custom_interfaces/msg/detail
[3.719s] -- Installing: /home/ivan/work/Ros_Rep/ros2_ws/install/custom_interfaces/include/custom_interfaces/custom_interfaces/msg/detail/age__type_support.h
[3.719s] -- Installing: /home/ivan/work/Ros_Rep/ros2_ws/install/custom_interfaces/include/custom_interfaces/custom_interfaces/msg/detail/age__functions.c
[3.719s] -- Installing: /home/ivan/work/Ros_Rep/ros2_ws/install/custom_interfaces/include/custom_interfaces/custom_interfaces/msg/detail/age__struct.h
[3.720s] -- Installing: /home/ivan/work/Ros_Rep/ros2_ws/install/custom_interfaces/include/custom_interfaces/custom_interfaces/msg/detail/age__functions.h
[3.720s] -- Installing: /home/ivan/work/Ros_Rep/ros2_ws/install/custom_interfaces/include/custom_interfaces/custom_interfaces/msg/rosidl_generator_c__visibility_control.h
[3.720s] -- Installing: /home/ivan/work/Ros_Rep/ros2_ws/install/custom_interfaces/share/custom_interfaces/environment/library_path.sh
[3.720s] -- Installing: /home/ivan/work/Ros_Rep/ros2_ws/install/custom_interfaces/share/custom_interfaces/environment/library_path.dsv
[3.720s] -- Installing: /home/ivan/work/Ros_Rep/ros2_ws/install/custom_interfaces/lib/libcustom_interfaces__rosidl_generator_c.so
[3.721s] -- Set runtime path of "/home/ivan/work/Ros_Rep/ros2_ws/install/custom_interfaces/lib/libcustom_interfaces__rosidl_generator_c.so" to ""
[3.721s] -- Up-to-date: /home/ivan/work/Ros_Rep/ros2_ws/install/custom_interfaces/include/custom_interfaces/custom_interfaces
[3.721s] -- Up-to-date: /home/ivan/work/Ros_Rep/ros2_ws/install/custom_interfaces/include/custom_interfaces/custom_interfaces/msg
[3.721s] -- Installing: /home/ivan/work/Ros_Rep/ros2_ws/install/custom_interfaces/include/custom_interfaces/custom_interfaces/msg/rosidl_typesupport_fastrtps_c__visibility_control.h
[3.721s] -- Up-to-date: /home/ivan/work/Ros_Rep/ros2_ws/install/custom_interfaces/include/custom_interfaces/custom_interfaces/msg/detail
[3.721s] -- Installing: /home/ivan/work/Ros_Rep/ros2_ws/install/custom_interfaces/include/custom_interfaces/custom_interfaces/msg/detail/age__rosidl_typesupport_fastrtps_c.h
[3.721s] -- Installing: /home/ivan/work/Ros_Rep/ros2_ws/install/custom_interfaces/lib/libcustom_interfaces__rosidl_typesupport_fastrtps_c.so
[3.722s] -- Set runtime path of "/home/ivan/work/Ros_Rep/ros2_ws/install/custom_interfaces/lib/libcustom_interfaces__rosidl_typesupport_fastrtps_c.so" to ""
[3.722s] -- Up-to-date: /home/ivan/work/Ros_Rep/ros2_ws/install/custom_interfaces/include/custom_interfaces/custom_interfaces
[3.722s] -- Up-to-date: /home/ivan/work/Ros_Rep/ros2_ws/install/custom_interfaces/include/custom_interfaces/custom_interfaces/msg
[3.722s] -- Up-to-date: /home/ivan/work/Ros_Rep/ros2_ws/install/custom_interfaces/include/custom_interfaces/custom_interfaces/msg/detail
[3.722s] -- Installing: /home/ivan/work/Ros_Rep/ros2_ws/install/custom_interfaces/include/custom_interfaces/custom_interfaces/msg/detail/age__builder.hpp
[3.722s] -- Installing: /home/ivan/work/Ros_Rep/ros2_ws/install/custom_interfaces/include/custom_interfaces/custom_interfaces/msg/detail/age__traits.hpp
[3.722s] -- Installing: /home/ivan/work/Ros_Rep/ros2_ws/install/custom_interfaces/include/custom_interfaces/custom_interfaces/msg/detail/age__struct.hpp
[3.722s] -- Installing: /home/ivan/work/Ros_Rep/ros2_ws/install/custom_interfaces/include/custom_interfaces/custom_interfaces/msg/age.hpp
[3.722s] -- Up-to-date: /home/ivan/work/Ros_Rep/ros2_ws/install/custom_interfaces/include/custom_interfaces/custom_interfaces
[3.722s] -- Up-to-date: /home/ivan/work/Ros_Rep/ros2_ws/install/custom_interfaces/include/custom_interfaces/custom_interfaces/msg
[3.723s] -- Installing: /home/ivan/work/Ros_Rep/ros2_ws/install/custom_interfaces/include/custom_interfaces/custom_interfaces/msg/rosidl_typesupport_fastrtps_cpp__visibility_control.h
[3.723s] -- Up-to-date: /home/ivan/work/Ros_Rep/ros2_ws/install/custom_interfaces/include/custom_interfaces/custom_interfaces/msg/detail
[3.723s] -- Installing: /home/ivan/work/Ros_Rep/ros2_ws/install/custom_interfaces/include/custom_interfaces/custom_interfaces/msg/detail/age__rosidl_typesupport_fastrtps_cpp.hpp
[3.723s] -- Installing: /home/ivan/work/Ros_Rep/ros2_ws/install/custom_interfaces/include/custom_interfaces/custom_interfaces/msg/detail/dds_fastrtps
[3.723s] -- Installing: /home/ivan/work/Ros_Rep/ros2_ws/install/custom_interfaces/lib/libcustom_interfaces__rosidl_typesupport_fastrtps_cpp.so
[3.723s] -- Set runtime path of "/home/ivan/work/Ros_Rep/ros2_ws/install/custom_interfaces/lib/libcustom_interfaces__rosidl_typesupport_fastrtps_cpp.so" to ""
[3.723s] -- Up-to-date: /home/ivan/work/Ros_Rep/ros2_ws/install/custom_interfaces/include/custom_interfaces/custom_interfaces
[3.723s] -- Up-to-date: /home/ivan/work/Ros_Rep/ros2_ws/install/custom_interfaces/include/custom_interfaces/custom_interfaces/msg
[3.723s] -- Up-to-date: /home/ivan/work/Ros_Rep/ros2_ws/install/custom_interfaces/include/custom_interfaces/custom_interfaces/msg/detail
[3.723s] -- Installing: /home/ivan/work/Ros_Rep/ros2_ws/install/custom_interfaces/include/custom_interfaces/custom_interfaces/msg/detail/age__type_support.c
[3.723s] -- Installing: /home/ivan/work/Ros_Rep/ros2_ws/install/custom_interfaces/include/custom_interfaces/custom_interfaces/msg/detail/age__rosidl_typesupport_introspection_c.h
[3.724s] -- Installing: /home/ivan/work/Ros_Rep/ros2_ws/install/custom_interfaces/include/custom_interfaces/custom_interfaces/msg/rosidl_typesupport_introspection_c__visibility_control.h
[3.724s] -- Installing: /home/ivan/work/Ros_Rep/ros2_ws/install/custom_interfaces/lib/libcustom_interfaces__rosidl_typesupport_introspection_c.so
[3.724s] -- Set runtime path of "/home/ivan/work/Ros_Rep/ros2_ws/install/custom_interfaces/lib/libcustom_interfaces__rosidl_typesupport_introspection_c.so" to ""
[3.724s] -- Installing: /home/ivan/work/Ros_Rep/ros2_ws/install/custom_interfaces/lib/libcustom_interfaces__rosidl_typesupport_c.so
[3.724s] -- Set runtime path of "/home/ivan/work/Ros_Rep/ros2_ws/install/custom_interfaces/lib/libcustom_interfaces__rosidl_typesupport_c.so" to ""
[3.725s] -- Up-to-date: /home/ivan/work/Ros_Rep/ros2_ws/install/custom_interfaces/include/custom_interfaces/custom_interfaces
[3.725s] -- Up-to-date: /home/ivan/work/Ros_Rep/ros2_ws/install/custom_interfaces/include/custom_interfaces/custom_interfaces/msg
[3.725s] -- Up-to-date: /home/ivan/work/Ros_Rep/ros2_ws/install/custom_interfaces/include/custom_interfaces/custom_interfaces/msg/detail
[3.725s] -- Installing: /home/ivan/work/Ros_Rep/ros2_ws/install/custom_interfaces/include/custom_interfaces/custom_interfaces/msg/detail/age__rosidl_typesupport_introspection_cpp.hpp
[3.725s] -- Installing: /home/ivan/work/Ros_Rep/ros2_ws/install/custom_interfaces/include/custom_interfaces/custom_interfaces/msg/detail/age__type_support.cpp
[3.725s] -- Installing: /home/ivan/work/Ros_Rep/ros2_ws/install/custom_interfaces/lib/libcustom_interfaces__rosidl_typesupport_introspection_cpp.so
[3.725s] -- Set runtime path of "/home/ivan/work/Ros_Rep/ros2_ws/install/custom_interfaces/lib/libcustom_interfaces__rosidl_typesupport_introspection_cpp.so" to ""
[3.726s] -- Installing: /home/ivan/work/Ros_Rep/ros2_ws/install/custom_interfaces/lib/libcustom_interfaces__rosidl_typesupport_cpp.so
[3.726s] -- Set runtime path of "/home/ivan/work/Ros_Rep/ros2_ws/install/custom_interfaces/lib/libcustom_interfaces__rosidl_typesupport_cpp.so" to ""
[3.726s] -- Installing: /home/ivan/work/Ros_Rep/ros2_ws/install/custom_interfaces/share/custom_interfaces/environment/pythonpath.sh
[3.726s] -- Installing: /home/ivan/work/Ros_Rep/ros2_ws/install/custom_interfaces/share/custom_interfaces/environment/pythonpath.dsv
[3.726s] -- Installing: /home/ivan/work/Ros_Rep/ros2_ws/install/custom_interfaces/local/lib/python3.10/dist-packages/custom_interfaces-0.0.0-py3.10.egg-info
[3.726s] -- Installing: /home/ivan/work/Ros_Rep/ros2_ws/install/custom_interfaces/local/lib/python3.10/dist-packages/custom_interfaces-0.0.0-py3.10.egg-info/PKG-INFO
[3.726s] -- Installing: /home/ivan/work/Ros_Rep/ros2_ws/install/custom_interfaces/local/lib/python3.10/dist-packages/custom_interfaces-0.0.0-py3.10.egg-info/dependency_links.txt
[3.726s] -- Installing: /home/ivan/work/Ros_Rep/ros2_ws/install/custom_interfaces/local/lib/python3.10/dist-packages/custom_interfaces-0.0.0-py3.10.egg-info/top_level.txt
[3.726s] -- Installing: /home/ivan/work/Ros_Rep/ros2_ws/install/custom_interfaces/local/lib/python3.10/dist-packages/custom_interfaces-0.0.0-py3.10.egg-info/SOURCES.txt
[3.726s] -- Installing: /home/ivan/work/Ros_Rep/ros2_ws/install/custom_interfaces/local/lib/python3.10/dist-packages/custom_interfaces
[3.726s] -- Installing: /home/ivan/work/Ros_Rep/ros2_ws/install/custom_interfaces/local/lib/python3.10/dist-packages/custom_interfaces/custom_interfaces_s__rosidl_typesupport_c.cpython-310-x86_64-linux-gnu.so
[3.726s] -- Installing: /home/ivan/work/Ros_Rep/ros2_ws/install/custom_interfaces/local/lib/python3.10/dist-packages/custom_interfaces/custom_interfaces_s__rosidl_typesupport_introspection_c.cpython-310-x86_64-linux-gnu.so
[3.726s] -- Installing: /home/ivan/work/Ros_Rep/ros2_ws/install/custom_interfaces/local/lib/python3.10/dist-packages/custom_interfaces/_custom_interfaces_s.ep.rosidl_typesupport_c.c
[3.726s] -- Installing: /home/ivan/work/Ros_Rep/ros2_ws/install/custom_interfaces/local/lib/python3.10/dist-packages/custom_interfaces/libcustom_interfaces__rosidl_generator_py.so
[3.726s] -- Installing: /home/ivan/work/Ros_Rep/ros2_ws/install/custom_interfaces/local/lib/python3.10/dist-packages/custom_interfaces/_custom_interfaces_s.ep.rosidl_typesupport_fastrtps_c.c
[3.726s] -- Installing: /home/ivan/work/Ros_Rep/ros2_ws/install/custom_interfaces/local/lib/python3.10/dist-packages/custom_interfaces/__init__.py
[3.726s] -- Installing: /home/ivan/work/Ros_Rep/ros2_ws/install/custom_interfaces/local/lib/python3.10/dist-packages/custom_interfaces/msg
[3.726s] -- Installing: /home/ivan/work/Ros_Rep/ros2_ws/install/custom_interfaces/local/lib/python3.10/dist-packages/custom_interfaces/msg/_age.py
[3.727s] -- Installing: /home/ivan/work/Ros_Rep/ros2_ws/install/custom_interfaces/local/lib/python3.10/dist-packages/custom_interfaces/msg/__init__.py
[3.727s] -- Installing: /home/ivan/work/Ros_Rep/ros2_ws/install/custom_interfaces/local/lib/python3.10/dist-packages/custom_interfaces/msg/_age_s.c
[3.727s] -- Installing: /home/ivan/work/Ros_Rep/ros2_ws/install/custom_interfaces/local/lib/python3.10/dist-packages/custom_interfaces/_custom_interfaces_s.ep.rosidl_typesupport_introspection_c.c
[3.727s] -- Installing: /home/ivan/work/Ros_Rep/ros2_ws/install/custom_interfaces/local/lib/python3.10/dist-packages/custom_interfaces/custom_interfaces_s__rosidl_typesupport_fastrtps_c.cpython-310-x86_64-linux-gnu.so
[3.756s] Listing '/home/ivan/work/Ros_Rep/ros2_ws/install/custom_interfaces/local/lib/python3.10/dist-packages/custom_interfaces'...
[3.756s] Compiling '/home/ivan/work/Ros_Rep/ros2_ws/install/custom_interfaces/local/lib/python3.10/dist-packages/custom_interfaces/__init__.py'...
[3.756s] Listing '/home/ivan/work/Ros_Rep/ros2_ws/install/custom_interfaces/local/lib/python3.10/dist-packages/custom_interfaces/msg'...
[3.756s] Compiling '/home/ivan/work/Ros_Rep/ros2_ws/install/custom_interfaces/local/lib/python3.10/dist-packages/custom_interfaces/msg/__init__.py'...
[3.756s] Compiling '/home/ivan/work/Ros_Rep/ros2_ws/install/custom_interfaces/local/lib/python3.10/dist-packages/custom_interfaces/msg/_age.py'...
[3.759s] -- Installing: /home/ivan/work/Ros_Rep/ros2_ws/install/custom_interfaces/local/lib/python3.10/dist-packages/custom_interfaces/custom_interfaces_s__rosidl_typesupport_fastrtps_c.cpython-310-x86_64-linux-gnu.so
[3.759s] -- Set runtime path of "/home/ivan/work/Ros_Rep/ros2_ws/install/custom_interfaces/local/lib/python3.10/dist-packages/custom_interfaces/custom_interfaces_s__rosidl_typesupport_fastrtps_c.cpython-310-x86_64-linux-gnu.so" to ""
[3.760s] -- Installing: /home/ivan/work/Ros_Rep/ros2_ws/install/custom_interfaces/local/lib/python3.10/dist-packages/custom_interfaces/custom_interfaces_s__rosidl_typesupport_introspection_c.cpython-310-x86_64-linux-gnu.so
[3.760s] -- Set runtime path of "/home/ivan/work/Ros_Rep/ros2_ws/install/custom_interfaces/local/lib/python3.10/dist-packages/custom_interfaces/custom_interfaces_s__rosidl_typesupport_introspection_c.cpython-310-x86_64-linux-gnu.so" to ""
[3.760s] -- Installing: /home/ivan/work/Ros_Rep/ros2_ws/install/custom_interfaces/local/lib/python3.10/dist-packages/custom_interfaces/custom_interfaces_s__rosidl_typesupport_c.cpython-310-x86_64-linux-gnu.so
[3.760s] -- Set runtime path of "/home/ivan/work/Ros_Rep/ros2_ws/install/custom_interfaces/local/lib/python3.10/dist-packages/custom_interfaces/custom_interfaces_s__rosidl_typesupport_c.cpython-310-x86_64-linux-gnu.so" to ""
[3.761s] -- Installing: /home/ivan/work/Ros_Rep/ros2_ws/install/custom_interfaces/lib/libcustom_interfaces__rosidl_generator_py.so
[3.761s] -- Set runtime path of "/home/ivan/work/Ros_Rep/ros2_ws/install/custom_interfaces/lib/libcustom_interfaces__rosidl_generator_py.so" to ""
[3.761s] -- Installing: /home/ivan/work/Ros_Rep/ros2_ws/install/custom_interfaces/share/custom_interfaces/msg/Age.idl
[3.761s] -- Installing: /home/ivan/work/Ros_Rep/ros2_ws/install/custom_interfaces/share/custom_interfaces/msg/Age.msg
[3.761s] -- Installing: /home/ivan/work/Ros_Rep/ros2_ws/install/custom_interfaces/share/ament_index/resource_index/package_run_dependencies/custom_interfaces
[3.762s] -- Installing: /home/ivan/work/Ros_Rep/ros2_ws/install/custom_interfaces/share/ament_index/resource_index/parent_prefix_path/custom_interfaces
[3.762s] -- Installing: /home/ivan/work/Ros_Rep/ros2_ws/install/custom_interfaces/share/custom_interfaces/environment/ament_prefix_path.sh
[3.762s] -- Installing: /home/ivan/work/Ros_Rep/ros2_ws/install/custom_interfaces/share/custom_interfaces/environment/ament_prefix_path.dsv
[3.762s] -- Installing: /home/ivan/work/Ros_Rep/ros2_ws/install/custom_interfaces/share/custom_interfaces/environment/path.sh
[3.762s] -- Installing: /home/ivan/work/Ros_Rep/ros2_ws/install/custom_interfaces/share/custom_interfaces/environment/path.dsv
[3.762s] -- Installing: /home/ivan/work/Ros_Rep/ros2_ws/install/custom_interfaces/share/custom_interfaces/local_setup.bash
[3.763s] -- Installing: /home/ivan/work/Ros_Rep/ros2_ws/install/custom_interfaces/share/custom_interfaces/local_setup.sh
[3.763s] -- Installing: /home/ivan/work/Ros_Rep/ros2_ws/install/custom_interfaces/share/custom_interfaces/local_setup.zsh
[3.763s] -- Installing: /home/ivan/work/Ros_Rep/ros2_ws/install/custom_interfaces/share/custom_interfaces/local_setup.dsv
[3.763s] -- Installing: /home/ivan/work/Ros_Rep/ros2_ws/install/custom_interfaces/share/custom_interfaces/package.dsv
[3.763s] -- Installing: /home/ivan/work/Ros_Rep/ros2_ws/install/custom_interfaces/share/ament_index/resource_index/packages/custom_interfaces
[3.763s] -- Installing: /home/ivan/work/Ros_Rep/ros2_ws/install/custom_interfaces/share/custom_interfaces/cmake/export_custom_interfaces__rosidl_generator_cExport.cmake
[3.764s] -- Installing: /home/ivan/work/Ros_Rep/ros2_ws/install/custom_interfaces/share/custom_interfaces/cmake/export_custom_interfaces__rosidl_generator_cExport-noconfig.cmake
[3.764s] -- Installing: /home/ivan/work/Ros_Rep/ros2_ws/install/custom_interfaces/share/custom_interfaces/cmake/export_custom_interfaces__rosidl_typesupport_fastrtps_cExport.cmake
[3.764s] -- Installing: /home/ivan/work/Ros_Rep/ros2_ws/install/custom_interfaces/share/custom_interfaces/cmake/export_custom_interfaces__rosidl_typesupport_fastrtps_cExport-noconfig.cmake
[3.764s] -- Installing: /home/ivan/work/Ros_Rep/ros2_ws/install/custom_interfaces/share/custom_interfaces/cmake/export_custom_interfaces__rosidl_generator_cppExport.cmake
[3.764s] -- Installing: /home/ivan/work/Ros_Rep/ros2_ws/install/custom_interfaces/share/custom_interfaces/cmake/export_custom_interfaces__rosidl_typesupport_fastrtps_cppExport.cmake
[3.765s] -- Installing: /home/ivan/work/Ros_Rep/ros2_ws/install/custom_interfaces/share/custom_interfaces/cmake/export_custom_interfaces__rosidl_typesupport_fastrtps_cppExport-noconfig.cmake
[3.765s] -- Installing: /home/ivan/work/Ros_Rep/ros2_ws/install/custom_interfaces/share/custom_interfaces/cmake/custom_interfaces__rosidl_typesupport_introspection_cExport.cmake
[3.765s] -- Installing: /home/ivan/work/Ros_Rep/ros2_ws/install/custom_interfaces/share/custom_interfaces/cmake/custom_interfaces__rosidl_typesupport_introspection_cExport-noconfig.cmake
[3.765s] -- Installing: /home/ivan/work/Ros_Rep/ros2_ws/install/custom_interfaces/share/custom_interfaces/cmake/custom_interfaces__rosidl_typesupport_cExport.cmake
[3.765s] -- Installing: /home/ivan/work/Ros_Rep/ros2_ws/install/custom_interfaces/share/custom_interfaces/cmake/custom_interfaces__rosidl_typesupport_cExport-noconfig.cmake
[3.765s] -- Installing: /home/ivan/work/Ros_Rep/ros2_ws/install/custom_interfaces/share/custom_interfaces/cmake/custom_interfaces__rosidl_typesupport_introspection_cppExport.cmake
[3.766s] -- Installing: /home/ivan/work/Ros_Rep/ros2_ws/install/custom_interfaces/share/custom_interfaces/cmake/custom_interfaces__rosidl_typesupport_introspection_cppExport-noconfig.cmake
[3.766s] -- Installing: /home/ivan/work/Ros_Rep/ros2_ws/install/custom_interfaces/share/custom_interfaces/cmake/custom_interfaces__rosidl_typesupport_cppExport.cmake
[3.766s] -- Installing: /home/ivan/work/Ros_Rep/ros2_ws/install/custom_interfaces/share/custom_interfaces/cmake/custom_interfaces__rosidl_typesupport_cppExport-noconfig.cmake
[3.766s] -- Installing: /home/ivan/work/Ros_Rep/ros2_ws/install/custom_interfaces/share/custom_interfaces/cmake/export_custom_interfaces__rosidl_generator_pyExport.cmake
[3.766s] -- Installing: /home/ivan/work/Ros_Rep/ros2_ws/install/custom_interfaces/share/custom_interfaces/cmake/export_custom_interfaces__rosidl_generator_pyExport-noconfig.cmake
[3.766s] -- Installing: /home/ivan/work/Ros_Rep/ros2_ws/install/custom_interfaces/share/custom_interfaces/cmake/rosidl_cmake-extras.cmake
[3.767s] -- Installing: /home/ivan/work/Ros_Rep/ros2_ws/install/custom_interfaces/share/custom_interfaces/cmake/ament_cmake_export_include_directories-extras.cmake
[3.767s] -- Installing: /home/ivan/work/Ros_Rep/ros2_ws/install/custom_interfaces/share/custom_interfaces/cmake/ament_cmake_export_libraries-extras.cmake
[3.767s] -- Installing: /home/ivan/work/Ros_Rep/ros2_ws/install/custom_interfaces/share/custom_interfaces/cmake/ament_cmake_export_targets-extras.cmake
[3.767s] -- Installing: /home/ivan/work/Ros_Rep/ros2_ws/install/custom_interfaces/share/custom_interfaces/cmake/rosidl_cmake_export_typesupport_targets-extras.cmake
[3.767s] -- Installing: /home/ivan/work/Ros_Rep/ros2_ws/install/custom_interfaces/share/custom_interfaces/cmake/ament_cmake_export_dependencies-extras.cmake
[3.767s] -- Installing: /home/ivan/work/Ros_Rep/ros2_ws/install/custom_interfaces/share/custom_interfaces/cmake/rosidl_cmake_export_typesupport_libraries-extras.cmake
[3.768s] -- Installing: /home/ivan/work/Ros_Rep/ros2_ws/install/custom_interfaces/share/custom_interfaces/cmake/custom_interfacesConfig.cmake
[3.768s] -- Installing: /home/ivan/work/Ros_Rep/ros2_ws/install/custom_interfaces/share/custom_interfaces/cmake/custom_interfacesConfig-version.cmake
[3.768s] -- Installing: /home/ivan/work/Ros_Rep/ros2_ws/install/custom_interfaces/share/custom_interfaces/package.xml
[3.771s] Invoked command in '/home/ivan/work/Ros_Rep/ros2_ws/build/custom_interfaces' returned '0': CMAKE_PREFIX_PATH=/home/ivan/work/Ros_Rep/ros2_ws/install/subscriber_pkg:/home/ivan/work/Ros_Rep/ros2_ws/install/publisher_pkg:/home/ivan/work/Ros_Rep/ros2_ws/install/my_package:/home/ivan/work/Ros_Rep/ros2_ws/install/exercise21_pkg:/home/ivan/work/Ros_Rep/ros2_ws/install/build_test_pkg:/opt/ros/humble /usr/bin/cmake --install /home/ivan/work/Ros_Rep/ros2_ws/build/custom_interfaces
