/home/ivan/work/Ros_Rep/ros2_ws/install/multithreading_ros2_examples/lib/python3.10/site-packages/multithreading_ros2_examples/multithreading.py
/home/ivan/work/Ros_Rep/ros2_ws/install/multithreading_ros2_examples/lib/python3.10/site-packages/multithreading_ros2_examples/multithreading_movement_server_and_calculation_server.py
/home/ivan/work/Ros_Rep/ros2_ws/install/multithreading_ros2_examples/lib/python3.10/site-packages/multithreading_ros2_examples/__init__.py
/home/ivan/work/Ros_Rep/ros2_ws/install/multithreading_ros2_examples/lib/python3.10/site-packages/multithreading_ros2_examples/multithreading_movement_server_parallel.py
/home/ivan/work/Ros_Rep/ros2_ws/install/multithreading_ros2_examples/lib/python3.10/site-packages/multithreading_ros2_examples/__pycache__/multithreading.cpython-310.pyc
/home/ivan/work/Ros_Rep/ros2_ws/install/multithreading_ros2_examples/lib/python3.10/site-packages/multithreading_ros2_examples/__pycache__/multithreading_movement_server_and_calculation_server.cpython-310.pyc
/home/ivan/work/Ros_Rep/ros2_ws/install/multithreading_ros2_examples/lib/python3.10/site-packages/multithreading_ros2_examples/__pycache__/__init__.cpython-310.pyc
/home/ivan/work/Ros_Rep/ros2_ws/install/multithreading_ros2_examples/lib/python3.10/site-packages/multithreading_ros2_examples/__pycache__/multithreading_movement_server_parallel.cpython-310.pyc
/home/ivan/work/Ros_Rep/ros2_ws/install/multithreading_ros2_examples/share/ament_index/resource_index/packages/multithreading_ros2_examples
/home/ivan/work/Ros_Rep/ros2_ws/install/multithreading_ros2_examples/share/multithreading_ros2_examples/package.xml
/home/ivan/work/Ros_Rep/ros2_ws/install/multithreading_ros2_examples/share/multithreading_ros2_examples/launch/multithreading.launch.py
/home/ivan/work/Ros_Rep/ros2_ws/install/multithreading_ros2_examples/share/multithreading_ros2_examples/launch/multithreading_movement_server_and_calculation_server.launch.py
/home/ivan/work/Ros_Rep/ros2_ws/install/multithreading_ros2_examples/share/multithreading_ros2_examples/launch/multithreading_movement_server_parallel.launch.py
/home/ivan/work/Ros_Rep/ros2_ws/install/multithreading_ros2_examples/lib/python3.10/site-packages/multithreading_ros2_examples-0.0.0-py3.10.egg-info/zip-safe
/home/ivan/work/Ros_Rep/ros2_ws/install/multithreading_ros2_examples/lib/python3.10/site-packages/multithreading_ros2_examples-0.0.0-py3.10.egg-info/PKG-INFO
/home/ivan/work/Ros_Rep/ros2_ws/install/multithreading_ros2_examples/lib/python3.10/site-packages/multithreading_ros2_examples-0.0.0-py3.10.egg-info/dependency_links.txt
/home/ivan/work/Ros_Rep/ros2_ws/install/multithreading_ros2_examples/lib/python3.10/site-packages/multithreading_ros2_examples-0.0.0-py3.10.egg-info/requires.txt
/home/ivan/work/Ros_Rep/ros2_ws/install/multithreading_ros2_examples/lib/python3.10/site-packages/multithreading_ros2_examples-0.0.0-py3.10.egg-info/top_level.txt
/home/ivan/work/Ros_Rep/ros2_ws/install/multithreading_ros2_examples/lib/python3.10/site-packages/multithreading_ros2_examples-0.0.0-py3.10.egg-info/entry_points.txt
/home/ivan/work/Ros_Rep/ros2_ws/install/multithreading_ros2_examples/lib/python3.10/site-packages/multithreading_ros2_examples-0.0.0-py3.10.egg-info/SOURCES.txt
/home/ivan/work/Ros_Rep/ros2_ws/install/multithreading_ros2_examples/lib/multithreading_ros2_examples/multithreading
/home/ivan/work/Ros_Rep/ros2_ws/install/multithreading_ros2_examples/lib/multithreading_ros2_examples/multithreading_movement_server_and_calculation_server
/home/ivan/work/Ros_Rep/ros2_ws/install/multithreading_ros2_examples/lib/multithreading_ros2_examples/multithreading_movement_server_parallel
