[0.520s] Invoking command in '/home/ivan/work/Ros_Rep/ros2_ws/src/example26_pkg': LD_LIBRARY_PATH=/home/ivan/work/Ros_Rep/ros2_ws/install/custom_interfaces/lib:/usr/lib/x86_64-linux-gnu/gazebo-11/plugins:/opt/ros/humble/opt/rviz_ogre_vendor/lib:/opt/ros/humble/lib/x86_64-linux-gnu:/opt/ros/humble/lib:/usr/share/gazebo/../../lib/x86_64-linux-gnu/gazebo-11/plugins:/usr/share/gazebo/../../lib/x86_64-linux-gnu/gazebo-11/plugins:/usr/share/gazebo/../../lib/x86_64-linux-gnu/gazebo-11/plugins PYTHONPATH=/home/ivan/work/Ros_Rep/ros2_ws/build/example26_pkg/prefix_override:/usr/lib/python3/dist-packages/colcon_core/task/python/colcon_distutils_commands:/home/ivan/work/Ros_Rep/ros2_ws/install/example26_pkg/lib/python3.10/site-packages:${PYTHONPATH} /usr/bin/python3 -W ignore:setup.py install is deprecated setup.py egg_info --egg-base ../../build/example26_pkg build --build-base /home/ivan/work/Ros_Rep/ros2_ws/build/example26_pkg/build install --record /home/ivan/work/Ros_Rep/ros2_ws/build/example26_pkg/install.log --single-version-externally-managed install_data
[0.626s] /home/ivan/.local/lib/python3.10/site-packages/setuptools/_distutils/dist.py:270: UserWarning: Unknown distribution option: 'tests_require'
[0.626s]   warnings.warn(msg)
[0.679s] running egg_info
[0.687s] creating ../../build/example26_pkg/example26_pkg.egg-info
[0.687s] writing ../../build/example26_pkg/example26_pkg.egg-info/PKG-INFO
[0.687s] writing dependency_links to ../../build/example26_pkg/example26_pkg.egg-info/dependency_links.txt
[0.688s] writing requirements to ../../build/example26_pkg/example26_pkg.egg-info/requires.txt
[0.688s] writing top-level names to ../../build/example26_pkg/example26_pkg.egg-info/top_level.txt
[0.688s] writing manifest file '../../build/example26_pkg/example26_pkg.egg-info/SOURCES.txt'
[0.704s] reading manifest file '../../build/example26_pkg/example26_pkg.egg-info/SOURCES.txt'
[0.705s] writing manifest file '../../build/example26_pkg/example26_pkg.egg-info/SOURCES.txt'
[0.705s] running build
[0.705s] running build_py
[0.705s] creating /home/ivan/work/Ros_Rep/ros2_ws/build/example26_pkg/build/lib/example26_pkg
[0.705s] copying example26_pkg/__init__.py -> /home/ivan/work/Ros_Rep/ros2_ws/build/example26_pkg/build/lib/example26_pkg
[0.706s] running install
[0.708s] running install_lib
[0.717s] creating /home/ivan/work/Ros_Rep/ros2_ws/install/example26_pkg/lib/python3.10/site-packages/example26_pkg
[0.717s] copying /home/ivan/work/Ros_Rep/ros2_ws/build/example26_pkg/build/lib/example26_pkg/__init__.py -> /home/ivan/work/Ros_Rep/ros2_ws/install/example26_pkg/lib/python3.10/site-packages/example26_pkg
[0.717s] byte-compiling /home/ivan/work/Ros_Rep/ros2_ws/install/example26_pkg/lib/python3.10/site-packages/example26_pkg/__init__.py to __init__.cpython-310.pyc
[0.718s] running install_data
[0.718s] creating /home/ivan/work/Ros_Rep/ros2_ws/install/example26_pkg/share/ament_index/resource_index/packages
[0.718s] copying resource/example26_pkg -> /home/ivan/work/Ros_Rep/ros2_ws/install/example26_pkg/share/ament_index/resource_index/packages
[0.718s] copying package.xml -> /home/ivan/work/Ros_Rep/ros2_ws/install/example26_pkg/share/example26_pkg
[0.718s] running install_egg_info
[0.728s] Copying ../../build/example26_pkg/example26_pkg.egg-info to /home/ivan/work/Ros_Rep/ros2_ws/install/example26_pkg/lib/python3.10/site-packages/example26_pkg-0.0.0-py3.10.egg-info
[0.728s] running install_scripts
[0.806s] writing list of installed files to '/home/ivan/work/Ros_Rep/ros2_ws/build/example26_pkg/install.log'
[0.822s] Invoked command in '/home/ivan/work/Ros_Rep/ros2_ws/src/example26_pkg' returned '0': LD_LIBRARY_PATH=/home/ivan/work/Ros_Rep/ros2_ws/install/custom_interfaces/lib:/usr/lib/x86_64-linux-gnu/gazebo-11/plugins:/opt/ros/humble/opt/rviz_ogre_vendor/lib:/opt/ros/humble/lib/x86_64-linux-gnu:/opt/ros/humble/lib:/usr/share/gazebo/../../lib/x86_64-linux-gnu/gazebo-11/plugins:/usr/share/gazebo/../../lib/x86_64-linux-gnu/gazebo-11/plugins:/usr/share/gazebo/../../lib/x86_64-linux-gnu/gazebo-11/plugins PYTHONPATH=/home/ivan/work/Ros_Rep/ros2_ws/build/example26_pkg/prefix_override:/usr/lib/python3/dist-packages/colcon_core/task/python/colcon_distutils_commands:/home/ivan/work/Ros_Rep/ros2_ws/install/example26_pkg/lib/python3.10/site-packages:${PYTHONPATH} /usr/bin/python3 -W ignore:setup.py install is deprecated setup.py egg_info --egg-base ../../build/example26_pkg build --build-base /home/ivan/work/Ros_Rep/ros2_ws/build/example26_pkg/build install --record /home/ivan/work/Ros_Rep/ros2_ws/build/example26_pkg/install.log --single-version-externally-managed install_data
