running egg_info
creating ../../build/example_3_4_pkg/example_3_4_pkg.egg-info
writing ../../build/example_3_4_pkg/example_3_4_pkg.egg-info/PKG-INFO
writing dependency_links to ../../build/example_3_4_pkg/example_3_4_pkg.egg-info/dependency_links.txt
writing entry points to ../../build/example_3_4_pkg/example_3_4_pkg.egg-info/entry_points.txt
writing requirements to ../../build/example_3_4_pkg/example_3_4_pkg.egg-info/requires.txt
writing top-level names to ../../build/example_3_4_pkg/example_3_4_pkg.egg-info/top_level.txt
writing manifest file '../../build/example_3_4_pkg/example_3_4_pkg.egg-info/SOURCES.txt'
reading manifest file '../../build/example_3_4_pkg/example_3_4_pkg.egg-info/SOURCES.txt'
writing manifest file '../../build/example_3_4_pkg/example_3_4_pkg.egg-info/SOURCES.txt'
running build
running build_py
creating /home/ivan/work/Ros_Rep/ros2_ws/build/example_3_4_pkg/build/lib/example_3_4_pkg
copying example_3_4_pkg/__init__.py -> /home/ivan/work/Ros_Rep/ros2_ws/build/example_3_4_pkg/build/lib/example_3_4_pkg
copying example_3_4_pkg/callback_groups_examples.py -> /home/ivan/work/Ros_Rep/ros2_ws/build/example_3_4_pkg/build/lib/example_3_4_pkg
running install
running install_lib
creating /home/ivan/work/Ros_Rep/ros2_ws/install/example_3_4_pkg/lib/python3.10/site-packages/example_3_4_pkg
copying /home/ivan/work/Ros_Rep/ros2_ws/build/example_3_4_pkg/build/lib/example_3_4_pkg/__init__.py -> /home/ivan/work/Ros_Rep/ros2_ws/install/example_3_4_pkg/lib/python3.10/site-packages/example_3_4_pkg
copying /home/ivan/work/Ros_Rep/ros2_ws/build/example_3_4_pkg/build/lib/example_3_4_pkg/callback_groups_examples.py -> /home/ivan/work/Ros_Rep/ros2_ws/install/example_3_4_pkg/lib/python3.10/site-packages/example_3_4_pkg
byte-compiling /home/ivan/work/Ros_Rep/ros2_ws/install/example_3_4_pkg/lib/python3.10/site-packages/example_3_4_pkg/__init__.py to __init__.cpython-310.pyc
byte-compiling /home/ivan/work/Ros_Rep/ros2_ws/install/example_3_4_pkg/lib/python3.10/site-packages/example_3_4_pkg/callback_groups_examples.py to callback_groups_examples.cpython-310.pyc
running install_data
creating /home/ivan/work/Ros_Rep/ros2_ws/install/example_3_4_pkg/share/ament_index/resource_index/packages
copying resource/example_3_4_pkg -> /home/ivan/work/Ros_Rep/ros2_ws/install/example_3_4_pkg/share/ament_index/resource_index/packages
copying package.xml -> /home/ivan/work/Ros_Rep/ros2_ws/install/example_3_4_pkg/share/example_3_4_pkg
running install_egg_info
Copying ../../build/example_3_4_pkg/example_3_4_pkg.egg-info to /home/ivan/work/Ros_Rep/ros2_ws/install/example_3_4_pkg/lib/python3.10/site-packages/example_3_4_pkg-0.0.0-py3.10.egg-info
running install_scripts
Installing mutualexclusive_demo_fun script to /home/ivan/work/Ros_Rep/ros2_ws/install/example_3_4_pkg/lib/example_3_4_pkg
writing list of installed files to '/home/ivan/work/Ros_Rep/ros2_ws/build/example_3_4_pkg/install.log'
