[0.491s] Invoking command in '/home/ivan/work/Ros_Rep/ros2_ws/src/multithreading_ros2_examples': PYTHONPATH=/home/ivan/work/Ros_Rep/ros2_ws/build/multithreading_ros2_examples/prefix_override:/usr/lib/python3/dist-packages/colcon_core/task/python/colcon_distutils_commands:/home/ivan/work/Ros_Rep/ros2_ws/install/multithreading_ros2_examples/lib/python3.10/site-packages:${PYTHONPATH} /usr/bin/python3 -W ignore:setup.py install is deprecated setup.py egg_info --egg-base ../../build/multithreading_ros2_examples build --build-base /home/ivan/work/Ros_Rep/ros2_ws/build/multithreading_ros2_examples/build install --record /home/ivan/work/Ros_Rep/ros2_ws/build/multithreading_ros2_examples/install.log --single-version-externally-managed install_data
[0.661s] running egg_info
[0.670s] creating ../../build/multithreading_ros2_examples/multithreading_ros2_examples.egg-info
[0.670s] writing ../../build/multithreading_ros2_examples/multithreading_ros2_examples.egg-info/PKG-INFO
[0.671s] writing dependency_links to ../../build/multithreading_ros2_examples/multithreading_ros2_examples.egg-info/dependency_links.txt
[0.671s] writing entry points to ../../build/multithreading_ros2_examples/multithreading_ros2_examples.egg-info/entry_points.txt
[0.671s] writing requirements to ../../build/multithreading_ros2_examples/multithreading_ros2_examples.egg-info/requires.txt
[0.671s] writing top-level names to ../../build/multithreading_ros2_examples/multithreading_ros2_examples.egg-info/top_level.txt
[0.671s] writing manifest file '../../build/multithreading_ros2_examples/multithreading_ros2_examples.egg-info/SOURCES.txt'
[0.690s] reading manifest file '../../build/multithreading_ros2_examples/multithreading_ros2_examples.egg-info/SOURCES.txt'
[0.690s] writing manifest file '../../build/multithreading_ros2_examples/multithreading_ros2_examples.egg-info/SOURCES.txt'
[0.690s] running build
[0.690s] running build_py
[0.691s] creating /home/ivan/work/Ros_Rep/ros2_ws/build/multithreading_ros2_examples/build/lib/multithreading_ros2_examples
[0.691s] copying multithreading_ros2_examples/multithreading.py -> /home/ivan/work/Ros_Rep/ros2_ws/build/multithreading_ros2_examples/build/lib/multithreading_ros2_examples
[0.691s] copying multithreading_ros2_examples/__init__.py -> /home/ivan/work/Ros_Rep/ros2_ws/build/multithreading_ros2_examples/build/lib/multithreading_ros2_examples
[0.691s] running install
[0.694s] running install_lib
[0.703s] creating /home/ivan/work/Ros_Rep/ros2_ws/install/multithreading_ros2_examples/lib/python3.10/site-packages/multithreading_ros2_examples
[0.703s] copying /home/ivan/work/Ros_Rep/ros2_ws/build/multithreading_ros2_examples/build/lib/multithreading_ros2_examples/multithreading.py -> /home/ivan/work/Ros_Rep/ros2_ws/install/multithreading_ros2_examples/lib/python3.10/site-packages/multithreading_ros2_examples
[0.703s] copying /home/ivan/work/Ros_Rep/ros2_ws/build/multithreading_ros2_examples/build/lib/multithreading_ros2_examples/__init__.py -> /home/ivan/work/Ros_Rep/ros2_ws/install/multithreading_ros2_examples/lib/python3.10/site-packages/multithreading_ros2_examples
[0.704s] byte-compiling /home/ivan/work/Ros_Rep/ros2_ws/install/multithreading_ros2_examples/lib/python3.10/site-packages/multithreading_ros2_examples/multithreading.py to multithreading.cpython-310.pyc
[0.704s] byte-compiling /home/ivan/work/Ros_Rep/ros2_ws/install/multithreading_ros2_examples/lib/python3.10/site-packages/multithreading_ros2_examples/__init__.py to __init__.cpython-310.pyc
[0.704s] running install_data
[0.705s] creating /home/ivan/work/Ros_Rep/ros2_ws/install/multithreading_ros2_examples/share/ament_index/resource_index/packages
[0.705s] copying resource/multithreading_ros2_examples -> /home/ivan/work/Ros_Rep/ros2_ws/install/multithreading_ros2_examples/share/ament_index/resource_index/packages
[0.705s] copying package.xml -> /home/ivan/work/Ros_Rep/ros2_ws/install/multithreading_ros2_examples/share/multithreading_ros2_examples
[0.705s] creating /home/ivan/work/Ros_Rep/ros2_ws/install/multithreading_ros2_examples/share/multithreading_ros2_examples/launch
[0.705s] copying launch/multithreading.launch.py -> /home/ivan/work/Ros_Rep/ros2_ws/install/multithreading_ros2_examples/share/multithreading_ros2_examples/launch
[0.705s] running install_egg_info
[0.715s] Copying ../../build/multithreading_ros2_examples/multithreading_ros2_examples.egg-info to /home/ivan/work/Ros_Rep/ros2_ws/install/multithreading_ros2_examples/lib/python3.10/site-packages/multithreading_ros2_examples-0.0.0-py3.10.egg-info
[0.716s] running install_scripts
[0.797s] Installing multithreading script to /home/ivan/work/Ros_Rep/ros2_ws/install/multithreading_ros2_examples/lib/multithreading_ros2_examples
[0.798s] writing list of installed files to '/home/ivan/work/Ros_Rep/ros2_ws/build/multithreading_ros2_examples/install.log'
[0.816s] Invoked command in '/home/ivan/work/Ros_Rep/ros2_ws/src/multithreading_ros2_examples' returned '0': PYTHONPATH=/home/ivan/work/Ros_Rep/ros2_ws/build/multithreading_ros2_examples/prefix_override:/usr/lib/python3/dist-packages/colcon_core/task/python/colcon_distutils_commands:/home/ivan/work/Ros_Rep/ros2_ws/install/multithreading_ros2_examples/lib/python3.10/site-packages:${PYTHONPATH} /usr/bin/python3 -W ignore:setup.py install is deprecated setup.py egg_info --egg-base ../../build/multithreading_ros2_examples build --build-base /home/ivan/work/Ros_Rep/ros2_ws/build/multithreading_ros2_examples/build install --record /home/ivan/work/Ros_Rep/ros2_ws/build/multithreading_ros2_examples/install.log --single-version-externally-managed install_data
