[0.085s] DEBUG:colcon:Command line arguments: ['/usr/bin/colcon', 'build', '--packages-select', 'custom_interfaces']
[0.086s] DEBUG:colcon:Parsed command line arguments: Namespace(log_base=None, log_level=None, verb_name='build', build_base='build', install_base='install', merge_install=False, symlink_install=False, test_result_base=None, continue_on_error=False, executor='parallel', parallel_workers=16, event_handlers=None, ignore_user_meta=False, metas=['./colcon.meta'], base_paths=['.'], packages_ignore=None, packages_ignore_regex=None, paths=None, packages_up_to=None, packages_up_to_regex=None, packages_above=None, packages_above_and_dependencies=None, packages_above_depth=None, packages_select_by_dep=None, packages_skip_by_dep=None, packages_skip_up_to=None, packages_select_build_failed=False, packages_skip_build_finished=False, packages_select_test_failures=False, packages_skip_test_passed=False, packages_select=['custom_interfaces'], packages_skip=None, packages_select_regex=None, packages_skip_regex=None, packages_start=None, packages_end=None, allow_overriding=[], cmake_args=None, cmake_target=None, cmake_target_skip_unavailable=False, cmake_clean_cache=False, cmake_clean_first=False, cmake_force_configure=False, ament_cmake_args=None, catkin_cmake_args=None, catkin_skip_building_tests=False, mixin_files=None, mixin=None, verb_parser=<colcon_mixin.mixin.mixin_argument.MixinArgumentDecorator object at 0x7a3598b5e980>, verb_extension=<colcon_core.verb.build.BuildVerb object at 0x7a3598ccbfd0>, main=<bound method BuildVerb.main of <colcon_core.verb.build.BuildVerb object at 0x7a3598ccbfd0>>, mixin_verb=('build',))
[0.116s] Level 1:colcon.colcon_core.package_discovery:discover_packages(colcon_meta) check parameters
[0.116s] Level 1:colcon.colcon_core.package_discovery:discover_packages(recursive) check parameters
[0.116s] Level 1:colcon.colcon_core.package_discovery:discover_packages(ignore) check parameters
[0.116s] Level 1:colcon.colcon_core.package_discovery:discover_packages(path) check parameters
[0.116s] Level 1:colcon.colcon_core.package_discovery:discover_packages(colcon_meta) discover
[0.116s] Level 1:colcon.colcon_core.package_discovery:discover_packages(recursive) discover
[0.117s] INFO:colcon.colcon_core.package_discovery:Crawling recursively for packages in '/home/ivan/work/Ros_Rep/ros2_ws'
[0.117s] Level 1:colcon.colcon_core.package_identification:_identify(.) by extensions ['ignore', 'ignore_ament_install']
[0.117s] Level 1:colcon.colcon_core.package_identification:_identify(.) by extension 'ignore'
[0.117s] Level 1:colcon.colcon_core.package_identification:_identify(.) by extension 'ignore_ament_install'
[0.117s] Level 1:colcon.colcon_core.package_identification:_identify(.) by extensions ['colcon_pkg']
[0.117s] Level 1:colcon.colcon_core.package_identification:_identify(.) by extension 'colcon_pkg'
[0.117s] Level 1:colcon.colcon_core.package_identification:_identify(.) by extensions ['colcon_meta']
[0.117s] Level 1:colcon.colcon_core.package_identification:_identify(.) by extension 'colcon_meta'
[0.117s] Level 1:colcon.colcon_core.package_identification:_identify(.) by extensions ['ros']
[0.117s] Level 1:colcon.colcon_core.package_identification:_identify(.) by extension 'ros'
[0.128s] Level 1:colcon.colcon_core.package_identification:_identify(.) by extensions ['cmake', 'python']
[0.128s] Level 1:colcon.colcon_core.package_identification:_identify(.) by extension 'cmake'
[0.128s] Level 1:colcon.colcon_core.package_identification:_identify(.) by extension 'python'
[0.128s] Level 1:colcon.colcon_core.package_identification:_identify(.) by extensions ['python_setup_py']
[0.128s] Level 1:colcon.colcon_core.package_identification:_identify(.) by extension 'python_setup_py'
[0.128s] Level 1:colcon.colcon_core.package_identification:_identify(build) by extensions ['ignore', 'ignore_ament_install']
[0.129s] Level 1:colcon.colcon_core.package_identification:_identify(build) by extension 'ignore'
[0.129s] Level 1:colcon.colcon_core.package_identification:_identify(build) ignored
[0.129s] Level 1:colcon.colcon_core.package_identification:_identify(install) by extensions ['ignore', 'ignore_ament_install']
[0.129s] Level 1:colcon.colcon_core.package_identification:_identify(install) by extension 'ignore'
[0.129s] Level 1:colcon.colcon_core.package_identification:_identify(install) ignored
[0.129s] Level 1:colcon.colcon_core.package_identification:_identify(log) by extensions ['ignore', 'ignore_ament_install']
[0.129s] Level 1:colcon.colcon_core.package_identification:_identify(log) by extension 'ignore'
[0.129s] Level 1:colcon.colcon_core.package_identification:_identify(log) ignored
[0.129s] Level 1:colcon.colcon_core.package_identification:_identify(src) by extensions ['ignore', 'ignore_ament_install']
[0.129s] Level 1:colcon.colcon_core.package_identification:_identify(src) by extension 'ignore'
[0.129s] Level 1:colcon.colcon_core.package_identification:_identify(src) by extension 'ignore_ament_install'
[0.129s] Level 1:colcon.colcon_core.package_identification:_identify(src) by extensions ['colcon_pkg']
[0.129s] Level 1:colcon.colcon_core.package_identification:_identify(src) by extension 'colcon_pkg'
[0.129s] Level 1:colcon.colcon_core.package_identification:_identify(src) by extensions ['colcon_meta']
[0.129s] Level 1:colcon.colcon_core.package_identification:_identify(src) by extension 'colcon_meta'
[0.129s] Level 1:colcon.colcon_core.package_identification:_identify(src) by extensions ['ros']
[0.129s] Level 1:colcon.colcon_core.package_identification:_identify(src) by extension 'ros'
[0.129s] Level 1:colcon.colcon_core.package_identification:_identify(src) by extensions ['cmake', 'python']
[0.129s] Level 1:colcon.colcon_core.package_identification:_identify(src) by extension 'cmake'
[0.129s] Level 1:colcon.colcon_core.package_identification:_identify(src) by extension 'python'
[0.129s] Level 1:colcon.colcon_core.package_identification:_identify(src) by extensions ['python_setup_py']
[0.129s] Level 1:colcon.colcon_core.package_identification:_identify(src) by extension 'python_setup_py'
[0.129s] Level 1:colcon.colcon_core.package_identification:_identify(src/action_msg) by extensions ['ignore', 'ignore_ament_install']
[0.129s] Level 1:colcon.colcon_core.package_identification:_identify(src/action_msg) by extension 'ignore'
[0.129s] Level 1:colcon.colcon_core.package_identification:_identify(src/action_msg) by extension 'ignore_ament_install'
[0.130s] Level 1:colcon.colcon_core.package_identification:_identify(src/action_msg) by extensions ['colcon_pkg']
[0.130s] Level 1:colcon.colcon_core.package_identification:_identify(src/action_msg) by extension 'colcon_pkg'
[0.130s] Level 1:colcon.colcon_core.package_identification:_identify(src/action_msg) by extensions ['colcon_meta']
[0.130s] Level 1:colcon.colcon_core.package_identification:_identify(src/action_msg) by extension 'colcon_meta'
[0.130s] Level 1:colcon.colcon_core.package_identification:_identify(src/action_msg) by extensions ['ros']
[0.130s] Level 1:colcon.colcon_core.package_identification:_identify(src/action_msg) by extension 'ros'
[0.132s] DEBUG:colcon.colcon_core.package_identification:Package 'src/action_msg' with type 'ros.ament_cmake' and name 'action_msg'
[0.132s] Level 1:colcon.colcon_core.package_identification:_identify(src/build_test_pkg) by extensions ['ignore', 'ignore_ament_install']
[0.132s] Level 1:colcon.colcon_core.package_identification:_identify(src/build_test_pkg) by extension 'ignore'
[0.132s] Level 1:colcon.colcon_core.package_identification:_identify(src/build_test_pkg) by extension 'ignore_ament_install'
[0.132s] Level 1:colcon.colcon_core.package_identification:_identify(src/build_test_pkg) by extensions ['colcon_pkg']
[0.132s] Level 1:colcon.colcon_core.package_identification:_identify(src/build_test_pkg) by extension 'colcon_pkg'
[0.132s] Level 1:colcon.colcon_core.package_identification:_identify(src/build_test_pkg) by extensions ['colcon_meta']
[0.132s] Level 1:colcon.colcon_core.package_identification:_identify(src/build_test_pkg) by extension 'colcon_meta'
[0.132s] Level 1:colcon.colcon_core.package_identification:_identify(src/build_test_pkg) by extensions ['ros']
[0.132s] Level 1:colcon.colcon_core.package_identification:_identify(src/build_test_pkg) by extension 'ros'
[0.132s] DEBUG:colcon.colcon_core.package_identification:Package 'src/build_test_pkg' with type 'ros.ament_python' and name 'build_test_pkg'
[0.132s] Level 1:colcon.colcon_core.package_identification:_identify(src/client_pkg) by extensions ['ignore', 'ignore_ament_install']
[0.132s] Level 1:colcon.colcon_core.package_identification:_identify(src/client_pkg) by extension 'ignore'
[0.133s] Level 1:colcon.colcon_core.package_identification:_identify(src/client_pkg) by extension 'ignore_ament_install'
[0.133s] Level 1:colcon.colcon_core.package_identification:_identify(src/client_pkg) by extensions ['colcon_pkg']
[0.133s] Level 1:colcon.colcon_core.package_identification:_identify(src/client_pkg) by extension 'colcon_pkg'
[0.133s] Level 1:colcon.colcon_core.package_identification:_identify(src/client_pkg) by extensions ['colcon_meta']
[0.133s] Level 1:colcon.colcon_core.package_identification:_identify(src/client_pkg) by extension 'colcon_meta'
[0.133s] Level 1:colcon.colcon_core.package_identification:_identify(src/client_pkg) by extensions ['ros']
[0.133s] Level 1:colcon.colcon_core.package_identification:_identify(src/client_pkg) by extension 'ros'
[0.133s] DEBUG:colcon.colcon_core.package_identification:Package 'src/client_pkg' with type 'ros.ament_python' and name 'client_pkg'
[0.133s] Level 1:colcon.colcon_core.package_identification:_identify(src/custom_interfaces) by extensions ['ignore', 'ignore_ament_install']
[0.133s] Level 1:colcon.colcon_core.package_identification:_identify(src/custom_interfaces) by extension 'ignore'
[0.133s] Level 1:colcon.colcon_core.package_identification:_identify(src/custom_interfaces) by extension 'ignore_ament_install'
[0.133s] Level 1:colcon.colcon_core.package_identification:_identify(src/custom_interfaces) by extensions ['colcon_pkg']
[0.133s] Level 1:colcon.colcon_core.package_identification:_identify(src/custom_interfaces) by extension 'colcon_pkg'
[0.133s] Level 1:colcon.colcon_core.package_identification:_identify(src/custom_interfaces) by extensions ['colcon_meta']
[0.133s] Level 1:colcon.colcon_core.package_identification:_identify(src/custom_interfaces) by extension 'colcon_meta'
[0.133s] Level 1:colcon.colcon_core.package_identification:_identify(src/custom_interfaces) by extensions ['ros']
[0.133s] Level 1:colcon.colcon_core.package_identification:_identify(src/custom_interfaces) by extension 'ros'
[0.134s] DEBUG:colcon.colcon_core.package_identification:Package 'src/custom_interfaces' with type 'ros.ament_cmake' and name 'custom_interfaces'
[0.134s] Level 1:colcon.colcon_core.package_identification:_identify(src/dds_tests_pkg) by extensions ['ignore', 'ignore_ament_install']
[0.134s] Level 1:colcon.colcon_core.package_identification:_identify(src/dds_tests_pkg) by extension 'ignore'
[0.134s] Level 1:colcon.colcon_core.package_identification:_identify(src/dds_tests_pkg) by extension 'ignore_ament_install'
[0.134s] Level 1:colcon.colcon_core.package_identification:_identify(src/dds_tests_pkg) by extensions ['colcon_pkg']
[0.134s] Level 1:colcon.colcon_core.package_identification:_identify(src/dds_tests_pkg) by extension 'colcon_pkg'
[0.134s] Level 1:colcon.colcon_core.package_identification:_identify(src/dds_tests_pkg) by extensions ['colcon_meta']
[0.134s] Level 1:colcon.colcon_core.package_identification:_identify(src/dds_tests_pkg) by extension 'colcon_meta'
[0.134s] Level 1:colcon.colcon_core.package_identification:_identify(src/dds_tests_pkg) by extensions ['ros']
[0.134s] Level 1:colcon.colcon_core.package_identification:_identify(src/dds_tests_pkg) by extension 'ros'
[0.134s] DEBUG:colcon.colcon_core.package_identification:Package 'src/dds_tests_pkg' with type 'ros.ament_python' and name 'dds_tests_pkg'
[0.135s] Level 1:colcon.colcon_core.package_identification:_identify(src/example26_pkg) by extensions ['ignore', 'ignore_ament_install']
[0.135s] Level 1:colcon.colcon_core.package_identification:_identify(src/example26_pkg) by extension 'ignore'
[0.135s] Level 1:colcon.colcon_core.package_identification:_identify(src/example26_pkg) by extension 'ignore_ament_install'
[0.135s] Level 1:colcon.colcon_core.package_identification:_identify(src/example26_pkg) by extensions ['colcon_pkg']
[0.135s] Level 1:colcon.colcon_core.package_identification:_identify(src/example26_pkg) by extension 'colcon_pkg'
[0.135s] Level 1:colcon.colcon_core.package_identification:_identify(src/example26_pkg) by extensions ['colcon_meta']
[0.135s] Level 1:colcon.colcon_core.package_identification:_identify(src/example26_pkg) by extension 'colcon_meta'
[0.135s] Level 1:colcon.colcon_core.package_identification:_identify(src/example26_pkg) by extensions ['ros']
[0.135s] Level 1:colcon.colcon_core.package_identification:_identify(src/example26_pkg) by extension 'ros'
[0.135s] DEBUG:colcon.colcon_core.package_identification:Package 'src/example26_pkg' with type 'ros.ament_python' and name 'example26_pkg'
[0.135s] Level 1:colcon.colcon_core.package_identification:_identify(src/example28_pkg) by extensions ['ignore', 'ignore_ament_install']
[0.135s] Level 1:colcon.colcon_core.package_identification:_identify(src/example28_pkg) by extension 'ignore'
[0.135s] Level 1:colcon.colcon_core.package_identification:_identify(src/example28_pkg) by extension 'ignore_ament_install'
[0.135s] Level 1:colcon.colcon_core.package_identification:_identify(src/example28_pkg) by extensions ['colcon_pkg']
[0.135s] Level 1:colcon.colcon_core.package_identification:_identify(src/example28_pkg) by extension 'colcon_pkg'
[0.135s] Level 1:colcon.colcon_core.package_identification:_identify(src/example28_pkg) by extensions ['colcon_meta']
[0.135s] Level 1:colcon.colcon_core.package_identification:_identify(src/example28_pkg) by extension 'colcon_meta'
[0.136s] Level 1:colcon.colcon_core.package_identification:_identify(src/example28_pkg) by extensions ['ros']
[0.136s] Level 1:colcon.colcon_core.package_identification:_identify(src/example28_pkg) by extension 'ros'
[0.136s] DEBUG:colcon.colcon_core.package_identification:Package 'src/example28_pkg' with type 'ros.ament_python' and name 'example28_pkg'
[0.136s] Level 1:colcon.colcon_core.package_identification:_identify(src/example_3_4_pkg) by extensions ['ignore', 'ignore_ament_install']
[0.136s] Level 1:colcon.colcon_core.package_identification:_identify(src/example_3_4_pkg) by extension 'ignore'
[0.136s] Level 1:colcon.colcon_core.package_identification:_identify(src/example_3_4_pkg) by extension 'ignore_ament_install'
[0.136s] Level 1:colcon.colcon_core.package_identification:_identify(src/example_3_4_pkg) by extensions ['colcon_pkg']
[0.136s] Level 1:colcon.colcon_core.package_identification:_identify(src/example_3_4_pkg) by extension 'colcon_pkg'
[0.136s] Level 1:colcon.colcon_core.package_identification:_identify(src/example_3_4_pkg) by extensions ['colcon_meta']
[0.136s] Level 1:colcon.colcon_core.package_identification:_identify(src/example_3_4_pkg) by extension 'colcon_meta'
[0.136s] Level 1:colcon.colcon_core.package_identification:_identify(src/example_3_4_pkg) by extensions ['ros']
[0.136s] Level 1:colcon.colcon_core.package_identification:_identify(src/example_3_4_pkg) by extension 'ros'
[0.137s] DEBUG:colcon.colcon_core.package_identification:Package 'src/example_3_4_pkg' with type 'ros.ament_python' and name 'example_3_4_pkg'
[0.137s] Level 1:colcon.colcon_core.package_identification:_identify(src/exercise21_pkg) by extensions ['ignore', 'ignore_ament_install']
[0.137s] Level 1:colcon.colcon_core.package_identification:_identify(src/exercise21_pkg) by extension 'ignore'
[0.137s] Level 1:colcon.colcon_core.package_identification:_identify(src/exercise21_pkg) by extension 'ignore_ament_install'
[0.137s] Level 1:colcon.colcon_core.package_identification:_identify(src/exercise21_pkg) by extensions ['colcon_pkg']
[0.137s] Level 1:colcon.colcon_core.package_identification:_identify(src/exercise21_pkg) by extension 'colcon_pkg'
[0.137s] Level 1:colcon.colcon_core.package_identification:_identify(src/exercise21_pkg) by extensions ['colcon_meta']
[0.137s] Level 1:colcon.colcon_core.package_identification:_identify(src/exercise21_pkg) by extension 'colcon_meta'
[0.137s] Level 1:colcon.colcon_core.package_identification:_identify(src/exercise21_pkg) by extensions ['ros']
[0.137s] Level 1:colcon.colcon_core.package_identification:_identify(src/exercise21_pkg) by extension 'ros'
[0.137s] DEBUG:colcon.colcon_core.package_identification:Package 'src/exercise21_pkg' with type 'ros.ament_python' and name 'exercise21_pkg'
[0.137s] Level 1:colcon.colcon_core.package_identification:_identify(src/exercise31_pkg) by extensions ['ignore', 'ignore_ament_install']
[0.137s] Level 1:colcon.colcon_core.package_identification:_identify(src/exercise31_pkg) by extension 'ignore'
[0.137s] Level 1:colcon.colcon_core.package_identification:_identify(src/exercise31_pkg) by extension 'ignore_ament_install'
[0.137s] Level 1:colcon.colcon_core.package_identification:_identify(src/exercise31_pkg) by extensions ['colcon_pkg']
[0.138s] Level 1:colcon.colcon_core.package_identification:_identify(src/exercise31_pkg) by extension 'colcon_pkg'
[0.138s] Level 1:colcon.colcon_core.package_identification:_identify(src/exercise31_pkg) by extensions ['colcon_meta']
[0.138s] Level 1:colcon.colcon_core.package_identification:_identify(src/exercise31_pkg) by extension 'colcon_meta'
[0.138s] Level 1:colcon.colcon_core.package_identification:_identify(src/exercise31_pkg) by extensions ['ros']
[0.138s] Level 1:colcon.colcon_core.package_identification:_identify(src/exercise31_pkg) by extension 'ros'
[0.138s] DEBUG:colcon.colcon_core.package_identification:Package 'src/exercise31_pkg' with type 'ros.ament_python' and name 'exercise31_pkg'
[0.138s] Level 1:colcon.colcon_core.package_identification:_identify(src/exercise41_pkg) by extensions ['ignore', 'ignore_ament_install']
[0.138s] Level 1:colcon.colcon_core.package_identification:_identify(src/exercise41_pkg) by extension 'ignore'
[0.138s] Level 1:colcon.colcon_core.package_identification:_identify(src/exercise41_pkg) by extension 'ignore_ament_install'
[0.138s] Level 1:colcon.colcon_core.package_identification:_identify(src/exercise41_pkg) by extensions ['colcon_pkg']
[0.138s] Level 1:colcon.colcon_core.package_identification:_identify(src/exercise41_pkg) by extension 'colcon_pkg'
[0.138s] Level 1:colcon.colcon_core.package_identification:_identify(src/exercise41_pkg) by extensions ['colcon_meta']
[0.138s] Level 1:colcon.colcon_core.package_identification:_identify(src/exercise41_pkg) by extension 'colcon_meta'
[0.138s] Level 1:colcon.colcon_core.package_identification:_identify(src/exercise41_pkg) by extensions ['ros']
[0.138s] Level 1:colcon.colcon_core.package_identification:_identify(src/exercise41_pkg) by extension 'ros'
[0.139s] DEBUG:colcon.colcon_core.package_identification:Package 'src/exercise41_pkg' with type 'ros.ament_python' and name 'exercise41_pkg'
[0.139s] Level 1:colcon.colcon_core.package_identification:_identify(src/exercise62_pkg) by extensions ['ignore', 'ignore_ament_install']
[0.139s] Level 1:colcon.colcon_core.package_identification:_identify(src/exercise62_pkg) by extension 'ignore'
[0.139s] Level 1:colcon.colcon_core.package_identification:_identify(src/exercise62_pkg) by extension 'ignore_ament_install'
[0.139s] Level 1:colcon.colcon_core.package_identification:_identify(src/exercise62_pkg) by extensions ['colcon_pkg']
[0.139s] Level 1:colcon.colcon_core.package_identification:_identify(src/exercise62_pkg) by extension 'colcon_pkg'
[0.139s] Level 1:colcon.colcon_core.package_identification:_identify(src/exercise62_pkg) by extensions ['colcon_meta']
[0.139s] Level 1:colcon.colcon_core.package_identification:_identify(src/exercise62_pkg) by extension 'colcon_meta'
[0.139s] Level 1:colcon.colcon_core.package_identification:_identify(src/exercise62_pkg) by extensions ['ros']
[0.139s] Level 1:colcon.colcon_core.package_identification:_identify(src/exercise62_pkg) by extension 'ros'
[0.140s] DEBUG:colcon.colcon_core.package_identification:Package 'src/exercise62_pkg' with type 'ros.ament_python' and name 'exercise62_pkg'
[0.140s] Level 1:colcon.colcon_core.package_identification:_identify(src/launch_args_example_pkg) by extensions ['ignore', 'ignore_ament_install']
[0.140s] Level 1:colcon.colcon_core.package_identification:_identify(src/launch_args_example_pkg) by extension 'ignore'
[0.140s] Level 1:colcon.colcon_core.package_identification:_identify(src/launch_args_example_pkg) by extension 'ignore_ament_install'
[0.140s] Level 1:colcon.colcon_core.package_identification:_identify(src/launch_args_example_pkg) by extensions ['colcon_pkg']
[0.140s] Level 1:colcon.colcon_core.package_identification:_identify(src/launch_args_example_pkg) by extension 'colcon_pkg'
[0.140s] Level 1:colcon.colcon_core.package_identification:_identify(src/launch_args_example_pkg) by extensions ['colcon_meta']
[0.140s] Level 1:colcon.colcon_core.package_identification:_identify(src/launch_args_example_pkg) by extension 'colcon_meta'
[0.140s] Level 1:colcon.colcon_core.package_identification:_identify(src/launch_args_example_pkg) by extensions ['ros']
[0.140s] Level 1:colcon.colcon_core.package_identification:_identify(src/launch_args_example_pkg) by extension 'ros'
[0.140s] DEBUG:colcon.colcon_core.package_identification:Package 'src/launch_args_example_pkg' with type 'ros.ament_python' and name 'launch_args_example_pkg'
[0.140s] Level 1:colcon.colcon_core.package_identification:_identify(src/launch_tests_pkg) by extensions ['ignore', 'ignore_ament_install']
[0.140s] Level 1:colcon.colcon_core.package_identification:_identify(src/launch_tests_pkg) by extension 'ignore'
[0.140s] Level 1:colcon.colcon_core.package_identification:_identify(src/launch_tests_pkg) by extension 'ignore_ament_install'
[0.140s] Level 1:colcon.colcon_core.package_identification:_identify(src/launch_tests_pkg) by extensions ['colcon_pkg']
[0.141s] Level 1:colcon.colcon_core.package_identification:_identify(src/launch_tests_pkg) by extension 'colcon_pkg'
[0.141s] Level 1:colcon.colcon_core.package_identification:_identify(src/launch_tests_pkg) by extensions ['colcon_meta']
[0.141s] Level 1:colcon.colcon_core.package_identification:_identify(src/launch_tests_pkg) by extension 'colcon_meta'
[0.141s] Level 1:colcon.colcon_core.package_identification:_identify(src/launch_tests_pkg) by extensions ['ros']
[0.141s] Level 1:colcon.colcon_core.package_identification:_identify(src/launch_tests_pkg) by extension 'ros'
[0.141s] DEBUG:colcon.colcon_core.package_identification:Package 'src/launch_tests_pkg' with type 'ros.ament_python' and name 'launch_tests_pkg'
[0.141s] Level 1:colcon.colcon_core.package_identification:_identify(src/movement_pkg) by extensions ['ignore', 'ignore_ament_install']
[0.141s] Level 1:colcon.colcon_core.package_identification:_identify(src/movement_pkg) by extension 'ignore'
[0.141s] Level 1:colcon.colcon_core.package_identification:_identify(src/movement_pkg) by extension 'ignore_ament_install'
[0.141s] Level 1:colcon.colcon_core.package_identification:_identify(src/movement_pkg) by extensions ['colcon_pkg']
[0.141s] Level 1:colcon.colcon_core.package_identification:_identify(src/movement_pkg) by extension 'colcon_pkg'
[0.141s] Level 1:colcon.colcon_core.package_identification:_identify(src/movement_pkg) by extensions ['colcon_meta']
[0.141s] Level 1:colcon.colcon_core.package_identification:_identify(src/movement_pkg) by extension 'colcon_meta'
[0.141s] Level 1:colcon.colcon_core.package_identification:_identify(src/movement_pkg) by extensions ['ros']
[0.141s] Level 1:colcon.colcon_core.package_identification:_identify(src/movement_pkg) by extension 'ros'
[0.142s] DEBUG:colcon.colcon_core.package_identification:Package 'src/movement_pkg' with type 'ros.ament_python' and name 'movement_pkg'
[0.142s] Level 1:colcon.colcon_core.package_identification:_identify(src/multithreading_ros2_examples) by extensions ['ignore', 'ignore_ament_install']
[0.142s] Level 1:colcon.colcon_core.package_identification:_identify(src/multithreading_ros2_examples) by extension 'ignore'
[0.142s] Level 1:colcon.colcon_core.package_identification:_identify(src/multithreading_ros2_examples) by extension 'ignore_ament_install'
[0.142s] Level 1:colcon.colcon_core.package_identification:_identify(src/multithreading_ros2_examples) by extensions ['colcon_pkg']
[0.142s] Level 1:colcon.colcon_core.package_identification:_identify(src/multithreading_ros2_examples) by extension 'colcon_pkg'
[0.142s] Level 1:colcon.colcon_core.package_identification:_identify(src/multithreading_ros2_examples) by extensions ['colcon_meta']
[0.142s] Level 1:colcon.colcon_core.package_identification:_identify(src/multithreading_ros2_examples) by extension 'colcon_meta'
[0.142s] Level 1:colcon.colcon_core.package_identification:_identify(src/multithreading_ros2_examples) by extensions ['ros']
[0.142s] Level 1:colcon.colcon_core.package_identification:_identify(src/multithreading_ros2_examples) by extension 'ros'
[0.142s] DEBUG:colcon.colcon_core.package_identification:Package 'src/multithreading_ros2_examples' with type 'ros.ament_python' and name 'multithreading_ros2_examples'
[0.143s] Level 1:colcon.colcon_core.package_identification:_identify(src/my_action_client) by extensions ['ignore', 'ignore_ament_install']
[0.143s] Level 1:colcon.colcon_core.package_identification:_identify(src/my_action_client) by extension 'ignore'
[0.143s] Level 1:colcon.colcon_core.package_identification:_identify(src/my_action_client) by extension 'ignore_ament_install'
[0.143s] Level 1:colcon.colcon_core.package_identification:_identify(src/my_action_client) by extensions ['colcon_pkg']
[0.143s] Level 1:colcon.colcon_core.package_identification:_identify(src/my_action_client) by extension 'colcon_pkg'
[0.143s] Level 1:colcon.colcon_core.package_identification:_identify(src/my_action_client) by extensions ['colcon_meta']
[0.143s] Level 1:colcon.colcon_core.package_identification:_identify(src/my_action_client) by extension 'colcon_meta'
[0.143s] Level 1:colcon.colcon_core.package_identification:_identify(src/my_action_client) by extensions ['ros']
[0.143s] Level 1:colcon.colcon_core.package_identification:_identify(src/my_action_client) by extension 'ros'
[0.143s] DEBUG:colcon.colcon_core.package_identification:Package 'src/my_action_client' with type 'ros.ament_python' and name 'my_action_client'
[0.143s] Level 1:colcon.colcon_core.package_identification:_identify(src/my_action_server) by extensions ['ignore', 'ignore_ament_install']
[0.143s] Level 1:colcon.colcon_core.package_identification:_identify(src/my_action_server) by extension 'ignore'
[0.143s] Level 1:colcon.colcon_core.package_identification:_identify(src/my_action_server) by extension 'ignore_ament_install'
[0.143s] Level 1:colcon.colcon_core.package_identification:_identify(src/my_action_server) by extensions ['colcon_pkg']
[0.143s] Level 1:colcon.colcon_core.package_identification:_identify(src/my_action_server) by extension 'colcon_pkg'
[0.143s] Level 1:colcon.colcon_core.package_identification:_identify(src/my_action_server) by extensions ['colcon_meta']
[0.143s] Level 1:colcon.colcon_core.package_identification:_identify(src/my_action_server) by extension 'colcon_meta'
[0.144s] Level 1:colcon.colcon_core.package_identification:_identify(src/my_action_server) by extensions ['ros']
[0.144s] Level 1:colcon.colcon_core.package_identification:_identify(src/my_action_server) by extension 'ros'
[0.144s] DEBUG:colcon.colcon_core.package_identification:Package 'src/my_action_server' with type 'ros.ament_python' and name 'my_action_server'
[0.144s] Level 1:colcon.colcon_core.package_identification:_identify(src/my_package) by extensions ['ignore', 'ignore_ament_install']
[0.144s] Level 1:colcon.colcon_core.package_identification:_identify(src/my_package) by extension 'ignore'
[0.144s] Level 1:colcon.colcon_core.package_identification:_identify(src/my_package) by extension 'ignore_ament_install'
[0.144s] Level 1:colcon.colcon_core.package_identification:_identify(src/my_package) by extensions ['colcon_pkg']
[0.144s] Level 1:colcon.colcon_core.package_identification:_identify(src/my_package) by extension 'colcon_pkg'
[0.144s] Level 1:colcon.colcon_core.package_identification:_identify(src/my_package) by extensions ['colcon_meta']
[0.144s] Level 1:colcon.colcon_core.package_identification:_identify(src/my_package) by extension 'colcon_meta'
[0.144s] Level 1:colcon.colcon_core.package_identification:_identify(src/my_package) by extensions ['ros']
[0.144s] Level 1:colcon.colcon_core.package_identification:_identify(src/my_package) by extension 'ros'
[0.145s] DEBUG:colcon.colcon_core.package_identification:Package 'src/my_package' with type 'ros.ament_python' and name 'my_package'
[0.145s] Level 1:colcon.colcon_core.package_identification:_identify(src/publisher_pkg) by extensions ['ignore', 'ignore_ament_install']
[0.145s] Level 1:colcon.colcon_core.package_identification:_identify(src/publisher_pkg) by extension 'ignore'
[0.145s] Level 1:colcon.colcon_core.package_identification:_identify(src/publisher_pkg) by extension 'ignore_ament_install'
[0.145s] Level 1:colcon.colcon_core.package_identification:_identify(src/publisher_pkg) by extensions ['colcon_pkg']
[0.145s] Level 1:colcon.colcon_core.package_identification:_identify(src/publisher_pkg) by extension 'colcon_pkg'
[0.145s] Level 1:colcon.colcon_core.package_identification:_identify(src/publisher_pkg) by extensions ['colcon_meta']
[0.145s] Level 1:colcon.colcon_core.package_identification:_identify(src/publisher_pkg) by extension 'colcon_meta'
[0.145s] Level 1:colcon.colcon_core.package_identification:_identify(src/publisher_pkg) by extensions ['ros']
[0.145s] Level 1:colcon.colcon_core.package_identification:_identify(src/publisher_pkg) by extension 'ros'
[0.145s] DEBUG:colcon.colcon_core.package_identification:Package 'src/publisher_pkg' with type 'ros.ament_python' and name 'publisher_pkg'
[0.145s] Level 1:colcon.colcon_core.package_identification:_identify(src/qos_tests_pkg) by extensions ['ignore', 'ignore_ament_install']
[0.145s] Level 1:colcon.colcon_core.package_identification:_identify(src/qos_tests_pkg) by extension 'ignore'
[0.145s] Level 1:colcon.colcon_core.package_identification:_identify(src/qos_tests_pkg) by extension 'ignore_ament_install'
[0.145s] Level 1:colcon.colcon_core.package_identification:_identify(src/qos_tests_pkg) by extensions ['colcon_pkg']
[0.145s] Level 1:colcon.colcon_core.package_identification:_identify(src/qos_tests_pkg) by extension 'colcon_pkg'
[0.145s] Level 1:colcon.colcon_core.package_identification:_identify(src/qos_tests_pkg) by extensions ['colcon_meta']
[0.145s] Level 1:colcon.colcon_core.package_identification:_identify(src/qos_tests_pkg) by extension 'colcon_meta'
[0.145s] Level 1:colcon.colcon_core.package_identification:_identify(src/qos_tests_pkg) by extensions ['ros']
[0.146s] Level 1:colcon.colcon_core.package_identification:_identify(src/qos_tests_pkg) by extension 'ros'
[0.146s] DEBUG:colcon.colcon_core.package_identification:Package 'src/qos_tests_pkg' with type 'ros.ament_python' and name 'qos_tests_pkg'
[0.146s] Level 1:colcon.colcon_core.package_identification:_identify(src/remapping_pkg) by extensions ['ignore', 'ignore_ament_install']
[0.146s] Level 1:colcon.colcon_core.package_identification:_identify(src/remapping_pkg) by extension 'ignore'
[0.146s] Level 1:colcon.colcon_core.package_identification:_identify(src/remapping_pkg) by extension 'ignore_ament_install'
[0.146s] Level 1:colcon.colcon_core.package_identification:_identify(src/remapping_pkg) by extensions ['colcon_pkg']
[0.146s] Level 1:colcon.colcon_core.package_identification:_identify(src/remapping_pkg) by extension 'colcon_pkg'
[0.146s] Level 1:colcon.colcon_core.package_identification:_identify(src/remapping_pkg) by extensions ['colcon_meta']
[0.146s] Level 1:colcon.colcon_core.package_identification:_identify(src/remapping_pkg) by extension 'colcon_meta'
[0.146s] Level 1:colcon.colcon_core.package_identification:_identify(src/remapping_pkg) by extensions ['ros']
[0.146s] Level 1:colcon.colcon_core.package_identification:_identify(src/remapping_pkg) by extension 'ros'
[0.147s] DEBUG:colcon.colcon_core.package_identification:Package 'src/remapping_pkg' with type 'ros.ament_python' and name 'remapping_pkg'
[0.147s] Level 1:colcon.colcon_core.package_identification:_identify(src/rosbags) by extensions ['ignore', 'ignore_ament_install']
[0.147s] Level 1:colcon.colcon_core.package_identification:_identify(src/rosbags) by extension 'ignore'
[0.147s] Level 1:colcon.colcon_core.package_identification:_identify(src/rosbags) by extension 'ignore_ament_install'
[0.147s] Level 1:colcon.colcon_core.package_identification:_identify(src/rosbags) by extensions ['colcon_pkg']
[0.147s] Level 1:colcon.colcon_core.package_identification:_identify(src/rosbags) by extension 'colcon_pkg'
[0.147s] Level 1:colcon.colcon_core.package_identification:_identify(src/rosbags) by extensions ['colcon_meta']
[0.147s] Level 1:colcon.colcon_core.package_identification:_identify(src/rosbags) by extension 'colcon_meta'
[0.147s] Level 1:colcon.colcon_core.package_identification:_identify(src/rosbags) by extensions ['ros']
[0.147s] Level 1:colcon.colcon_core.package_identification:_identify(src/rosbags) by extension 'ros'
[0.147s] Level 1:colcon.colcon_core.package_identification:_identify(src/rosbags) by extensions ['cmake', 'python']
[0.147s] Level 1:colcon.colcon_core.package_identification:_identify(src/rosbags) by extension 'cmake'
[0.147s] Level 1:colcon.colcon_core.package_identification:_identify(src/rosbags) by extension 'python'
[0.147s] Level 1:colcon.colcon_core.package_identification:_identify(src/rosbags) by extensions ['python_setup_py']
[0.147s] Level 1:colcon.colcon_core.package_identification:_identify(src/rosbags) by extension 'python_setup_py'
[0.147s] Level 1:colcon.colcon_core.package_identification:_identify(src/rosbags/neobotixs_mp400_scan_bag) by extensions ['ignore', 'ignore_ament_install']
[0.147s] Level 1:colcon.colcon_core.package_identification:_identify(src/rosbags/neobotixs_mp400_scan_bag) by extension 'ignore'
[0.147s] Level 1:colcon.colcon_core.package_identification:_identify(src/rosbags/neobotixs_mp400_scan_bag) by extension 'ignore_ament_install'
[0.147s] Level 1:colcon.colcon_core.package_identification:_identify(src/rosbags/neobotixs_mp400_scan_bag) by extensions ['colcon_pkg']
[0.147s] Level 1:colcon.colcon_core.package_identification:_identify(src/rosbags/neobotixs_mp400_scan_bag) by extension 'colcon_pkg'
[0.147s] Level 1:colcon.colcon_core.package_identification:_identify(src/rosbags/neobotixs_mp400_scan_bag) by extensions ['colcon_meta']
[0.147s] Level 1:colcon.colcon_core.package_identification:_identify(src/rosbags/neobotixs_mp400_scan_bag) by extension 'colcon_meta'
[0.147s] Level 1:colcon.colcon_core.package_identification:_identify(src/rosbags/neobotixs_mp400_scan_bag) by extensions ['ros']
[0.147s] Level 1:colcon.colcon_core.package_identification:_identify(src/rosbags/neobotixs_mp400_scan_bag) by extension 'ros'
[0.147s] Level 1:colcon.colcon_core.package_identification:_identify(src/rosbags/neobotixs_mp400_scan_bag) by extensions ['cmake', 'python']
[0.147s] Level 1:colcon.colcon_core.package_identification:_identify(src/rosbags/neobotixs_mp400_scan_bag) by extension 'cmake'
[0.147s] Level 1:colcon.colcon_core.package_identification:_identify(src/rosbags/neobotixs_mp400_scan_bag) by extension 'python'
[0.147s] Level 1:colcon.colcon_core.package_identification:_identify(src/rosbags/neobotixs_mp400_scan_bag) by extensions ['python_setup_py']
[0.147s] Level 1:colcon.colcon_core.package_identification:_identify(src/rosbags/neobotixs_mp400_scan_bag) by extension 'python_setup_py'
[0.147s] Level 1:colcon.colcon_core.package_identification:_identify(src/subscriber_pkg) by extensions ['ignore', 'ignore_ament_install']
[0.148s] Level 1:colcon.colcon_core.package_identification:_identify(src/subscriber_pkg) by extension 'ignore'
[0.148s] Level 1:colcon.colcon_core.package_identification:_identify(src/subscriber_pkg) by extension 'ignore_ament_install'
[0.148s] Level 1:colcon.colcon_core.package_identification:_identify(src/subscriber_pkg) by extensions ['colcon_pkg']
[0.148s] Level 1:colcon.colcon_core.package_identification:_identify(src/subscriber_pkg) by extension 'colcon_pkg'
[0.148s] Level 1:colcon.colcon_core.package_identification:_identify(src/subscriber_pkg) by extensions ['colcon_meta']
[0.148s] Level 1:colcon.colcon_core.package_identification:_identify(src/subscriber_pkg) by extension 'colcon_meta'
[0.148s] Level 1:colcon.colcon_core.package_identification:_identify(src/subscriber_pkg) by extensions ['ros']
[0.148s] Level 1:colcon.colcon_core.package_identification:_identify(src/subscriber_pkg) by extension 'ros'
[0.148s] DEBUG:colcon.colcon_core.package_identification:Package 'src/subscriber_pkg' with type 'ros.ament_python' and name 'subscriber_pkg'
[0.148s] Level 1:colcon.colcon_core.package_discovery:discover_packages(recursive) using defaults
[0.148s] Level 1:colcon.colcon_core.package_discovery:discover_packages(ignore) discover
[0.148s] Level 1:colcon.colcon_core.package_discovery:discover_packages(ignore) using defaults
[0.148s] Level 1:colcon.colcon_core.package_discovery:discover_packages(path) discover
[0.148s] Level 1:colcon.colcon_core.package_discovery:discover_packages(path) using defaults
[0.167s] INFO:colcon.colcon_core.package_selection:Skipping not selected package 'action_msg' in 'src/action_msg'
[0.167s] INFO:colcon.colcon_core.package_selection:Skipping not selected package 'build_test_pkg' in 'src/build_test_pkg'
[0.167s] INFO:colcon.colcon_core.package_selection:Skipping not selected package 'client_pkg' in 'src/client_pkg'
[0.167s] INFO:colcon.colcon_core.package_selection:Skipping not selected package 'dds_tests_pkg' in 'src/dds_tests_pkg'
[0.167s] INFO:colcon.colcon_core.package_selection:Skipping not selected package 'example28_pkg' in 'src/example28_pkg'
[0.167s] INFO:colcon.colcon_core.package_selection:Skipping not selected package 'example_3_4_pkg' in 'src/example_3_4_pkg'
[0.167s] INFO:colcon.colcon_core.package_selection:Skipping not selected package 'exercise21_pkg' in 'src/exercise21_pkg'
[0.167s] INFO:colcon.colcon_core.package_selection:Skipping not selected package 'exercise31_pkg' in 'src/exercise31_pkg'
[0.167s] INFO:colcon.colcon_core.package_selection:Skipping not selected package 'exercise41_pkg' in 'src/exercise41_pkg'
[0.167s] INFO:colcon.colcon_core.package_selection:Skipping not selected package 'exercise62_pkg' in 'src/exercise62_pkg'
[0.167s] INFO:colcon.colcon_core.package_selection:Skipping not selected package 'launch_args_example_pkg' in 'src/launch_args_example_pkg'
[0.167s] INFO:colcon.colcon_core.package_selection:Skipping not selected package 'launch_tests_pkg' in 'src/launch_tests_pkg'
[0.167s] INFO:colcon.colcon_core.package_selection:Skipping not selected package 'multithreading_ros2_examples' in 'src/multithreading_ros2_examples'
[0.167s] INFO:colcon.colcon_core.package_selection:Skipping not selected package 'my_action_client' in 'src/my_action_client'
[0.167s] INFO:colcon.colcon_core.package_selection:Skipping not selected package 'my_action_server' in 'src/my_action_server'
[0.167s] INFO:colcon.colcon_core.package_selection:Skipping not selected package 'my_package' in 'src/my_package'
[0.167s] INFO:colcon.colcon_core.package_selection:Skipping not selected package 'publisher_pkg' in 'src/publisher_pkg'
[0.167s] INFO:colcon.colcon_core.package_selection:Skipping not selected package 'qos_tests_pkg' in 'src/qos_tests_pkg'
[0.167s] INFO:colcon.colcon_core.package_selection:Skipping not selected package 'remapping_pkg' in 'src/remapping_pkg'
[0.167s] INFO:colcon.colcon_core.package_selection:Skipping not selected package 'subscriber_pkg' in 'src/subscriber_pkg'
[0.167s] INFO:colcon.colcon_core.package_selection:Skipping not selected package 'example26_pkg' in 'src/example26_pkg'
[0.167s] INFO:colcon.colcon_core.package_selection:Skipping not selected package 'movement_pkg' in 'src/movement_pkg'
[0.168s] Level 1:colcon.colcon_core.package_discovery:discover_packages(prefix_path) check parameters
[0.168s] Level 1:colcon.colcon_core.package_discovery:discover_packages(prefix_path) discover
[0.169s] DEBUG:colcon.colcon_installed_package_information.package_discovery:Found 23 installed packages in /home/ivan/work/Ros_Rep/ros2_ws/install
[0.171s] DEBUG:colcon.colcon_installed_package_information.package_discovery:Found 374 installed packages in /opt/ros/humble
[0.172s] Level 1:colcon.colcon_core.package_discovery:discover_packages(prefix_path) using defaults
[0.200s] WARNING:colcon.colcon_core.package_selection:Some selected packages are already built in one or more underlay workspaces:
	'custom_interfaces' is in: /home/ivan/work/Ros_Rep/ros2_ws/install/custom_interfaces
If a package in a merged underlay workspace is overridden and it installs headers, then all packages in the overlay must sort their include directories by workspace order. Failure to do so may result in build failures or undefined behavior at run time.
If the overridden package is used by another package in any underlay, then the overriding package in the overlay must be API and ABI compatible or undefined behavior at run time may occur.

If you understand the risks and want to override a package anyways, add the following to the command line:
	--allow-overriding custom_interfaces

This may be promoted to an error in a future release of colcon-override-check.
[0.201s] Level 5:colcon.colcon_core.verb:set package 'custom_interfaces' build argument 'cmake_args' from command line to 'None'
[0.201s] Level 5:colcon.colcon_core.verb:set package 'custom_interfaces' build argument 'cmake_target' from command line to 'None'
[0.201s] Level 5:colcon.colcon_core.verb:set package 'custom_interfaces' build argument 'cmake_target_skip_unavailable' from command line to 'False'
[0.201s] Level 5:colcon.colcon_core.verb:set package 'custom_interfaces' build argument 'cmake_clean_cache' from command line to 'False'
[0.201s] Level 5:colcon.colcon_core.verb:set package 'custom_interfaces' build argument 'cmake_clean_first' from command line to 'False'
[0.201s] Level 5:colcon.colcon_core.verb:set package 'custom_interfaces' build argument 'cmake_force_configure' from command line to 'False'
[0.201s] Level 5:colcon.colcon_core.verb:set package 'custom_interfaces' build argument 'ament_cmake_args' from command line to 'None'
[0.201s] Level 5:colcon.colcon_core.verb:set package 'custom_interfaces' build argument 'catkin_cmake_args' from command line to 'None'
[0.201s] Level 5:colcon.colcon_core.verb:set package 'custom_interfaces' build argument 'catkin_skip_building_tests' from command line to 'False'
[0.201s] DEBUG:colcon.colcon_core.verb:Building package 'custom_interfaces' with the following arguments: {'ament_cmake_args': None, 'build_base': '/home/ivan/work/Ros_Rep/ros2_ws/build/custom_interfaces', 'catkin_cmake_args': None, 'catkin_skip_building_tests': False, 'cmake_args': None, 'cmake_clean_cache': False, 'cmake_clean_first': False, 'cmake_force_configure': False, 'cmake_target': None, 'cmake_target_skip_unavailable': False, 'install_base': '/home/ivan/work/Ros_Rep/ros2_ws/install/custom_interfaces', 'merge_install': False, 'path': '/home/ivan/work/Ros_Rep/ros2_ws/src/custom_interfaces', 'symlink_install': False, 'test_result_base': None}
[0.201s] INFO:colcon.colcon_core.executor:Executing jobs using 'parallel' executor
[0.202s] DEBUG:colcon.colcon_parallel_executor.executor.parallel:run_until_complete
[0.202s] INFO:colcon.colcon_ros.task.ament_cmake.build:Building ROS package in '/home/ivan/work/Ros_Rep/ros2_ws/src/custom_interfaces' with build type 'ament_cmake'
[0.202s] INFO:colcon.colcon_cmake.task.cmake.build:Building CMake package in '/home/ivan/work/Ros_Rep/ros2_ws/src/custom_interfaces'
[0.205s] INFO:colcon.colcon_core.plugin_system:Skipping extension 'colcon_core.shell.bat': Not used on non-Windows systems
[0.205s] INFO:colcon.colcon_core.shell:Skip shell extension 'powershell' for command environment: Not usable outside of PowerShell
[0.205s] DEBUG:colcon.colcon_core.shell:Skip shell extension 'dsv' for command environment
[0.216s] DEBUG:colcon.colcon_core.event_handler.log_command:Invoking command in '/home/ivan/work/Ros_Rep/ros2_ws/build/custom_interfaces': CMAKE_PREFIX_PATH=${CMAKE_PREFIX_PATH}:/home/ivan/work/Ros_Rep/ros2_ws/install/my_action_server:/home/ivan/work/Ros_Rep/ros2_ws/install/my_action_client:/home/ivan/work/Ros_Rep/ros2_ws/install/subscriber_pkg:/home/ivan/work/Ros_Rep/ros2_ws/install/remapping_pkg:/home/ivan/work/Ros_Rep/ros2_ws/install/qos_tests_pkg:/home/ivan/work/Ros_Rep/ros2_ws/install/publisher_pkg:/home/ivan/work/Ros_Rep/ros2_ws/install/my_package:/home/ivan/work/Ros_Rep/ros2_ws/install/multithreading_ros2_examples:/home/ivan/work/Ros_Rep/ros2_ws/install/movement_pkg:/home/ivan/work/Ros_Rep/ros2_ws/install/launch_tests_pkg:/home/ivan/work/Ros_Rep/ros2_ws/install/launch_args_example_pkg:/home/ivan/work/Ros_Rep/ros2_ws/install/exercise62_pkg:/home/ivan/work/Ros_Rep/ros2_ws/install/exercise41_pkg:/home/ivan/work/Ros_Rep/ros2_ws/install/exercise31_pkg:/home/ivan/work/Ros_Rep/ros2_ws/install/exercise21_pkg:/home/ivan/work/Ros_Rep/ros2_ws/install/example_3_4_pkg:/home/ivan/work/Ros_Rep/ros2_ws/install/example28_pkg:/home/ivan/work/Ros_Rep/ros2_ws/install/example26_pkg:/home/ivan/work/Ros_Rep/ros2_ws/install/dds_tests_pkg:/home/ivan/work/Ros_Rep/ros2_ws/install/client_pkg:/home/ivan/work/Ros_Rep/ros2_ws/install/build_test_pkg:/opt/ros/humble /usr/bin/cmake --build /home/ivan/work/Ros_Rep/ros2_ws/build/custom_interfaces -- -j16 -l16
[1.797s] DEBUG:colcon.colcon_core.event_handler.log_command:Invoked command in '/home/ivan/work/Ros_Rep/ros2_ws/build/custom_interfaces' returned '0': CMAKE_PREFIX_PATH=${CMAKE_PREFIX_PATH}:/home/ivan/work/Ros_Rep/ros2_ws/install/my_action_server:/home/ivan/work/Ros_Rep/ros2_ws/install/my_action_client:/home/ivan/work/Ros_Rep/ros2_ws/install/subscriber_pkg:/home/ivan/work/Ros_Rep/ros2_ws/install/remapping_pkg:/home/ivan/work/Ros_Rep/ros2_ws/install/qos_tests_pkg:/home/ivan/work/Ros_Rep/ros2_ws/install/publisher_pkg:/home/ivan/work/Ros_Rep/ros2_ws/install/my_package:/home/ivan/work/Ros_Rep/ros2_ws/install/multithreading_ros2_examples:/home/ivan/work/Ros_Rep/ros2_ws/install/movement_pkg:/home/ivan/work/Ros_Rep/ros2_ws/install/launch_tests_pkg:/home/ivan/work/Ros_Rep/ros2_ws/install/launch_args_example_pkg:/home/ivan/work/Ros_Rep/ros2_ws/install/exercise62_pkg:/home/ivan/work/Ros_Rep/ros2_ws/install/exercise41_pkg:/home/ivan/work/Ros_Rep/ros2_ws/install/exercise31_pkg:/home/ivan/work/Ros_Rep/ros2_ws/install/exercise21_pkg:/home/ivan/work/Ros_Rep/ros2_ws/install/example_3_4_pkg:/home/ivan/work/Ros_Rep/ros2_ws/install/example28_pkg:/home/ivan/work/Ros_Rep/ros2_ws/install/example26_pkg:/home/ivan/work/Ros_Rep/ros2_ws/install/dds_tests_pkg:/home/ivan/work/Ros_Rep/ros2_ws/install/client_pkg:/home/ivan/work/Ros_Rep/ros2_ws/install/build_test_pkg:/opt/ros/humble /usr/bin/cmake --build /home/ivan/work/Ros_Rep/ros2_ws/build/custom_interfaces -- -j16 -l16
[1.918s] DEBUG:colcon.colcon_core.event_handler.log_command:Invoking command in '/home/ivan/work/Ros_Rep/ros2_ws/build/custom_interfaces': CMAKE_PREFIX_PATH=${CMAKE_PREFIX_PATH}:/home/ivan/work/Ros_Rep/ros2_ws/install/my_action_server:/home/ivan/work/Ros_Rep/ros2_ws/install/my_action_client:/home/ivan/work/Ros_Rep/ros2_ws/install/subscriber_pkg:/home/ivan/work/Ros_Rep/ros2_ws/install/remapping_pkg:/home/ivan/work/Ros_Rep/ros2_ws/install/qos_tests_pkg:/home/ivan/work/Ros_Rep/ros2_ws/install/publisher_pkg:/home/ivan/work/Ros_Rep/ros2_ws/install/my_package:/home/ivan/work/Ros_Rep/ros2_ws/install/multithreading_ros2_examples:/home/ivan/work/Ros_Rep/ros2_ws/install/movement_pkg:/home/ivan/work/Ros_Rep/ros2_ws/install/launch_tests_pkg:/home/ivan/work/Ros_Rep/ros2_ws/install/launch_args_example_pkg:/home/ivan/work/Ros_Rep/ros2_ws/install/exercise62_pkg:/home/ivan/work/Ros_Rep/ros2_ws/install/exercise41_pkg:/home/ivan/work/Ros_Rep/ros2_ws/install/exercise31_pkg:/home/ivan/work/Ros_Rep/ros2_ws/install/exercise21_pkg:/home/ivan/work/Ros_Rep/ros2_ws/install/example_3_4_pkg:/home/ivan/work/Ros_Rep/ros2_ws/install/example28_pkg:/home/ivan/work/Ros_Rep/ros2_ws/install/example26_pkg:/home/ivan/work/Ros_Rep/ros2_ws/install/dds_tests_pkg:/home/ivan/work/Ros_Rep/ros2_ws/install/client_pkg:/home/ivan/work/Ros_Rep/ros2_ws/install/build_test_pkg:/opt/ros/humble /usr/bin/cmake --install /home/ivan/work/Ros_Rep/ros2_ws/build/custom_interfaces
[1.977s] Level 1:colcon.colcon_core.environment:create_environment_scripts_only(custom_interfaces)
[1.978s] DEBUG:colcon.colcon_core.event_handler.log_command:Invoked command in '/home/ivan/work/Ros_Rep/ros2_ws/build/custom_interfaces' returned '0': CMAKE_PREFIX_PATH=${CMAKE_PREFIX_PATH}:/home/ivan/work/Ros_Rep/ros2_ws/install/my_action_server:/home/ivan/work/Ros_Rep/ros2_ws/install/my_action_client:/home/ivan/work/Ros_Rep/ros2_ws/install/subscriber_pkg:/home/ivan/work/Ros_Rep/ros2_ws/install/remapping_pkg:/home/ivan/work/Ros_Rep/ros2_ws/install/qos_tests_pkg:/home/ivan/work/Ros_Rep/ros2_ws/install/publisher_pkg:/home/ivan/work/Ros_Rep/ros2_ws/install/my_package:/home/ivan/work/Ros_Rep/ros2_ws/install/multithreading_ros2_examples:/home/ivan/work/Ros_Rep/ros2_ws/install/movement_pkg:/home/ivan/work/Ros_Rep/ros2_ws/install/launch_tests_pkg:/home/ivan/work/Ros_Rep/ros2_ws/install/launch_args_example_pkg:/home/ivan/work/Ros_Rep/ros2_ws/install/exercise62_pkg:/home/ivan/work/Ros_Rep/ros2_ws/install/exercise41_pkg:/home/ivan/work/Ros_Rep/ros2_ws/install/exercise31_pkg:/home/ivan/work/Ros_Rep/ros2_ws/install/exercise21_pkg:/home/ivan/work/Ros_Rep/ros2_ws/install/example_3_4_pkg:/home/ivan/work/Ros_Rep/ros2_ws/install/example28_pkg:/home/ivan/work/Ros_Rep/ros2_ws/install/example26_pkg:/home/ivan/work/Ros_Rep/ros2_ws/install/dds_tests_pkg:/home/ivan/work/Ros_Rep/ros2_ws/install/client_pkg:/home/ivan/work/Ros_Rep/ros2_ws/install/build_test_pkg:/opt/ros/humble /usr/bin/cmake --install /home/ivan/work/Ros_Rep/ros2_ws/build/custom_interfaces
[1.982s] Level 1:colcon.colcon_core.environment:checking '/home/ivan/work/Ros_Rep/ros2_ws/install/custom_interfaces' for CMake module files
[1.983s] Level 1:colcon.colcon_core.environment:checking '/home/ivan/work/Ros_Rep/ros2_ws/install/custom_interfaces' for CMake config files
[1.984s] Level 1:colcon.colcon_core.shell:create_environment_hook('custom_interfaces', 'cmake_prefix_path')
[1.992s] INFO:colcon.colcon_core.shell:Creating environment hook '/home/ivan/work/Ros_Rep/ros2_ws/install/custom_interfaces/share/custom_interfaces/hook/cmake_prefix_path.ps1'
[1.993s] INFO:colcon.colcon_core.shell:Creating environment descriptor '/home/ivan/work/Ros_Rep/ros2_ws/install/custom_interfaces/share/custom_interfaces/hook/cmake_prefix_path.dsv'
[1.993s] INFO:colcon.colcon_core.shell:Creating environment hook '/home/ivan/work/Ros_Rep/ros2_ws/install/custom_interfaces/share/custom_interfaces/hook/cmake_prefix_path.sh'
[1.994s] Level 1:colcon.colcon_core.environment:checking '/home/ivan/work/Ros_Rep/ros2_ws/install/custom_interfaces/lib'
[1.995s] Level 1:colcon.colcon_core.shell:create_environment_hook('custom_interfaces', 'ld_library_path_lib')
[1.995s] INFO:colcon.colcon_core.shell:Creating environment hook '/home/ivan/work/Ros_Rep/ros2_ws/install/custom_interfaces/share/custom_interfaces/hook/ld_library_path_lib.ps1'
[1.996s] INFO:colcon.colcon_core.shell:Creating environment descriptor '/home/ivan/work/Ros_Rep/ros2_ws/install/custom_interfaces/share/custom_interfaces/hook/ld_library_path_lib.dsv'
[1.996s] INFO:colcon.colcon_core.shell:Creating environment hook '/home/ivan/work/Ros_Rep/ros2_ws/install/custom_interfaces/share/custom_interfaces/hook/ld_library_path_lib.sh'
[1.997s] Level 1:colcon.colcon_core.environment:checking '/home/ivan/work/Ros_Rep/ros2_ws/install/custom_interfaces/bin'
[1.997s] Level 1:colcon.colcon_core.environment:checking '/home/ivan/work/Ros_Rep/ros2_ws/install/custom_interfaces/lib/pkgconfig/custom_interfaces.pc'
[1.997s] Level 1:colcon.colcon_core.environment:checking '/home/ivan/work/Ros_Rep/ros2_ws/install/custom_interfaces/lib/python3.10/site-packages'
[1.997s] Level 1:colcon.colcon_core.environment:checking '/home/ivan/work/Ros_Rep/ros2_ws/install/custom_interfaces/bin'
[1.998s] INFO:colcon.colcon_core.shell:Creating package script '/home/ivan/work/Ros_Rep/ros2_ws/install/custom_interfaces/share/custom_interfaces/package.ps1'
[1.999s] INFO:colcon.colcon_core.shell:Creating package descriptor '/home/ivan/work/Ros_Rep/ros2_ws/install/custom_interfaces/share/custom_interfaces/package.dsv'
[1.999s] INFO:colcon.colcon_core.shell:Creating package script '/home/ivan/work/Ros_Rep/ros2_ws/install/custom_interfaces/share/custom_interfaces/package.sh'
[2.000s] INFO:colcon.colcon_core.shell:Creating package script '/home/ivan/work/Ros_Rep/ros2_ws/install/custom_interfaces/share/custom_interfaces/package.bash'
[2.001s] INFO:colcon.colcon_core.shell:Creating package script '/home/ivan/work/Ros_Rep/ros2_ws/install/custom_interfaces/share/custom_interfaces/package.zsh'
[2.002s] Level 1:colcon.colcon_core.environment:create_file_with_runtime_dependencies(/home/ivan/work/Ros_Rep/ros2_ws/install/custom_interfaces/share/colcon-core/packages/custom_interfaces)
[2.116s] Level 1:colcon.colcon_core.environment:create_environment_scripts_only(custom_interfaces)
[2.116s] Level 1:colcon.colcon_core.environment:checking '/home/ivan/work/Ros_Rep/ros2_ws/install/custom_interfaces' for CMake module files
[2.116s] Level 1:colcon.colcon_core.environment:checking '/home/ivan/work/Ros_Rep/ros2_ws/install/custom_interfaces' for CMake config files
[2.117s] Level 1:colcon.colcon_core.shell:create_environment_hook('custom_interfaces', 'cmake_prefix_path')
[2.117s] INFO:colcon.colcon_core.shell:Creating environment hook '/home/ivan/work/Ros_Rep/ros2_ws/install/custom_interfaces/share/custom_interfaces/hook/cmake_prefix_path.ps1'
[2.118s] INFO:colcon.colcon_core.shell:Creating environment descriptor '/home/ivan/work/Ros_Rep/ros2_ws/install/custom_interfaces/share/custom_interfaces/hook/cmake_prefix_path.dsv'
[2.118s] INFO:colcon.colcon_core.shell:Creating environment hook '/home/ivan/work/Ros_Rep/ros2_ws/install/custom_interfaces/share/custom_interfaces/hook/cmake_prefix_path.sh'
[2.119s] Level 1:colcon.colcon_core.environment:checking '/home/ivan/work/Ros_Rep/ros2_ws/install/custom_interfaces/lib'
[2.119s] Level 1:colcon.colcon_core.shell:create_environment_hook('custom_interfaces', 'ld_library_path_lib')
[2.120s] INFO:colcon.colcon_core.shell:Creating environment hook '/home/ivan/work/Ros_Rep/ros2_ws/install/custom_interfaces/share/custom_interfaces/hook/ld_library_path_lib.ps1'
[2.120s] INFO:colcon.colcon_core.shell:Creating environment descriptor '/home/ivan/work/Ros_Rep/ros2_ws/install/custom_interfaces/share/custom_interfaces/hook/ld_library_path_lib.dsv'
[2.120s] INFO:colcon.colcon_core.shell:Creating environment hook '/home/ivan/work/Ros_Rep/ros2_ws/install/custom_interfaces/share/custom_interfaces/hook/ld_library_path_lib.sh'
[2.121s] Level 1:colcon.colcon_core.environment:checking '/home/ivan/work/Ros_Rep/ros2_ws/install/custom_interfaces/bin'
[2.121s] Level 1:colcon.colcon_core.environment:checking '/home/ivan/work/Ros_Rep/ros2_ws/install/custom_interfaces/lib/pkgconfig/custom_interfaces.pc'
[2.121s] Level 1:colcon.colcon_core.environment:checking '/home/ivan/work/Ros_Rep/ros2_ws/install/custom_interfaces/lib/python3.10/site-packages'
[2.122s] Level 1:colcon.colcon_core.environment:checking '/home/ivan/work/Ros_Rep/ros2_ws/install/custom_interfaces/bin'
[2.122s] INFO:colcon.colcon_core.shell:Creating package script '/home/ivan/work/Ros_Rep/ros2_ws/install/custom_interfaces/share/custom_interfaces/package.ps1'
[2.123s] INFO:colcon.colcon_core.shell:Creating package descriptor '/home/ivan/work/Ros_Rep/ros2_ws/install/custom_interfaces/share/custom_interfaces/package.dsv'
[2.124s] INFO:colcon.colcon_core.shell:Creating package script '/home/ivan/work/Ros_Rep/ros2_ws/install/custom_interfaces/share/custom_interfaces/package.sh'
[2.124s] INFO:colcon.colcon_core.shell:Creating package script '/home/ivan/work/Ros_Rep/ros2_ws/install/custom_interfaces/share/custom_interfaces/package.bash'
[2.125s] INFO:colcon.colcon_core.shell:Creating package script '/home/ivan/work/Ros_Rep/ros2_ws/install/custom_interfaces/share/custom_interfaces/package.zsh'
[2.125s] Level 1:colcon.colcon_core.environment:create_file_with_runtime_dependencies(/home/ivan/work/Ros_Rep/ros2_ws/install/custom_interfaces/share/colcon-core/packages/custom_interfaces)
[2.126s] DEBUG:colcon.colcon_parallel_executor.executor.parallel:closing loop
[2.126s] DEBUG:colcon.colcon_parallel_executor.executor.parallel:loop closed
[2.126s] DEBUG:colcon.colcon_parallel_executor.executor.parallel:run_until_complete finished with '0'
[2.126s] DEBUG:colcon.colcon_core.event_reactor:joining thread
[2.133s] INFO:colcon.colcon_core.plugin_system:Skipping extension 'colcon_notification.desktop_notification.terminal_notifier': Not used on non-Darwin systems
[2.133s] INFO:colcon.colcon_core.plugin_system:Skipping extension 'colcon_notification.desktop_notification.win32': Not used on non-Windows systems
[2.133s] INFO:colcon.colcon_notification.desktop_notification:Sending desktop notification using 'notify2'
[2.152s] DEBUG:colcon.colcon_core.event_reactor:joined thread
[2.152s] INFO:colcon.colcon_core.shell:Creating prefix script '/home/ivan/work/Ros_Rep/ros2_ws/install/local_setup.ps1'
[2.153s] INFO:colcon.colcon_core.shell:Creating prefix util module '/home/ivan/work/Ros_Rep/ros2_ws/install/_local_setup_util_ps1.py'
[2.154s] INFO:colcon.colcon_core.shell:Creating prefix chain script '/home/ivan/work/Ros_Rep/ros2_ws/install/setup.ps1'
[2.156s] INFO:colcon.colcon_core.shell:Creating prefix script '/home/ivan/work/Ros_Rep/ros2_ws/install/local_setup.sh'
[2.156s] INFO:colcon.colcon_core.shell:Creating prefix util module '/home/ivan/work/Ros_Rep/ros2_ws/install/_local_setup_util_sh.py'
[2.157s] INFO:colcon.colcon_core.shell:Creating prefix chain script '/home/ivan/work/Ros_Rep/ros2_ws/install/setup.sh'
[2.158s] INFO:colcon.colcon_core.shell:Creating prefix script '/home/ivan/work/Ros_Rep/ros2_ws/install/local_setup.bash'
[2.158s] INFO:colcon.colcon_core.shell:Creating prefix chain script '/home/ivan/work/Ros_Rep/ros2_ws/install/setup.bash'
[2.159s] INFO:colcon.colcon_core.shell:Creating prefix script '/home/ivan/work/Ros_Rep/ros2_ws/install/local_setup.zsh'
[2.160s] INFO:colcon.colcon_core.shell:Creating prefix chain script '/home/ivan/work/Ros_Rep/ros2_ws/install/setup.zsh'
