[0.000000] (-) TimerEvent: {}
[0.000249] (-) JobUnselected: {'identifier': 'action_msg'}
[0.000463] (-) JobUnselected: {'identifier': 'build_test_pkg'}
[0.000661] (-) JobUnselected: {'identifier': 'client_pkg'}
[0.000911] (-) JobUnselected: {'identifier': 'custom_interfaces'}
[0.000948] (-) JobUnselected: {'identifier': 'dds_tests_pkg'}
[0.000993] (-) JobUnselected: {'identifier': 'example26_pkg'}
[0.001063] (-) JobUnselected: {'identifier': 'example28_pkg'}
[0.001089] (-) JobUnselected: {'identifier': 'example_3_4_pkg'}
[0.001119] (-) JobUnselected: {'identifier': 'exercise21_pkg'}
[0.001142] (-) JobUnselected: {'identifier': 'exercise31_pkg'}
[0.001208] (-) JobUnselected: {'identifier': 'exercise41_pkg'}
[0.001230] (-) JobUnselected: {'identifier': 'exercise62_pkg'}
[0.001254] (-) JobUnselected: {'identifier': 'launch_args_example_pkg'}
[0.001275] (-) JobUnselected: {'identifier': 'launch_tests_pkg'}
[0.001307] (-) JobUnselected: {'identifier': 'movement_pkg'}
[0.001336] (-) JobUnselected: {'identifier': 'multithreading_ros2_examples'}
[0.001387] (-) JobUnselected: {'identifier': 'my_action_server'}
[0.001410] (-) JobUnselected: {'identifier': 'my_package'}
[0.001437] (-) JobUnselected: {'identifier': 'publisher_pkg'}
[0.001459] (-) JobUnselected: {'identifier': 'qos_tests_pkg'}
[0.001521] (-) JobUnselected: {'identifier': 'remapping_pkg'}
[0.001542] (-) JobUnselected: {'identifier': 'subscriber_pkg'}
[0.001565] (my_action_client) JobQueued: {'identifier': 'my_action_client', 'dependencies': OrderedDict()}
[0.001590] (my_action_client) JobStarted: {'identifier': 'my_action_client'}
[0.099896] (-) TimerEvent: {}
[0.167039] (my_action_client) StderrLine: {'line': b'Traceback (most recent call last):\n  File "/usr/lib/python3/dist-packages/colcon_core/executor/__init__.py", line 91, in __call__\n    rc = await self.task(*args, **kwargs)\n  File "/usr/lib/python3/dist-packages/colcon_core/task/__init__.py", line 93, in __call__\n    return await task_method(*args, **kwargs)\n  File "/usr/lib/python3/dist-packages/colcon_ros/task/ament_python/build.py", line 51, in build\n    setup_py_data = get_setup_data(self.context.pkg, env)\n  File "/usr/lib/python3/dist-packages/colcon_core/task/python/__init__.py", line 20, in get_setup_data\n    return dict(pkg.metadata[key](env))\n  File "/usr/lib/python3/dist-packages/colcon_ros/package_augmentation/ros_ament_python.py", line 57, in getter\n    return get_setup_information(\n  File "/usr/lib/python3/dist-packages/colcon_python_setup_py/package_identification/python_setup_py.py", line 249, in get_setup_information\n    _setup_information_cache[hashable_env] = _get_setup_information(\n  File "/usr/lib/python3/dist-packages/colcon_python_setup_py/package_identification/python_setup_py.py", line 296, in _get_setup_information\n    result = subprocess.run(\n  File "/usr/lib/python3.10/subprocess.py", line 526, in run\n    raise CalledProcessError(retcode, process.args,\nsubprocess.CalledProcessError: Command \'[\'/usr/bin/python3\', \'-c\', \'import sys;from contextlib import suppress;exec("with suppress(ImportError):    from setuptools.extern.packaging.specifiers    import SpecifierSet");exec("with suppress(ImportError):    from packaging.specifiers import SpecifierSet");from distutils.core import run_setup;dist = run_setup(    \\\'setup.py\\\', script_args=(\\\'--dry-run\\\',), stop_after=\\\'config\\\');skip_keys = (\\\'cmdclass\\\', \\\'distclass\\\', \\\'ext_modules\\\', \\\'metadata\\\');data = {    key: value for key, value in dist.__dict__.items()     if (        not key.startswith(\\\'_\\\') and         not callable(value) and         key not in skip_keys and         key not in dist.display_option_names    )};data[\\\'metadata\\\'] = {    k: v for k, v in dist.metadata.__dict__.items()     if k not in (\\\'license_files\\\', \\\'provides_extras\\\')};sys.stdout.buffer.write(repr(data).encode(\\\'utf-8\\\'))\']\' returned non-zero exit status 1.\n'}
[0.167622] (my_action_client) JobEnded: {'identifier': 'my_action_client', 'rc': 1}
[0.177451] (-) EventReactorShutdown: {}
