[0.496s] Invoking command in '/home/ivan/work/Ros_Rep/ros2_ws/src/multithreading_ros2_examples': PYTHONPATH=/home/ivan/work/Ros_Rep/ros2_ws/build/multithreading_ros2_examples/prefix_override:/usr/lib/python3/dist-packages/colcon_core/task/python/colcon_distutils_commands:/home/ivan/work/Ros_Rep/ros2_ws/install/multithreading_ros2_examples/lib/python3.10/site-packages:${PYTHONPATH} /usr/bin/python3 -W ignore:setup.py install is deprecated setup.py egg_info --egg-base ../../build/multithreading_ros2_examples build --build-base /home/ivan/work/Ros_Rep/ros2_ws/build/multithreading_ros2_examples/build install --record /home/ivan/work/Ros_Rep/ros2_ws/build/multithreading_ros2_examples/install.log --single-version-externally-managed install_data
[0.670s] running egg_info
[0.678s] writing ../../build/multithreading_ros2_examples/multithreading_ros2_examples.egg-info/PKG-INFO
[0.678s] writing dependency_links to ../../build/multithreading_ros2_examples/multithreading_ros2_examples.egg-info/dependency_links.txt
[0.678s] writing entry points to ../../build/multithreading_ros2_examples/multithreading_ros2_examples.egg-info/entry_points.txt
[0.679s] writing requirements to ../../build/multithreading_ros2_examples/multithreading_ros2_examples.egg-info/requires.txt
[0.679s] writing top-level names to ../../build/multithreading_ros2_examples/multithreading_ros2_examples.egg-info/top_level.txt
[0.698s] reading manifest file '../../build/multithreading_ros2_examples/multithreading_ros2_examples.egg-info/SOURCES.txt'
[0.699s] writing manifest file '../../build/multithreading_ros2_examples/multithreading_ros2_examples.egg-info/SOURCES.txt'
[0.699s] running build
[0.699s] running build_py
[0.699s] copying multithreading_ros2_examples/multithreading.py -> /home/ivan/work/Ros_Rep/ros2_ws/build/multithreading_ros2_examples/build/lib/multithreading_ros2_examples
[0.699s] copying multithreading_ros2_examples/multithreading_movement_server_and_calculation_server.py -> /home/ivan/work/Ros_Rep/ros2_ws/build/multithreading_ros2_examples/build/lib/multithreading_ros2_examples
[0.699s] copying multithreading_ros2_examples/__init__.py -> /home/ivan/work/Ros_Rep/ros2_ws/build/multithreading_ros2_examples/build/lib/multithreading_ros2_examples
[0.699s] copying multithreading_ros2_examples/multithreading_movement_server_parallel.py -> /home/ivan/work/Ros_Rep/ros2_ws/build/multithreading_ros2_examples/build/lib/multithreading_ros2_examples
[0.699s] running install
[0.703s] running install_lib
[0.712s] copying /home/ivan/work/Ros_Rep/ros2_ws/build/multithreading_ros2_examples/build/lib/multithreading_ros2_examples/multithreading_movement_server_and_calculation_server.py -> /home/ivan/work/Ros_Rep/ros2_ws/install/multithreading_ros2_examples/lib/python3.10/site-packages/multithreading_ros2_examples
[0.712s] byte-compiling /home/ivan/work/Ros_Rep/ros2_ws/install/multithreading_ros2_examples/lib/python3.10/site-packages/multithreading_ros2_examples/multithreading_movement_server_and_calculation_server.py to multithreading_movement_server_and_calculation_server.cpython-310.pyc
[0.713s] running install_data
[0.713s] copying resource/multithreading_ros2_examples -> /home/ivan/work/Ros_Rep/ros2_ws/install/multithreading_ros2_examples/share/ament_index/resource_index/packages
[0.713s] copying package.xml -> /home/ivan/work/Ros_Rep/ros2_ws/install/multithreading_ros2_examples/share/multithreading_ros2_examples
[0.713s] copying launch/multithreading.launch.py -> /home/ivan/work/Ros_Rep/ros2_ws/install/multithreading_ros2_examples/share/multithreading_ros2_examples/launch
[0.713s] copying launch/multithreading_movement_server_and_calculation_server.launch.py -> /home/ivan/work/Ros_Rep/ros2_ws/install/multithreading_ros2_examples/share/multithreading_ros2_examples/launch
[0.714s] copying launch/multithreading_movement_server_parallel.launch.py -> /home/ivan/work/Ros_Rep/ros2_ws/install/multithreading_ros2_examples/share/multithreading_ros2_examples/launch
[0.714s] running install_egg_info
[0.724s] removing '/home/ivan/work/Ros_Rep/ros2_ws/install/multithreading_ros2_examples/lib/python3.10/site-packages/multithreading_ros2_examples-0.0.0-py3.10.egg-info' (and everything under it)
[0.724s] Copying ../../build/multithreading_ros2_examples/multithreading_ros2_examples.egg-info to /home/ivan/work/Ros_Rep/ros2_ws/install/multithreading_ros2_examples/lib/python3.10/site-packages/multithreading_ros2_examples-0.0.0-py3.10.egg-info
[0.724s] running install_scripts
[0.807s] Installing multithreading script to /home/ivan/work/Ros_Rep/ros2_ws/install/multithreading_ros2_examples/lib/multithreading_ros2_examples
[0.807s] Installing multithreading_movement_server_and_calculation_server script to /home/ivan/work/Ros_Rep/ros2_ws/install/multithreading_ros2_examples/lib/multithreading_ros2_examples
[0.807s] Installing multithreading_movement_server_parallel script to /home/ivan/work/Ros_Rep/ros2_ws/install/multithreading_ros2_examples/lib/multithreading_ros2_examples
[0.807s] writing list of installed files to '/home/ivan/work/Ros_Rep/ros2_ws/build/multithreading_ros2_examples/install.log'
[0.823s] Invoked command in '/home/ivan/work/Ros_Rep/ros2_ws/src/multithreading_ros2_examples' returned '0': PYTHONPATH=/home/ivan/work/Ros_Rep/ros2_ws/build/multithreading_ros2_examples/prefix_override:/usr/lib/python3/dist-packages/colcon_core/task/python/colcon_distutils_commands:/home/ivan/work/Ros_Rep/ros2_ws/install/multithreading_ros2_examples/lib/python3.10/site-packages:${PYTHONPATH} /usr/bin/python3 -W ignore:setup.py install is deprecated setup.py egg_info --egg-base ../../build/multithreading_ros2_examples build --build-base /home/ivan/work/Ros_Rep/ros2_ws/build/multithreading_ros2_examples/build install --record /home/ivan/work/Ros_Rep/ros2_ws/build/multithreading_ros2_examples/install.log --single-version-externally-managed install_data
