running egg_info
creating ../../build/exercise41_pkg/exercise41_pkg.egg-info
writing ../../build/exercise41_pkg/exercise41_pkg.egg-info/PKG-INFO
writing dependency_links to ../../build/exercise41_pkg/exercise41_pkg.egg-info/dependency_links.txt
writing entry points to ../../build/exercise41_pkg/exercise41_pkg.egg-info/entry_points.txt
writing requirements to ../../build/exercise41_pkg/exercise41_pkg.egg-info/requires.txt
writing top-level names to ../../build/exercise41_pkg/exercise41_pkg.egg-info/top_level.txt
writing manifest file '../../build/exercise41_pkg/exercise41_pkg.egg-info/SOURCES.txt'
reading manifest file '../../build/exercise41_pkg/exercise41_pkg.egg-info/SOURCES.txt'
writing manifest file '../../build/exercise41_pkg/exercise41_pkg.egg-info/SOURCES.txt'
running build
running build_py
creating /home/ivan/work/Ros_Rep/ros2_ws/build/exercise41_pkg/build/lib/exercise41_pkg
copying exercise41_pkg/logger_example.py -> /home/ivan/work/Ros_Rep/ros2_ws/build/exercise41_pkg/build/lib/exercise41_pkg
copying exercise41_pkg/__init__.py -> /home/ivan/work/Ros_Rep/ros2_ws/build/exercise41_pkg/build/lib/exercise41_pkg
running install
running install_lib
creating /home/ivan/work/Ros_Rep/ros2_ws/install/exercise41_pkg/lib/python3.10/site-packages/exercise41_pkg
copying /home/ivan/work/Ros_Rep/ros2_ws/build/exercise41_pkg/build/lib/exercise41_pkg/logger_example.py -> /home/ivan/work/Ros_Rep/ros2_ws/install/exercise41_pkg/lib/python3.10/site-packages/exercise41_pkg
copying /home/ivan/work/Ros_Rep/ros2_ws/build/exercise41_pkg/build/lib/exercise41_pkg/__init__.py -> /home/ivan/work/Ros_Rep/ros2_ws/install/exercise41_pkg/lib/python3.10/site-packages/exercise41_pkg
byte-compiling /home/ivan/work/Ros_Rep/ros2_ws/install/exercise41_pkg/lib/python3.10/site-packages/exercise41_pkg/logger_example.py to logger_example.cpython-310.pyc
byte-compiling /home/ivan/work/Ros_Rep/ros2_ws/install/exercise41_pkg/lib/python3.10/site-packages/exercise41_pkg/__init__.py to __init__.cpython-310.pyc
running install_data
creating /home/ivan/work/Ros_Rep/ros2_ws/install/exercise41_pkg/share/ament_index/resource_index/packages
copying resource/exercise41_pkg -> /home/ivan/work/Ros_Rep/ros2_ws/install/exercise41_pkg/share/ament_index/resource_index/packages
copying package.xml -> /home/ivan/work/Ros_Rep/ros2_ws/install/exercise41_pkg/share/exercise41_pkg
creating /home/ivan/work/Ros_Rep/ros2_ws/install/exercise41_pkg/share/exercise41_pkg/launch
copying launch/exercise41_pkg_launch_file.launch.py -> /home/ivan/work/Ros_Rep/ros2_ws/install/exercise41_pkg/share/exercise41_pkg/launch
running install_egg_info
Copying ../../build/exercise41_pkg/exercise41_pkg.egg-info to /home/ivan/work/Ros_Rep/ros2_ws/install/exercise41_pkg/lib/python3.10/site-packages/exercise41_pkg-0.0.0-py3.10.egg-info
running install_scripts
Installing logger_example_exe script to /home/ivan/work/Ros_Rep/ros2_ws/install/exercise41_pkg/lib/exercise41_pkg
writing list of installed files to '/home/ivan/work/Ros_Rep/ros2_ws/build/exercise41_pkg/install.log'
