[0.532s] Invoking command in '/home/ivan/work/Ros_Rep/ros2_ws/src/exercise41_pkg': PYTHONPATH=/home/ivan/work/Ros_Rep/ros2_ws/build/exercise41_pkg/prefix_override:/usr/lib/python3/dist-packages/colcon_core/task/python/colcon_distutils_commands:/home/ivan/work/Ros_Rep/ros2_ws/install/exercise41_pkg/lib/python3.10/site-packages:${PYTHONPATH} /usr/bin/python3 -W ignore:setup.py install is deprecated setup.py egg_info --egg-base ../../build/exercise41_pkg build --build-base /home/ivan/work/Ros_Rep/ros2_ws/build/exercise41_pkg/build install --record /home/ivan/work/Ros_Rep/ros2_ws/build/exercise41_pkg/install.log --single-version-externally-managed install_data
[0.677s] running egg_info
[0.685s] creating ../../build/exercise41_pkg/exercise41_pkg.egg-info
[0.685s] writing ../../build/exercise41_pkg/exercise41_pkg.egg-info/PKG-INFO
[0.685s] writing dependency_links to ../../build/exercise41_pkg/exercise41_pkg.egg-info/dependency_links.txt
[0.685s] writing entry points to ../../build/exercise41_pkg/exercise41_pkg.egg-info/entry_points.txt
[0.686s] writing requirements to ../../build/exercise41_pkg/exercise41_pkg.egg-info/requires.txt
[0.686s] writing top-level names to ../../build/exercise41_pkg/exercise41_pkg.egg-info/top_level.txt
[0.686s] writing manifest file '../../build/exercise41_pkg/exercise41_pkg.egg-info/SOURCES.txt'
[0.702s] reading manifest file '../../build/exercise41_pkg/exercise41_pkg.egg-info/SOURCES.txt'
[0.703s] writing manifest file '../../build/exercise41_pkg/exercise41_pkg.egg-info/SOURCES.txt'
[0.703s] running build
[0.703s] running build_py
[0.703s] creating /home/ivan/work/Ros_Rep/ros2_ws/build/exercise41_pkg/build/lib/exercise41_pkg
[0.703s] copying exercise41_pkg/logger_example.py -> /home/ivan/work/Ros_Rep/ros2_ws/build/exercise41_pkg/build/lib/exercise41_pkg
[0.704s] copying exercise41_pkg/__init__.py -> /home/ivan/work/Ros_Rep/ros2_ws/build/exercise41_pkg/build/lib/exercise41_pkg
[0.704s] running install
[0.707s] running install_lib
[0.715s] creating /home/ivan/work/Ros_Rep/ros2_ws/install/exercise41_pkg/lib/python3.10/site-packages/exercise41_pkg
[0.715s] copying /home/ivan/work/Ros_Rep/ros2_ws/build/exercise41_pkg/build/lib/exercise41_pkg/logger_example.py -> /home/ivan/work/Ros_Rep/ros2_ws/install/exercise41_pkg/lib/python3.10/site-packages/exercise41_pkg
[0.715s] copying /home/ivan/work/Ros_Rep/ros2_ws/build/exercise41_pkg/build/lib/exercise41_pkg/__init__.py -> /home/ivan/work/Ros_Rep/ros2_ws/install/exercise41_pkg/lib/python3.10/site-packages/exercise41_pkg
[0.716s] byte-compiling /home/ivan/work/Ros_Rep/ros2_ws/install/exercise41_pkg/lib/python3.10/site-packages/exercise41_pkg/logger_example.py to logger_example.cpython-310.pyc
[0.716s] byte-compiling /home/ivan/work/Ros_Rep/ros2_ws/install/exercise41_pkg/lib/python3.10/site-packages/exercise41_pkg/__init__.py to __init__.cpython-310.pyc
[0.716s] running install_data
[0.716s] creating /home/ivan/work/Ros_Rep/ros2_ws/install/exercise41_pkg/share/ament_index/resource_index/packages
[0.716s] copying resource/exercise41_pkg -> /home/ivan/work/Ros_Rep/ros2_ws/install/exercise41_pkg/share/ament_index/resource_index/packages
[0.716s] copying package.xml -> /home/ivan/work/Ros_Rep/ros2_ws/install/exercise41_pkg/share/exercise41_pkg
[0.716s] creating /home/ivan/work/Ros_Rep/ros2_ws/install/exercise41_pkg/share/exercise41_pkg/launch
[0.716s] copying launch/exercise41_pkg_launch_file.launch.py -> /home/ivan/work/Ros_Rep/ros2_ws/install/exercise41_pkg/share/exercise41_pkg/launch
[0.717s] running install_egg_info
[0.726s] Copying ../../build/exercise41_pkg/exercise41_pkg.egg-info to /home/ivan/work/Ros_Rep/ros2_ws/install/exercise41_pkg/lib/python3.10/site-packages/exercise41_pkg-0.0.0-py3.10.egg-info
[0.726s] running install_scripts
[0.801s] Installing logger_example_exe script to /home/ivan/work/Ros_Rep/ros2_ws/install/exercise41_pkg/lib/exercise41_pkg
[0.801s] writing list of installed files to '/home/ivan/work/Ros_Rep/ros2_ws/build/exercise41_pkg/install.log'
[0.817s] Invoked command in '/home/ivan/work/Ros_Rep/ros2_ws/src/exercise41_pkg' returned '0': PYTHONPATH=/home/ivan/work/Ros_Rep/ros2_ws/build/exercise41_pkg/prefix_override:/usr/lib/python3/dist-packages/colcon_core/task/python/colcon_distutils_commands:/home/ivan/work/Ros_Rep/ros2_ws/install/exercise41_pkg/lib/python3.10/site-packages:${PYTHONPATH} /usr/bin/python3 -W ignore:setup.py install is deprecated setup.py egg_info --egg-base ../../build/exercise41_pkg build --build-base /home/ivan/work/Ros_Rep/ros2_ws/build/exercise41_pkg/build install --record /home/ivan/work/Ros_Rep/ros2_ws/build/exercise41_pkg/install.log --single-version-externally-managed install_data
