/home/ivan/.local/lib/python3.10/site-packages/setuptools/_distutils/dist.py:270: UserWarning: Unknown distribution option: 'tests_require'
  warnings.warn(msg)
running egg_info
creating ../../build/exercise21_pkg/exercise21_pkg.egg-info
writing ../../build/exercise21_pkg/exercise21_pkg.egg-info/PKG-INFO
writing dependency_links to ../../build/exercise21_pkg/exercise21_pkg.egg-info/dependency_links.txt
writing entry points to ../../build/exercise21_pkg/exercise21_pkg.egg-info/entry_points.txt
writing requirements to ../../build/exercise21_pkg/exercise21_pkg.egg-info/requires.txt
writing top-level names to ../../build/exercise21_pkg/exercise21_pkg.egg-info/top_level.txt
writing manifest file '../../build/exercise21_pkg/exercise21_pkg.egg-info/SOURCES.txt'
reading manifest file '../../build/exercise21_pkg/exercise21_pkg.egg-info/SOURCES.txt'
writing manifest file '../../build/exercise21_pkg/exercise21_pkg.egg-info/SOURCES.txt'
running build
running build_py
creating /home/ivan/work/Ros_Rep/ros2_ws/build/exercise21_pkg/build/lib/exercise21_pkg
copying exercise21_pkg/exercise21.py -> /home/ivan/work/Ros_Rep/ros2_ws/build/exercise21_pkg/build/lib/exercise21_pkg
copying exercise21_pkg/__init__.py -> /home/ivan/work/Ros_Rep/ros2_ws/build/exercise21_pkg/build/lib/exercise21_pkg
running install
running install_lib
creating /home/ivan/work/Ros_Rep/ros2_ws/install/exercise21_pkg/lib/python3.10/site-packages/exercise21_pkg
copying /home/ivan/work/Ros_Rep/ros2_ws/build/exercise21_pkg/build/lib/exercise21_pkg/exercise21.py -> /home/ivan/work/Ros_Rep/ros2_ws/install/exercise21_pkg/lib/python3.10/site-packages/exercise21_pkg
copying /home/ivan/work/Ros_Rep/ros2_ws/build/exercise21_pkg/build/lib/exercise21_pkg/__init__.py -> /home/ivan/work/Ros_Rep/ros2_ws/install/exercise21_pkg/lib/python3.10/site-packages/exercise21_pkg
byte-compiling /home/ivan/work/Ros_Rep/ros2_ws/install/exercise21_pkg/lib/python3.10/site-packages/exercise21_pkg/exercise21.py to exercise21.cpython-310.pyc
byte-compiling /home/ivan/work/Ros_Rep/ros2_ws/install/exercise21_pkg/lib/python3.10/site-packages/exercise21_pkg/__init__.py to __init__.cpython-310.pyc
running install_data
creating /home/ivan/work/Ros_Rep/ros2_ws/install/exercise21_pkg/share/ament_index/resource_index/packages
copying resource/exercise21_pkg -> /home/ivan/work/Ros_Rep/ros2_ws/install/exercise21_pkg/share/ament_index/resource_index/packages
copying package.xml -> /home/ivan/work/Ros_Rep/ros2_ws/install/exercise21_pkg/share/exercise21_pkg
creating /home/ivan/work/Ros_Rep/ros2_ws/install/exercise21_pkg/share/exercise21_pkg/lauch
copying launch/exercise21_pkg_launch.py -> /home/ivan/work/Ros_Rep/ros2_ws/install/exercise21_pkg/share/exercise21_pkg/lauch
running install_egg_info
Copying ../../build/exercise21_pkg/exercise21_pkg.egg-info to /home/ivan/work/Ros_Rep/ros2_ws/install/exercise21_pkg/lib/python3.10/site-packages/exercise21_pkg-0.0.0-py3.10.egg-info
running install_scripts
Installing exercise21 script to /home/ivan/work/Ros_Rep/ros2_ws/install/exercise21_pkg/lib/exercise21_pkg
writing list of installed files to '/home/ivan/work/Ros_Rep/ros2_ws/build/exercise21_pkg/install.log'
