[0.451s] Invoking command in '/home/ivan/work/Ros_Rep/ros2_ws/src/exercise21_pkg': PYTHONPATH=/home/ivan/work/Ros_Rep/ros2_ws/build/exercise21_pkg/prefix_override:/usr/lib/python3/dist-packages/colcon_core/task/python/colcon_distutils_commands:/home/ivan/work/Ros_Rep/ros2_ws/install/exercise21_pkg/lib/python3.10/site-packages:${PYTHONPATH} /usr/bin/python3 -W ignore:setup.py install is deprecated setup.py egg_info --egg-base ../../build/exercise21_pkg build --build-base /home/ivan/work/Ros_Rep/ros2_ws/build/exercise21_pkg/build install --record /home/ivan/work/Ros_Rep/ros2_ws/build/exercise21_pkg/install.log --single-version-externally-managed install_data
[0.556s] /home/ivan/.local/lib/python3.10/site-packages/setuptools/_distutils/dist.py:270: UserWarning: Unknown distribution option: 'tests_require'
[0.556s]   warnings.warn(msg)
[0.607s] running egg_info
[0.616s] creating ../../build/exercise21_pkg/exercise21_pkg.egg-info
[0.616s] writing ../../build/exercise21_pkg/exercise21_pkg.egg-info/PKG-INFO
[0.616s] writing dependency_links to ../../build/exercise21_pkg/exercise21_pkg.egg-info/dependency_links.txt
[0.616s] writing entry points to ../../build/exercise21_pkg/exercise21_pkg.egg-info/entry_points.txt
[0.616s] writing requirements to ../../build/exercise21_pkg/exercise21_pkg.egg-info/requires.txt
[0.616s] writing top-level names to ../../build/exercise21_pkg/exercise21_pkg.egg-info/top_level.txt
[0.616s] writing manifest file '../../build/exercise21_pkg/exercise21_pkg.egg-info/SOURCES.txt'
[0.635s] reading manifest file '../../build/exercise21_pkg/exercise21_pkg.egg-info/SOURCES.txt'
[0.636s] writing manifest file '../../build/exercise21_pkg/exercise21_pkg.egg-info/SOURCES.txt'
[0.636s] running build
[0.636s] running build_py
[0.636s] creating /home/ivan/work/Ros_Rep/ros2_ws/build/exercise21_pkg/build/lib/exercise21_pkg
[0.636s] copying exercise21_pkg/exercise21.py -> /home/ivan/work/Ros_Rep/ros2_ws/build/exercise21_pkg/build/lib/exercise21_pkg
[0.636s] copying exercise21_pkg/__init__.py -> /home/ivan/work/Ros_Rep/ros2_ws/build/exercise21_pkg/build/lib/exercise21_pkg
[0.636s] running install
[0.640s] running install_lib
[0.648s] creating /home/ivan/work/Ros_Rep/ros2_ws/install/exercise21_pkg/lib/python3.10/site-packages/exercise21_pkg
[0.648s] copying /home/ivan/work/Ros_Rep/ros2_ws/build/exercise21_pkg/build/lib/exercise21_pkg/exercise21.py -> /home/ivan/work/Ros_Rep/ros2_ws/install/exercise21_pkg/lib/python3.10/site-packages/exercise21_pkg
[0.648s] copying /home/ivan/work/Ros_Rep/ros2_ws/build/exercise21_pkg/build/lib/exercise21_pkg/__init__.py -> /home/ivan/work/Ros_Rep/ros2_ws/install/exercise21_pkg/lib/python3.10/site-packages/exercise21_pkg
[0.649s] byte-compiling /home/ivan/work/Ros_Rep/ros2_ws/install/exercise21_pkg/lib/python3.10/site-packages/exercise21_pkg/exercise21.py to exercise21.cpython-310.pyc
[0.649s] byte-compiling /home/ivan/work/Ros_Rep/ros2_ws/install/exercise21_pkg/lib/python3.10/site-packages/exercise21_pkg/__init__.py to __init__.cpython-310.pyc
[0.649s] running install_data
[0.649s] creating /home/ivan/work/Ros_Rep/ros2_ws/install/exercise21_pkg/share/ament_index/resource_index/packages
[0.649s] copying resource/exercise21_pkg -> /home/ivan/work/Ros_Rep/ros2_ws/install/exercise21_pkg/share/ament_index/resource_index/packages
[0.649s] copying package.xml -> /home/ivan/work/Ros_Rep/ros2_ws/install/exercise21_pkg/share/exercise21_pkg
[0.649s] creating /home/ivan/work/Ros_Rep/ros2_ws/install/exercise21_pkg/share/exercise21_pkg/lauch
[0.649s] copying launch/exercise21_pkg_launch.py -> /home/ivan/work/Ros_Rep/ros2_ws/install/exercise21_pkg/share/exercise21_pkg/lauch
[0.649s] running install_egg_info
[0.659s] Copying ../../build/exercise21_pkg/exercise21_pkg.egg-info to /home/ivan/work/Ros_Rep/ros2_ws/install/exercise21_pkg/lib/python3.10/site-packages/exercise21_pkg-0.0.0-py3.10.egg-info
[0.659s] running install_scripts
[0.737s] Installing exercise21 script to /home/ivan/work/Ros_Rep/ros2_ws/install/exercise21_pkg/lib/exercise21_pkg
[0.737s] writing list of installed files to '/home/ivan/work/Ros_Rep/ros2_ws/build/exercise21_pkg/install.log'
[0.752s] Invoked command in '/home/ivan/work/Ros_Rep/ros2_ws/src/exercise21_pkg' returned '0': PYTHONPATH=/home/ivan/work/Ros_Rep/ros2_ws/build/exercise21_pkg/prefix_override:/usr/lib/python3/dist-packages/colcon_core/task/python/colcon_distutils_commands:/home/ivan/work/Ros_Rep/ros2_ws/install/exercise21_pkg/lib/python3.10/site-packages:${PYTHONPATH} /usr/bin/python3 -W ignore:setup.py install is deprecated setup.py egg_info --egg-base ../../build/exercise21_pkg build --build-base /home/ivan/work/Ros_Rep/ros2_ws/build/exercise21_pkg/build install --record /home/ivan/work/Ros_Rep/ros2_ws/build/exercise21_pkg/install.log --single-version-externally-managed install_data
