[0.007s] Invoking command in '/home/ivan/work/Ros_Rep/ros2_ws/build/action_msg': CMAKE_PREFIX_PATH=/opt/ros/humble /usr/bin/cmake /home/ivan/work/Ros_Rep/ros2_ws/src/action_msg -DCMAKE_INSTALL_PREFIX=/home/ivan/work/Ros_Rep/ros2_ws/install/action_msg
[0.017s] -- Found ament_cmake: 1.3.10 (/opt/ros/humble/share/ament_cmake/cmake)
[0.117s] -- Found rclcpp: 16.0.10 (/opt/ros/humble/share/rclcpp/cmake)
[0.135s] -- Found rosidl_generator_c: 3.1.5 (/opt/ros/humble/share/rosidl_generator_c/cmake)
[0.137s] -- Found rosidl_adapter: 3.1.5 (/opt/ros/humble/share/rosidl_adapter/cmake)
[0.141s] -- Found rosidl_generator_cpp: 3.1.5 (/opt/ros/humble/share/rosidl_generator_cpp/cmake)
[0.147s] -- Using all available rosidl_typesupport_c: rosidl_typesupport_fastrtps_c;rosidl_typesupport_introspection_c
[0.155s] -- Using all available rosidl_typesupport_cpp: rosidl_typesupport_fastrtps_cpp;rosidl_typesupport_introspection_cpp
[0.175s] -- Found rmw_implementation_cmake: 6.1.2 (/opt/ros/humble/share/rmw_implementation_cmake/cmake)
[0.176s] -- Found rmw_fastrtps_cpp: 6.2.7 (/opt/ros/humble/share/rmw_fastrtps_cpp/cmake)
[0.248s] -- Using RMW implementation 'rmw_fastrtps_cpp' as default
[0.279s] -- Found action_msgs: 1.2.1 (/opt/ros/humble/share/action_msgs/cmake)
[0.293s] -- Found rosidl_default_generators: 1.2.0 (/opt/ros/humble/share/rosidl_default_generators/cmake)
[0.426s] [31mCMake Error at /opt/ros/humble/share/rosidl_cmake/cmake/rosidl_generate_interfaces.cmake:229 (message):
[0.426s]   Packages installing interfaces must include
[0.426s]   '<member_of_group>rosidl_interface_packages</member_of_group>' in their
[0.426s]   package.xml
[0.426s] Call Stack (most recent call first):
[0.426s]   CMakeLists.txt:14 (rosidl_generate_interfaces)
[0.426s] 
[0.426s] [0m
[0.426s] -- Configuring incomplete, errors occurred!
[0.426s] See also "/home/ivan/work/Ros_Rep/ros2_ws/build/action_msg/CMakeFiles/CMakeOutput.log".
[0.433s] Invoked command in '/home/ivan/work/Ros_Rep/ros2_ws/build/action_msg' returned '1': CMAKE_PREFIX_PATH=/opt/ros/humble /usr/bin/cmake /home/ivan/work/Ros_Rep/ros2_ws/src/action_msg -DCMAKE_INSTALL_PREFIX=/home/ivan/work/Ros_Rep/ros2_ws/install/action_msg
