[0.548s] Invoking command in '/home/ivan/work/Ros_Rep/ros2_ws/src/exercise31_pkg': PYTHONPATH=/home/ivan/work/Ros_Rep/ros2_ws/build/exercise31_pkg/prefix_override:/usr/lib/python3/dist-packages/colcon_core/task/python/colcon_distutils_commands:/home/ivan/work/Ros_Rep/ros2_ws/install/exercise31_pkg/lib/python3.10/site-packages:${PYTHONPATH} /usr/bin/python3 -W ignore:setup.py install is deprecated setup.py egg_info --egg-base ../../build/exercise31_pkg build --build-base /home/ivan/work/Ros_Rep/ros2_ws/build/exercise31_pkg/build install --record /home/ivan/work/Ros_Rep/ros2_ws/build/exercise31_pkg/install.log --single-version-externally-managed install_data
[0.698s] running egg_info
[0.706s] creating ../../build/exercise31_pkg/exercise31_pkg.egg-info
[0.706s] writing ../../build/exercise31_pkg/exercise31_pkg.egg-info/PKG-INFO
[0.707s] writing dependency_links to ../../build/exercise31_pkg/exercise31_pkg.egg-info/dependency_links.txt
[0.707s] writing entry points to ../../build/exercise31_pkg/exercise31_pkg.egg-info/entry_points.txt
[0.707s] writing requirements to ../../build/exercise31_pkg/exercise31_pkg.egg-info/requires.txt
[0.707s] writing top-level names to ../../build/exercise31_pkg/exercise31_pkg.egg-info/top_level.txt
[0.707s] writing manifest file '../../build/exercise31_pkg/exercise31_pkg.egg-info/SOURCES.txt'
[0.725s] reading manifest file '../../build/exercise31_pkg/exercise31_pkg.egg-info/SOURCES.txt'
[0.725s] writing manifest file '../../build/exercise31_pkg/exercise31_pkg.egg-info/SOURCES.txt'
[0.725s] running build
[0.725s] running build_py
[0.726s] creating /home/ivan/work/Ros_Rep/ros2_ws/build/exercise31_pkg/build/lib/exercise31_pkg
[0.726s] copying exercise31_pkg/exercise31.py -> /home/ivan/work/Ros_Rep/ros2_ws/build/exercise31_pkg/build/lib/exercise31_pkg
[0.726s] copying exercise31_pkg/__init__.py -> /home/ivan/work/Ros_Rep/ros2_ws/build/exercise31_pkg/build/lib/exercise31_pkg
[0.726s] running install
[0.729s] running install_lib
[0.737s] creating /home/ivan/work/Ros_Rep/ros2_ws/install/exercise31_pkg/lib/python3.10/site-packages/exercise31_pkg
[0.737s] copying /home/ivan/work/Ros_Rep/ros2_ws/build/exercise31_pkg/build/lib/exercise31_pkg/exercise31.py -> /home/ivan/work/Ros_Rep/ros2_ws/install/exercise31_pkg/lib/python3.10/site-packages/exercise31_pkg
[0.738s] copying /home/ivan/work/Ros_Rep/ros2_ws/build/exercise31_pkg/build/lib/exercise31_pkg/__init__.py -> /home/ivan/work/Ros_Rep/ros2_ws/install/exercise31_pkg/lib/python3.10/site-packages/exercise31_pkg
[0.738s] byte-compiling /home/ivan/work/Ros_Rep/ros2_ws/install/exercise31_pkg/lib/python3.10/site-packages/exercise31_pkg/exercise31.py to exercise31.cpython-310.pyc
[0.739s] byte-compiling /home/ivan/work/Ros_Rep/ros2_ws/install/exercise31_pkg/lib/python3.10/site-packages/exercise31_pkg/__init__.py to __init__.cpython-310.pyc
[0.739s] running install_data
[0.739s] creating /home/ivan/work/Ros_Rep/ros2_ws/install/exercise31_pkg/share/ament_index/resource_index/packages
[0.739s] copying resource/exercise31_pkg -> /home/ivan/work/Ros_Rep/ros2_ws/install/exercise31_pkg/share/ament_index/resource_index/packages
[0.739s] copying package.xml -> /home/ivan/work/Ros_Rep/ros2_ws/install/exercise31_pkg/share/exercise31_pkg
[0.739s] creating /home/ivan/work/Ros_Rep/ros2_ws/install/exercise31_pkg/share/exercise31_pkg/launch
[0.739s] copying launch/exercise31_pkg_launch_file.launch.py -> /home/ivan/work/Ros_Rep/ros2_ws/install/exercise31_pkg/share/exercise31_pkg/launch
[0.739s] running install_egg_info
[0.749s] Copying ../../build/exercise31_pkg/exercise31_pkg.egg-info to /home/ivan/work/Ros_Rep/ros2_ws/install/exercise31_pkg/lib/python3.10/site-packages/exercise31_pkg-0.0.0-py3.10.egg-info
[0.749s] running install_scripts
[0.825s] Installing exercise31 script to /home/ivan/work/Ros_Rep/ros2_ws/install/exercise31_pkg/lib/exercise31_pkg
[0.825s] writing list of installed files to '/home/ivan/work/Ros_Rep/ros2_ws/build/exercise31_pkg/install.log'
[0.841s] Invoked command in '/home/ivan/work/Ros_Rep/ros2_ws/src/exercise31_pkg' returned '0': PYTHONPATH=/home/ivan/work/Ros_Rep/ros2_ws/build/exercise31_pkg/prefix_override:/usr/lib/python3/dist-packages/colcon_core/task/python/colcon_distutils_commands:/home/ivan/work/Ros_Rep/ros2_ws/install/exercise31_pkg/lib/python3.10/site-packages:${PYTHONPATH} /usr/bin/python3 -W ignore:setup.py install is deprecated setup.py egg_info --egg-base ../../build/exercise31_pkg build --build-base /home/ivan/work/Ros_Rep/ros2_ws/build/exercise31_pkg/build install --record /home/ivan/work/Ros_Rep/ros2_ws/build/exercise31_pkg/install.log --single-version-externally-managed install_data
