[0.484s] Invoking command in '/home/ivan/work/Ros_Rep/ros2_ws/src/exercise62_pkg': PYTHONPATH=/home/ivan/work/Ros_Rep/ros2_ws/build/exercise62_pkg/prefix_override:/usr/lib/python3/dist-packages/colcon_core/task/python/colcon_distutils_commands:/home/ivan/work/Ros_Rep/ros2_ws/install/exercise62_pkg/lib/python3.10/site-packages:${PYTHONPATH} /usr/bin/python3 -W ignore:setup.py install is deprecated setup.py egg_info --egg-base ../../build/exercise62_pkg build --build-base /home/ivan/work/Ros_Rep/ros2_ws/build/exercise62_pkg/build install --record /home/ivan/work/Ros_Rep/ros2_ws/build/exercise62_pkg/install.log --single-version-externally-managed install_data
[0.646s] running egg_info
[0.654s] creating ../../build/exercise62_pkg/exercise62_pkg.egg-info
[0.654s] writing ../../build/exercise62_pkg/exercise62_pkg.egg-info/PKG-INFO
[0.654s] writing dependency_links to ../../build/exercise62_pkg/exercise62_pkg.egg-info/dependency_links.txt
[0.654s] writing entry points to ../../build/exercise62_pkg/exercise62_pkg.egg-info/entry_points.txt
[0.655s] writing requirements to ../../build/exercise62_pkg/exercise62_pkg.egg-info/requires.txt
[0.655s] writing top-level names to ../../build/exercise62_pkg/exercise62_pkg.egg-info/top_level.txt
[0.655s] writing manifest file '../../build/exercise62_pkg/exercise62_pkg.egg-info/SOURCES.txt'
[0.673s] reading manifest file '../../build/exercise62_pkg/exercise62_pkg.egg-info/SOURCES.txt'
[0.673s] writing manifest file '../../build/exercise62_pkg/exercise62_pkg.egg-info/SOURCES.txt'
[0.673s] running build
[0.673s] running build_py
[0.673s] creating /home/ivan/work/Ros_Rep/ros2_ws/build/exercise62_pkg/build/lib/exercise62_pkg
[0.673s] copying exercise62_pkg/server_exercise62.py -> /home/ivan/work/Ros_Rep/ros2_ws/build/exercise62_pkg/build/lib/exercise62_pkg
[0.674s] copying exercise62_pkg/__init__.py -> /home/ivan/work/Ros_Rep/ros2_ws/build/exercise62_pkg/build/lib/exercise62_pkg
[0.674s] running install
[0.677s] running install_lib
[0.685s] creating /home/ivan/work/Ros_Rep/ros2_ws/install/exercise62_pkg/lib/python3.10/site-packages/exercise62_pkg
[0.685s] copying /home/ivan/work/Ros_Rep/ros2_ws/build/exercise62_pkg/build/lib/exercise62_pkg/server_exercise62.py -> /home/ivan/work/Ros_Rep/ros2_ws/install/exercise62_pkg/lib/python3.10/site-packages/exercise62_pkg
[0.685s] copying /home/ivan/work/Ros_Rep/ros2_ws/build/exercise62_pkg/build/lib/exercise62_pkg/__init__.py -> /home/ivan/work/Ros_Rep/ros2_ws/install/exercise62_pkg/lib/python3.10/site-packages/exercise62_pkg
[0.686s] byte-compiling /home/ivan/work/Ros_Rep/ros2_ws/install/exercise62_pkg/lib/python3.10/site-packages/exercise62_pkg/server_exercise62.py to server_exercise62.cpython-310.pyc
[0.686s] byte-compiling /home/ivan/work/Ros_Rep/ros2_ws/install/exercise62_pkg/lib/python3.10/site-packages/exercise62_pkg/__init__.py to __init__.cpython-310.pyc
[0.686s] running install_data
[0.687s] creating /home/ivan/work/Ros_Rep/ros2_ws/install/exercise62_pkg/share/ament_index/resource_index/packages
[0.687s] copying resource/exercise62_pkg -> /home/ivan/work/Ros_Rep/ros2_ws/install/exercise62_pkg/share/ament_index/resource_index/packages
[0.687s] copying package.xml -> /home/ivan/work/Ros_Rep/ros2_ws/install/exercise62_pkg/share/exercise62_pkg
[0.687s] creating /home/ivan/work/Ros_Rep/ros2_ws/install/exercise62_pkg/share/exercise62_pkg/launch
[0.687s] running install_egg_info
[0.696s] Copying ../../build/exercise62_pkg/exercise62_pkg.egg-info to /home/ivan/work/Ros_Rep/ros2_ws/install/exercise62_pkg/lib/python3.10/site-packages/exercise62_pkg-0.0.0-py3.10.egg-info
[0.697s] running install_scripts
[0.777s] Installing server_exercise62_exe script to /home/ivan/work/Ros_Rep/ros2_ws/install/exercise62_pkg/lib/exercise62_pkg
[0.777s] writing list of installed files to '/home/ivan/work/Ros_Rep/ros2_ws/build/exercise62_pkg/install.log'
[0.794s] Invoked command in '/home/ivan/work/Ros_Rep/ros2_ws/src/exercise62_pkg' returned '0': PYTHONPATH=/home/ivan/work/Ros_Rep/ros2_ws/build/exercise62_pkg/prefix_override:/usr/lib/python3/dist-packages/colcon_core/task/python/colcon_distutils_commands:/home/ivan/work/Ros_Rep/ros2_ws/install/exercise62_pkg/lib/python3.10/site-packages:${PYTHONPATH} /usr/bin/python3 -W ignore:setup.py install is deprecated setup.py egg_info --egg-base ../../build/exercise62_pkg build --build-base /home/ivan/work/Ros_Rep/ros2_ws/build/exercise62_pkg/build install --record /home/ivan/work/Ros_Rep/ros2_ws/build/exercise62_pkg/install.log --single-version-externally-managed install_data
