running egg_info
writing ../../build/example26_pkg/example26_pkg.egg-info/PKG-INFO
writing dependency_links to ../../build/example26_pkg/example26_pkg.egg-info/dependency_links.txt
writing entry points to ../../build/example26_pkg/example26_pkg.egg-info/entry_points.txt
writing requirements to ../../build/example26_pkg/example26_pkg.egg-info/requires.txt
writing top-level names to ../../build/example26_pkg/example26_pkg.egg-info/top_level.txt
reading manifest file '../../build/example26_pkg/example26_pkg.egg-info/SOURCES.txt'
writing manifest file '../../build/example26_pkg/example26_pkg.egg-info/SOURCES.txt'
running build
running build_py
copying example26_pkg/__init__.py -> /home/ivan/work/Ros_Rep/ros2_ws/build/example26_pkg/build/lib/example26_pkg
copying example26_pkg/example26.py -> /home/ivan/work/Ros_Rep/ros2_ws/build/example26_pkg/build/lib/example26_pkg
running install
running install_lib
copying /home/ivan/work/Ros_Rep/ros2_ws/build/example26_pkg/build/lib/example26_pkg/example26.py -> /home/ivan/work/Ros_Rep/ros2_ws/install/example26_pkg/lib/python3.10/site-packages/example26_pkg
byte-compiling /home/ivan/work/Ros_Rep/ros2_ws/install/example26_pkg/lib/python3.10/site-packages/example26_pkg/example26.py to example26.cpython-310.pyc
running install_data
copying resource/example26_pkg -> /home/ivan/work/Ros_Rep/ros2_ws/install/example26_pkg/share/ament_index/resource_index/packages
copying package.xml -> /home/ivan/work/Ros_Rep/ros2_ws/install/example26_pkg/share/example26_pkg
creating /home/ivan/work/Ros_Rep/ros2_ws/install/example26_pkg/share/example26_pkg/launch
copying launch/example26.launch.py -> /home/ivan/work/Ros_Rep/ros2_ws/install/example26_pkg/share/example26_pkg/launch
running install_egg_info
removing '/home/ivan/work/Ros_Rep/ros2_ws/install/example26_pkg/lib/python3.10/site-packages/example26_pkg-0.0.0-py3.10.egg-info' (and everything under it)
Copying ../../build/example26_pkg/example26_pkg.egg-info to /home/ivan/work/Ros_Rep/ros2_ws/install/example26_pkg/lib/python3.10/site-packages/example26_pkg-0.0.0-py3.10.egg-info
running install_scripts
Installing movement_server script to /home/ivan/work/Ros_Rep/ros2_ws/install/example26_pkg/lib/example26_pkg
writing list of installed files to '/home/ivan/work/Ros_Rep/ros2_ws/build/example26_pkg/install.log'
