[0.008s] Invoking command in '/home/ivan/work/Ros_Rep/ros2_ws/build/action_msg': CMAKE_PREFIX_PATH=/opt/ros/humble /usr/bin/cmake /home/ivan/work/Ros_Rep/ros2_ws/src/action_msg -DCMAKE_INSTALL_PREFIX=/home/ivan/work/Ros_Rep/ros2_ws/install/action_msg
[0.019s] -- Found ament_cmake: 1.3.10 (/opt/ros/humble/share/ament_cmake/cmake)
[0.126s] -- Found rclcpp: 16.0.10 (/opt/ros/humble/share/rclcpp/cmake)
[0.145s] -- Found rosidl_generator_c: 3.1.5 (/opt/ros/humble/share/rosidl_generator_c/cmake)
[0.147s] -- Found rosidl_adapter: 3.1.5 (/opt/ros/humble/share/rosidl_adapter/cmake)
[0.151s] -- Found rosidl_generator_cpp: 3.1.5 (/opt/ros/humble/share/rosidl_generator_cpp/cmake)
[0.157s] -- Using all available rosidl_typesupport_c: rosidl_typesupport_fastrtps_c;rosidl_typesupport_introspection_c
[0.165s] -- Using all available rosidl_typesupport_cpp: rosidl_typesupport_fastrtps_cpp;rosidl_typesupport_introspection_cpp
[0.185s] -- Found rmw_implementation_cmake: 6.1.2 (/opt/ros/humble/share/rmw_implementation_cmake/cmake)
[0.186s] -- Found rmw_fastrtps_cpp: 6.2.7 (/opt/ros/humble/share/rmw_fastrtps_cpp/cmake)
[0.256s] -- Using RMW implementation 'rmw_fastrtps_cpp' as default
[0.288s] -- Found action_msgs: 1.2.1 (/opt/ros/humble/share/action_msgs/cmake)
[0.301s] -- Found rosidl_default_generators: 1.2.0 (/opt/ros/humble/share/rosidl_default_generators/cmake)
[0.494s] -- Found ament_cmake_ros: 0.10.0 (/opt/ros/humble/share/ament_cmake_ros/cmake)
[0.774s] -- Using all available rosidl_typesupport_c: rosidl_typesupport_fastrtps_c;rosidl_typesupport_introspection_c
[0.876s] -- Using all available rosidl_typesupport_cpp: rosidl_typesupport_fastrtps_cpp;rosidl_typesupport_introspection_cpp
[0.892s] -- Found PythonInterp: /usr/bin/python3 (found suitable version "3.10.12", minimum required is "3.6") 
[0.893s] -- Found python_cmake_module: 0.10.0 (/opt/ros/humble/share/python_cmake_module/cmake)
[0.910s] -- Found PythonLibs: /usr/lib/x86_64-linux-gnu/libpython3.10.so (found suitable version "3.10.12", minimum required is "3.5") 
[0.910s] -- Using PYTHON_EXECUTABLE: /usr/bin/python3
[0.910s] -- Using PYTHON_INCLUDE_DIRS: /usr/include/python3.10
[0.911s] -- Using PYTHON_LIBRARIES: /usr/lib/x86_64-linux-gnu/libpython3.10.so
[0.925s] -- Found PythonExtra: .so  
[0.954s] -- Found ament_lint_auto: 0.12.11 (/opt/ros/humble/share/ament_lint_auto/cmake)
[0.965s] -- Added test 'lint_cmake' to check CMake code style
[0.966s] -- Added test 'xmllint' to check XML markup files
[0.967s] -- Configuring done
[0.986s] -- Generating done
[0.987s] -- Build files have been written to: /home/ivan/work/Ros_Rep/ros2_ws/build/action_msg
[0.993s] Invoked command in '/home/ivan/work/Ros_Rep/ros2_ws/build/action_msg' returned '0': CMAKE_PREFIX_PATH=/opt/ros/humble /usr/bin/cmake /home/ivan/work/Ros_Rep/ros2_ws/src/action_msg -DCMAKE_INSTALL_PREFIX=/home/ivan/work/Ros_Rep/ros2_ws/install/action_msg
[0.995s] Invoking command in '/home/ivan/work/Ros_Rep/ros2_ws/build/action_msg': CMAKE_PREFIX_PATH=/opt/ros/humble /usr/bin/cmake --build /home/ivan/work/Ros_Rep/ros2_ws/build/action_msg -- -j16 -l16
[1.041s] [  3%] [34m[1mGenerating C code for ROS interfaces[0m
[1.053s] [  6%] [34m[1mGenerating C++ code for ROS interfaces[0m
[1.063s] [  6%] Built target ament_cmake_python_copy_action_msg
[1.198s] running egg_info
[1.207s] creating action_msg.egg-info
[1.207s] writing action_msg.egg-info/PKG-INFO
[1.207s] writing dependency_links to action_msg.egg-info/dependency_links.txt
[1.207s] writing top-level names to action_msg.egg-info/top_level.txt
[1.207s] writing manifest file 'action_msg.egg-info/SOURCES.txt'
[1.233s] reading manifest file 'action_msg.egg-info/SOURCES.txt'
[1.234s] writing manifest file 'action_msg.egg-info/SOURCES.txt'
[1.256s] [  6%] Built target ament_cmake_python_build_action_msg_egg
[1.303s] [  6%] Built target action_msg__cpp
[1.308s] [  9%] [32mBuilding C object CMakeFiles/action_msg__rosidl_generator_c.dir/rosidl_generator_c/action_msg/action/detail/move__functions.c.o[0m
[1.312s] [ 12%] [34m[1mGenerating C++ type support dispatch for ROS interfaces[0m
[1.313s] [ 16%] [34m[1mGenerating C++ type support for eProsima Fast-RTPS[0m
[1.314s] [ 19%] [34m[1mGenerating C++ introspection for ROS interfaces[0m
[1.400s] [ 22%] [32m[1mLinking C shared library libaction_msg__rosidl_generator_c.so[0m
[1.433s] [ 22%] Built target action_msg__rosidl_generator_c
[1.444s] [ 25%] [34m[1mGenerating C introspection for ROS interfaces[0m
[1.445s] [ 32%] [34m[1mGenerating C type support dispatch for ROS interfaces[0m
[1.445s] [ 32%] [34m[1mGenerating C type support for eProsima Fast-RTPS[0m
[1.489s] [ 35%] [32mBuilding CXX object CMakeFiles/action_msg__rosidl_typesupport_cpp.dir/rosidl_typesupport_cpp/action_msg/action/move__type_support.cpp.o[0m
[1.535s] [ 38%] [32mBuilding CXX object CMakeFiles/action_msg__rosidl_typesupport_introspection_cpp.dir/rosidl_typesupport_introspection_cpp/action_msg/action/detail/move__type_support.cpp.o[0m
[1.555s] [ 41%] [32mBuilding CXX object CMakeFiles/action_msg__rosidl_typesupport_fastrtps_cpp.dir/rosidl_typesupport_fastrtps_cpp/action_msg/action/detail/dds_fastrtps/move__type_support.cpp.o[0m
[1.674s] [ 45%] [32mBuilding C object CMakeFiles/action_msg__rosidl_typesupport_introspection_c.dir/rosidl_typesupport_introspection_c/action_msg/action/detail/move__type_support.c.o[0m
[1.679s] [ 48%] [32mBuilding CXX object CMakeFiles/action_msg__rosidl_typesupport_fastrtps_c.dir/rosidl_typesupport_fastrtps_c/action_msg/action/detail/move__type_support_c.cpp.o[0m
[1.728s] [ 51%] [32m[1mLinking C shared library libaction_msg__rosidl_typesupport_introspection_c.so[0m
[1.758s] [ 54%] [32mBuilding CXX object CMakeFiles/action_msg__rosidl_typesupport_c.dir/rosidl_typesupport_c/action_msg/action/move__type_support.cpp.o[0m
[1.761s] [ 54%] Built target action_msg__rosidl_typesupport_introspection_c
[1.772s] [ 58%] [32m[1mLinking CXX shared library libaction_msg__rosidl_typesupport_cpp.so[0m
[1.791s] [ 61%] [32m[1mLinking CXX shared library libaction_msg__rosidl_typesupport_c.so[0m
[1.807s] [ 61%] Built target action_msg__rosidl_typesupport_cpp
[1.835s] [ 61%] Built target action_msg__rosidl_typesupport_c
[1.893s] [ 64%] [32m[1mLinking CXX shared library libaction_msg__rosidl_typesupport_introspection_cpp.so[0m
[1.949s] [ 64%] Built target action_msg__rosidl_typesupport_introspection_cpp
[1.959s] [ 67%] [32m[1mLinking CXX shared library libaction_msg__rosidl_typesupport_fastrtps_c.so[0m
[2.018s] [ 67%] Built target action_msg__rosidl_typesupport_fastrtps_c
[2.029s] [ 70%] [32m[1mLinking CXX shared library libaction_msg__rosidl_typesupport_fastrtps_cpp.so[0m
[2.092s] [ 70%] Built target action_msg__rosidl_typesupport_fastrtps_cpp
[2.118s] [ 70%] Built target action_msg
[2.149s] [ 74%] [34m[1mGenerating Python code for ROS interfaces[0m
[2.568s] [ 74%] Built target action_msg__py
[2.596s] [ 77%] [32mBuilding C object CMakeFiles/action_msg__rosidl_generator_py.dir/rosidl_generator_py/action_msg/action/_move_s.c.o[0m
[2.693s] [ 80%] [32m[1mLinking C shared library rosidl_generator_py/action_msg/libaction_msg__rosidl_generator_py.so[0m
[2.743s] [ 80%] Built target action_msg__rosidl_generator_py
[2.771s] [ 87%] [32mBuilding C object CMakeFiles/action_msg__rosidl_typesupport_c__pyext.dir/rosidl_generator_py/action_msg/_action_msg_s.ep.rosidl_typesupport_c.c.o[0m
[2.771s] [ 87%] [32mBuilding C object CMakeFiles/action_msg__rosidl_typesupport_introspection_c__pyext.dir/rosidl_generator_py/action_msg/_action_msg_s.ep.rosidl_typesupport_introspection_c.c.o[0m
[2.773s] [ 90%] [32mBuilding C object CMakeFiles/action_msg__rosidl_typesupport_fastrtps_c__pyext.dir/rosidl_generator_py/action_msg/_action_msg_s.ep.rosidl_typesupport_fastrtps_c.c.o[0m
[2.850s] [ 93%] [32m[1mLinking C shared library rosidl_generator_py/action_msg/action_msg_s__rosidl_typesupport_c.cpython-310-x86_64-linux-gnu.so[0m
[2.853s] [ 96%] [32m[1mLinking C shared library rosidl_generator_py/action_msg/action_msg_s__rosidl_typesupport_fastrtps_c.cpython-310-x86_64-linux-gnu.so[0m
[2.862s] [100%] [32m[1mLinking C shared library rosidl_generator_py/action_msg/action_msg_s__rosidl_typesupport_introspection_c.cpython-310-x86_64-linux-gnu.so[0m
[2.885s] [100%] Built target action_msg__rosidl_typesupport_fastrtps_c__pyext
[2.892s] [100%] Built target action_msg__rosidl_typesupport_c__pyext
[2.894s] [100%] Built target action_msg__rosidl_typesupport_introspection_c__pyext
[2.902s] Invoked command in '/home/ivan/work/Ros_Rep/ros2_ws/build/action_msg' returned '0': CMAKE_PREFIX_PATH=/opt/ros/humble /usr/bin/cmake --build /home/ivan/work/Ros_Rep/ros2_ws/build/action_msg -- -j16 -l16
[2.979s] Invoking command in '/home/ivan/work/Ros_Rep/ros2_ws/build/action_msg': CMAKE_PREFIX_PATH=/opt/ros/humble /usr/bin/cmake --install /home/ivan/work/Ros_Rep/ros2_ws/build/action_msg
[2.988s] -- Install configuration: ""
[2.988s] -- Installing: /home/ivan/work/Ros_Rep/ros2_ws/install/action_msg/share/ament_index/resource_index/rosidl_interfaces/action_msg
[2.989s] -- Installing: /home/ivan/work/Ros_Rep/ros2_ws/install/action_msg/include/action_msg/action_msg
[2.989s] -- Installing: /home/ivan/work/Ros_Rep/ros2_ws/install/action_msg/include/action_msg/action_msg/msg
[2.989s] -- Installing: /home/ivan/work/Ros_Rep/ros2_ws/install/action_msg/include/action_msg/action_msg/msg/rosidl_generator_c__visibility_control.h
[2.989s] -- Installing: /home/ivan/work/Ros_Rep/ros2_ws/install/action_msg/include/action_msg/action_msg/action
[2.989s] -- Installing: /home/ivan/work/Ros_Rep/ros2_ws/install/action_msg/include/action_msg/action_msg/action/detail
[2.989s] -- Installing: /home/ivan/work/Ros_Rep/ros2_ws/install/action_msg/include/action_msg/action_msg/action/detail/move__functions.h
[2.989s] -- Installing: /home/ivan/work/Ros_Rep/ros2_ws/install/action_msg/include/action_msg/action_msg/action/detail/move__type_support.h
[2.989s] -- Installing: /home/ivan/work/Ros_Rep/ros2_ws/install/action_msg/include/action_msg/action_msg/action/detail/move__functions.c
[2.989s] -- Installing: /home/ivan/work/Ros_Rep/ros2_ws/install/action_msg/include/action_msg/action_msg/action/detail/move__struct.h
[2.989s] -- Installing: /home/ivan/work/Ros_Rep/ros2_ws/install/action_msg/include/action_msg/action_msg/action/move.h
[2.990s] -- Installing: /home/ivan/work/Ros_Rep/ros2_ws/install/action_msg/share/action_msg/environment/library_path.sh
[2.990s] -- Installing: /home/ivan/work/Ros_Rep/ros2_ws/install/action_msg/share/action_msg/environment/library_path.dsv
[2.990s] -- Installing: /home/ivan/work/Ros_Rep/ros2_ws/install/action_msg/lib/libaction_msg__rosidl_generator_c.so
[2.990s] -- Set runtime path of "/home/ivan/work/Ros_Rep/ros2_ws/install/action_msg/lib/libaction_msg__rosidl_generator_c.so" to ""
[2.990s] -- Up-to-date: /home/ivan/work/Ros_Rep/ros2_ws/install/action_msg/include/action_msg/action_msg
[2.990s] -- Up-to-date: /home/ivan/work/Ros_Rep/ros2_ws/install/action_msg/include/action_msg/action_msg/msg
[2.990s] -- Installing: /home/ivan/work/Ros_Rep/ros2_ws/install/action_msg/include/action_msg/action_msg/msg/rosidl_typesupport_fastrtps_c__visibility_control.h
[2.991s] -- Up-to-date: /home/ivan/work/Ros_Rep/ros2_ws/install/action_msg/include/action_msg/action_msg/action
[2.991s] -- Up-to-date: /home/ivan/work/Ros_Rep/ros2_ws/install/action_msg/include/action_msg/action_msg/action/detail
[2.991s] -- Installing: /home/ivan/work/Ros_Rep/ros2_ws/install/action_msg/include/action_msg/action_msg/action/detail/move__rosidl_typesupport_fastrtps_c.h
[2.991s] -- Installing: /home/ivan/work/Ros_Rep/ros2_ws/install/action_msg/lib/libaction_msg__rosidl_typesupport_fastrtps_c.so
[2.991s] -- Set runtime path of "/home/ivan/work/Ros_Rep/ros2_ws/install/action_msg/lib/libaction_msg__rosidl_typesupport_fastrtps_c.so" to ""
[2.991s] -- Up-to-date: /home/ivan/work/Ros_Rep/ros2_ws/install/action_msg/include/action_msg/action_msg
[2.991s] -- Up-to-date: /home/ivan/work/Ros_Rep/ros2_ws/install/action_msg/include/action_msg/action_msg/action
[2.991s] -- Up-to-date: /home/ivan/work/Ros_Rep/ros2_ws/install/action_msg/include/action_msg/action_msg/action/detail
[2.991s] -- Installing: /home/ivan/work/Ros_Rep/ros2_ws/install/action_msg/include/action_msg/action_msg/action/detail/move__builder.hpp
[2.992s] -- Installing: /home/ivan/work/Ros_Rep/ros2_ws/install/action_msg/include/action_msg/action_msg/action/detail/move__struct.hpp
[2.992s] -- Installing: /home/ivan/work/Ros_Rep/ros2_ws/install/action_msg/include/action_msg/action_msg/action/detail/move__traits.hpp
[2.992s] -- Installing: /home/ivan/work/Ros_Rep/ros2_ws/install/action_msg/include/action_msg/action_msg/action/move.hpp
[2.992s] -- Up-to-date: /home/ivan/work/Ros_Rep/ros2_ws/install/action_msg/include/action_msg/action_msg
[2.992s] -- Up-to-date: /home/ivan/work/Ros_Rep/ros2_ws/install/action_msg/include/action_msg/action_msg/msg
[2.992s] -- Installing: /home/ivan/work/Ros_Rep/ros2_ws/install/action_msg/include/action_msg/action_msg/msg/rosidl_typesupport_fastrtps_cpp__visibility_control.h
[2.992s] -- Up-to-date: /home/ivan/work/Ros_Rep/ros2_ws/install/action_msg/include/action_msg/action_msg/action
[2.992s] -- Up-to-date: /home/ivan/work/Ros_Rep/ros2_ws/install/action_msg/include/action_msg/action_msg/action/detail
[2.992s] -- Installing: /home/ivan/work/Ros_Rep/ros2_ws/install/action_msg/include/action_msg/action_msg/action/detail/dds_fastrtps
[2.992s] -- Installing: /home/ivan/work/Ros_Rep/ros2_ws/install/action_msg/include/action_msg/action_msg/action/detail/move__rosidl_typesupport_fastrtps_cpp.hpp
[2.992s] -- Installing: /home/ivan/work/Ros_Rep/ros2_ws/install/action_msg/lib/libaction_msg__rosidl_typesupport_fastrtps_cpp.so
[2.993s] -- Set runtime path of "/home/ivan/work/Ros_Rep/ros2_ws/install/action_msg/lib/libaction_msg__rosidl_typesupport_fastrtps_cpp.so" to ""
[2.993s] -- Up-to-date: /home/ivan/work/Ros_Rep/ros2_ws/install/action_msg/include/action_msg/action_msg
[2.993s] -- Up-to-date: /home/ivan/work/Ros_Rep/ros2_ws/install/action_msg/include/action_msg/action_msg/msg
[2.993s] -- Installing: /home/ivan/work/Ros_Rep/ros2_ws/install/action_msg/include/action_msg/action_msg/msg/rosidl_typesupport_introspection_c__visibility_control.h
[2.993s] -- Up-to-date: /home/ivan/work/Ros_Rep/ros2_ws/install/action_msg/include/action_msg/action_msg/action
[2.993s] -- Up-to-date: /home/ivan/work/Ros_Rep/ros2_ws/install/action_msg/include/action_msg/action_msg/action/detail
[2.993s] -- Installing: /home/ivan/work/Ros_Rep/ros2_ws/install/action_msg/include/action_msg/action_msg/action/detail/move__type_support.c
[2.993s] -- Installing: /home/ivan/work/Ros_Rep/ros2_ws/install/action_msg/include/action_msg/action_msg/action/detail/move__rosidl_typesupport_introspection_c.h
[2.993s] -- Installing: /home/ivan/work/Ros_Rep/ros2_ws/install/action_msg/lib/libaction_msg__rosidl_typesupport_introspection_c.so
[2.993s] -- Set runtime path of "/home/ivan/work/Ros_Rep/ros2_ws/install/action_msg/lib/libaction_msg__rosidl_typesupport_introspection_c.so" to ""
[2.993s] -- Installing: /home/ivan/work/Ros_Rep/ros2_ws/install/action_msg/lib/libaction_msg__rosidl_typesupport_c.so
[2.994s] -- Set runtime path of "/home/ivan/work/Ros_Rep/ros2_ws/install/action_msg/lib/libaction_msg__rosidl_typesupport_c.so" to ""
[2.994s] -- Up-to-date: /home/ivan/work/Ros_Rep/ros2_ws/install/action_msg/include/action_msg/action_msg
[2.994s] -- Up-to-date: /home/ivan/work/Ros_Rep/ros2_ws/install/action_msg/include/action_msg/action_msg/action
[2.994s] -- Up-to-date: /home/ivan/work/Ros_Rep/ros2_ws/install/action_msg/include/action_msg/action_msg/action/detail
[2.994s] -- Installing: /home/ivan/work/Ros_Rep/ros2_ws/install/action_msg/include/action_msg/action_msg/action/detail/move__type_support.cpp
[2.994s] -- Installing: /home/ivan/work/Ros_Rep/ros2_ws/install/action_msg/include/action_msg/action_msg/action/detail/move__rosidl_typesupport_introspection_cpp.hpp
[2.994s] -- Installing: /home/ivan/work/Ros_Rep/ros2_ws/install/action_msg/lib/libaction_msg__rosidl_typesupport_introspection_cpp.so
[2.994s] -- Set runtime path of "/home/ivan/work/Ros_Rep/ros2_ws/install/action_msg/lib/libaction_msg__rosidl_typesupport_introspection_cpp.so" to ""
[2.994s] -- Installing: /home/ivan/work/Ros_Rep/ros2_ws/install/action_msg/lib/libaction_msg__rosidl_typesupport_cpp.so
[2.995s] -- Set runtime path of "/home/ivan/work/Ros_Rep/ros2_ws/install/action_msg/lib/libaction_msg__rosidl_typesupport_cpp.so" to ""
[2.995s] -- Installing: /home/ivan/work/Ros_Rep/ros2_ws/install/action_msg/share/action_msg/environment/pythonpath.sh
[2.995s] -- Installing: /home/ivan/work/Ros_Rep/ros2_ws/install/action_msg/share/action_msg/environment/pythonpath.dsv
[2.995s] -- Installing: /home/ivan/work/Ros_Rep/ros2_ws/install/action_msg/local/lib/python3.10/dist-packages/action_msg-0.0.0-py3.10.egg-info
[2.995s] -- Installing: /home/ivan/work/Ros_Rep/ros2_ws/install/action_msg/local/lib/python3.10/dist-packages/action_msg-0.0.0-py3.10.egg-info/PKG-INFO
[2.995s] -- Installing: /home/ivan/work/Ros_Rep/ros2_ws/install/action_msg/local/lib/python3.10/dist-packages/action_msg-0.0.0-py3.10.egg-info/dependency_links.txt
[2.995s] -- Installing: /home/ivan/work/Ros_Rep/ros2_ws/install/action_msg/local/lib/python3.10/dist-packages/action_msg-0.0.0-py3.10.egg-info/top_level.txt
[2.995s] -- Installing: /home/ivan/work/Ros_Rep/ros2_ws/install/action_msg/local/lib/python3.10/dist-packages/action_msg-0.0.0-py3.10.egg-info/SOURCES.txt
[2.995s] -- Installing: /home/ivan/work/Ros_Rep/ros2_ws/install/action_msg/local/lib/python3.10/dist-packages/action_msg
[2.995s] -- Installing: /home/ivan/work/Ros_Rep/ros2_ws/install/action_msg/local/lib/python3.10/dist-packages/action_msg/action_msg_s__rosidl_typesupport_introspection_c.cpython-310-x86_64-linux-gnu.so
[2.995s] -- Installing: /home/ivan/work/Ros_Rep/ros2_ws/install/action_msg/local/lib/python3.10/dist-packages/action_msg/_action_msg_s.ep.rosidl_typesupport_fastrtps_c.c
[2.995s] -- Installing: /home/ivan/work/Ros_Rep/ros2_ws/install/action_msg/local/lib/python3.10/dist-packages/action_msg/_action_msg_s.ep.rosidl_typesupport_c.c
[2.996s] -- Installing: /home/ivan/work/Ros_Rep/ros2_ws/install/action_msg/local/lib/python3.10/dist-packages/action_msg/__init__.py
[2.996s] -- Installing: /home/ivan/work/Ros_Rep/ros2_ws/install/action_msg/local/lib/python3.10/dist-packages/action_msg/action_msg_s__rosidl_typesupport_c.cpython-310-x86_64-linux-gnu.so
[2.996s] -- Installing: /home/ivan/work/Ros_Rep/ros2_ws/install/action_msg/local/lib/python3.10/dist-packages/action_msg/action_msg_s__rosidl_typesupport_fastrtps_c.cpython-310-x86_64-linux-gnu.so
[2.996s] -- Installing: /home/ivan/work/Ros_Rep/ros2_ws/install/action_msg/local/lib/python3.10/dist-packages/action_msg/action
[2.996s] -- Installing: /home/ivan/work/Ros_Rep/ros2_ws/install/action_msg/local/lib/python3.10/dist-packages/action_msg/action/_move_s.c
[2.996s] -- Installing: /home/ivan/work/Ros_Rep/ros2_ws/install/action_msg/local/lib/python3.10/dist-packages/action_msg/action/_move.py
[2.996s] -- Installing: /home/ivan/work/Ros_Rep/ros2_ws/install/action_msg/local/lib/python3.10/dist-packages/action_msg/action/__init__.py
[2.996s] -- Installing: /home/ivan/work/Ros_Rep/ros2_ws/install/action_msg/local/lib/python3.10/dist-packages/action_msg/_action_msg_s.ep.rosidl_typesupport_introspection_c.c
[2.996s] -- Installing: /home/ivan/work/Ros_Rep/ros2_ws/install/action_msg/local/lib/python3.10/dist-packages/action_msg/libaction_msg__rosidl_generator_py.so
[3.022s] Listing '/home/ivan/work/Ros_Rep/ros2_ws/install/action_msg/local/lib/python3.10/dist-packages/action_msg'...
[3.022s] Compiling '/home/ivan/work/Ros_Rep/ros2_ws/install/action_msg/local/lib/python3.10/dist-packages/action_msg/__init__.py'...
[3.022s] Listing '/home/ivan/work/Ros_Rep/ros2_ws/install/action_msg/local/lib/python3.10/dist-packages/action_msg/action'...
[3.022s] Compiling '/home/ivan/work/Ros_Rep/ros2_ws/install/action_msg/local/lib/python3.10/dist-packages/action_msg/action/__init__.py'...
[3.022s] Compiling '/home/ivan/work/Ros_Rep/ros2_ws/install/action_msg/local/lib/python3.10/dist-packages/action_msg/action/_move.py'...
[3.025s] -- Installing: /home/ivan/work/Ros_Rep/ros2_ws/install/action_msg/local/lib/python3.10/dist-packages/action_msg/action_msg_s__rosidl_typesupport_fastrtps_c.cpython-310-x86_64-linux-gnu.so
[3.025s] -- Set runtime path of "/home/ivan/work/Ros_Rep/ros2_ws/install/action_msg/local/lib/python3.10/dist-packages/action_msg/action_msg_s__rosidl_typesupport_fastrtps_c.cpython-310-x86_64-linux-gnu.so" to ""
[3.025s] -- Installing: /home/ivan/work/Ros_Rep/ros2_ws/install/action_msg/local/lib/python3.10/dist-packages/action_msg/action_msg_s__rosidl_typesupport_introspection_c.cpython-310-x86_64-linux-gnu.so
[3.025s] -- Set runtime path of "/home/ivan/work/Ros_Rep/ros2_ws/install/action_msg/local/lib/python3.10/dist-packages/action_msg/action_msg_s__rosidl_typesupport_introspection_c.cpython-310-x86_64-linux-gnu.so" to ""
[3.026s] -- Installing: /home/ivan/work/Ros_Rep/ros2_ws/install/action_msg/local/lib/python3.10/dist-packages/action_msg/action_msg_s__rosidl_typesupport_c.cpython-310-x86_64-linux-gnu.so
[3.026s] -- Set runtime path of "/home/ivan/work/Ros_Rep/ros2_ws/install/action_msg/local/lib/python3.10/dist-packages/action_msg/action_msg_s__rosidl_typesupport_c.cpython-310-x86_64-linux-gnu.so" to ""
[3.026s] -- Installing: /home/ivan/work/Ros_Rep/ros2_ws/install/action_msg/lib/libaction_msg__rosidl_generator_py.so
[3.026s] -- Set runtime path of "/home/ivan/work/Ros_Rep/ros2_ws/install/action_msg/lib/libaction_msg__rosidl_generator_py.so" to ""
[3.026s] -- Installing: /home/ivan/work/Ros_Rep/ros2_ws/install/action_msg/share/action_msg/action/Move.idl
[3.026s] -- Installing: /home/ivan/work/Ros_Rep/ros2_ws/install/action_msg/share/action_msg/action/Move.action
[3.026s] -- Installing: /home/ivan/work/Ros_Rep/ros2_ws/install/action_msg/share/ament_index/resource_index/package_run_dependencies/action_msg
[3.026s] -- Installing: /home/ivan/work/Ros_Rep/ros2_ws/install/action_msg/share/ament_index/resource_index/parent_prefix_path/action_msg
[3.026s] -- Installing: /home/ivan/work/Ros_Rep/ros2_ws/install/action_msg/share/action_msg/environment/ament_prefix_path.sh
[3.026s] -- Installing: /home/ivan/work/Ros_Rep/ros2_ws/install/action_msg/share/action_msg/environment/ament_prefix_path.dsv
[3.026s] -- Installing: /home/ivan/work/Ros_Rep/ros2_ws/install/action_msg/share/action_msg/environment/path.sh
[3.026s] -- Installing: /home/ivan/work/Ros_Rep/ros2_ws/install/action_msg/share/action_msg/environment/path.dsv
[3.027s] -- Installing: /home/ivan/work/Ros_Rep/ros2_ws/install/action_msg/share/action_msg/local_setup.bash
[3.027s] -- Installing: /home/ivan/work/Ros_Rep/ros2_ws/install/action_msg/share/action_msg/local_setup.sh
[3.027s] -- Installing: /home/ivan/work/Ros_Rep/ros2_ws/install/action_msg/share/action_msg/local_setup.zsh
[3.027s] -- Installing: /home/ivan/work/Ros_Rep/ros2_ws/install/action_msg/share/action_msg/local_setup.dsv
[3.027s] -- Installing: /home/ivan/work/Ros_Rep/ros2_ws/install/action_msg/share/action_msg/package.dsv
[3.027s] -- Installing: /home/ivan/work/Ros_Rep/ros2_ws/install/action_msg/share/ament_index/resource_index/packages/action_msg
[3.027s] -- Installing: /home/ivan/work/Ros_Rep/ros2_ws/install/action_msg/share/action_msg/cmake/export_action_msg__rosidl_generator_cExport.cmake
[3.027s] -- Installing: /home/ivan/work/Ros_Rep/ros2_ws/install/action_msg/share/action_msg/cmake/export_action_msg__rosidl_generator_cExport-noconfig.cmake
[3.027s] -- Installing: /home/ivan/work/Ros_Rep/ros2_ws/install/action_msg/share/action_msg/cmake/export_action_msg__rosidl_typesupport_fastrtps_cExport.cmake
[3.027s] -- Installing: /home/ivan/work/Ros_Rep/ros2_ws/install/action_msg/share/action_msg/cmake/export_action_msg__rosidl_typesupport_fastrtps_cExport-noconfig.cmake
[3.027s] -- Installing: /home/ivan/work/Ros_Rep/ros2_ws/install/action_msg/share/action_msg/cmake/export_action_msg__rosidl_generator_cppExport.cmake
[3.027s] -- Installing: /home/ivan/work/Ros_Rep/ros2_ws/install/action_msg/share/action_msg/cmake/export_action_msg__rosidl_typesupport_fastrtps_cppExport.cmake
[3.027s] -- Installing: /home/ivan/work/Ros_Rep/ros2_ws/install/action_msg/share/action_msg/cmake/export_action_msg__rosidl_typesupport_fastrtps_cppExport-noconfig.cmake
[3.027s] -- Installing: /home/ivan/work/Ros_Rep/ros2_ws/install/action_msg/share/action_msg/cmake/action_msg__rosidl_typesupport_introspection_cExport.cmake
[3.028s] -- Installing: /home/ivan/work/Ros_Rep/ros2_ws/install/action_msg/share/action_msg/cmake/action_msg__rosidl_typesupport_introspection_cExport-noconfig.cmake
[3.028s] -- Installing: /home/ivan/work/Ros_Rep/ros2_ws/install/action_msg/share/action_msg/cmake/action_msg__rosidl_typesupport_cExport.cmake
[3.028s] -- Installing: /home/ivan/work/Ros_Rep/ros2_ws/install/action_msg/share/action_msg/cmake/action_msg__rosidl_typesupport_cExport-noconfig.cmake
[3.028s] -- Installing: /home/ivan/work/Ros_Rep/ros2_ws/install/action_msg/share/action_msg/cmake/action_msg__rosidl_typesupport_introspection_cppExport.cmake
[3.028s] -- Installing: /home/ivan/work/Ros_Rep/ros2_ws/install/action_msg/share/action_msg/cmake/action_msg__rosidl_typesupport_introspection_cppExport-noconfig.cmake
[3.028s] -- Installing: /home/ivan/work/Ros_Rep/ros2_ws/install/action_msg/share/action_msg/cmake/action_msg__rosidl_typesupport_cppExport.cmake
[3.028s] -- Installing: /home/ivan/work/Ros_Rep/ros2_ws/install/action_msg/share/action_msg/cmake/action_msg__rosidl_typesupport_cppExport-noconfig.cmake
[3.028s] -- Installing: /home/ivan/work/Ros_Rep/ros2_ws/install/action_msg/share/action_msg/cmake/export_action_msg__rosidl_generator_pyExport.cmake
[3.028s] -- Installing: /home/ivan/work/Ros_Rep/ros2_ws/install/action_msg/share/action_msg/cmake/export_action_msg__rosidl_generator_pyExport-noconfig.cmake
[3.028s] -- Installing: /home/ivan/work/Ros_Rep/ros2_ws/install/action_msg/share/action_msg/cmake/rosidl_cmake-extras.cmake
[3.028s] -- Installing: /home/ivan/work/Ros_Rep/ros2_ws/install/action_msg/share/action_msg/cmake/ament_cmake_export_dependencies-extras.cmake
[3.028s] -- Installing: /home/ivan/work/Ros_Rep/ros2_ws/install/action_msg/share/action_msg/cmake/ament_cmake_export_include_directories-extras.cmake
[3.028s] -- Installing: /home/ivan/work/Ros_Rep/ros2_ws/install/action_msg/share/action_msg/cmake/ament_cmake_export_libraries-extras.cmake
[3.028s] -- Installing: /home/ivan/work/Ros_Rep/ros2_ws/install/action_msg/share/action_msg/cmake/ament_cmake_export_targets-extras.cmake
[3.028s] -- Installing: /home/ivan/work/Ros_Rep/ros2_ws/install/action_msg/share/action_msg/cmake/rosidl_cmake_export_typesupport_targets-extras.cmake
[3.029s] -- Installing: /home/ivan/work/Ros_Rep/ros2_ws/install/action_msg/share/action_msg/cmake/rosidl_cmake_export_typesupport_libraries-extras.cmake
[3.029s] -- Installing: /home/ivan/work/Ros_Rep/ros2_ws/install/action_msg/share/action_msg/cmake/action_msgConfig.cmake
[3.029s] -- Installing: /home/ivan/work/Ros_Rep/ros2_ws/install/action_msg/share/action_msg/cmake/action_msgConfig-version.cmake
[3.029s] -- Installing: /home/ivan/work/Ros_Rep/ros2_ws/install/action_msg/share/action_msg/package.xml
[3.030s] Invoked command in '/home/ivan/work/Ros_Rep/ros2_ws/build/action_msg' returned '0': CMAKE_PREFIX_PATH=/opt/ros/humble /usr/bin/cmake --install /home/ivan/work/Ros_Rep/ros2_ws/build/action_msg
