[0.507s] Invoking command in '/home/ivan/work/Ros_Rep/ros2_ws/src/my_action_server': PYTHONPATH=/home/ivan/work/Ros_Rep/ros2_ws/build/my_action_server/prefix_override:/usr/lib/python3/dist-packages/colcon_core/task/python/colcon_distutils_commands:/home/ivan/work/Ros_Rep/ros2_ws/install/my_action_server/lib/python3.10/site-packages:${PYTHONPATH} /usr/bin/python3 -W ignore:setup.py install is deprecated setup.py egg_info --egg-base ../../build/my_action_server build --build-base /home/ivan/work/Ros_Rep/ros2_ws/build/my_action_server/build install --record /home/ivan/work/Ros_Rep/ros2_ws/build/my_action_server/install.log --single-version-externally-managed install_data
[0.645s] /home/ivan/.local/lib/python3.10/site-packages/setuptools/_distutils/dist.py:270: UserWarning: Unknown distribution option: 'tests_require'
[0.645s]   warnings.warn(msg)
[0.700s] running egg_info
[0.708s] creating ../../build/my_action_server/my_action_server.egg-info
[0.709s] writing ../../build/my_action_server/my_action_server.egg-info/PKG-INFO
[0.709s] writing dependency_links to ../../build/my_action_server/my_action_server.egg-info/dependency_links.txt
[0.709s] writing entry points to ../../build/my_action_server/my_action_server.egg-info/entry_points.txt
[0.709s] writing requirements to ../../build/my_action_server/my_action_server.egg-info/requires.txt
[0.709s] writing top-level names to ../../build/my_action_server/my_action_server.egg-info/top_level.txt
[0.709s] writing manifest file '../../build/my_action_server/my_action_server.egg-info/SOURCES.txt'
[0.729s] reading manifest file '../../build/my_action_server/my_action_server.egg-info/SOURCES.txt'
[0.729s] writing manifest file '../../build/my_action_server/my_action_server.egg-info/SOURCES.txt'
[0.730s] running build
[0.730s] running build_py
[0.730s] creating /home/ivan/work/Ros_Rep/ros2_ws/build/my_action_server/build/lib/my_action_server
[0.730s] copying my_action_server/__init__.py -> /home/ivan/work/Ros_Rep/ros2_ws/build/my_action_server/build/lib/my_action_server
[0.730s] copying my_action_server/my_action_server.py -> /home/ivan/work/Ros_Rep/ros2_ws/build/my_action_server/build/lib/my_action_server
[0.730s] running install
[0.733s] running install_lib
[0.742s] creating /home/ivan/work/Ros_Rep/ros2_ws/install/my_action_server/lib/python3.10/site-packages/my_action_server
[0.742s] copying /home/ivan/work/Ros_Rep/ros2_ws/build/my_action_server/build/lib/my_action_server/__init__.py -> /home/ivan/work/Ros_Rep/ros2_ws/install/my_action_server/lib/python3.10/site-packages/my_action_server
[0.743s] copying /home/ivan/work/Ros_Rep/ros2_ws/build/my_action_server/build/lib/my_action_server/my_action_server.py -> /home/ivan/work/Ros_Rep/ros2_ws/install/my_action_server/lib/python3.10/site-packages/my_action_server
[0.743s] byte-compiling /home/ivan/work/Ros_Rep/ros2_ws/install/my_action_server/lib/python3.10/site-packages/my_action_server/__init__.py to __init__.cpython-310.pyc
[0.743s] byte-compiling /home/ivan/work/Ros_Rep/ros2_ws/install/my_action_server/lib/python3.10/site-packages/my_action_server/my_action_server.py to my_action_server.cpython-310.pyc
[0.744s] running install_data
[0.744s] creating /home/ivan/work/Ros_Rep/ros2_ws/install/my_action_server/share/ament_index/resource_index/packages
[0.744s] copying resource/my_action_server -> /home/ivan/work/Ros_Rep/ros2_ws/install/my_action_server/share/ament_index/resource_index/packages
[0.744s] copying package.xml -> /home/ivan/work/Ros_Rep/ros2_ws/install/my_action_server/share/my_action_server
[0.744s] creating /home/ivan/work/Ros_Rep/ros2_ws/install/my_action_server/share/my_action_server/launch
[0.744s] copying launch/example73_server_launch_file.launch.py -> /home/ivan/work/Ros_Rep/ros2_ws/install/my_action_server/share/my_action_server/launch
[0.744s] running install_egg_info
[0.755s] Copying ../../build/my_action_server/my_action_server.egg-info to /home/ivan/work/Ros_Rep/ros2_ws/install/my_action_server/lib/python3.10/site-packages/my_action_server-0.0.0-py3.10.egg-info
[0.755s] running install_scripts
[0.840s] Installing my_action_server_exe script to /home/ivan/work/Ros_Rep/ros2_ws/install/my_action_server/lib/my_action_server
[0.840s] writing list of installed files to '/home/ivan/work/Ros_Rep/ros2_ws/build/my_action_server/install.log'
[0.856s] Invoked command in '/home/ivan/work/Ros_Rep/ros2_ws/src/my_action_server' returned '0': PYTHONPATH=/home/ivan/work/Ros_Rep/ros2_ws/build/my_action_server/prefix_override:/usr/lib/python3/dist-packages/colcon_core/task/python/colcon_distutils_commands:/home/ivan/work/Ros_Rep/ros2_ws/install/my_action_server/lib/python3.10/site-packages:${PYTHONPATH} /usr/bin/python3 -W ignore:setup.py install is deprecated setup.py egg_info --egg-base ../../build/my_action_server build --build-base /home/ivan/work/Ros_Rep/ros2_ws/build/my_action_server/build install --record /home/ivan/work/Ros_Rep/ros2_ws/build/my_action_server/install.log --single-version-externally-managed install_data
