[0.474s] Invoking command in '/home/ivan/work/Ros_Rep/ros2_ws/src/client_pkg': PYTHONPATH=/home/ivan/work/Ros_Rep/ros2_ws/build/client_pkg/prefix_override:/usr/lib/python3/dist-packages/colcon_core/task/python/colcon_distutils_commands:/home/ivan/work/Ros_Rep/ros2_ws/install/client_pkg/lib/python3.10/site-packages:${PYTHONPATH} /usr/bin/python3 -W ignore:setup.py install is deprecated setup.py egg_info --egg-base ../../build/client_pkg build --build-base /home/ivan/work/Ros_Rep/ros2_ws/build/client_pkg/build install --record /home/ivan/work/Ros_Rep/ros2_ws/build/client_pkg/install.log --single-version-externally-managed install_data
[0.647s] running egg_info
[0.655s] creating ../../build/client_pkg/client_pkg.egg-info
[0.656s] writing ../../build/client_pkg/client_pkg.egg-info/PKG-INFO
[0.656s] writing dependency_links to ../../build/client_pkg/client_pkg.egg-info/dependency_links.txt
[0.656s] writing entry points to ../../build/client_pkg/client_pkg.egg-info/entry_points.txt
[0.656s] writing requirements to ../../build/client_pkg/client_pkg.egg-info/requires.txt
[0.656s] writing top-level names to ../../build/client_pkg/client_pkg.egg-info/top_level.txt
[0.656s] writing manifest file '../../build/client_pkg/client_pkg.egg-info/SOURCES.txt'
[0.674s] reading manifest file '../../build/client_pkg/client_pkg.egg-info/SOURCES.txt'
[0.675s] writing manifest file '../../build/client_pkg/client_pkg.egg-info/SOURCES.txt'
[0.675s] running build
[0.675s] running build_py
[0.675s] creating /home/ivan/work/Ros_Rep/ros2_ws/build/client_pkg/build/lib/client_pkg
[0.675s] copying client_pkg/__init__.py -> /home/ivan/work/Ros_Rep/ros2_ws/build/client_pkg/build/lib/client_pkg
[0.675s] copying client_pkg/server_client.py -> /home/ivan/work/Ros_Rep/ros2_ws/build/client_pkg/build/lib/client_pkg
[0.675s] running install
[0.678s] running install_lib
[0.687s] creating /home/ivan/work/Ros_Rep/ros2_ws/install/client_pkg/lib/python3.10/site-packages/client_pkg
[0.687s] copying /home/ivan/work/Ros_Rep/ros2_ws/build/client_pkg/build/lib/client_pkg/__init__.py -> /home/ivan/work/Ros_Rep/ros2_ws/install/client_pkg/lib/python3.10/site-packages/client_pkg
[0.687s] copying /home/ivan/work/Ros_Rep/ros2_ws/build/client_pkg/build/lib/client_pkg/server_client.py -> /home/ivan/work/Ros_Rep/ros2_ws/install/client_pkg/lib/python3.10/site-packages/client_pkg
[0.687s] byte-compiling /home/ivan/work/Ros_Rep/ros2_ws/install/client_pkg/lib/python3.10/site-packages/client_pkg/__init__.py to __init__.cpython-310.pyc
[0.687s] byte-compiling /home/ivan/work/Ros_Rep/ros2_ws/install/client_pkg/lib/python3.10/site-packages/client_pkg/server_client.py to server_client.cpython-310.pyc
[0.688s] running install_data
[0.688s] creating /home/ivan/work/Ros_Rep/ros2_ws/install/client_pkg/share/ament_index/resource_index/packages
[0.688s] copying resource/client_pkg -> /home/ivan/work/Ros_Rep/ros2_ws/install/client_pkg/share/ament_index/resource_index/packages
[0.688s] copying package.xml -> /home/ivan/work/Ros_Rep/ros2_ws/install/client_pkg/share/client_pkg
[0.688s] creating /home/ivan/work/Ros_Rep/ros2_ws/install/client_pkg/share/client_pkg/launch
[0.688s] copying launch/server_client_launch_file.launch.py -> /home/ivan/work/Ros_Rep/ros2_ws/install/client_pkg/share/client_pkg/launch
[0.688s] running install_egg_info
[0.697s] Copying ../../build/client_pkg/client_pkg.egg-info to /home/ivan/work/Ros_Rep/ros2_ws/install/client_pkg/lib/python3.10/site-packages/client_pkg-0.0.0-py3.10.egg-info
[0.698s] running install_scripts
[0.780s] Installing server_client script to /home/ivan/work/Ros_Rep/ros2_ws/install/client_pkg/lib/client_pkg
[0.780s] writing list of installed files to '/home/ivan/work/Ros_Rep/ros2_ws/build/client_pkg/install.log'
[0.795s] Invoked command in '/home/ivan/work/Ros_Rep/ros2_ws/src/client_pkg' returned '0': PYTHONPATH=/home/ivan/work/Ros_Rep/ros2_ws/build/client_pkg/prefix_override:/usr/lib/python3/dist-packages/colcon_core/task/python/colcon_distutils_commands:/home/ivan/work/Ros_Rep/ros2_ws/install/client_pkg/lib/python3.10/site-packages:${PYTHONPATH} /usr/bin/python3 -W ignore:setup.py install is deprecated setup.py egg_info --egg-base ../../build/client_pkg build --build-base /home/ivan/work/Ros_Rep/ros2_ws/build/client_pkg/build install --record /home/ivan/work/Ros_Rep/ros2_ws/build/client_pkg/install.log --single-version-externally-managed install_data
