[0.000000] (-) TimerEvent: {}
[0.000401] (-) JobUnselected: {'identifier': 'action_msg'}
[0.000590] (-) JobUnselected: {'identifier': 'build_test_pkg'}
[0.000625] (-) JobUnselected: {'identifier': 'client_pkg'}
[0.000649] (-) JobUnselected: {'identifier': 'custom_interfaces'}
[0.000673] (-) JobUnselected: {'identifier': 'dds_tests_pkg'}
[0.000800] (-) JobUnselected: {'identifier': 'example26_pkg'}
[0.000904] (-) JobUnselected: {'identifier': 'example28_pkg'}
[0.000926] (-) JobUnselected: {'identifier': 'example_3_4_pkg'}
[0.001192] (-) JobUnselected: {'identifier': 'exercise21_pkg'}
[0.001259] (-) JobUnselected: {'identifier': 'exercise31_pkg'}
[0.001282] (-) JobUnselected: {'identifier': 'exercise41_pkg'}
[0.001315] (-) JobUnselected: {'identifier': 'exercise62_pkg'}
[0.001336] (-) JobUnselected: {'identifier': 'launch_args_example_pkg'}
[0.001403] (-) JobUnselected: {'identifier': 'launch_tests_pkg'}
[0.001425] (-) JobUnselected: {'identifier': 'movement_pkg'}
[0.001448] (-) JobUnselected: {'identifier': 'multithreading_ros2_examples'}
[0.001468] (-) JobUnselected: {'identifier': 'my_action_client'}
[0.001584] (-) JobUnselected: {'identifier': 'my_package'}
[0.001616] (-) JobUnselected: {'identifier': 'publisher_pkg'}
[0.001629] (-) JobUnselected: {'identifier': 'qos_tests_pkg'}
[0.001639] (-) JobUnselected: {'identifier': 'remapping_pkg'}
[0.001649] (-) JobUnselected: {'identifier': 'subscriber_pkg'}
[0.001660] (my_action_server) JobQueued: {'identifier': 'my_action_server', 'dependencies': OrderedDict()}
[0.001674] (my_action_server) JobStarted: {'identifier': 'my_action_server'}
[0.099926] (-) TimerEvent: {}
[0.131029] (my_action_server) StderrLine: {'line': b'Traceback (most recent call last):\n  File "/usr/lib/python3/dist-packages/colcon_core/executor/__init__.py", line 91, in __call__\n    rc = await self.task(*args, **kwargs)\n  File "/usr/lib/python3/dist-packages/colcon_core/task/__init__.py", line 93, in __call__\n    return await task_method(*args, **kwargs)\n  File "/usr/lib/python3/dist-packages/colcon_ros/task/ament_python/build.py", line 51, in build\n    setup_py_data = get_setup_data(self.context.pkg, env)\n  File "/usr/lib/python3/dist-packages/colcon_core/task/python/__init__.py", line 20, in get_setup_data\n    return dict(pkg.metadata[key](env))\n  File "/usr/lib/python3/dist-packages/colcon_ros/package_augmentation/ros_ament_python.py", line 57, in getter\n    return get_setup_information(\n  File "/usr/lib/python3/dist-packages/colcon_python_setup_py/package_identification/python_setup_py.py", line 249, in get_setup_information\n    _setup_information_cache[hashable_env] = _get_setup_information(\n  File "/usr/lib/python3/dist-packages/colcon_python_setup_py/package_identification/python_setup_py.py", line 296, in _get_setup_information\n    result = subprocess.run(\n  File "/usr/lib/python3.10/subprocess.py", line 526, in run\n    raise CalledProcessError(retcode, process.args,\nsubprocess.CalledProcessError: Command \'[\'/usr/bin/python3\', \'-c\', \'import sys;from contextlib import suppress;exec("with suppress(ImportError):    from setuptools.extern.packaging.specifiers    import SpecifierSet");exec("with suppress(ImportError):    from packaging.specifiers import SpecifierSet");from distutils.core import run_setup;dist = run_setup(    \\\'setup.py\\\', script_args=(\\\'--dry-run\\\',), stop_after=\\\'config\\\');skip_keys = (\\\'cmdclass\\\', \\\'distclass\\\', \\\'ext_modules\\\', \\\'metadata\\\');data = {    key: value for key, value in dist.__dict__.items()     if (        not key.startswith(\\\'_\\\') and         not callable(value) and         key not in skip_keys and         key not in dist.display_option_names    )};data[\\\'metadata\\\'] = {    k: v for k, v in dist.metadata.__dict__.items()     if k not in (\\\'license_files\\\', \\\'provides_extras\\\')};sys.stdout.buffer.write(repr(data).encode(\\\'utf-8\\\'))\']\' returned non-zero exit status 1.\n'}
[0.131444] (my_action_server) JobEnded: {'identifier': 'my_action_server', 'rc': 1}
[0.141452] (-) EventReactorShutdown: {}
