[0.580s] Invoking command in '/home/ivan/work/Ros_Rep/ros2_ws/src/publisher_pkg': PYTHONPATH=/home/ivan/work/Ros_Rep/ros2_ws/build/publisher_pkg/prefix_override:/usr/lib/python3/dist-packages/colcon_core/task/python/colcon_distutils_commands:/home/ivan/work/Ros_Rep/ros2_ws/install/publisher_pkg/lib/python3.10/site-packages:${PYTHONPATH} /usr/bin/python3 -W ignore:setup.py install is deprecated setup.py egg_info --egg-base ../../build/publisher_pkg build --build-base /home/ivan/work/Ros_Rep/ros2_ws/build/publisher_pkg/build install --record /home/ivan/work/Ros_Rep/ros2_ws/build/publisher_pkg/install.log --single-version-externally-managed install_data
[0.677s] /home/ivan/.local/lib/python3.10/site-packages/setuptools/_distutils/dist.py:270: UserWarning: Unknown distribution option: 'tests_require'
[0.677s]   warnings.warn(msg)
[0.729s] running egg_info
[0.737s] creating ../../build/publisher_pkg/publisher_pkg.egg-info
[0.737s] writing ../../build/publisher_pkg/publisher_pkg.egg-info/PKG-INFO
[0.737s] writing dependency_links to ../../build/publisher_pkg/publisher_pkg.egg-info/dependency_links.txt
[0.737s] writing requirements to ../../build/publisher_pkg/publisher_pkg.egg-info/requires.txt
[0.738s] writing top-level names to ../../build/publisher_pkg/publisher_pkg.egg-info/top_level.txt
[0.738s] writing manifest file '../../build/publisher_pkg/publisher_pkg.egg-info/SOURCES.txt'
[0.755s] reading manifest file '../../build/publisher_pkg/publisher_pkg.egg-info/SOURCES.txt'
[0.756s] writing manifest file '../../build/publisher_pkg/publisher_pkg.egg-info/SOURCES.txt'
[0.756s] running build
[0.756s] running build_py
[0.756s] creating /home/ivan/work/Ros_Rep/ros2_ws/build/publisher_pkg/build/lib/publisher_pkg
[0.756s] copying publisher_pkg/simple_publisher.py -> /home/ivan/work/Ros_Rep/ros2_ws/build/publisher_pkg/build/lib/publisher_pkg
[0.756s] copying publisher_pkg/__init__.py -> /home/ivan/work/Ros_Rep/ros2_ws/build/publisher_pkg/build/lib/publisher_pkg
[0.756s] running install
[0.759s] running install_lib
[0.767s] creating /home/ivan/work/Ros_Rep/ros2_ws/install/publisher_pkg/lib/python3.10/site-packages/publisher_pkg
[0.768s] copying /home/ivan/work/Ros_Rep/ros2_ws/build/publisher_pkg/build/lib/publisher_pkg/simple_publisher.py -> /home/ivan/work/Ros_Rep/ros2_ws/install/publisher_pkg/lib/python3.10/site-packages/publisher_pkg
[0.768s] copying /home/ivan/work/Ros_Rep/ros2_ws/build/publisher_pkg/build/lib/publisher_pkg/__init__.py -> /home/ivan/work/Ros_Rep/ros2_ws/install/publisher_pkg/lib/python3.10/site-packages/publisher_pkg
[0.768s] byte-compiling /home/ivan/work/Ros_Rep/ros2_ws/install/publisher_pkg/lib/python3.10/site-packages/publisher_pkg/simple_publisher.py to simple_publisher.cpython-310.pyc
[0.768s] byte-compiling /home/ivan/work/Ros_Rep/ros2_ws/install/publisher_pkg/lib/python3.10/site-packages/publisher_pkg/__init__.py to __init__.cpython-310.pyc
[0.768s] running install_data
[0.768s] creating /home/ivan/work/Ros_Rep/ros2_ws/install/publisher_pkg/share/ament_index/resource_index/packages
[0.768s] copying resource/publisher_pkg -> /home/ivan/work/Ros_Rep/ros2_ws/install/publisher_pkg/share/ament_index/resource_index/packages
[0.769s] copying package.xml -> /home/ivan/work/Ros_Rep/ros2_ws/install/publisher_pkg/share/publisher_pkg
[0.769s] running install_egg_info
[0.778s] Copying ../../build/publisher_pkg/publisher_pkg.egg-info to /home/ivan/work/Ros_Rep/ros2_ws/install/publisher_pkg/lib/python3.10/site-packages/publisher_pkg-0.0.0-py3.10.egg-info
[0.779s] running install_scripts
[0.856s] writing list of installed files to '/home/ivan/work/Ros_Rep/ros2_ws/build/publisher_pkg/install.log'
[0.871s] Invoked command in '/home/ivan/work/Ros_Rep/ros2_ws/src/publisher_pkg' returned '0': PYTHONPATH=/home/ivan/work/Ros_Rep/ros2_ws/build/publisher_pkg/prefix_override:/usr/lib/python3/dist-packages/colcon_core/task/python/colcon_distutils_commands:/home/ivan/work/Ros_Rep/ros2_ws/install/publisher_pkg/lib/python3.10/site-packages:${PYTHONPATH} /usr/bin/python3 -W ignore:setup.py install is deprecated setup.py egg_info --egg-base ../../build/publisher_pkg build --build-base /home/ivan/work/Ros_Rep/ros2_ws/build/publisher_pkg/build install --record /home/ivan/work/Ros_Rep/ros2_ws/build/publisher_pkg/install.log --single-version-externally-managed install_data
