[0.581s] Invoking command in '/home/ivan/work/Ros_Rep/ros2_ws/build/my_package': PYTHONPATH=/home/ivan/work/Ros_Rep/ros2_ws/build/my_package/prefix_override:/usr/lib/python3/dist-packages/colcon_core/task/python/colcon_distutils_commands:/home/ivan/work/Ros_Rep/ros2_ws/install/my_package/lib/python3.10/site-packages:${PYTHONPATH} /usr/bin/python3 -W ignore:setup.py install is deprecated setup.py develop --editable --build-directory /home/ivan/work/Ros_Rep/ros2_ws/build/my_package/build --no-deps symlink_data
[0.785s] running develop
[0.786s] /home/ivan/.local/lib/python3.10/site-packages/setuptools/command/develop.py:41: EasyInstallDeprecationWarning: easy_install command is deprecated.
[0.786s] !!
[0.786s] 
[0.786s]         ********************************************************************************
[0.786s]         Please avoid running ``setup.py`` and ``easy_install``.
[0.786s]         Instead, use pypa/build, pypa/installer or other
[0.786s]         standards-based tools.
[0.786s] 
[0.786s]         See https://github.com/pypa/setuptools/issues/917 for details.
[0.786s]         ********************************************************************************
[0.786s] 
[0.786s] !!
[0.786s]   easy_install.initialize_options(self)
[0.909s] running egg_info
[0.917s] creating my_package.egg-info
[0.917s] writing my_package.egg-info/PKG-INFO
[0.918s] writing dependency_links to my_package.egg-info/dependency_links.txt
[0.918s] writing entry points to my_package.egg-info/entry_points.txt
[0.918s] writing requirements to my_package.egg-info/requires.txt
[0.918s] writing top-level names to my_package.egg-info/top_level.txt
[0.918s] writing manifest file 'my_package.egg-info/SOURCES.txt'
[0.936s] reading manifest file 'my_package.egg-info/SOURCES.txt'
[0.936s] writing manifest file 'my_package.egg-info/SOURCES.txt'
[0.946s] running build_ext
[0.946s] Creating /home/ivan/work/Ros_Rep/ros2_ws/install/my_package/lib/python3.10/site-packages/my-package.egg-link (link to .)
[0.946s] Installing simple script to /home/ivan/work/Ros_Rep/ros2_ws/install/my_package/lib/my_package
[0.946s] 
[0.946s] Installed /home/ivan/work/Ros_Rep/ros2_ws/build/my_package
[0.946s] running symlink_data
[0.946s] creating /home/ivan/work/Ros_Rep/ros2_ws/install/my_package/share/ament_index/resource_index/packages
[0.946s] symbolically linking /home/ivan/work/Ros_Rep/ros2_ws/build/my_package/resource/my_package -> /home/ivan/work/Ros_Rep/ros2_ws/install/my_package/share/ament_index/resource_index/packages
[0.947s] symbolically linking /home/ivan/work/Ros_Rep/ros2_ws/build/my_package/package.xml -> /home/ivan/work/Ros_Rep/ros2_ws/install/my_package/share/my_package
[0.947s] creating /home/ivan/work/Ros_Rep/ros2_ws/install/my_package/share/my_package/launch
[0.947s] symbolically linking /home/ivan/work/Ros_Rep/ros2_ws/build/my_package/launch/my_package_launch_file.launch.py -> /home/ivan/work/Ros_Rep/ros2_ws/install/my_package/share/my_package/launch
[0.968s] Invoked command in '/home/ivan/work/Ros_Rep/ros2_ws/build/my_package' returned '0': PYTHONPATH=/home/ivan/work/Ros_Rep/ros2_ws/build/my_package/prefix_override:/usr/lib/python3/dist-packages/colcon_core/task/python/colcon_distutils_commands:/home/ivan/work/Ros_Rep/ros2_ws/install/my_package/lib/python3.10/site-packages:${PYTHONPATH} /usr/bin/python3 -W ignore:setup.py install is deprecated setup.py develop --editable --build-directory /home/ivan/work/Ros_Rep/ros2_ws/build/my_package/build --no-deps symlink_data
