running egg_info
writing ../../build/movement_pkg/movement_pkg.egg-info/PKG-INFO
writing dependency_links to ../../build/movement_pkg/movement_pkg.egg-info/dependency_links.txt
writing entry points to ../../build/movement_pkg/movement_pkg.egg-info/entry_points.txt
writing requirements to ../../build/movement_pkg/movement_pkg.egg-info/requires.txt
writing top-level names to ../../build/movement_pkg/movement_pkg.egg-info/top_level.txt
reading manifest file '../../build/movement_pkg/movement_pkg.egg-info/SOURCES.txt'
writing manifest file '../../build/movement_pkg/movement_pkg.egg-info/SOURCES.txt'
running build
running build_py
copying movement_pkg/__init__.py -> /home/ivan/work/Ros_Rep/ros2_ws/build/movement_pkg/build/lib/movement_pkg
copying movement_pkg/movement_server.py -> /home/ivan/work/Ros_Rep/ros2_ws/build/movement_pkg/build/lib/movement_pkg
copying movement_pkg/movement_client.py -> /home/ivan/work/Ros_Rep/ros2_ws/build/movement_pkg/build/lib/movement_pkg
running install
running install_lib
running install_data
copying resource/movement_pkg -> /home/ivan/work/Ros_Rep/ros2_ws/install/movement_pkg/share/ament_index/resource_index/packages
copying package.xml -> /home/ivan/work/Ros_Rep/ros2_ws/install/movement_pkg/share/movement_pkg
creating /home/ivan/work/Ros_Rep/ros2_ws/install/movement_pkg/share/movement_pkg/launch
copying launch/movement_server_launch_file.launch.py -> /home/ivan/work/Ros_Rep/ros2_ws/install/movement_pkg/share/movement_pkg/launch
running install_egg_info
removing '/home/ivan/work/Ros_Rep/ros2_ws/install/movement_pkg/lib/python3.10/site-packages/movement_pkg-0.0.0-py3.10.egg-info' (and everything under it)
Copying ../../build/movement_pkg/movement_pkg.egg-info to /home/ivan/work/Ros_Rep/ros2_ws/install/movement_pkg/lib/python3.10/site-packages/movement_pkg-0.0.0-py3.10.egg-info
running install_scripts
Installing movement_client script to /home/ivan/work/Ros_Rep/ros2_ws/install/movement_pkg/lib/movement_pkg
Installing movement_server script to /home/ivan/work/Ros_Rep/ros2_ws/install/movement_pkg/lib/movement_pkg
writing list of installed files to '/home/ivan/work/Ros_Rep/ros2_ws/build/movement_pkg/install.log'
