[0.485s] Invoking command in '/home/ivan/work/Ros_Rep/ros2_ws/src/movement_pkg': LD_LIBRARY_PATH=/home/ivan/work/Ros_Rep/ros2_ws/install/custom_interfaces/lib:/usr/lib/x86_64-linux-gnu/gazebo-11/plugins:/opt/ros/humble/opt/rviz_ogre_vendor/lib:/opt/ros/humble/lib/x86_64-linux-gnu:/opt/ros/humble/lib:/usr/share/gazebo/../../lib/x86_64-linux-gnu/gazebo-11/plugins:/usr/share/gazebo/../../lib/x86_64-linux-gnu/gazebo-11/plugins:/usr/share/gazebo/../../lib/x86_64-linux-gnu/gazebo-11/plugins PYTHONPATH=/home/ivan/work/Ros_Rep/ros2_ws/build/movement_pkg/prefix_override:/usr/lib/python3/dist-packages/colcon_core/task/python/colcon_distutils_commands:/home/ivan/work/Ros_Rep/ros2_ws/install/movement_pkg/lib/python3.10/site-packages:${PYTHONPATH} /usr/bin/python3 -W ignore:setup.py install is deprecated setup.py egg_info --egg-base ../../build/movement_pkg build --build-base /home/ivan/work/Ros_Rep/ros2_ws/build/movement_pkg/build install --record /home/ivan/work/Ros_Rep/ros2_ws/build/movement_pkg/install.log --single-version-externally-managed install_data
[0.647s] running egg_info
[0.655s] writing ../../build/movement_pkg/movement_pkg.egg-info/PKG-INFO
[0.656s] writing dependency_links to ../../build/movement_pkg/movement_pkg.egg-info/dependency_links.txt
[0.656s] writing entry points to ../../build/movement_pkg/movement_pkg.egg-info/entry_points.txt
[0.656s] writing requirements to ../../build/movement_pkg/movement_pkg.egg-info/requires.txt
[0.656s] writing top-level names to ../../build/movement_pkg/movement_pkg.egg-info/top_level.txt
[0.674s] reading manifest file '../../build/movement_pkg/movement_pkg.egg-info/SOURCES.txt'
[0.675s] writing manifest file '../../build/movement_pkg/movement_pkg.egg-info/SOURCES.txt'
[0.675s] running build
[0.675s] running build_py
[0.675s] copying movement_pkg/__init__.py -> /home/ivan/work/Ros_Rep/ros2_ws/build/movement_pkg/build/lib/movement_pkg
[0.676s] copying movement_pkg/movement_server.py -> /home/ivan/work/Ros_Rep/ros2_ws/build/movement_pkg/build/lib/movement_pkg
[0.676s] copying movement_pkg/movement_client.py -> /home/ivan/work/Ros_Rep/ros2_ws/build/movement_pkg/build/lib/movement_pkg
[0.676s] running install
[0.679s] running install_lib
[0.688s] running install_data
[0.688s] copying resource/movement_pkg -> /home/ivan/work/Ros_Rep/ros2_ws/install/movement_pkg/share/ament_index/resource_index/packages
[0.688s] copying package.xml -> /home/ivan/work/Ros_Rep/ros2_ws/install/movement_pkg/share/movement_pkg
[0.688s] creating /home/ivan/work/Ros_Rep/ros2_ws/install/movement_pkg/share/movement_pkg/launch
[0.688s] copying launch/movement_server_launch_file.launch.py -> /home/ivan/work/Ros_Rep/ros2_ws/install/movement_pkg/share/movement_pkg/launch
[0.688s] running install_egg_info
[0.698s] removing '/home/ivan/work/Ros_Rep/ros2_ws/install/movement_pkg/lib/python3.10/site-packages/movement_pkg-0.0.0-py3.10.egg-info' (and everything under it)
[0.698s] Copying ../../build/movement_pkg/movement_pkg.egg-info to /home/ivan/work/Ros_Rep/ros2_ws/install/movement_pkg/lib/python3.10/site-packages/movement_pkg-0.0.0-py3.10.egg-info
[0.698s] running install_scripts
[0.778s] Installing movement_client script to /home/ivan/work/Ros_Rep/ros2_ws/install/movement_pkg/lib/movement_pkg
[0.778s] Installing movement_server script to /home/ivan/work/Ros_Rep/ros2_ws/install/movement_pkg/lib/movement_pkg
[0.779s] writing list of installed files to '/home/ivan/work/Ros_Rep/ros2_ws/build/movement_pkg/install.log'
[0.795s] Invoked command in '/home/ivan/work/Ros_Rep/ros2_ws/src/movement_pkg' returned '0': LD_LIBRARY_PATH=/home/ivan/work/Ros_Rep/ros2_ws/install/custom_interfaces/lib:/usr/lib/x86_64-linux-gnu/gazebo-11/plugins:/opt/ros/humble/opt/rviz_ogre_vendor/lib:/opt/ros/humble/lib/x86_64-linux-gnu:/opt/ros/humble/lib:/usr/share/gazebo/../../lib/x86_64-linux-gnu/gazebo-11/plugins:/usr/share/gazebo/../../lib/x86_64-linux-gnu/gazebo-11/plugins:/usr/share/gazebo/../../lib/x86_64-linux-gnu/gazebo-11/plugins PYTHONPATH=/home/ivan/work/Ros_Rep/ros2_ws/build/movement_pkg/prefix_override:/usr/lib/python3/dist-packages/colcon_core/task/python/colcon_distutils_commands:/home/ivan/work/Ros_Rep/ros2_ws/install/movement_pkg/lib/python3.10/site-packages:${PYTHONPATH} /usr/bin/python3 -W ignore:setup.py install is deprecated setup.py egg_info --egg-base ../../build/movement_pkg build --build-base /home/ivan/work/Ros_Rep/ros2_ws/build/movement_pkg/build install --record /home/ivan/work/Ros_Rep/ros2_ws/build/movement_pkg/install.log --single-version-externally-managed install_data
