[0.549s] Invoking command in '/home/ivan/work/Ros_Rep/ros2_ws/src/my_package': PYTHONPATH=/home/ivan/work/Ros_Rep/ros2_ws/build/my_package/prefix_override:/usr/lib/python3/dist-packages/colcon_core/task/python/colcon_distutils_commands:/home/ivan/work/Ros_Rep/ros2_ws/install/my_package/lib/python3.10/site-packages:${PYTHONPATH} /usr/bin/python3 -W ignore:setup.py install is deprecated setup.py egg_info --egg-base ../../build/my_package build --build-base /home/ivan/work/Ros_Rep/ros2_ws/build/my_package/build install --record /home/ivan/work/Ros_Rep/ros2_ws/build/my_package/install.log --single-version-externally-managed install_data
[0.655s] /home/ivan/.local/lib/python3.10/site-packages/setuptools/_distutils/dist.py:270: UserWarning: Unknown distribution option: 'tests_require'
[0.655s]   warnings.warn(msg)
[0.706s] running egg_info
[0.714s] creating ../../build/my_package/my_package.egg-info
[0.714s] writing ../../build/my_package/my_package.egg-info/PKG-INFO
[0.715s] writing dependency_links to ../../build/my_package/my_package.egg-info/dependency_links.txt
[0.715s] writing requirements to ../../build/my_package/my_package.egg-info/requires.txt
[0.715s] writing top-level names to ../../build/my_package/my_package.egg-info/top_level.txt
[0.715s] writing manifest file '../../build/my_package/my_package.egg-info/SOURCES.txt'
[0.732s] reading manifest file '../../build/my_package/my_package.egg-info/SOURCES.txt'
[0.733s] writing manifest file '../../build/my_package/my_package.egg-info/SOURCES.txt'
[0.733s] running build
[0.733s] running build_py
[0.733s] creating /home/ivan/work/Ros_Rep/ros2_ws/build/my_package/build/lib/my_package
[0.733s] copying my_package/__init__.py -> /home/ivan/work/Ros_Rep/ros2_ws/build/my_package/build/lib/my_package
[0.733s] running install
[0.736s] running install_lib
[0.744s] creating /home/ivan/work/Ros_Rep/ros2_ws/install/my_package/lib/python3.10/site-packages/my_package
[0.744s] copying /home/ivan/work/Ros_Rep/ros2_ws/build/my_package/build/lib/my_package/__init__.py -> /home/ivan/work/Ros_Rep/ros2_ws/install/my_package/lib/python3.10/site-packages/my_package
[0.745s] byte-compiling /home/ivan/work/Ros_Rep/ros2_ws/install/my_package/lib/python3.10/site-packages/my_package/__init__.py to __init__.cpython-310.pyc
[0.745s] running install_data
[0.745s] creating /home/ivan/work/Ros_Rep/ros2_ws/install/my_package/share/ament_index/resource_index/packages
[0.745s] copying resource/my_package -> /home/ivan/work/Ros_Rep/ros2_ws/install/my_package/share/ament_index/resource_index/packages
[0.745s] copying package.xml -> /home/ivan/work/Ros_Rep/ros2_ws/install/my_package/share/my_package
[0.745s] running install_egg_info
[0.754s] Copying ../../build/my_package/my_package.egg-info to /home/ivan/work/Ros_Rep/ros2_ws/install/my_package/lib/python3.10/site-packages/my_package-0.0.0-py3.10.egg-info
[0.755s] running install_scripts
[0.826s] writing list of installed files to '/home/ivan/work/Ros_Rep/ros2_ws/build/my_package/install.log'
[0.842s] Invoked command in '/home/ivan/work/Ros_Rep/ros2_ws/src/my_package' returned '0': PYTHONPATH=/home/ivan/work/Ros_Rep/ros2_ws/build/my_package/prefix_override:/usr/lib/python3/dist-packages/colcon_core/task/python/colcon_distutils_commands:/home/ivan/work/Ros_Rep/ros2_ws/install/my_package/lib/python3.10/site-packages:${PYTHONPATH} /usr/bin/python3 -W ignore:setup.py install is deprecated setup.py egg_info --egg-base ../../build/my_package build --build-base /home/ivan/work/Ros_Rep/ros2_ws/build/my_package/build install --record /home/ivan/work/Ros_Rep/ros2_ws/build/my_package/install.log --single-version-externally-managed install_data
