[0.451s] Invoking command in '/home/ivan/work/Ros_Rep/ros2_ws/src/publisher_pkg': PYTHONPATH=/home/ivan/work/Ros_Rep/ros2_ws/build/publisher_pkg/prefix_override:/usr/lib/python3/dist-packages/colcon_core/task/python/colcon_distutils_commands:/home/ivan/work/Ros_Rep/ros2_ws/install/publisher_pkg/lib/python3.10/site-packages:${PYTHONPATH} /usr/bin/python3 -W ignore:setup.py install is deprecated setup.py egg_info --egg-base ../../build/publisher_pkg build --build-base /home/ivan/work/Ros_Rep/ros2_ws/build/publisher_pkg/build install --record /home/ivan/work/Ros_Rep/ros2_ws/build/publisher_pkg/install.log --single-version-externally-managed install_data
[0.560s] /home/ivan/.local/lib/python3.10/site-packages/setuptools/_distutils/dist.py:270: UserWarning: Unknown distribution option: 'tests_require'
[0.560s]   warnings.warn(msg)
[0.613s] running egg_info
[0.622s] writing ../../build/publisher_pkg/publisher_pkg.egg-info/PKG-INFO
[0.622s] writing dependency_links to ../../build/publisher_pkg/publisher_pkg.egg-info/dependency_links.txt
[0.622s] writing entry points to ../../build/publisher_pkg/publisher_pkg.egg-info/entry_points.txt
[0.622s] writing requirements to ../../build/publisher_pkg/publisher_pkg.egg-info/requires.txt
[0.622s] writing top-level names to ../../build/publisher_pkg/publisher_pkg.egg-info/top_level.txt
[0.641s] reading manifest file '../../build/publisher_pkg/publisher_pkg.egg-info/SOURCES.txt'
[0.642s] writing manifest file '../../build/publisher_pkg/publisher_pkg.egg-info/SOURCES.txt'
[0.642s] running build
[0.642s] running build_py
[0.642s] copying publisher_pkg/simple_publisher.py -> /home/ivan/work/Ros_Rep/ros2_ws/build/publisher_pkg/build/lib/publisher_pkg
[0.642s] copying publisher_pkg/__init__.py -> /home/ivan/work/Ros_Rep/ros2_ws/build/publisher_pkg/build/lib/publisher_pkg
[0.643s] running install
[0.646s] running install_lib
[0.655s] running install_data
[0.655s] copying resource/publisher_pkg -> /home/ivan/work/Ros_Rep/ros2_ws/install/publisher_pkg/share/ament_index/resource_index/packages
[0.655s] copying package.xml -> /home/ivan/work/Ros_Rep/ros2_ws/install/publisher_pkg/share/publisher_pkg
[0.655s] creating /home/ivan/work/Ros_Rep/ros2_ws/install/publisher_pkg/share/publisher_pkg/launch
[0.655s] copying launch/publisher_pkg_launch_file.launch.py -> /home/ivan/work/Ros_Rep/ros2_ws/install/publisher_pkg/share/publisher_pkg/launch
[0.655s] running install_egg_info
[0.665s] removing '/home/ivan/work/Ros_Rep/ros2_ws/install/publisher_pkg/lib/python3.10/site-packages/publisher_pkg-0.0.0-py3.10.egg-info' (and everything under it)
[0.665s] Copying ../../build/publisher_pkg/publisher_pkg.egg-info to /home/ivan/work/Ros_Rep/ros2_ws/install/publisher_pkg/lib/python3.10/site-packages/publisher_pkg-0.0.0-py3.10.egg-info
[0.666s] running install_scripts
[0.743s] Installing simple_publisher script to /home/ivan/work/Ros_Rep/ros2_ws/install/publisher_pkg/lib/publisher_pkg
[0.743s] writing list of installed files to '/home/ivan/work/Ros_Rep/ros2_ws/build/publisher_pkg/install.log'
[0.759s] Invoked command in '/home/ivan/work/Ros_Rep/ros2_ws/src/publisher_pkg' returned '0': PYTHONPATH=/home/ivan/work/Ros_Rep/ros2_ws/build/publisher_pkg/prefix_override:/usr/lib/python3/dist-packages/colcon_core/task/python/colcon_distutils_commands:/home/ivan/work/Ros_Rep/ros2_ws/install/publisher_pkg/lib/python3.10/site-packages:${PYTHONPATH} /usr/bin/python3 -W ignore:setup.py install is deprecated setup.py egg_info --egg-base ../../build/publisher_pkg build --build-base /home/ivan/work/Ros_Rep/ros2_ws/build/publisher_pkg/build install --record /home/ivan/work/Ros_Rep/ros2_ws/build/publisher_pkg/install.log --single-version-externally-managed install_data
